CRITICAL - 2022-06-07 00:13:47 --> syntax error, unexpected 'else' (T_ELSE)
#0 D:\XAMPP\htdocs\AlegreSebastian_prueba\system\View\View.php(213): CodeIgniter\View\View->CodeIgniter\View\{closure}()
#1 D:\XAMPP\htdocs\AlegreSebastian_prueba\system\Common.php(1089): CodeIgniter\View\View->render('productos', Array, true)
#2 D:\XAMPP\htdocs\AlegreSebastian_prueba\app\Controllers\Home.php(115): view('productos')
#3 D:\XAMPP\htdocs\AlegreSebastian_prueba\system\CodeIgniter.php(832): App\Controllers\Home->productos()
#4 D:\XAMPP\htdocs\AlegreSebastian_prueba\system\CodeIgniter.php(419): CodeIgniter\CodeIgniter->runController(Object(App\Controllers\Home))
#5 D:\XAMPP\htdocs\AlegreSebastian_prueba\system\CodeIgniter.php(326): CodeIgniter\CodeIgniter->handleRequest(NULL, Object(Config\Cache), false)
#6 D:\XAMPP\htdocs\AlegreSebastian_prueba\index.php(37): CodeIgniter\CodeIgniter->run()
#7 {main}
CRITICAL - 2022-06-07 00:16:32 --> Class 'App\Models\Categorias_model' not found
#0 D:\XAMPP\htdocs\AlegreSebastian_prueba\system\CodeIgniter.php(832): App\Controllers\Productos_controller->filtrar('1')
#1 D:\XAMPP\htdocs\AlegreSebastian_prueba\system\CodeIgniter.php(419): CodeIgniter\CodeIgniter->runController(Object(App\Controllers\Productos_controller))
#2 D:\XAMPP\htdocs\AlegreSebastian_prueba\system\CodeIgniter.php(326): CodeIgniter\CodeIgniter->handleRequest(NULL, Object(Config\Cache), false)
#3 D:\XAMPP\htdocs\AlegreSebastian_prueba\index.php(37): CodeIgniter\CodeIgniter->run()
#4 {main}
CRITICAL - 2022-06-07 00:23:15 --> Class 'App\Models\Categorias_model' not found
#0 D:\XAMPP\htdocs\AlegreSebastian_prueba\system\CodeIgniter.php(832): App\Controllers\Productos_controller->filtrar('3')
#1 D:\XAMPP\htdocs\AlegreSebastian_prueba\system\CodeIgniter.php(419): CodeIgniter\CodeIgniter->runController(Object(App\Controllers\Productos_controller))
#2 D:\XAMPP\htdocs\AlegreSebastian_prueba\system\CodeIgniter.php(326): CodeIgniter\CodeIgniter->handleRequest(NULL, Object(Config\Cache), false)
#3 D:\XAMPP\htdocs\AlegreSebastian_prueba\index.php(37): CodeIgniter\CodeIgniter->run()
#4 {main}
CRITICAL - 2022-06-07 00:26:41 --> Class 'App\Models\Categorias_model' not found
#0 D:\XAMPP\htdocs\AlegreSebastian_prueba\system\CodeIgniter.php(832): App\Controllers\Productos_controller->filtrar('4')
#1 D:\XAMPP\htdocs\AlegreSebastian_prueba\system\CodeIgniter.php(419): CodeIgniter\CodeIgniter->runController(Object(App\Controllers\Productos_controller))
#2 D:\XAMPP\htdocs\AlegreSebastian_prueba\system\CodeIgniter.php(326): CodeIgniter\CodeIgniter->handleRequest(NULL, Object(Config\Cache), false)
#3 D:\XAMPP\htdocs\AlegreSebastian_prueba\index.php(37): CodeIgniter\CodeIgniter->run()
#4 {main}
CRITICAL - 2022-06-07 00:29:09 --> Undefined variable: filtro
#0 D:\XAMPP\htdocs\AlegreSebastian_prueba\app\Views\productos.php(32): CodeIgniter\Debug\Exceptions->errorHandler(8, 'Undefined varia...', 'D:\\XAMPP\\htdocs...', 32, Array)
#1 D:\XAMPP\htdocs\AlegreSebastian_prueba\system\View\View.php(210): include('D:\\XAMPP\\htdocs...')
#2 D:\XAMPP\htdocs\AlegreSebastian_prueba\system\View\View.php(213): CodeIgniter\View\View->CodeIgniter\View\{closure}()
#3 D:\XAMPP\htdocs\AlegreSebastian_prueba\system\Common.php(1089): CodeIgniter\View\View->render('productos', Array, true)
#4 D:\XAMPP\htdocs\AlegreSebastian_prueba\app\Controllers\Home.php(115): view('productos')
#5 D:\XAMPP\htdocs\AlegreSebastian_prueba\system\CodeIgniter.php(832): App\Controllers\Home->productos()
#6 D:\XAMPP\htdocs\AlegreSebastian_prueba\system\CodeIgniter.php(419): CodeIgniter\CodeIgniter->runController(Object(App\Controllers\Home))
#7 D:\XAMPP\htdocs\AlegreSebastian_prueba\system\CodeIgniter.php(326): CodeIgniter\CodeIgniter->handleRequest(NULL, Object(Config\Cache), false)
#8 D:\XAMPP\htdocs\AlegreSebastian_prueba\index.php(37): CodeIgniter\CodeIgniter->run()
#9 {main}
CRITICAL - 2022-06-07 00:29:19 --> Undefined variable: filtro
#0 D:\XAMPP\htdocs\AlegreSebastian_prueba\app\Views\productos.php(32): CodeIgniter\Debug\Exceptions->errorHandler(8, 'Undefined varia...', 'D:\\XAMPP\\htdocs...', 32, Array)
#1 D:\XAMPP\htdocs\AlegreSebastian_prueba\system\View\View.php(210): include('D:\\XAMPP\\htdocs...')
#2 D:\XAMPP\htdocs\AlegreSebastian_prueba\system\View\View.php(213): CodeIgniter\View\View->CodeIgniter\View\{closure}()
#3 D:\XAMPP\htdocs\AlegreSebastian_prueba\system\Common.php(1089): CodeIgniter\View\View->render('productos', Array, true)
#4 D:\XAMPP\htdocs\AlegreSebastian_prueba\app\Controllers\Home.php(115): view('productos')
#5 D:\XAMPP\htdocs\AlegreSebastian_prueba\system\CodeIgniter.php(832): App\Controllers\Home->productos()
#6 D:\XAMPP\htdocs\AlegreSebastian_prueba\system\CodeIgniter.php(419): CodeIgniter\CodeIgniter->runController(Object(App\Controllers\Home))
#7 D:\XAMPP\htdocs\AlegreSebastian_prueba\system\CodeIgniter.php(326): CodeIgniter\CodeIgniter->handleRequest(NULL, Object(Config\Cache), false)
#8 D:\XAMPP\htdocs\AlegreSebastian_prueba\index.php(37): CodeIgniter\CodeIgniter->run()
#9 {main}
CRITICAL - 2022-06-07 00:32:22 --> Undefined variable: filtro
#0 D:\XAMPP\htdocs\AlegreSebastian_prueba\app\Views\productos.php(31): CodeIgniter\Debug\Exceptions->errorHandler(8, 'Undefined varia...', 'D:\\XAMPP\\htdocs...', 31, Array)
#1 D:\XAMPP\htdocs\AlegreSebastian_prueba\system\View\View.php(210): include('D:\\XAMPP\\htdocs...')
#2 D:\XAMPP\htdocs\AlegreSebastian_prueba\system\View\View.php(213): CodeIgniter\View\View->CodeIgniter\View\{closure}()
#3 D:\XAMPP\htdocs\AlegreSebastian_prueba\system\Common.php(1089): CodeIgniter\View\View->render('productos', Array, true)
#4 D:\XAMPP\htdocs\AlegreSebastian_prueba\app\Controllers\Home.php(115): view('productos')
#5 D:\XAMPP\htdocs\AlegreSebastian_prueba\system\CodeIgniter.php(832): App\Controllers\Home->productos()
#6 D:\XAMPP\htdocs\AlegreSebastian_prueba\system\CodeIgniter.php(419): CodeIgniter\CodeIgniter->runController(Object(App\Controllers\Home))
#7 D:\XAMPP\htdocs\AlegreSebastian_prueba\system\CodeIgniter.php(326): CodeIgniter\CodeIgniter->handleRequest(NULL, Object(Config\Cache), false)
#8 D:\XAMPP\htdocs\AlegreSebastian_prueba\index.php(37): CodeIgniter\CodeIgniter->run()
#9 {main}
CRITICAL - 2022-06-07 00:33:01 --> Call to undefined method App\Models\Productos_model::getResult
#0 D:\XAMPP\htdocs\AlegreSebastian_prueba\app\Views\productos.php(31): CodeIgniter\Model->__call('getResult', Array)
#1 D:\XAMPP\htdocs\AlegreSebastian_prueba\system\View\View.php(210): include('D:\\XAMPP\\htdocs...')
#2 D:\XAMPP\htdocs\AlegreSebastian_prueba\system\View\View.php(213): CodeIgniter\View\View->CodeIgniter\View\{closure}()
#3 D:\XAMPP\htdocs\AlegreSebastian_prueba\system\Common.php(1089): CodeIgniter\View\View->render('productos', Array, true)
#4 D:\XAMPP\htdocs\AlegreSebastian_prueba\app\Controllers\Productos_controller.php(20): view('productos', Array)
#5 D:\XAMPP\htdocs\AlegreSebastian_prueba\system\CodeIgniter.php(832): App\Controllers\Productos_controller->filtrar('2')
#6 D:\XAMPP\htdocs\AlegreSebastian_prueba\system\CodeIgniter.php(419): CodeIgniter\CodeIgniter->runController(Object(App\Controllers\Productos_controller))
#7 D:\XAMPP\htdocs\AlegreSebastian_prueba\system\CodeIgniter.php(326): CodeIgniter\CodeIgniter->handleRequest(NULL, Object(Config\Cache), false)
#8 D:\XAMPP\htdocs\AlegreSebastian_prueba\index.php(37): CodeIgniter\CodeIgniter->run()
#9 {main}
CRITICAL - 2022-06-07 01:28:24 --> Argument 2 passed to view() must be of the type array, string given, called in D:\XAMPP\htdocs\AlegreSebastian_prueba\app\Controllers\Productos_controller.php on line 17
#0 D:\XAMPP\htdocs\AlegreSebastian_prueba\app\Controllers\Productos_controller.php(17): view('productos', '1')
#1 D:\XAMPP\htdocs\AlegreSebastian_prueba\system\CodeIgniter.php(832): App\Controllers\Productos_controller->filtrar('1')
#2 D:\XAMPP\htdocs\AlegreSebastian_prueba\system\CodeIgniter.php(419): CodeIgniter\CodeIgniter->runController(Object(App\Controllers\Productos_controller))
#3 D:\XAMPP\htdocs\AlegreSebastian_prueba\system\CodeIgniter.php(326): CodeIgniter\CodeIgniter->handleRequest(NULL, Object(Config\Cache), false)
#4 D:\XAMPP\htdocs\AlegreSebastian_prueba\index.php(37): CodeIgniter\CodeIgniter->run()
#5 {main}
CRITICAL - 2022-06-07 01:28:26 --> Argument 2 passed to view() must be of the type array, string given, called in D:\XAMPP\htdocs\AlegreSebastian_prueba\app\Controllers\Productos_controller.php on line 17
#0 D:\XAMPP\htdocs\AlegreSebastian_prueba\app\Controllers\Productos_controller.php(17): view('productos', '1')
#1 D:\XAMPP\htdocs\AlegreSebastian_prueba\system\CodeIgniter.php(832): App\Controllers\Productos_controller->filtrar('1')
#2 D:\XAMPP\htdocs\AlegreSebastian_prueba\system\CodeIgniter.php(419): CodeIgniter\CodeIgniter->runController(Object(App\Controllers\Productos_controller))
#3 D:\XAMPP\htdocs\AlegreSebastian_prueba\system\CodeIgniter.php(326): CodeIgniter\CodeIgniter->handleRequest(NULL, Object(Config\Cache), false)
#4 D:\XAMPP\htdocs\AlegreSebastian_prueba\index.php(37): CodeIgniter\CodeIgniter->run()
#5 {main}
CRITICAL - 2022-06-07 01:28:37 --> Argument 2 passed to view() must be of the type array, string given, called in D:\XAMPP\htdocs\AlegreSebastian_prueba\app\Controllers\Productos_controller.php on line 17
#0 D:\XAMPP\htdocs\AlegreSebastian_prueba\app\Controllers\Productos_controller.php(17): view('productos', '1')
#1 D:\XAMPP\htdocs\AlegreSebastian_prueba\system\CodeIgniter.php(832): App\Controllers\Productos_controller->filtrar('1')
#2 D:\XAMPP\htdocs\AlegreSebastian_prueba\system\CodeIgniter.php(419): CodeIgniter\CodeIgniter->runController(Object(App\Controllers\Productos_controller))
#3 D:\XAMPP\htdocs\AlegreSebastian_prueba\system\CodeIgniter.php(326): CodeIgniter\CodeIgniter->handleRequest(NULL, Object(Config\Cache), false)
#4 D:\XAMPP\htdocs\AlegreSebastian_prueba\index.php(37): CodeIgniter\CodeIgniter->run()
#5 {main}
CRITICAL - 2022-06-07 01:28:39 --> Argument 2 passed to view() must be of the type array, string given, called in D:\XAMPP\htdocs\AlegreSebastian_prueba\app\Controllers\Productos_controller.php on line 17
#0 D:\XAMPP\htdocs\AlegreSebastian_prueba\app\Controllers\Productos_controller.php(17): view('productos', '1')
#1 D:\XAMPP\htdocs\AlegreSebastian_prueba\system\CodeIgniter.php(832): App\Controllers\Productos_controller->filtrar('1')
#2 D:\XAMPP\htdocs\AlegreSebastian_prueba\system\CodeIgniter.php(419): CodeIgniter\CodeIgniter->runController(Object(App\Controllers\Productos_controller))
#3 D:\XAMPP\htdocs\AlegreSebastian_prueba\system\CodeIgniter.php(326): CodeIgniter\CodeIgniter->handleRequest(NULL, Object(Config\Cache), false)
#4 D:\XAMPP\htdocs\AlegreSebastian_prueba\index.php(37): CodeIgniter\CodeIgniter->run()
#5 {main}
CRITICAL - 2022-06-07 01:29:47 --> syntax error, unexpected 'echo' (T_ECHO)
#0 D:\XAMPP\htdocs\AlegreSebastian_prueba\system\Autoloader\Autoloader.php(241): CodeIgniter\Autoloader\Autoloader->includeFile('D:\\XAMPP\\htdocs...')
#1 D:\XAMPP\htdocs\AlegreSebastian_prueba\system\Autoloader\Autoloader.php(219): CodeIgniter\Autoloader\Autoloader->loadInNamespace('App\\Controllers...')
#2 [internal function]: CodeIgniter\Autoloader\Autoloader->loadClass('App\\Controllers...')
#3 [internal function]: spl_autoload_call('App\\Controllers...')
#4 D:\XAMPP\htdocs\AlegreSebastian_prueba\system\CodeIgniter.php(797): class_exists('\\App\\Controller...', true)
#5 D:\XAMPP\htdocs\AlegreSebastian_prueba\system\CodeIgniter.php(406): CodeIgniter\CodeIgniter->startController()
#6 D:\XAMPP\htdocs\AlegreSebastian_prueba\system\CodeIgniter.php(326): CodeIgniter\CodeIgniter->handleRequest(NULL, Object(Config\Cache), false)
#7 D:\XAMPP\htdocs\AlegreSebastian_prueba\index.php(37): CodeIgniter\CodeIgniter->run()
#8 {main}
CRITICAL - 2022-06-07 01:29:54 --> Illegal string offset 'filtro'
#0 D:\XAMPP\htdocs\AlegreSebastian_prueba\app\Controllers\Productos_controller.php(14): CodeIgniter\Debug\Exceptions->errorHandler(2, 'Illegal string ...', 'D:\\XAMPP\\htdocs...', 14, Array)
#1 D:\XAMPP\htdocs\AlegreSebastian_prueba\system\CodeIgniter.php(832): App\Controllers\Productos_controller->filtrar('1')
#2 D:\XAMPP\htdocs\AlegreSebastian_prueba\system\CodeIgniter.php(419): CodeIgniter\CodeIgniter->runController(Object(App\Controllers\Productos_controller))
#3 D:\XAMPP\htdocs\AlegreSebastian_prueba\system\CodeIgniter.php(326): CodeIgniter\CodeIgniter->handleRequest(NULL, Object(Config\Cache), false)
#4 D:\XAMPP\htdocs\AlegreSebastian_prueba\index.php(37): CodeIgniter\CodeIgniter->run()
#5 {main}
CRITICAL - 2022-06-07 01:30:04 --> Call to a member function getResult() on string
#0 D:\XAMPP\htdocs\AlegreSebastian_prueba\system\View\View.php(210): include()
#1 D:\XAMPP\htdocs\AlegreSebastian_prueba\system\View\View.php(213): CodeIgniter\View\View->CodeIgniter\View\{closure}()
#2 D:\XAMPP\htdocs\AlegreSebastian_prueba\system\Common.php(1089): CodeIgniter\View\View->render('productos', Array, true)
#3 D:\XAMPP\htdocs\AlegreSebastian_prueba\app\Controllers\Productos_controller.php(17): view('productos', Array)
#4 D:\XAMPP\htdocs\AlegreSebastian_prueba\system\CodeIgniter.php(832): App\Controllers\Productos_controller->filtrar('1')
#5 D:\XAMPP\htdocs\AlegreSebastian_prueba\system\CodeIgniter.php(419): CodeIgniter\CodeIgniter->runController(Object(App\Controllers\Productos_controller))
#6 D:\XAMPP\htdocs\AlegreSebastian_prueba\system\CodeIgniter.php(326): CodeIgniter\CodeIgniter->handleRequest(NULL, Object(Config\Cache), false)
#7 D:\XAMPP\htdocs\AlegreSebastian_prueba\index.php(37): CodeIgniter\CodeIgniter->run()
#8 {main}
