CRITICAL - 2022-06-10 13:30:56 --> syntax error, unexpected end of file
#0 C:\xampp\htdocs\AlegreSebastian_prueba\system\View\View.php(213): CodeIgniter\View\View->CodeIgniter\View\{closure}()
#1 C:\xampp\htdocs\AlegreSebastian_prueba\system\Common.php(1089): CodeIgniter\View\View->render('carrito', Array, true)
#2 C:\xampp\htdocs\AlegreSebastian_prueba\app\Controllers\Home.php(130): view('carrito')
#3 C:\xampp\htdocs\AlegreSebastian_prueba\system\CodeIgniter.php(832): App\Controllers\Home->carrito()
#4 C:\xampp\htdocs\AlegreSebastian_prueba\system\CodeIgniter.php(419): CodeIgniter\CodeIgniter->runController(Object(App\Controllers\Home))
#5 C:\xampp\htdocs\AlegreSebastian_prueba\system\CodeIgniter.php(326): CodeIgniter\CodeIgniter->handleRequest(NULL, Object(Config\Cache), false)
#6 C:\xampp\htdocs\AlegreSebastian_prueba\index.php(37): CodeIgniter\CodeIgniter->run()
#7 {main}
CRITICAL - 2022-06-10 13:38:41 --> syntax error, unexpected end of file
#0 C:\xampp\htdocs\AlegreSebastian_prueba\system\View\View.php(213): CodeIgniter\View\View->CodeIgniter\View\{closure}()
#1 C:\xampp\htdocs\AlegreSebastian_prueba\system\Common.php(1089): CodeIgniter\View\View->render('carrito', Array, true)
#2 C:\xampp\htdocs\AlegreSebastian_prueba\app\Controllers\Home.php(130): view('carrito')
#3 C:\xampp\htdocs\AlegreSebastian_prueba\system\CodeIgniter.php(832): App\Controllers\Home->carrito()
#4 C:\xampp\htdocs\AlegreSebastian_prueba\system\CodeIgniter.php(419): CodeIgniter\CodeIgniter->runController(Object(App\Controllers\Home))
#5 C:\xampp\htdocs\AlegreSebastian_prueba\system\CodeIgniter.php(326): CodeIgniter\CodeIgniter->handleRequest(NULL, Object(Config\Cache), false)
#6 C:\xampp\htdocs\AlegreSebastian_prueba\index.php(37): CodeIgniter\CodeIgniter->run()
#7 {main}
CRITICAL - 2022-06-10 13:38:58 --> Call to a member function count() on array
#0 C:\xampp\htdocs\AlegreSebastian_prueba\system\View\View.php(210): include()
#1 C:\xampp\htdocs\AlegreSebastian_prueba\system\View\View.php(213): CodeIgniter\View\View->CodeIgniter\View\{closure}()
#2 C:\xampp\htdocs\AlegreSebastian_prueba\system\Common.php(1089): CodeIgniter\View\View->render('carrito', Array, true)
#3 C:\xampp\htdocs\AlegreSebastian_prueba\app\Controllers\Home.php(130): view('carrito')
#4 C:\xampp\htdocs\AlegreSebastian_prueba\system\CodeIgniter.php(832): App\Controllers\Home->carrito()
#5 C:\xampp\htdocs\AlegreSebastian_prueba\system\CodeIgniter.php(419): CodeIgniter\CodeIgniter->runController(Object(App\Controllers\Home))
#6 C:\xampp\htdocs\AlegreSebastian_prueba\system\CodeIgniter.php(326): CodeIgniter\CodeIgniter->handleRequest(NULL, Object(Config\Cache), false)
#7 C:\xampp\htdocs\AlegreSebastian_prueba\index.php(37): CodeIgniter\CodeIgniter->run()
#8 {main}
CRITICAL - 2022-06-10 14:09:54 --> Call to a member function totalItems() on array
#0 C:\xampp\htdocs\AlegreSebastian_prueba\system\View\View.php(210): include()
#1 C:\xampp\htdocs\AlegreSebastian_prueba\system\View\View.php(213): CodeIgniter\View\View->CodeIgniter\View\{closure}()
#2 C:\xampp\htdocs\AlegreSebastian_prueba\system\Common.php(1089): CodeIgniter\View\View->render('carrito', Array, true)
#3 C:\xampp\htdocs\AlegreSebastian_prueba\app\Controllers\Home.php(130): view('carrito')
#4 C:\xampp\htdocs\AlegreSebastian_prueba\system\CodeIgniter.php(832): App\Controllers\Home->carrito()
#5 C:\xampp\htdocs\AlegreSebastian_prueba\system\CodeIgniter.php(419): CodeIgniter\CodeIgniter->runController(Object(App\Controllers\Home))
#6 C:\xampp\htdocs\AlegreSebastian_prueba\system\CodeIgniter.php(326): CodeIgniter\CodeIgniter->handleRequest(NULL, Object(Config\Cache), false)
#7 C:\xampp\htdocs\AlegreSebastian_prueba\index.php(37): CodeIgniter\CodeIgniter->run()
#8 {main}
CRITICAL - 2022-06-10 14:13:16 --> Cannot use object of type stdClass as array
#0 C:\xampp\htdocs\AlegreSebastian_prueba\system\View\View.php(210): include()
#1 C:\xampp\htdocs\AlegreSebastian_prueba\system\View\View.php(213): CodeIgniter\View\View->CodeIgniter\View\{closure}()
#2 C:\xampp\htdocs\AlegreSebastian_prueba\system\Common.php(1089): CodeIgniter\View\View->render('productos', Array, true)
#3 C:\xampp\htdocs\AlegreSebastian_prueba\app\Controllers\Home.php(122): view('productos')
#4 C:\xampp\htdocs\AlegreSebastian_prueba\system\CodeIgniter.php(832): App\Controllers\Home->productos()
#5 C:\xampp\htdocs\AlegreSebastian_prueba\system\CodeIgniter.php(419): CodeIgniter\CodeIgniter->runController(Object(App\Controllers\Home))
#6 C:\xampp\htdocs\AlegreSebastian_prueba\system\CodeIgniter.php(326): CodeIgniter\CodeIgniter->handleRequest(NULL, Object(Config\Cache), false)
#7 C:\xampp\htdocs\AlegreSebastian_prueba\index.php(37): CodeIgniter\CodeIgniter->run()
#8 {main}
CRITICAL - 2022-06-10 14:21:20 --> Call to undefined function Productos_model()
#0 C:\xampp\htdocs\AlegreSebastian_prueba\system\View\View.php(210): include()
#1 C:\xampp\htdocs\AlegreSebastian_prueba\system\View\View.php(213): CodeIgniter\View\View->CodeIgniter\View\{closure}()
#2 C:\xampp\htdocs\AlegreSebastian_prueba\system\Common.php(1089): CodeIgniter\View\View->render('carrito', Array, true)
#3 C:\xampp\htdocs\AlegreSebastian_prueba\app\Controllers\Home.php(130): view('carrito')
#4 C:\xampp\htdocs\AlegreSebastian_prueba\system\CodeIgniter.php(832): App\Controllers\Home->carrito()
#5 C:\xampp\htdocs\AlegreSebastian_prueba\system\CodeIgniter.php(419): CodeIgniter\CodeIgniter->runController(Object(App\Controllers\Home))
#6 C:\xampp\htdocs\AlegreSebastian_prueba\system\CodeIgniter.php(326): CodeIgniter\CodeIgniter->handleRequest(NULL, Object(Config\Cache), false)
#7 C:\xampp\htdocs\AlegreSebastian_prueba\index.php(37): CodeIgniter\CodeIgniter->run()
#8 {main}
CRITICAL - 2022-06-10 14:23:43 --> Undefined index: imagen_ext
#0 C:\xampp\htdocs\AlegreSebastian_prueba\app\Views\carrito.php(79): CodeIgniter\Debug\Exceptions->errorHandler(8, 'Undefined index...', 'C:\\xampp\\htdocs...', 79, Array)
#1 C:\xampp\htdocs\AlegreSebastian_prueba\system\View\View.php(210): include('C:\\xampp\\htdocs...')
#2 C:\xampp\htdocs\AlegreSebastian_prueba\system\View\View.php(213): CodeIgniter\View\View->CodeIgniter\View\{closure}()
#3 C:\xampp\htdocs\AlegreSebastian_prueba\system\Common.php(1089): CodeIgniter\View\View->render('carrito', Array, true)
#4 C:\xampp\htdocs\AlegreSebastian_prueba\app\Controllers\Home.php(130): view('carrito')
#5 C:\xampp\htdocs\AlegreSebastian_prueba\system\CodeIgniter.php(832): App\Controllers\Home->carrito()
#6 C:\xampp\htdocs\AlegreSebastian_prueba\system\CodeIgniter.php(419): CodeIgniter\CodeIgniter->runController(Object(App\Controllers\Home))
#7 C:\xampp\htdocs\AlegreSebastian_prueba\system\CodeIgniter.php(326): CodeIgniter\CodeIgniter->handleRequest(NULL, Object(Config\Cache), false)
#8 C:\xampp\htdocs\AlegreSebastian_prueba\index.php(37): CodeIgniter\CodeIgniter->run()
#9 {main}
CRITICAL - 2022-06-10 14:23:46 --> Undefined index: imagen_ext
#0 C:\xampp\htdocs\AlegreSebastian_prueba\app\Views\carrito.php(79): CodeIgniter\Debug\Exceptions->errorHandler(8, 'Undefined index...', 'C:\\xampp\\htdocs...', 79, Array)
#1 C:\xampp\htdocs\AlegreSebastian_prueba\system\View\View.php(210): include('C:\\xampp\\htdocs...')
#2 C:\xampp\htdocs\AlegreSebastian_prueba\system\View\View.php(213): CodeIgniter\View\View->CodeIgniter\View\{closure}()
#3 C:\xampp\htdocs\AlegreSebastian_prueba\system\Common.php(1089): CodeIgniter\View\View->render('carrito', Array, true)
#4 C:\xampp\htdocs\AlegreSebastian_prueba\app\Controllers\Home.php(130): view('carrito')
#5 C:\xampp\htdocs\AlegreSebastian_prueba\system\CodeIgniter.php(832): App\Controllers\Home->carrito()
#6 C:\xampp\htdocs\AlegreSebastian_prueba\system\CodeIgniter.php(419): CodeIgniter\CodeIgniter->runController(Object(App\Controllers\Home))
#7 C:\xampp\htdocs\AlegreSebastian_prueba\system\CodeIgniter.php(326): CodeIgniter\CodeIgniter->handleRequest(NULL, Object(Config\Cache), false)
#8 C:\xampp\htdocs\AlegreSebastian_prueba\index.php(37): CodeIgniter\CodeIgniter->run()
#9 {main}
