CRITICAL - 2022-06-09 00:04:28 --> Trying to get property 'contestado' of non-object
#0 D:\XAMPP\htdocs\AlegreSebastian_prueba\app\Views\CRUD-Consultas.php(101): CodeIgniter\Debug\Exceptions->errorHandler(8, 'Trying to get p...', 'D:\\XAMPP\\htdocs...', 101, Array)
#1 D:\XAMPP\htdocs\AlegreSebastian_prueba\system\View\View.php(210): include('D:\\XAMPP\\htdocs...')
#2 D:\XAMPP\htdocs\AlegreSebastian_prueba\system\View\View.php(213): CodeIgniter\View\View->CodeIgniter\View\{closure}()
#3 D:\XAMPP\htdocs\AlegreSebastian_prueba\system\Common.php(1089): CodeIgniter\View\View->render('CRUD-Consultas', Array, true)
#4 D:\XAMPP\htdocs\AlegreSebastian_prueba\app\Controllers\Consultas_controller.php(23): view('CRUD-Consultas', Array)
#5 D:\XAMPP\htdocs\AlegreSebastian_prueba\system\CodeIgniter.php(832): App\Controllers\Consultas_controller->filtrar('Sin-Contestar')
#6 D:\XAMPP\htdocs\AlegreSebastian_prueba\system\CodeIgniter.php(419): CodeIgniter\CodeIgniter->runController(Object(App\Controllers\Consultas_controller))
#7 D:\XAMPP\htdocs\AlegreSebastian_prueba\system\CodeIgniter.php(326): CodeIgniter\CodeIgniter->handleRequest(NULL, Object(Config\Cache), false)
#8 D:\XAMPP\htdocs\AlegreSebastian_prueba\index.php(37): CodeIgniter\CodeIgniter->run()
#9 {main}
CRITICAL - 2022-06-09 00:04:57 --> Cannot use object of type stdClass as array
#0 D:\XAMPP\htdocs\AlegreSebastian_prueba\system\View\View.php(210): include()
#1 D:\XAMPP\htdocs\AlegreSebastian_prueba\system\View\View.php(213): CodeIgniter\View\View->CodeIgniter\View\{closure}()
#2 D:\XAMPP\htdocs\AlegreSebastian_prueba\system\Common.php(1089): CodeIgniter\View\View->render('CRUD-Consultas', Array, true)
#3 D:\XAMPP\htdocs\AlegreSebastian_prueba\app\Controllers\Home.php(90): view('CRUD-Consultas')
#4 D:\XAMPP\htdocs\AlegreSebastian_prueba\system\CodeIgniter.php(832): App\Controllers\Home->crud_consultas()
#5 D:\XAMPP\htdocs\AlegreSebastian_prueba\system\CodeIgniter.php(419): CodeIgniter\CodeIgniter->runController(Object(App\Controllers\Home))
#6 D:\XAMPP\htdocs\AlegreSebastian_prueba\system\CodeIgniter.php(326): CodeIgniter\CodeIgniter->handleRequest(NULL, Object(Config\Cache), false)
#7 D:\XAMPP\htdocs\AlegreSebastian_prueba\index.php(37): CodeIgniter\CodeIgniter->run()
#8 {main}
CRITICAL - 2022-06-09 00:05:21 --> Trying to get property 'contestado' of non-object
#0 D:\XAMPP\htdocs\AlegreSebastian_prueba\app\Views\CRUD-Consultas.php(101): CodeIgniter\Debug\Exceptions->errorHandler(8, 'Trying to get p...', 'D:\\XAMPP\\htdocs...', 101, Array)
#1 D:\XAMPP\htdocs\AlegreSebastian_prueba\system\View\View.php(210): include('D:\\XAMPP\\htdocs...')
#2 D:\XAMPP\htdocs\AlegreSebastian_prueba\system\View\View.php(213): CodeIgniter\View\View->CodeIgniter\View\{closure}()
#3 D:\XAMPP\htdocs\AlegreSebastian_prueba\system\Common.php(1089): CodeIgniter\View\View->render('CRUD-Consultas', Array, true)
#4 D:\XAMPP\htdocs\AlegreSebastian_prueba\app\Controllers\Consultas_controller.php(23): view('CRUD-Consultas', Array)
#5 D:\XAMPP\htdocs\AlegreSebastian_prueba\system\CodeIgniter.php(832): App\Controllers\Consultas_controller->filtrar('Sin-Contestar')
#6 D:\XAMPP\htdocs\AlegreSebastian_prueba\system\CodeIgniter.php(419): CodeIgniter\CodeIgniter->runController(Object(App\Controllers\Consultas_controller))
#7 D:\XAMPP\htdocs\AlegreSebastian_prueba\system\CodeIgniter.php(326): CodeIgniter\CodeIgniter->handleRequest(NULL, Object(Config\Cache), false)
#8 D:\XAMPP\htdocs\AlegreSebastian_prueba\index.php(37): CodeIgniter\CodeIgniter->run()
#9 {main}
CRITICAL - 2022-06-09 01:20:42 --> syntax error, unexpected end of file
#0 D:\XAMPP\htdocs\AlegreSebastian_prueba\system\View\View.php(213): CodeIgniter\View\View->CodeIgniter\View\{closure}()
#1 D:\XAMPP\htdocs\AlegreSebastian_prueba\system\Common.php(1089): CodeIgniter\View\View->render('CRUD-Consultas', Array, true)
#2 D:\XAMPP\htdocs\AlegreSebastian_prueba\app\Controllers\Consultas_controller.php(23): view('CRUD-Consultas', Array)
#3 D:\XAMPP\htdocs\AlegreSebastian_prueba\system\CodeIgniter.php(832): App\Controllers\Consultas_controller->filtrar('Sin-Contestar')
#4 D:\XAMPP\htdocs\AlegreSebastian_prueba\system\CodeIgniter.php(419): CodeIgniter\CodeIgniter->runController(Object(App\Controllers\Consultas_controller))
#5 D:\XAMPP\htdocs\AlegreSebastian_prueba\system\CodeIgniter.php(326): CodeIgniter\CodeIgniter->handleRequest(NULL, Object(Config\Cache), false)
#6 D:\XAMPP\htdocs\AlegreSebastian_prueba\index.php(37): CodeIgniter\CodeIgniter->run()
#7 {main}
