CRITICAL - 2023-05-04 12:14:28 --> syntax error, unexpected end of file
#0 D:\XAMPP\htdocs\GestionPagos\system\View\View.php(213): CodeIgniter\View\View->CodeIgniter\View\{closure}()
#1 D:\XAMPP\htdocs\GestionPagos\system\Common.php(1089): CodeIgniter\View\View->render('menu', Array, true)
#2 D:\XAMPP\htdocs\GestionPagos\app\Controllers\Home.php(11): view('menu')
#3 D:\XAMPP\htdocs\GestionPagos\system\CodeIgniter.php(832): App\Controllers\Home->index()
#4 D:\XAMPP\htdocs\GestionPagos\system\CodeIgniter.php(419): CodeIgniter\CodeIgniter->runController(Object(App\Controllers\Home))
#5 D:\XAMPP\htdocs\GestionPagos\system\CodeIgniter.php(326): CodeIgniter\CodeIgniter->handleRequest(NULL, Object(Config\Cache), false)
#6 D:\XAMPP\htdocs\GestionPagos\index.php(37): CodeIgniter\CodeIgniter->run()
#7 {main}
CRITICAL - 2023-05-04 12:15:33 --> syntax error, unexpected end of file
#0 D:\XAMPP\htdocs\GestionPagos\system\View\View.php(213): CodeIgniter\View\View->CodeIgniter\View\{closure}()
#1 D:\XAMPP\htdocs\GestionPagos\system\Common.php(1089): CodeIgniter\View\View->render('menu', Array, true)
#2 D:\XAMPP\htdocs\GestionPagos\app\Controllers\Home.php(11): view('menu')
#3 D:\XAMPP\htdocs\GestionPagos\system\CodeIgniter.php(832): App\Controllers\Home->index()
#4 D:\XAMPP\htdocs\GestionPagos\system\CodeIgniter.php(419): CodeIgniter\CodeIgniter->runController(Object(App\Controllers\Home))
#5 D:\XAMPP\htdocs\GestionPagos\system\CodeIgniter.php(326): CodeIgniter\CodeIgniter->handleRequest(NULL, Object(Config\Cache), false)
#6 D:\XAMPP\htdocs\GestionPagos\index.php(37): CodeIgniter\CodeIgniter->run()
#7 {main}
CRITICAL - 2023-05-04 12:16:05 --> syntax error, unexpected end of file
#0 D:\XAMPP\htdocs\GestionPagos\system\View\View.php(213): CodeIgniter\View\View->CodeIgniter\View\{closure}()
#1 D:\XAMPP\htdocs\GestionPagos\system\Common.php(1089): CodeIgniter\View\View->render('menu', Array, true)
#2 D:\XAMPP\htdocs\GestionPagos\app\Controllers\Home.php(11): view('menu')
#3 D:\XAMPP\htdocs\GestionPagos\system\CodeIgniter.php(832): App\Controllers\Home->index()
#4 D:\XAMPP\htdocs\GestionPagos\system\CodeIgniter.php(419): CodeIgniter\CodeIgniter->runController(Object(App\Controllers\Home))
#5 D:\XAMPP\htdocs\GestionPagos\system\CodeIgniter.php(326): CodeIgniter\CodeIgniter->handleRequest(NULL, Object(Config\Cache), false)
#6 D:\XAMPP\htdocs\GestionPagos\index.php(37): CodeIgniter\CodeIgniter->run()
#7 {main}
CRITICAL - 2023-05-04 12:17:52 --> Trying to get property 'num_rows' of non-object
#0 D:\XAMPP\htdocs\GestionPagos\app\Views\CRUD-Usuarios.php(45): CodeIgniter\Debug\Exceptions->errorHandler(8, 'Trying to get p...', 'D:\\XAMPP\\htdocs...', 45, Array)
#1 D:\XAMPP\htdocs\GestionPagos\system\View\View.php(210): include('D:\\XAMPP\\htdocs...')
#2 D:\XAMPP\htdocs\GestionPagos\system\View\View.php(213): CodeIgniter\View\View->CodeIgniter\View\{closure}()
#3 D:\XAMPP\htdocs\GestionPagos\system\Common.php(1089): CodeIgniter\View\View->render('CRUD-Usuarios', Array, true)
#4 D:\XAMPP\htdocs\GestionPagos\app\Controllers\Home.php(81): view('CRUD-Usuarios')
#5 D:\XAMPP\htdocs\GestionPagos\system\CodeIgniter.php(832): App\Controllers\Home->crud_usuarios()
#6 D:\XAMPP\htdocs\GestionPagos\system\CodeIgniter.php(419): CodeIgniter\CodeIgniter->runController(Object(App\Controllers\Home))
#7 D:\XAMPP\htdocs\GestionPagos\system\CodeIgniter.php(326): CodeIgniter\CodeIgniter->handleRequest(NULL, Object(Config\Cache), false)
#8 D:\XAMPP\htdocs\GestionPagos\index.php(37): CodeIgniter\CodeIgniter->run()
#9 {main}
CRITICAL - 2023-05-04 12:41:40 --> Trying to get property 'num_rows' of non-object
#0 D:\XAMPP\htdocs\GestionPagos\app\Views\CRUD-Usuarios.php(45): CodeIgniter\Debug\Exceptions->errorHandler(8, 'Trying to get p...', 'D:\\XAMPP\\htdocs...', 45, Array)
#1 D:\XAMPP\htdocs\GestionPagos\system\View\View.php(210): include('D:\\XAMPP\\htdocs...')
#2 D:\XAMPP\htdocs\GestionPagos\system\View\View.php(213): CodeIgniter\View\View->CodeIgniter\View\{closure}()
#3 D:\XAMPP\htdocs\GestionPagos\system\Common.php(1089): CodeIgniter\View\View->render('CRUD-Usuarios', Array, true)
#4 D:\XAMPP\htdocs\GestionPagos\app\Controllers\Home.php(81): view('CRUD-Usuarios')
#5 D:\XAMPP\htdocs\GestionPagos\system\CodeIgniter.php(832): App\Controllers\Home->crud_usuarios()
#6 D:\XAMPP\htdocs\GestionPagos\system\CodeIgniter.php(419): CodeIgniter\CodeIgniter->runController(Object(App\Controllers\Home))
#7 D:\XAMPP\htdocs\GestionPagos\system\CodeIgniter.php(326): CodeIgniter\CodeIgniter->handleRequest(NULL, Object(Config\Cache), false)
#8 D:\XAMPP\htdocs\GestionPagos\index.php(37): CodeIgniter\CodeIgniter->run()
#9 {main}
CRITICAL - 2023-05-04 12:41:58 --> Trying to get property 'num_rows' of non-object
#0 D:\XAMPP\htdocs\GestionPagos\app\Views\CRUD-Usuarios.php(45): CodeIgniter\Debug\Exceptions->errorHandler(8, 'Trying to get p...', 'D:\\XAMPP\\htdocs...', 45, Array)
#1 D:\XAMPP\htdocs\GestionPagos\system\View\View.php(210): include('D:\\XAMPP\\htdocs...')
#2 D:\XAMPP\htdocs\GestionPagos\system\View\View.php(213): CodeIgniter\View\View->CodeIgniter\View\{closure}()
#3 D:\XAMPP\htdocs\GestionPagos\system\Common.php(1089): CodeIgniter\View\View->render('CRUD-Usuarios', Array, true)
#4 D:\XAMPP\htdocs\GestionPagos\app\Controllers\Home.php(81): view('CRUD-Usuarios')
#5 D:\XAMPP\htdocs\GestionPagos\system\CodeIgniter.php(832): App\Controllers\Home->crud_usuarios()
#6 D:\XAMPP\htdocs\GestionPagos\system\CodeIgniter.php(419): CodeIgniter\CodeIgniter->runController(Object(App\Controllers\Home))
#7 D:\XAMPP\htdocs\GestionPagos\system\CodeIgniter.php(326): CodeIgniter\CodeIgniter->handleRequest(NULL, Object(Config\Cache), false)
#8 D:\XAMPP\htdocs\GestionPagos\index.php(37): CodeIgniter\CodeIgniter->run()
#9 {main}
CRITICAL - 2023-05-04 12:42:02 --> Trying to get property 'num_rows' of non-object
#0 D:\XAMPP\htdocs\GestionPagos\app\Views\CRUD-Usuarios.php(45): CodeIgniter\Debug\Exceptions->errorHandler(8, 'Trying to get p...', 'D:\\XAMPP\\htdocs...', 45, Array)
#1 D:\XAMPP\htdocs\GestionPagos\system\View\View.php(210): include('D:\\XAMPP\\htdocs...')
#2 D:\XAMPP\htdocs\GestionPagos\system\View\View.php(213): CodeIgniter\View\View->CodeIgniter\View\{closure}()
#3 D:\XAMPP\htdocs\GestionPagos\system\Common.php(1089): CodeIgniter\View\View->render('CRUD-Usuarios', Array, true)
#4 D:\XAMPP\htdocs\GestionPagos\app\Controllers\Home.php(81): view('CRUD-Usuarios')
#5 D:\XAMPP\htdocs\GestionPagos\system\CodeIgniter.php(832): App\Controllers\Home->crud_usuarios()
#6 D:\XAMPP\htdocs\GestionPagos\system\CodeIgniter.php(419): CodeIgniter\CodeIgniter->runController(Object(App\Controllers\Home))
#7 D:\XAMPP\htdocs\GestionPagos\system\CodeIgniter.php(326): CodeIgniter\CodeIgniter->handleRequest(NULL, Object(Config\Cache), false)
#8 D:\XAMPP\htdocs\GestionPagos\index.php(37): CodeIgniter\CodeIgniter->run()
#9 {main}
CRITICAL - 2023-05-04 12:42:21 --> syntax error, unexpected 'Use' (T_USE)
#0 D:\XAMPP\htdocs\GestionPagos\system\View\View.php(213): CodeIgniter\View\View->CodeIgniter\View\{closure}()
#1 D:\XAMPP\htdocs\GestionPagos\system\Common.php(1089): CodeIgniter\View\View->render('facturas', Array, true)
#2 D:\XAMPP\htdocs\GestionPagos\app\Controllers\Home.php(105): view('facturas')
#3 D:\XAMPP\htdocs\GestionPagos\system\CodeIgniter.php(832): App\Controllers\Home->facturas()
#4 D:\XAMPP\htdocs\GestionPagos\system\CodeIgniter.php(419): CodeIgniter\CodeIgniter->runController(Object(App\Controllers\Home))
#5 D:\XAMPP\htdocs\GestionPagos\system\CodeIgniter.php(326): CodeIgniter\CodeIgniter->handleRequest(NULL, Object(Config\Cache), false)
#6 D:\XAMPP\htdocs\GestionPagos\index.php(37): CodeIgniter\CodeIgniter->run()
#7 {main}
CRITICAL - 2023-05-04 12:43:19 --> Class 'Factura_producto_model' not found
#0 D:\XAMPP\htdocs\GestionPagos\system\View\View.php(210): include()
#1 D:\XAMPP\htdocs\GestionPagos\system\View\View.php(213): CodeIgniter\View\View->CodeIgniter\View\{closure}()
#2 D:\XAMPP\htdocs\GestionPagos\system\Common.php(1089): CodeIgniter\View\View->render('facturas', Array, true)
#3 D:\XAMPP\htdocs\GestionPagos\app\Controllers\Home.php(105): view('facturas')
#4 D:\XAMPP\htdocs\GestionPagos\system\CodeIgniter.php(832): App\Controllers\Home->facturas()
#5 D:\XAMPP\htdocs\GestionPagos\system\CodeIgniter.php(419): CodeIgniter\CodeIgniter->runController(Object(App\Controllers\Home))
#6 D:\XAMPP\htdocs\GestionPagos\system\CodeIgniter.php(326): CodeIgniter\CodeIgniter->handleRequest(NULL, Object(Config\Cache), false)
#7 D:\XAMPP\htdocs\GestionPagos\index.php(37): CodeIgniter\CodeIgniter->run()
#8 {main}
CRITICAL - 2023-05-04 12:44:00 --> Undefined variable: facturas
#0 D:\XAMPP\htdocs\GestionPagos\app\Views\facturas.php(60): CodeIgniter\Debug\Exceptions->errorHandler(8, 'Undefined varia...', 'D:\\XAMPP\\htdocs...', 60, Array)
#1 D:\XAMPP\htdocs\GestionPagos\system\View\View.php(210): include('D:\\XAMPP\\htdocs...')
#2 D:\XAMPP\htdocs\GestionPagos\system\View\View.php(213): CodeIgniter\View\View->CodeIgniter\View\{closure}()
#3 D:\XAMPP\htdocs\GestionPagos\system\Common.php(1089): CodeIgniter\View\View->render('facturas', Array, true)
#4 D:\XAMPP\htdocs\GestionPagos\app\Controllers\Home.php(105): view('facturas')
#5 D:\XAMPP\htdocs\GestionPagos\system\CodeIgniter.php(832): App\Controllers\Home->facturas()
#6 D:\XAMPP\htdocs\GestionPagos\system\CodeIgniter.php(419): CodeIgniter\CodeIgniter->runController(Object(App\Controllers\Home))
#7 D:\XAMPP\htdocs\GestionPagos\system\CodeIgniter.php(326): CodeIgniter\CodeIgniter->handleRequest(NULL, Object(Config\Cache), false)
#8 D:\XAMPP\htdocs\GestionPagos\index.php(37): CodeIgniter\CodeIgniter->run()
#9 {main}
ERROR - 2023-05-04 12:44:11 --> Unknown column 'id_usuario_alumno' in 'where clause'
CRITICAL - 2023-05-04 12:44:11 --> Unknown column 'id_usuario_alumno' in 'where clause'
#0 D:\XAMPP\htdocs\GestionPagos\system\Database\MySQLi\Connection.php(292): mysqli->query('SELECT *\nFROM `...', 0)
#1 D:\XAMPP\htdocs\GestionPagos\system\Database\BaseConnection.php(670): CodeIgniter\Database\MySQLi\Connection->execute('SELECT *\nFROM `...')
#2 D:\XAMPP\htdocs\GestionPagos\system\Database\BaseConnection.php(598): CodeIgniter\Database\BaseConnection->simpleQuery('SELECT *\nFROM `...')
#3 D:\XAMPP\htdocs\GestionPagos\system\Database\BaseBuilder.php(1455): CodeIgniter\Database\BaseConnection->query('SELECT *\nFROM `...', Array, false)
#4 D:\XAMPP\htdocs\GestionPagos\system\Model.php(210): CodeIgniter\Database\BaseBuilder->get()
#5 D:\XAMPP\htdocs\GestionPagos\system\BaseModel.php(622): CodeIgniter\Model->doFirst()
#6 D:\XAMPP\htdocs\GestionPagos\app\Views\facturas.php(98): CodeIgniter\BaseModel->first()
#7 D:\XAMPP\htdocs\GestionPagos\system\View\View.php(210): include('D:\\XAMPP\\htdocs...')
#8 D:\XAMPP\htdocs\GestionPagos\system\View\View.php(213): CodeIgniter\View\View->CodeIgniter\View\{closure}()
#9 D:\XAMPP\htdocs\GestionPagos\system\Common.php(1089): CodeIgniter\View\View->render('facturas', Array, true)
#10 D:\XAMPP\htdocs\GestionPagos\app\Controllers\Home.php(105): view('facturas')
#11 D:\XAMPP\htdocs\GestionPagos\system\CodeIgniter.php(832): App\Controllers\Home->facturas()
#12 D:\XAMPP\htdocs\GestionPagos\system\CodeIgniter.php(419): CodeIgniter\CodeIgniter->runController(Object(App\Controllers\Home))
#13 D:\XAMPP\htdocs\GestionPagos\system\CodeIgniter.php(326): CodeIgniter\CodeIgniter->handleRequest(NULL, Object(Config\Cache), false)
#14 D:\XAMPP\htdocs\GestionPagos\index.php(37): CodeIgniter\CodeIgniter->run()
#15 {main}
CRITICAL - 2023-05-04 12:49:42 --> Call to undefined method stdClass::where()
#0 D:\XAMPP\htdocs\GestionPagos\system\View\View.php(210): include()
#1 D:\XAMPP\htdocs\GestionPagos\system\View\View.php(213): CodeIgniter\View\View->CodeIgniter\View\{closure}()
#2 D:\XAMPP\htdocs\GestionPagos\system\Common.php(1089): CodeIgniter\View\View->render('facturas', Array, true)
#3 D:\XAMPP\htdocs\GestionPagos\app\Controllers\Home.php(105): view('facturas')
#4 D:\XAMPP\htdocs\GestionPagos\system\CodeIgniter.php(832): App\Controllers\Home->facturas()
#5 D:\XAMPP\htdocs\GestionPagos\system\CodeIgniter.php(419): CodeIgniter\CodeIgniter->runController(Object(App\Controllers\Home))
#6 D:\XAMPP\htdocs\GestionPagos\system\CodeIgniter.php(326): CodeIgniter\CodeIgniter->handleRequest(NULL, Object(Config\Cache), false)
#7 D:\XAMPP\htdocs\GestionPagos\index.php(37): CodeIgniter\CodeIgniter->run()
#8 {main}
CRITICAL - 2023-05-04 12:50:16 --> Call to undefined method stdClass::where()
#0 D:\XAMPP\htdocs\GestionPagos\system\View\View.php(210): include()
#1 D:\XAMPP\htdocs\GestionPagos\system\View\View.php(213): CodeIgniter\View\View->CodeIgniter\View\{closure}()
#2 D:\XAMPP\htdocs\GestionPagos\system\Common.php(1089): CodeIgniter\View\View->render('facturas', Array, true)
#3 D:\XAMPP\htdocs\GestionPagos\app\Controllers\Home.php(105): view('facturas')
#4 D:\XAMPP\htdocs\GestionPagos\system\CodeIgniter.php(832): App\Controllers\Home->facturas()
#5 D:\XAMPP\htdocs\GestionPagos\system\CodeIgniter.php(419): CodeIgniter\CodeIgniter->runController(Object(App\Controllers\Home))
#6 D:\XAMPP\htdocs\GestionPagos\system\CodeIgniter.php(326): CodeIgniter\CodeIgniter->handleRequest(NULL, Object(Config\Cache), false)
#7 D:\XAMPP\htdocs\GestionPagos\index.php(37): CodeIgniter\CodeIgniter->run()
#8 {main}
CRITICAL - 2023-05-04 12:50:16 --> Call to undefined method stdClass::where()
#0 D:\XAMPP\htdocs\GestionPagos\system\View\View.php(210): include()
#1 D:\XAMPP\htdocs\GestionPagos\system\View\View.php(213): CodeIgniter\View\View->CodeIgniter\View\{closure}()
#2 D:\XAMPP\htdocs\GestionPagos\system\Common.php(1089): CodeIgniter\View\View->render('facturas', Array, true)
#3 D:\XAMPP\htdocs\GestionPagos\app\Controllers\Home.php(105): view('facturas')
#4 D:\XAMPP\htdocs\GestionPagos\system\CodeIgniter.php(832): App\Controllers\Home->facturas()
#5 D:\XAMPP\htdocs\GestionPagos\system\CodeIgniter.php(419): CodeIgniter\CodeIgniter->runController(Object(App\Controllers\Home))
#6 D:\XAMPP\htdocs\GestionPagos\system\CodeIgniter.php(326): CodeIgniter\CodeIgniter->handleRequest(NULL, Object(Config\Cache), false)
#7 D:\XAMPP\htdocs\GestionPagos\index.php(37): CodeIgniter\CodeIgniter->run()
#8 {main}
CRITICAL - 2023-05-04 12:50:59 --> Undefined variable: usuario
#0 D:\XAMPP\htdocs\GestionPagos\app\Views\facturas.php(103): CodeIgniter\Debug\Exceptions->errorHandler(8, 'Undefined varia...', 'D:\\XAMPP\\htdocs...', 103, Array)
#1 D:\XAMPP\htdocs\GestionPagos\system\View\View.php(210): include('D:\\XAMPP\\htdocs...')
#2 D:\XAMPP\htdocs\GestionPagos\system\View\View.php(213): CodeIgniter\View\View->CodeIgniter\View\{closure}()
#3 D:\XAMPP\htdocs\GestionPagos\system\Common.php(1089): CodeIgniter\View\View->render('facturas', Array, true)
#4 D:\XAMPP\htdocs\GestionPagos\app\Controllers\Home.php(105): view('facturas')
#5 D:\XAMPP\htdocs\GestionPagos\system\CodeIgniter.php(832): App\Controllers\Home->facturas()
#6 D:\XAMPP\htdocs\GestionPagos\system\CodeIgniter.php(419): CodeIgniter\CodeIgniter->runController(Object(App\Controllers\Home))
#7 D:\XAMPP\htdocs\GestionPagos\system\CodeIgniter.php(326): CodeIgniter\CodeIgniter->handleRequest(NULL, Object(Config\Cache), false)
#8 D:\XAMPP\htdocs\GestionPagos\index.php(37): CodeIgniter\CodeIgniter->run()
#9 {main}
CRITICAL - 2023-05-04 12:51:42 --> syntax error, unexpected '?>'
#0 D:\XAMPP\htdocs\GestionPagos\system\View\View.php(213): CodeIgniter\View\View->CodeIgniter\View\{closure}()
#1 D:\XAMPP\htdocs\GestionPagos\system\Common.php(1089): CodeIgniter\View\View->render('facturas', Array, true)
#2 D:\XAMPP\htdocs\GestionPagos\app\Controllers\Home.php(105): view('facturas')
#3 D:\XAMPP\htdocs\GestionPagos\system\CodeIgniter.php(832): App\Controllers\Home->facturas()
#4 D:\XAMPP\htdocs\GestionPagos\system\CodeIgniter.php(419): CodeIgniter\CodeIgniter->runController(Object(App\Controllers\Home))
#5 D:\XAMPP\htdocs\GestionPagos\system\CodeIgniter.php(326): CodeIgniter\CodeIgniter->handleRequest(NULL, Object(Config\Cache), false)
#6 D:\XAMPP\htdocs\GestionPagos\index.php(37): CodeIgniter\CodeIgniter->run()
#7 {main}
CRITICAL - 2023-05-04 12:58:39 --> Class 'Curso_model' not found
#0 D:\XAMPP\htdocs\GestionPagos\system\View\View.php(210): include()
#1 D:\XAMPP\htdocs\GestionPagos\system\View\View.php(213): CodeIgniter\View\View->CodeIgniter\View\{closure}()
#2 D:\XAMPP\htdocs\GestionPagos\system\Common.php(1089): CodeIgniter\View\View->render('facturas', Array, true)
#3 D:\XAMPP\htdocs\GestionPagos\app\Controllers\Home.php(105): view('facturas')
#4 D:\XAMPP\htdocs\GestionPagos\system\CodeIgniter.php(832): App\Controllers\Home->facturas()
#5 D:\XAMPP\htdocs\GestionPagos\system\CodeIgniter.php(419): CodeIgniter\CodeIgniter->runController(Object(App\Controllers\Home))
#6 D:\XAMPP\htdocs\GestionPagos\system\CodeIgniter.php(326): CodeIgniter\CodeIgniter->handleRequest(NULL, Object(Config\Cache), false)
#7 D:\XAMPP\htdocs\GestionPagos\index.php(37): CodeIgniter\CodeIgniter->run()
#8 {main}
CRITICAL - 2023-05-04 12:58:56 --> Class 'Curso_model' not found
#0 D:\XAMPP\htdocs\GestionPagos\system\View\View.php(210): include()
#1 D:\XAMPP\htdocs\GestionPagos\system\View\View.php(213): CodeIgniter\View\View->CodeIgniter\View\{closure}()
#2 D:\XAMPP\htdocs\GestionPagos\system\Common.php(1089): CodeIgniter\View\View->render('facturas', Array, true)
#3 D:\XAMPP\htdocs\GestionPagos\app\Controllers\Home.php(105): view('facturas')
#4 D:\XAMPP\htdocs\GestionPagos\system\CodeIgniter.php(832): App\Controllers\Home->facturas()
#5 D:\XAMPP\htdocs\GestionPagos\system\CodeIgniter.php(419): CodeIgniter\CodeIgniter->runController(Object(App\Controllers\Home))
#6 D:\XAMPP\htdocs\GestionPagos\system\CodeIgniter.php(326): CodeIgniter\CodeIgniter->handleRequest(NULL, Object(Config\Cache), false)
#7 D:\XAMPP\htdocs\GestionPagos\index.php(37): CodeIgniter\CodeIgniter->run()
#8 {main}
CRITICAL - 2023-05-04 12:58:57 --> Class 'Curso_model' not found
#0 D:\XAMPP\htdocs\GestionPagos\system\View\View.php(210): include()
#1 D:\XAMPP\htdocs\GestionPagos\system\View\View.php(213): CodeIgniter\View\View->CodeIgniter\View\{closure}()
#2 D:\XAMPP\htdocs\GestionPagos\system\Common.php(1089): CodeIgniter\View\View->render('facturas', Array, true)
#3 D:\XAMPP\htdocs\GestionPagos\app\Controllers\Home.php(105): view('facturas')
#4 D:\XAMPP\htdocs\GestionPagos\system\CodeIgniter.php(832): App\Controllers\Home->facturas()
#5 D:\XAMPP\htdocs\GestionPagos\system\CodeIgniter.php(419): CodeIgniter\CodeIgniter->runController(Object(App\Controllers\Home))
#6 D:\XAMPP\htdocs\GestionPagos\system\CodeIgniter.php(326): CodeIgniter\CodeIgniter->handleRequest(NULL, Object(Config\Cache), false)
#7 D:\XAMPP\htdocs\GestionPagos\index.php(37): CodeIgniter\CodeIgniter->run()
#8 {main}
CRITICAL - 2023-05-04 12:59:10 --> Class 'Curso_model' not found
#0 D:\XAMPP\htdocs\GestionPagos\system\View\View.php(210): include()
#1 D:\XAMPP\htdocs\GestionPagos\system\View\View.php(213): CodeIgniter\View\View->CodeIgniter\View\{closure}()
#2 D:\XAMPP\htdocs\GestionPagos\system\Common.php(1089): CodeIgniter\View\View->render('facturas', Array, true)
#3 D:\XAMPP\htdocs\GestionPagos\app\Controllers\Home.php(105): view('facturas')
#4 D:\XAMPP\htdocs\GestionPagos\system\CodeIgniter.php(832): App\Controllers\Home->facturas()
#5 D:\XAMPP\htdocs\GestionPagos\system\CodeIgniter.php(419): CodeIgniter\CodeIgniter->runController(Object(App\Controllers\Home))
#6 D:\XAMPP\htdocs\GestionPagos\system\CodeIgniter.php(326): CodeIgniter\CodeIgniter->handleRequest(NULL, Object(Config\Cache), false)
#7 D:\XAMPP\htdocs\GestionPagos\index.php(37): CodeIgniter\CodeIgniter->run()
#8 {main}
CRITICAL - 2023-05-04 12:59:11 --> Class 'Curso_model' not found
#0 D:\XAMPP\htdocs\GestionPagos\system\View\View.php(210): include()
#1 D:\XAMPP\htdocs\GestionPagos\system\View\View.php(213): CodeIgniter\View\View->CodeIgniter\View\{closure}()
#2 D:\XAMPP\htdocs\GestionPagos\system\Common.php(1089): CodeIgniter\View\View->render('facturas', Array, true)
#3 D:\XAMPP\htdocs\GestionPagos\app\Controllers\Home.php(105): view('facturas')
#4 D:\XAMPP\htdocs\GestionPagos\system\CodeIgniter.php(832): App\Controllers\Home->facturas()
#5 D:\XAMPP\htdocs\GestionPagos\system\CodeIgniter.php(419): CodeIgniter\CodeIgniter->runController(Object(App\Controllers\Home))
#6 D:\XAMPP\htdocs\GestionPagos\system\CodeIgniter.php(326): CodeIgniter\CodeIgniter->handleRequest(NULL, Object(Config\Cache), false)
#7 D:\XAMPP\htdocs\GestionPagos\index.php(37): CodeIgniter\CodeIgniter->run()
#8 {main}
CRITICAL - 2023-05-04 13:00:48 --> Class 'Curso_model' not found
#0 D:\XAMPP\htdocs\GestionPagos\system\View\View.php(210): include()
#1 D:\XAMPP\htdocs\GestionPagos\system\View\View.php(213): CodeIgniter\View\View->CodeIgniter\View\{closure}()
#2 D:\XAMPP\htdocs\GestionPagos\system\Common.php(1089): CodeIgniter\View\View->render('facturas', Array, true)
#3 D:\XAMPP\htdocs\GestionPagos\app\Controllers\Home.php(105): view('facturas')
#4 D:\XAMPP\htdocs\GestionPagos\system\CodeIgniter.php(832): App\Controllers\Home->facturas()
#5 D:\XAMPP\htdocs\GestionPagos\system\CodeIgniter.php(419): CodeIgniter\CodeIgniter->runController(Object(App\Controllers\Home))
#6 D:\XAMPP\htdocs\GestionPagos\system\CodeIgniter.php(326): CodeIgniter\CodeIgniter->handleRequest(NULL, Object(Config\Cache), false)
#7 D:\XAMPP\htdocs\GestionPagos\index.php(37): CodeIgniter\CodeIgniter->run()
#8 {main}
CRITICAL - 2023-05-04 13:00:48 --> Class 'Curso_model' not found
#0 D:\XAMPP\htdocs\GestionPagos\system\View\View.php(210): include()
#1 D:\XAMPP\htdocs\GestionPagos\system\View\View.php(213): CodeIgniter\View\View->CodeIgniter\View\{closure}()
#2 D:\XAMPP\htdocs\GestionPagos\system\Common.php(1089): CodeIgniter\View\View->render('facturas', Array, true)
#3 D:\XAMPP\htdocs\GestionPagos\app\Controllers\Home.php(105): view('facturas')
#4 D:\XAMPP\htdocs\GestionPagos\system\CodeIgniter.php(832): App\Controllers\Home->facturas()
#5 D:\XAMPP\htdocs\GestionPagos\system\CodeIgniter.php(419): CodeIgniter\CodeIgniter->runController(Object(App\Controllers\Home))
#6 D:\XAMPP\htdocs\GestionPagos\system\CodeIgniter.php(326): CodeIgniter\CodeIgniter->handleRequest(NULL, Object(Config\Cache), false)
#7 D:\XAMPP\htdocs\GestionPagos\index.php(37): CodeIgniter\CodeIgniter->run()
#8 {main}
CRITICAL - 2023-05-04 13:00:50 --> Class 'Curso_model' not found
#0 D:\XAMPP\htdocs\GestionPagos\system\View\View.php(210): include()
#1 D:\XAMPP\htdocs\GestionPagos\system\View\View.php(213): CodeIgniter\View\View->CodeIgniter\View\{closure}()
#2 D:\XAMPP\htdocs\GestionPagos\system\Common.php(1089): CodeIgniter\View\View->render('facturas', Array, true)
#3 D:\XAMPP\htdocs\GestionPagos\app\Controllers\Home.php(105): view('facturas')
#4 D:\XAMPP\htdocs\GestionPagos\system\CodeIgniter.php(832): App\Controllers\Home->facturas()
#5 D:\XAMPP\htdocs\GestionPagos\system\CodeIgniter.php(419): CodeIgniter\CodeIgniter->runController(Object(App\Controllers\Home))
#6 D:\XAMPP\htdocs\GestionPagos\system\CodeIgniter.php(326): CodeIgniter\CodeIgniter->handleRequest(NULL, Object(Config\Cache), false)
#7 D:\XAMPP\htdocs\GestionPagos\index.php(37): CodeIgniter\CodeIgniter->run()
#8 {main}
CRITICAL - 2023-05-04 13:00:50 --> Class 'Curso_model' not found
#0 D:\XAMPP\htdocs\GestionPagos\system\View\View.php(210): include()
#1 D:\XAMPP\htdocs\GestionPagos\system\View\View.php(213): CodeIgniter\View\View->CodeIgniter\View\{closure}()
#2 D:\XAMPP\htdocs\GestionPagos\system\Common.php(1089): CodeIgniter\View\View->render('facturas', Array, true)
#3 D:\XAMPP\htdocs\GestionPagos\app\Controllers\Home.php(105): view('facturas')
#4 D:\XAMPP\htdocs\GestionPagos\system\CodeIgniter.php(832): App\Controllers\Home->facturas()
#5 D:\XAMPP\htdocs\GestionPagos\system\CodeIgniter.php(419): CodeIgniter\CodeIgniter->runController(Object(App\Controllers\Home))
#6 D:\XAMPP\htdocs\GestionPagos\system\CodeIgniter.php(326): CodeIgniter\CodeIgniter->handleRequest(NULL, Object(Config\Cache), false)
#7 D:\XAMPP\htdocs\GestionPagos\index.php(37): CodeIgniter\CodeIgniter->run()
#8 {main}
CRITICAL - 2023-05-04 13:00:50 --> Class 'Curso_model' not found
#0 D:\XAMPP\htdocs\GestionPagos\system\View\View.php(210): include()
#1 D:\XAMPP\htdocs\GestionPagos\system\View\View.php(213): CodeIgniter\View\View->CodeIgniter\View\{closure}()
#2 D:\XAMPP\htdocs\GestionPagos\system\Common.php(1089): CodeIgniter\View\View->render('facturas', Array, true)
#3 D:\XAMPP\htdocs\GestionPagos\app\Controllers\Home.php(105): view('facturas')
#4 D:\XAMPP\htdocs\GestionPagos\system\CodeIgniter.php(832): App\Controllers\Home->facturas()
#5 D:\XAMPP\htdocs\GestionPagos\system\CodeIgniter.php(419): CodeIgniter\CodeIgniter->runController(Object(App\Controllers\Home))
#6 D:\XAMPP\htdocs\GestionPagos\system\CodeIgniter.php(326): CodeIgniter\CodeIgniter->handleRequest(NULL, Object(Config\Cache), false)
#7 D:\XAMPP\htdocs\GestionPagos\index.php(37): CodeIgniter\CodeIgniter->run()
#8 {main}
CRITICAL - 2023-05-04 13:00:50 --> Class 'Curso_model' not found
#0 D:\XAMPP\htdocs\GestionPagos\system\View\View.php(210): include()
#1 D:\XAMPP\htdocs\GestionPagos\system\View\View.php(213): CodeIgniter\View\View->CodeIgniter\View\{closure}()
#2 D:\XAMPP\htdocs\GestionPagos\system\Common.php(1089): CodeIgniter\View\View->render('facturas', Array, true)
#3 D:\XAMPP\htdocs\GestionPagos\app\Controllers\Home.php(105): view('facturas')
#4 D:\XAMPP\htdocs\GestionPagos\system\CodeIgniter.php(832): App\Controllers\Home->facturas()
#5 D:\XAMPP\htdocs\GestionPagos\system\CodeIgniter.php(419): CodeIgniter\CodeIgniter->runController(Object(App\Controllers\Home))
#6 D:\XAMPP\htdocs\GestionPagos\system\CodeIgniter.php(326): CodeIgniter\CodeIgniter->handleRequest(NULL, Object(Config\Cache), false)
#7 D:\XAMPP\htdocs\GestionPagos\index.php(37): CodeIgniter\CodeIgniter->run()
#8 {main}
CRITICAL - 2023-05-04 13:00:51 --> Class 'Curso_model' not found
#0 D:\XAMPP\htdocs\GestionPagos\system\View\View.php(210): include()
#1 D:\XAMPP\htdocs\GestionPagos\system\View\View.php(213): CodeIgniter\View\View->CodeIgniter\View\{closure}()
#2 D:\XAMPP\htdocs\GestionPagos\system\Common.php(1089): CodeIgniter\View\View->render('facturas', Array, true)
#3 D:\XAMPP\htdocs\GestionPagos\app\Controllers\Home.php(105): view('facturas')
#4 D:\XAMPP\htdocs\GestionPagos\system\CodeIgniter.php(832): App\Controllers\Home->facturas()
#5 D:\XAMPP\htdocs\GestionPagos\system\CodeIgniter.php(419): CodeIgniter\CodeIgniter->runController(Object(App\Controllers\Home))
#6 D:\XAMPP\htdocs\GestionPagos\system\CodeIgniter.php(326): CodeIgniter\CodeIgniter->handleRequest(NULL, Object(Config\Cache), false)
#7 D:\XAMPP\htdocs\GestionPagos\index.php(37): CodeIgniter\CodeIgniter->run()
#8 {main}
CRITICAL - 2023-05-04 13:00:51 --> Class 'Curso_model' not found
#0 D:\XAMPP\htdocs\GestionPagos\system\View\View.php(210): include()
#1 D:\XAMPP\htdocs\GestionPagos\system\View\View.php(213): CodeIgniter\View\View->CodeIgniter\View\{closure}()
#2 D:\XAMPP\htdocs\GestionPagos\system\Common.php(1089): CodeIgniter\View\View->render('facturas', Array, true)
#3 D:\XAMPP\htdocs\GestionPagos\app\Controllers\Home.php(105): view('facturas')
#4 D:\XAMPP\htdocs\GestionPagos\system\CodeIgniter.php(832): App\Controllers\Home->facturas()
#5 D:\XAMPP\htdocs\GestionPagos\system\CodeIgniter.php(419): CodeIgniter\CodeIgniter->runController(Object(App\Controllers\Home))
#6 D:\XAMPP\htdocs\GestionPagos\system\CodeIgniter.php(326): CodeIgniter\CodeIgniter->handleRequest(NULL, Object(Config\Cache), false)
#7 D:\XAMPP\htdocs\GestionPagos\index.php(37): CodeIgniter\CodeIgniter->run()
#8 {main}
CRITICAL - 2023-05-04 13:00:51 --> Class 'Curso_model' not found
#0 D:\XAMPP\htdocs\GestionPagos\system\View\View.php(210): include()
#1 D:\XAMPP\htdocs\GestionPagos\system\View\View.php(213): CodeIgniter\View\View->CodeIgniter\View\{closure}()
#2 D:\XAMPP\htdocs\GestionPagos\system\Common.php(1089): CodeIgniter\View\View->render('facturas', Array, true)
#3 D:\XAMPP\htdocs\GestionPagos\app\Controllers\Home.php(105): view('facturas')
#4 D:\XAMPP\htdocs\GestionPagos\system\CodeIgniter.php(832): App\Controllers\Home->facturas()
#5 D:\XAMPP\htdocs\GestionPagos\system\CodeIgniter.php(419): CodeIgniter\CodeIgniter->runController(Object(App\Controllers\Home))
#6 D:\XAMPP\htdocs\GestionPagos\system\CodeIgniter.php(326): CodeIgniter\CodeIgniter->handleRequest(NULL, Object(Config\Cache), false)
#7 D:\XAMPP\htdocs\GestionPagos\index.php(37): CodeIgniter\CodeIgniter->run()
#8 {main}
CRITICAL - 2023-05-04 13:00:51 --> Class 'Curso_model' not found
#0 D:\XAMPP\htdocs\GestionPagos\system\View\View.php(210): include()
#1 D:\XAMPP\htdocs\GestionPagos\system\View\View.php(213): CodeIgniter\View\View->CodeIgniter\View\{closure}()
#2 D:\XAMPP\htdocs\GestionPagos\system\Common.php(1089): CodeIgniter\View\View->render('facturas', Array, true)
#3 D:\XAMPP\htdocs\GestionPagos\app\Controllers\Home.php(105): view('facturas')
#4 D:\XAMPP\htdocs\GestionPagos\system\CodeIgniter.php(832): App\Controllers\Home->facturas()
#5 D:\XAMPP\htdocs\GestionPagos\system\CodeIgniter.php(419): CodeIgniter\CodeIgniter->runController(Object(App\Controllers\Home))
#6 D:\XAMPP\htdocs\GestionPagos\system\CodeIgniter.php(326): CodeIgniter\CodeIgniter->handleRequest(NULL, Object(Config\Cache), false)
#7 D:\XAMPP\htdocs\GestionPagos\index.php(37): CodeIgniter\CodeIgniter->run()
#8 {main}
CRITICAL - 2023-05-04 13:00:51 --> Class 'Curso_model' not found
#0 D:\XAMPP\htdocs\GestionPagos\system\View\View.php(210): include()
#1 D:\XAMPP\htdocs\GestionPagos\system\View\View.php(213): CodeIgniter\View\View->CodeIgniter\View\{closure}()
#2 D:\XAMPP\htdocs\GestionPagos\system\Common.php(1089): CodeIgniter\View\View->render('facturas', Array, true)
#3 D:\XAMPP\htdocs\GestionPagos\app\Controllers\Home.php(105): view('facturas')
#4 D:\XAMPP\htdocs\GestionPagos\system\CodeIgniter.php(832): App\Controllers\Home->facturas()
#5 D:\XAMPP\htdocs\GestionPagos\system\CodeIgniter.php(419): CodeIgniter\CodeIgniter->runController(Object(App\Controllers\Home))
#6 D:\XAMPP\htdocs\GestionPagos\system\CodeIgniter.php(326): CodeIgniter\CodeIgniter->handleRequest(NULL, Object(Config\Cache), false)
#7 D:\XAMPP\htdocs\GestionPagos\index.php(37): CodeIgniter\CodeIgniter->run()
#8 {main}
CRITICAL - 2023-05-04 13:00:51 --> Class 'Curso_model' not found
#0 D:\XAMPP\htdocs\GestionPagos\system\View\View.php(210): include()
#1 D:\XAMPP\htdocs\GestionPagos\system\View\View.php(213): CodeIgniter\View\View->CodeIgniter\View\{closure}()
#2 D:\XAMPP\htdocs\GestionPagos\system\Common.php(1089): CodeIgniter\View\View->render('facturas', Array, true)
#3 D:\XAMPP\htdocs\GestionPagos\app\Controllers\Home.php(105): view('facturas')
#4 D:\XAMPP\htdocs\GestionPagos\system\CodeIgniter.php(832): App\Controllers\Home->facturas()
#5 D:\XAMPP\htdocs\GestionPagos\system\CodeIgniter.php(419): CodeIgniter\CodeIgniter->runController(Object(App\Controllers\Home))
#6 D:\XAMPP\htdocs\GestionPagos\system\CodeIgniter.php(326): CodeIgniter\CodeIgniter->handleRequest(NULL, Object(Config\Cache), false)
#7 D:\XAMPP\htdocs\GestionPagos\index.php(37): CodeIgniter\CodeIgniter->run()
#8 {main}
CRITICAL - 2023-05-04 13:00:52 --> Class 'Curso_model' not found
#0 D:\XAMPP\htdocs\GestionPagos\system\View\View.php(210): include()
#1 D:\XAMPP\htdocs\GestionPagos\system\View\View.php(213): CodeIgniter\View\View->CodeIgniter\View\{closure}()
#2 D:\XAMPP\htdocs\GestionPagos\system\Common.php(1089): CodeIgniter\View\View->render('facturas', Array, true)
#3 D:\XAMPP\htdocs\GestionPagos\app\Controllers\Home.php(105): view('facturas')
#4 D:\XAMPP\htdocs\GestionPagos\system\CodeIgniter.php(832): App\Controllers\Home->facturas()
#5 D:\XAMPP\htdocs\GestionPagos\system\CodeIgniter.php(419): CodeIgniter\CodeIgniter->runController(Object(App\Controllers\Home))
#6 D:\XAMPP\htdocs\GestionPagos\system\CodeIgniter.php(326): CodeIgniter\CodeIgniter->handleRequest(NULL, Object(Config\Cache), false)
#7 D:\XAMPP\htdocs\GestionPagos\index.php(37): CodeIgniter\CodeIgniter->run()
#8 {main}
CRITICAL - 2023-05-04 13:00:52 --> Class 'Curso_model' not found
#0 D:\XAMPP\htdocs\GestionPagos\system\View\View.php(210): include()
#1 D:\XAMPP\htdocs\GestionPagos\system\View\View.php(213): CodeIgniter\View\View->CodeIgniter\View\{closure}()
#2 D:\XAMPP\htdocs\GestionPagos\system\Common.php(1089): CodeIgniter\View\View->render('facturas', Array, true)
#3 D:\XAMPP\htdocs\GestionPagos\app\Controllers\Home.php(105): view('facturas')
#4 D:\XAMPP\htdocs\GestionPagos\system\CodeIgniter.php(832): App\Controllers\Home->facturas()
#5 D:\XAMPP\htdocs\GestionPagos\system\CodeIgniter.php(419): CodeIgniter\CodeIgniter->runController(Object(App\Controllers\Home))
#6 D:\XAMPP\htdocs\GestionPagos\system\CodeIgniter.php(326): CodeIgniter\CodeIgniter->handleRequest(NULL, Object(Config\Cache), false)
#7 D:\XAMPP\htdocs\GestionPagos\index.php(37): CodeIgniter\CodeIgniter->run()
#8 {main}
CRITICAL - 2023-05-04 13:00:52 --> Class 'Curso_model' not found
#0 D:\XAMPP\htdocs\GestionPagos\system\View\View.php(210): include()
#1 D:\XAMPP\htdocs\GestionPagos\system\View\View.php(213): CodeIgniter\View\View->CodeIgniter\View\{closure}()
#2 D:\XAMPP\htdocs\GestionPagos\system\Common.php(1089): CodeIgniter\View\View->render('facturas', Array, true)
#3 D:\XAMPP\htdocs\GestionPagos\app\Controllers\Home.php(105): view('facturas')
#4 D:\XAMPP\htdocs\GestionPagos\system\CodeIgniter.php(832): App\Controllers\Home->facturas()
#5 D:\XAMPP\htdocs\GestionPagos\system\CodeIgniter.php(419): CodeIgniter\CodeIgniter->runController(Object(App\Controllers\Home))
#6 D:\XAMPP\htdocs\GestionPagos\system\CodeIgniter.php(326): CodeIgniter\CodeIgniter->handleRequest(NULL, Object(Config\Cache), false)
#7 D:\XAMPP\htdocs\GestionPagos\index.php(37): CodeIgniter\CodeIgniter->run()
#8 {main}
CRITICAL - 2023-05-04 13:00:52 --> Class 'Curso_model' not found
#0 D:\XAMPP\htdocs\GestionPagos\system\View\View.php(210): include()
#1 D:\XAMPP\htdocs\GestionPagos\system\View\View.php(213): CodeIgniter\View\View->CodeIgniter\View\{closure}()
#2 D:\XAMPP\htdocs\GestionPagos\system\Common.php(1089): CodeIgniter\View\View->render('facturas', Array, true)
#3 D:\XAMPP\htdocs\GestionPagos\app\Controllers\Home.php(105): view('facturas')
#4 D:\XAMPP\htdocs\GestionPagos\system\CodeIgniter.php(832): App\Controllers\Home->facturas()
#5 D:\XAMPP\htdocs\GestionPagos\system\CodeIgniter.php(419): CodeIgniter\CodeIgniter->runController(Object(App\Controllers\Home))
#6 D:\XAMPP\htdocs\GestionPagos\system\CodeIgniter.php(326): CodeIgniter\CodeIgniter->handleRequest(NULL, Object(Config\Cache), false)
#7 D:\XAMPP\htdocs\GestionPagos\index.php(37): CodeIgniter\CodeIgniter->run()
#8 {main}
CRITICAL - 2023-05-04 13:00:52 --> Class 'Curso_model' not found
#0 D:\XAMPP\htdocs\GestionPagos\system\View\View.php(210): include()
#1 D:\XAMPP\htdocs\GestionPagos\system\View\View.php(213): CodeIgniter\View\View->CodeIgniter\View\{closure}()
#2 D:\XAMPP\htdocs\GestionPagos\system\Common.php(1089): CodeIgniter\View\View->render('facturas', Array, true)
#3 D:\XAMPP\htdocs\GestionPagos\app\Controllers\Home.php(105): view('facturas')
#4 D:\XAMPP\htdocs\GestionPagos\system\CodeIgniter.php(832): App\Controllers\Home->facturas()
#5 D:\XAMPP\htdocs\GestionPagos\system\CodeIgniter.php(419): CodeIgniter\CodeIgniter->runController(Object(App\Controllers\Home))
#6 D:\XAMPP\htdocs\GestionPagos\system\CodeIgniter.php(326): CodeIgniter\CodeIgniter->handleRequest(NULL, Object(Config\Cache), false)
#7 D:\XAMPP\htdocs\GestionPagos\index.php(37): CodeIgniter\CodeIgniter->run()
#8 {main}
CRITICAL - 2023-05-04 13:00:52 --> Class 'Curso_model' not found
#0 D:\XAMPP\htdocs\GestionPagos\system\View\View.php(210): include()
#1 D:\XAMPP\htdocs\GestionPagos\system\View\View.php(213): CodeIgniter\View\View->CodeIgniter\View\{closure}()
#2 D:\XAMPP\htdocs\GestionPagos\system\Common.php(1089): CodeIgniter\View\View->render('facturas', Array, true)
#3 D:\XAMPP\htdocs\GestionPagos\app\Controllers\Home.php(105): view('facturas')
#4 D:\XAMPP\htdocs\GestionPagos\system\CodeIgniter.php(832): App\Controllers\Home->facturas()
#5 D:\XAMPP\htdocs\GestionPagos\system\CodeIgniter.php(419): CodeIgniter\CodeIgniter->runController(Object(App\Controllers\Home))
#6 D:\XAMPP\htdocs\GestionPagos\system\CodeIgniter.php(326): CodeIgniter\CodeIgniter->handleRequest(NULL, Object(Config\Cache), false)
#7 D:\XAMPP\htdocs\GestionPagos\index.php(37): CodeIgniter\CodeIgniter->run()
#8 {main}
CRITICAL - 2023-05-04 13:00:53 --> Class 'Curso_model' not found
#0 D:\XAMPP\htdocs\GestionPagos\system\View\View.php(210): include()
#1 D:\XAMPP\htdocs\GestionPagos\system\View\View.php(213): CodeIgniter\View\View->CodeIgniter\View\{closure}()
#2 D:\XAMPP\htdocs\GestionPagos\system\Common.php(1089): CodeIgniter\View\View->render('facturas', Array, true)
#3 D:\XAMPP\htdocs\GestionPagos\app\Controllers\Home.php(105): view('facturas')
#4 D:\XAMPP\htdocs\GestionPagos\system\CodeIgniter.php(832): App\Controllers\Home->facturas()
#5 D:\XAMPP\htdocs\GestionPagos\system\CodeIgniter.php(419): CodeIgniter\CodeIgniter->runController(Object(App\Controllers\Home))
#6 D:\XAMPP\htdocs\GestionPagos\system\CodeIgniter.php(326): CodeIgniter\CodeIgniter->handleRequest(NULL, Object(Config\Cache), false)
#7 D:\XAMPP\htdocs\GestionPagos\index.php(37): CodeIgniter\CodeIgniter->run()
#8 {main}
CRITICAL - 2023-05-04 13:00:53 --> Class 'Curso_model' not found
#0 D:\XAMPP\htdocs\GestionPagos\system\View\View.php(210): include()
#1 D:\XAMPP\htdocs\GestionPagos\system\View\View.php(213): CodeIgniter\View\View->CodeIgniter\View\{closure}()
#2 D:\XAMPP\htdocs\GestionPagos\system\Common.php(1089): CodeIgniter\View\View->render('facturas', Array, true)
#3 D:\XAMPP\htdocs\GestionPagos\app\Controllers\Home.php(105): view('facturas')
#4 D:\XAMPP\htdocs\GestionPagos\system\CodeIgniter.php(832): App\Controllers\Home->facturas()
#5 D:\XAMPP\htdocs\GestionPagos\system\CodeIgniter.php(419): CodeIgniter\CodeIgniter->runController(Object(App\Controllers\Home))
#6 D:\XAMPP\htdocs\GestionPagos\system\CodeIgniter.php(326): CodeIgniter\CodeIgniter->handleRequest(NULL, Object(Config\Cache), false)
#7 D:\XAMPP\htdocs\GestionPagos\index.php(37): CodeIgniter\CodeIgniter->run()
#8 {main}
CRITICAL - 2023-05-04 13:00:53 --> Class 'Curso_model' not found
#0 D:\XAMPP\htdocs\GestionPagos\system\View\View.php(210): include()
#1 D:\XAMPP\htdocs\GestionPagos\system\View\View.php(213): CodeIgniter\View\View->CodeIgniter\View\{closure}()
#2 D:\XAMPP\htdocs\GestionPagos\system\Common.php(1089): CodeIgniter\View\View->render('facturas', Array, true)
#3 D:\XAMPP\htdocs\GestionPagos\app\Controllers\Home.php(105): view('facturas')
#4 D:\XAMPP\htdocs\GestionPagos\system\CodeIgniter.php(832): App\Controllers\Home->facturas()
#5 D:\XAMPP\htdocs\GestionPagos\system\CodeIgniter.php(419): CodeIgniter\CodeIgniter->runController(Object(App\Controllers\Home))
#6 D:\XAMPP\htdocs\GestionPagos\system\CodeIgniter.php(326): CodeIgniter\CodeIgniter->handleRequest(NULL, Object(Config\Cache), false)
#7 D:\XAMPP\htdocs\GestionPagos\index.php(37): CodeIgniter\CodeIgniter->run()
#8 {main}
CRITICAL - 2023-05-04 13:00:53 --> Class 'Curso_model' not found
#0 D:\XAMPP\htdocs\GestionPagos\system\View\View.php(210): include()
#1 D:\XAMPP\htdocs\GestionPagos\system\View\View.php(213): CodeIgniter\View\View->CodeIgniter\View\{closure}()
#2 D:\XAMPP\htdocs\GestionPagos\system\Common.php(1089): CodeIgniter\View\View->render('facturas', Array, true)
#3 D:\XAMPP\htdocs\GestionPagos\app\Controllers\Home.php(105): view('facturas')
#4 D:\XAMPP\htdocs\GestionPagos\system\CodeIgniter.php(832): App\Controllers\Home->facturas()
#5 D:\XAMPP\htdocs\GestionPagos\system\CodeIgniter.php(419): CodeIgniter\CodeIgniter->runController(Object(App\Controllers\Home))
#6 D:\XAMPP\htdocs\GestionPagos\system\CodeIgniter.php(326): CodeIgniter\CodeIgniter->handleRequest(NULL, Object(Config\Cache), false)
#7 D:\XAMPP\htdocs\GestionPagos\index.php(37): CodeIgniter\CodeIgniter->run()
#8 {main}
CRITICAL - 2023-05-04 13:00:53 --> Class 'Curso_model' not found
#0 D:\XAMPP\htdocs\GestionPagos\system\View\View.php(210): include()
#1 D:\XAMPP\htdocs\GestionPagos\system\View\View.php(213): CodeIgniter\View\View->CodeIgniter\View\{closure}()
#2 D:\XAMPP\htdocs\GestionPagos\system\Common.php(1089): CodeIgniter\View\View->render('facturas', Array, true)
#3 D:\XAMPP\htdocs\GestionPagos\app\Controllers\Home.php(105): view('facturas')
#4 D:\XAMPP\htdocs\GestionPagos\system\CodeIgniter.php(832): App\Controllers\Home->facturas()
#5 D:\XAMPP\htdocs\GestionPagos\system\CodeIgniter.php(419): CodeIgniter\CodeIgniter->runController(Object(App\Controllers\Home))
#6 D:\XAMPP\htdocs\GestionPagos\system\CodeIgniter.php(326): CodeIgniter\CodeIgniter->handleRequest(NULL, Object(Config\Cache), false)
#7 D:\XAMPP\htdocs\GestionPagos\index.php(37): CodeIgniter\CodeIgniter->run()
#8 {main}
CRITICAL - 2023-05-04 13:00:53 --> Class 'Curso_model' not found
#0 D:\XAMPP\htdocs\GestionPagos\system\View\View.php(210): include()
#1 D:\XAMPP\htdocs\GestionPagos\system\View\View.php(213): CodeIgniter\View\View->CodeIgniter\View\{closure}()
#2 D:\XAMPP\htdocs\GestionPagos\system\Common.php(1089): CodeIgniter\View\View->render('facturas', Array, true)
#3 D:\XAMPP\htdocs\GestionPagos\app\Controllers\Home.php(105): view('facturas')
#4 D:\XAMPP\htdocs\GestionPagos\system\CodeIgniter.php(832): App\Controllers\Home->facturas()
#5 D:\XAMPP\htdocs\GestionPagos\system\CodeIgniter.php(419): CodeIgniter\CodeIgniter->runController(Object(App\Controllers\Home))
#6 D:\XAMPP\htdocs\GestionPagos\system\CodeIgniter.php(326): CodeIgniter\CodeIgniter->handleRequest(NULL, Object(Config\Cache), false)
#7 D:\XAMPP\htdocs\GestionPagos\index.php(37): CodeIgniter\CodeIgniter->run()
#8 {main}
CRITICAL - 2023-05-04 13:00:54 --> Class 'Curso_model' not found
#0 D:\XAMPP\htdocs\GestionPagos\system\View\View.php(210): include()
#1 D:\XAMPP\htdocs\GestionPagos\system\View\View.php(213): CodeIgniter\View\View->CodeIgniter\View\{closure}()
#2 D:\XAMPP\htdocs\GestionPagos\system\Common.php(1089): CodeIgniter\View\View->render('facturas', Array, true)
#3 D:\XAMPP\htdocs\GestionPagos\app\Controllers\Home.php(105): view('facturas')
#4 D:\XAMPP\htdocs\GestionPagos\system\CodeIgniter.php(832): App\Controllers\Home->facturas()
#5 D:\XAMPP\htdocs\GestionPagos\system\CodeIgniter.php(419): CodeIgniter\CodeIgniter->runController(Object(App\Controllers\Home))
#6 D:\XAMPP\htdocs\GestionPagos\system\CodeIgniter.php(326): CodeIgniter\CodeIgniter->handleRequest(NULL, Object(Config\Cache), false)
#7 D:\XAMPP\htdocs\GestionPagos\index.php(37): CodeIgniter\CodeIgniter->run()
#8 {main}
CRITICAL - 2023-05-04 13:00:54 --> Class 'Curso_model' not found
#0 D:\XAMPP\htdocs\GestionPagos\system\View\View.php(210): include()
#1 D:\XAMPP\htdocs\GestionPagos\system\View\View.php(213): CodeIgniter\View\View->CodeIgniter\View\{closure}()
#2 D:\XAMPP\htdocs\GestionPagos\system\Common.php(1089): CodeIgniter\View\View->render('facturas', Array, true)
#3 D:\XAMPP\htdocs\GestionPagos\app\Controllers\Home.php(105): view('facturas')
#4 D:\XAMPP\htdocs\GestionPagos\system\CodeIgniter.php(832): App\Controllers\Home->facturas()
#5 D:\XAMPP\htdocs\GestionPagos\system\CodeIgniter.php(419): CodeIgniter\CodeIgniter->runController(Object(App\Controllers\Home))
#6 D:\XAMPP\htdocs\GestionPagos\system\CodeIgniter.php(326): CodeIgniter\CodeIgniter->handleRequest(NULL, Object(Config\Cache), false)
#7 D:\XAMPP\htdocs\GestionPagos\index.php(37): CodeIgniter\CodeIgniter->run()
#8 {main}
CRITICAL - 2023-05-04 13:00:54 --> Class 'Curso_model' not found
#0 D:\XAMPP\htdocs\GestionPagos\system\View\View.php(210): include()
#1 D:\XAMPP\htdocs\GestionPagos\system\View\View.php(213): CodeIgniter\View\View->CodeIgniter\View\{closure}()
#2 D:\XAMPP\htdocs\GestionPagos\system\Common.php(1089): CodeIgniter\View\View->render('facturas', Array, true)
#3 D:\XAMPP\htdocs\GestionPagos\app\Controllers\Home.php(105): view('facturas')
#4 D:\XAMPP\htdocs\GestionPagos\system\CodeIgniter.php(832): App\Controllers\Home->facturas()
#5 D:\XAMPP\htdocs\GestionPagos\system\CodeIgniter.php(419): CodeIgniter\CodeIgniter->runController(Object(App\Controllers\Home))
#6 D:\XAMPP\htdocs\GestionPagos\system\CodeIgniter.php(326): CodeIgniter\CodeIgniter->handleRequest(NULL, Object(Config\Cache), false)
#7 D:\XAMPP\htdocs\GestionPagos\index.php(37): CodeIgniter\CodeIgniter->run()
#8 {main}
CRITICAL - 2023-05-04 13:00:54 --> Class 'Curso_model' not found
#0 D:\XAMPP\htdocs\GestionPagos\system\View\View.php(210): include()
#1 D:\XAMPP\htdocs\GestionPagos\system\View\View.php(213): CodeIgniter\View\View->CodeIgniter\View\{closure}()
#2 D:\XAMPP\htdocs\GestionPagos\system\Common.php(1089): CodeIgniter\View\View->render('facturas', Array, true)
#3 D:\XAMPP\htdocs\GestionPagos\app\Controllers\Home.php(105): view('facturas')
#4 D:\XAMPP\htdocs\GestionPagos\system\CodeIgniter.php(832): App\Controllers\Home->facturas()
#5 D:\XAMPP\htdocs\GestionPagos\system\CodeIgniter.php(419): CodeIgniter\CodeIgniter->runController(Object(App\Controllers\Home))
#6 D:\XAMPP\htdocs\GestionPagos\system\CodeIgniter.php(326): CodeIgniter\CodeIgniter->handleRequest(NULL, Object(Config\Cache), false)
#7 D:\XAMPP\htdocs\GestionPagos\index.php(37): CodeIgniter\CodeIgniter->run()
#8 {main}
CRITICAL - 2023-05-04 13:00:54 --> Class 'Curso_model' not found
#0 D:\XAMPP\htdocs\GestionPagos\system\View\View.php(210): include()
#1 D:\XAMPP\htdocs\GestionPagos\system\View\View.php(213): CodeIgniter\View\View->CodeIgniter\View\{closure}()
#2 D:\XAMPP\htdocs\GestionPagos\system\Common.php(1089): CodeIgniter\View\View->render('facturas', Array, true)
#3 D:\XAMPP\htdocs\GestionPagos\app\Controllers\Home.php(105): view('facturas')
#4 D:\XAMPP\htdocs\GestionPagos\system\CodeIgniter.php(832): App\Controllers\Home->facturas()
#5 D:\XAMPP\htdocs\GestionPagos\system\CodeIgniter.php(419): CodeIgniter\CodeIgniter->runController(Object(App\Controllers\Home))
#6 D:\XAMPP\htdocs\GestionPagos\system\CodeIgniter.php(326): CodeIgniter\CodeIgniter->handleRequest(NULL, Object(Config\Cache), false)
#7 D:\XAMPP\htdocs\GestionPagos\index.php(37): CodeIgniter\CodeIgniter->run()
#8 {main}
CRITICAL - 2023-05-04 13:01:32 --> Class 'Curso_model' not found
#0 D:\XAMPP\htdocs\GestionPagos\system\View\View.php(210): include()
#1 D:\XAMPP\htdocs\GestionPagos\system\View\View.php(213): CodeIgniter\View\View->CodeIgniter\View\{closure}()
#2 D:\XAMPP\htdocs\GestionPagos\system\Common.php(1089): CodeIgniter\View\View->render('facturas', Array, true)
#3 D:\XAMPP\htdocs\GestionPagos\app\Controllers\Home.php(105): view('facturas')
#4 D:\XAMPP\htdocs\GestionPagos\system\CodeIgniter.php(832): App\Controllers\Home->facturas()
#5 D:\XAMPP\htdocs\GestionPagos\system\CodeIgniter.php(419): CodeIgniter\CodeIgniter->runController(Object(App\Controllers\Home))
#6 D:\XAMPP\htdocs\GestionPagos\system\CodeIgniter.php(326): CodeIgniter\CodeIgniter->handleRequest(NULL, Object(Config\Cache), false)
#7 D:\XAMPP\htdocs\GestionPagos\index.php(37): CodeIgniter\CodeIgniter->run()
#8 {main}
CRITICAL - 2023-05-04 13:01:32 --> Class 'Curso_model' not found
#0 D:\XAMPP\htdocs\GestionPagos\system\View\View.php(210): include()
#1 D:\XAMPP\htdocs\GestionPagos\system\View\View.php(213): CodeIgniter\View\View->CodeIgniter\View\{closure}()
#2 D:\XAMPP\htdocs\GestionPagos\system\Common.php(1089): CodeIgniter\View\View->render('facturas', Array, true)
#3 D:\XAMPP\htdocs\GestionPagos\app\Controllers\Home.php(105): view('facturas')
#4 D:\XAMPP\htdocs\GestionPagos\system\CodeIgniter.php(832): App\Controllers\Home->facturas()
#5 D:\XAMPP\htdocs\GestionPagos\system\CodeIgniter.php(419): CodeIgniter\CodeIgniter->runController(Object(App\Controllers\Home))
#6 D:\XAMPP\htdocs\GestionPagos\system\CodeIgniter.php(326): CodeIgniter\CodeIgniter->handleRequest(NULL, Object(Config\Cache), false)
#7 D:\XAMPP\htdocs\GestionPagos\index.php(37): CodeIgniter\CodeIgniter->run()
#8 {main}
CRITICAL - 2023-05-04 13:01:33 --> Class 'Curso_model' not found
#0 D:\XAMPP\htdocs\GestionPagos\system\View\View.php(210): include()
#1 D:\XAMPP\htdocs\GestionPagos\system\View\View.php(213): CodeIgniter\View\View->CodeIgniter\View\{closure}()
#2 D:\XAMPP\htdocs\GestionPagos\system\Common.php(1089): CodeIgniter\View\View->render('facturas', Array, true)
#3 D:\XAMPP\htdocs\GestionPagos\app\Controllers\Home.php(105): view('facturas')
#4 D:\XAMPP\htdocs\GestionPagos\system\CodeIgniter.php(832): App\Controllers\Home->facturas()
#5 D:\XAMPP\htdocs\GestionPagos\system\CodeIgniter.php(419): CodeIgniter\CodeIgniter->runController(Object(App\Controllers\Home))
#6 D:\XAMPP\htdocs\GestionPagos\system\CodeIgniter.php(326): CodeIgniter\CodeIgniter->handleRequest(NULL, Object(Config\Cache), false)
#7 D:\XAMPP\htdocs\GestionPagos\index.php(37): CodeIgniter\CodeIgniter->run()
#8 {main}
CRITICAL - 2023-05-04 13:01:33 --> Class 'Curso_model' not found
#0 D:\XAMPP\htdocs\GestionPagos\system\View\View.php(210): include()
#1 D:\XAMPP\htdocs\GestionPagos\system\View\View.php(213): CodeIgniter\View\View->CodeIgniter\View\{closure}()
#2 D:\XAMPP\htdocs\GestionPagos\system\Common.php(1089): CodeIgniter\View\View->render('facturas', Array, true)
#3 D:\XAMPP\htdocs\GestionPagos\app\Controllers\Home.php(105): view('facturas')
#4 D:\XAMPP\htdocs\GestionPagos\system\CodeIgniter.php(832): App\Controllers\Home->facturas()
#5 D:\XAMPP\htdocs\GestionPagos\system\CodeIgniter.php(419): CodeIgniter\CodeIgniter->runController(Object(App\Controllers\Home))
#6 D:\XAMPP\htdocs\GestionPagos\system\CodeIgniter.php(326): CodeIgniter\CodeIgniter->handleRequest(NULL, Object(Config\Cache), false)
#7 D:\XAMPP\htdocs\GestionPagos\index.php(37): CodeIgniter\CodeIgniter->run()
#8 {main}
CRITICAL - 2023-05-04 13:01:33 --> Class 'Curso_model' not found
#0 D:\XAMPP\htdocs\GestionPagos\system\View\View.php(210): include()
#1 D:\XAMPP\htdocs\GestionPagos\system\View\View.php(213): CodeIgniter\View\View->CodeIgniter\View\{closure}()
#2 D:\XAMPP\htdocs\GestionPagos\system\Common.php(1089): CodeIgniter\View\View->render('facturas', Array, true)
#3 D:\XAMPP\htdocs\GestionPagos\app\Controllers\Home.php(105): view('facturas')
#4 D:\XAMPP\htdocs\GestionPagos\system\CodeIgniter.php(832): App\Controllers\Home->facturas()
#5 D:\XAMPP\htdocs\GestionPagos\system\CodeIgniter.php(419): CodeIgniter\CodeIgniter->runController(Object(App\Controllers\Home))
#6 D:\XAMPP\htdocs\GestionPagos\system\CodeIgniter.php(326): CodeIgniter\CodeIgniter->handleRequest(NULL, Object(Config\Cache), false)
#7 D:\XAMPP\htdocs\GestionPagos\index.php(37): CodeIgniter\CodeIgniter->run()
#8 {main}
CRITICAL - 2023-05-04 13:01:33 --> Class 'Curso_model' not found
#0 D:\XAMPP\htdocs\GestionPagos\system\View\View.php(210): include()
#1 D:\XAMPP\htdocs\GestionPagos\system\View\View.php(213): CodeIgniter\View\View->CodeIgniter\View\{closure}()
#2 D:\XAMPP\htdocs\GestionPagos\system\Common.php(1089): CodeIgniter\View\View->render('facturas', Array, true)
#3 D:\XAMPP\htdocs\GestionPagos\app\Controllers\Home.php(105): view('facturas')
#4 D:\XAMPP\htdocs\GestionPagos\system\CodeIgniter.php(832): App\Controllers\Home->facturas()
#5 D:\XAMPP\htdocs\GestionPagos\system\CodeIgniter.php(419): CodeIgniter\CodeIgniter->runController(Object(App\Controllers\Home))
#6 D:\XAMPP\htdocs\GestionPagos\system\CodeIgniter.php(326): CodeIgniter\CodeIgniter->handleRequest(NULL, Object(Config\Cache), false)
#7 D:\XAMPP\htdocs\GestionPagos\index.php(37): CodeIgniter\CodeIgniter->run()
#8 {main}
CRITICAL - 2023-05-04 13:01:33 --> Class 'Curso_model' not found
#0 D:\XAMPP\htdocs\GestionPagos\system\View\View.php(210): include()
#1 D:\XAMPP\htdocs\GestionPagos\system\View\View.php(213): CodeIgniter\View\View->CodeIgniter\View\{closure}()
#2 D:\XAMPP\htdocs\GestionPagos\system\Common.php(1089): CodeIgniter\View\View->render('facturas', Array, true)
#3 D:\XAMPP\htdocs\GestionPagos\app\Controllers\Home.php(105): view('facturas')
#4 D:\XAMPP\htdocs\GestionPagos\system\CodeIgniter.php(832): App\Controllers\Home->facturas()
#5 D:\XAMPP\htdocs\GestionPagos\system\CodeIgniter.php(419): CodeIgniter\CodeIgniter->runController(Object(App\Controllers\Home))
#6 D:\XAMPP\htdocs\GestionPagos\system\CodeIgniter.php(326): CodeIgniter\CodeIgniter->handleRequest(NULL, Object(Config\Cache), false)
#7 D:\XAMPP\htdocs\GestionPagos\index.php(37): CodeIgniter\CodeIgniter->run()
#8 {main}
CRITICAL - 2023-05-04 13:01:34 --> Class 'Curso_model' not found
#0 D:\XAMPP\htdocs\GestionPagos\system\View\View.php(210): include()
#1 D:\XAMPP\htdocs\GestionPagos\system\View\View.php(213): CodeIgniter\View\View->CodeIgniter\View\{closure}()
#2 D:\XAMPP\htdocs\GestionPagos\system\Common.php(1089): CodeIgniter\View\View->render('facturas', Array, true)
#3 D:\XAMPP\htdocs\GestionPagos\app\Controllers\Home.php(105): view('facturas')
#4 D:\XAMPP\htdocs\GestionPagos\system\CodeIgniter.php(832): App\Controllers\Home->facturas()
#5 D:\XAMPP\htdocs\GestionPagos\system\CodeIgniter.php(419): CodeIgniter\CodeIgniter->runController(Object(App\Controllers\Home))
#6 D:\XAMPP\htdocs\GestionPagos\system\CodeIgniter.php(326): CodeIgniter\CodeIgniter->handleRequest(NULL, Object(Config\Cache), false)
#7 D:\XAMPP\htdocs\GestionPagos\index.php(37): CodeIgniter\CodeIgniter->run()
#8 {main}
CRITICAL - 2023-05-04 13:01:53 --> Cannot use object of type stdClass as array
#0 D:\XAMPP\htdocs\GestionPagos\system\View\View.php(210): include()
#1 D:\XAMPP\htdocs\GestionPagos\system\View\View.php(213): CodeIgniter\View\View->CodeIgniter\View\{closure}()
#2 D:\XAMPP\htdocs\GestionPagos\system\Common.php(1089): CodeIgniter\View\View->render('facturas', Array, true)
#3 D:\XAMPP\htdocs\GestionPagos\app\Controllers\Home.php(105): view('facturas')
#4 D:\XAMPP\htdocs\GestionPagos\system\CodeIgniter.php(832): App\Controllers\Home->facturas()
#5 D:\XAMPP\htdocs\GestionPagos\system\CodeIgniter.php(419): CodeIgniter\CodeIgniter->runController(Object(App\Controllers\Home))
#6 D:\XAMPP\htdocs\GestionPagos\system\CodeIgniter.php(326): CodeIgniter\CodeIgniter->handleRequest(NULL, Object(Config\Cache), false)
#7 D:\XAMPP\htdocs\GestionPagos\index.php(37): CodeIgniter\CodeIgniter->run()
#8 {main}
CRITICAL - 2023-05-04 13:07:41 --> syntax error, unexpected '$curso' (T_VARIABLE)
#0 D:\XAMPP\htdocs\GestionPagos\system\View\View.php(213): CodeIgniter\View\View->CodeIgniter\View\{closure}()
#1 D:\XAMPP\htdocs\GestionPagos\system\Common.php(1089): CodeIgniter\View\View->render('facturas', Array, true)
#2 D:\XAMPP\htdocs\GestionPagos\app\Controllers\Home.php(105): view('facturas')
#3 D:\XAMPP\htdocs\GestionPagos\system\CodeIgniter.php(832): App\Controllers\Home->facturas()
#4 D:\XAMPP\htdocs\GestionPagos\system\CodeIgniter.php(419): CodeIgniter\CodeIgniter->runController(Object(App\Controllers\Home))
#5 D:\XAMPP\htdocs\GestionPagos\system\CodeIgniter.php(326): CodeIgniter\CodeIgniter->handleRequest(NULL, Object(Config\Cache), false)
#6 D:\XAMPP\htdocs\GestionPagos\index.php(37): CodeIgniter\CodeIgniter->run()
#7 {main}
CRITICAL - 2023-05-04 13:09:07 --> Class 'App\Models\Cuota_detalle_model' not found
#0 D:\XAMPP\htdocs\GestionPagos\system\View\View.php(210): include()
#1 D:\XAMPP\htdocs\GestionPagos\system\View\View.php(213): CodeIgniter\View\View->CodeIgniter\View\{closure}()
#2 D:\XAMPP\htdocs\GestionPagos\system\Common.php(1089): CodeIgniter\View\View->render('facturas', Array, true)
#3 D:\XAMPP\htdocs\GestionPagos\app\Controllers\Home.php(105): view('facturas')
#4 D:\XAMPP\htdocs\GestionPagos\system\CodeIgniter.php(832): App\Controllers\Home->facturas()
#5 D:\XAMPP\htdocs\GestionPagos\system\CodeIgniter.php(419): CodeIgniter\CodeIgniter->runController(Object(App\Controllers\Home))
#6 D:\XAMPP\htdocs\GestionPagos\system\CodeIgniter.php(326): CodeIgniter\CodeIgniter->handleRequest(NULL, Object(Config\Cache), false)
#7 D:\XAMPP\htdocs\GestionPagos\index.php(37): CodeIgniter\CodeIgniter->run()
#8 {main}
CRITICAL - 2023-05-04 13:09:39 --> Trying to get property 'id_curso' of non-object
#0 D:\XAMPP\htdocs\GestionPagos\app\Views\facturas.php(103): CodeIgniter\Debug\Exceptions->errorHandler(8, 'Trying to get p...', 'D:\\XAMPP\\htdocs...', 103, Array)
#1 D:\XAMPP\htdocs\GestionPagos\system\View\View.php(210): include('D:\\XAMPP\\htdocs...')
#2 D:\XAMPP\htdocs\GestionPagos\system\View\View.php(213): CodeIgniter\View\View->CodeIgniter\View\{closure}()
#3 D:\XAMPP\htdocs\GestionPagos\system\Common.php(1089): CodeIgniter\View\View->render('facturas', Array, true)
#4 D:\XAMPP\htdocs\GestionPagos\app\Controllers\Home.php(105): view('facturas')
#5 D:\XAMPP\htdocs\GestionPagos\system\CodeIgniter.php(832): App\Controllers\Home->facturas()
#6 D:\XAMPP\htdocs\GestionPagos\system\CodeIgniter.php(419): CodeIgniter\CodeIgniter->runController(Object(App\Controllers\Home))
#7 D:\XAMPP\htdocs\GestionPagos\system\CodeIgniter.php(326): CodeIgniter\CodeIgniter->handleRequest(NULL, Object(Config\Cache), false)
#8 D:\XAMPP\htdocs\GestionPagos\index.php(37): CodeIgniter\CodeIgniter->run()
#9 {main}
CRITICAL - 2023-05-04 13:11:41 --> Trying to get property 'id_idioma' of non-object
#0 D:\XAMPP\htdocs\GestionPagos\app\Views\facturas.php(108): CodeIgniter\Debug\Exceptions->errorHandler(8, 'Trying to get p...', 'D:\\XAMPP\\htdocs...', 108, Array)
#1 D:\XAMPP\htdocs\GestionPagos\system\View\View.php(210): include('D:\\XAMPP\\htdocs...')
#2 D:\XAMPP\htdocs\GestionPagos\system\View\View.php(213): CodeIgniter\View\View->CodeIgniter\View\{closure}()
#3 D:\XAMPP\htdocs\GestionPagos\system\Common.php(1089): CodeIgniter\View\View->render('facturas', Array, true)
#4 D:\XAMPP\htdocs\GestionPagos\app\Controllers\Home.php(105): view('facturas')
#5 D:\XAMPP\htdocs\GestionPagos\system\CodeIgniter.php(832): App\Controllers\Home->facturas()
#6 D:\XAMPP\htdocs\GestionPagos\system\CodeIgniter.php(419): CodeIgniter\CodeIgniter->runController(Object(App\Controllers\Home))
#7 D:\XAMPP\htdocs\GestionPagos\system\CodeIgniter.php(326): CodeIgniter\CodeIgniter->handleRequest(NULL, Object(Config\Cache), false)
#8 D:\XAMPP\htdocs\GestionPagos\index.php(37): CodeIgniter\CodeIgniter->run()
#9 {main}
CRITICAL - 2023-05-04 13:20:05 --> syntax error, unexpected '$nombre' (T_VARIABLE)
#0 D:\XAMPP\htdocs\GestionPagos\system\View\View.php(213): CodeIgniter\View\View->CodeIgniter\View\{closure}()
#1 D:\XAMPP\htdocs\GestionPagos\system\Common.php(1089): CodeIgniter\View\View->render('facturas', Array, true)
#2 D:\XAMPP\htdocs\GestionPagos\app\Controllers\Home.php(105): view('facturas')
#3 D:\XAMPP\htdocs\GestionPagos\system\CodeIgniter.php(832): App\Controllers\Home->facturas()
#4 D:\XAMPP\htdocs\GestionPagos\system\CodeIgniter.php(419): CodeIgniter\CodeIgniter->runController(Object(App\Controllers\Home))
#5 D:\XAMPP\htdocs\GestionPagos\system\CodeIgniter.php(326): CodeIgniter\CodeIgniter->handleRequest(NULL, Object(Config\Cache), false)
#6 D:\XAMPP\htdocs\GestionPagos\index.php(37): CodeIgniter\CodeIgniter->run()
#7 {main}
CRITICAL - 2023-05-04 13:34:31 --> Undefined variable: curso
#0 D:\XAMPP\htdocs\GestionPagos\app\Views\facturas.php(106): CodeIgniter\Debug\Exceptions->errorHandler(8, 'Undefined varia...', 'D:\\XAMPP\\htdocs...', 106, Array)
#1 D:\XAMPP\htdocs\GestionPagos\system\View\View.php(210): include('D:\\XAMPP\\htdocs...')
#2 D:\XAMPP\htdocs\GestionPagos\system\View\View.php(213): CodeIgniter\View\View->CodeIgniter\View\{closure}()
#3 D:\XAMPP\htdocs\GestionPagos\system\Common.php(1089): CodeIgniter\View\View->render('facturas', Array, true)
#4 D:\XAMPP\htdocs\GestionPagos\app\Controllers\Home.php(105): view('facturas')
#5 D:\XAMPP\htdocs\GestionPagos\system\CodeIgniter.php(832): App\Controllers\Home->facturas()
#6 D:\XAMPP\htdocs\GestionPagos\system\CodeIgniter.php(419): CodeIgniter\CodeIgniter->runController(Object(App\Controllers\Home))
#7 D:\XAMPP\htdocs\GestionPagos\system\CodeIgniter.php(326): CodeIgniter\CodeIgniter->handleRequest(NULL, Object(Config\Cache), false)
#8 D:\XAMPP\htdocs\GestionPagos\index.php(37): CodeIgniter\CodeIgniter->run()
#9 {main}
CRITICAL - 2023-05-04 13:36:07 --> syntax error, unexpected '$cuota_detalle' (T_VARIABLE), expecting ';' or ','
#0 D:\XAMPP\htdocs\GestionPagos\system\View\View.php(213): CodeIgniter\View\View->CodeIgniter\View\{closure}()
#1 D:\XAMPP\htdocs\GestionPagos\system\Common.php(1089): CodeIgniter\View\View->render('facturas', Array, true)
#2 D:\XAMPP\htdocs\GestionPagos\app\Controllers\Home.php(105): view('facturas')
#3 D:\XAMPP\htdocs\GestionPagos\system\CodeIgniter.php(832): App\Controllers\Home->facturas()
#4 D:\XAMPP\htdocs\GestionPagos\system\CodeIgniter.php(419): CodeIgniter\CodeIgniter->runController(Object(App\Controllers\Home))
#5 D:\XAMPP\htdocs\GestionPagos\system\CodeIgniter.php(326): CodeIgniter\CodeIgniter->handleRequest(NULL, Object(Config\Cache), false)
#6 D:\XAMPP\htdocs\GestionPagos\index.php(37): CodeIgniter\CodeIgniter->run()
#7 {main}
CRITICAL - 2023-05-04 13:42:02 --> Undefined variable: row
#0 D:\XAMPP\htdocs\GestionPagos\app\Views\facturas.php(102): CodeIgniter\Debug\Exceptions->errorHandler(8, 'Undefined varia...', 'D:\\XAMPP\\htdocs...', 102, Array)
#1 D:\XAMPP\htdocs\GestionPagos\system\View\View.php(210): include('D:\\XAMPP\\htdocs...')
#2 D:\XAMPP\htdocs\GestionPagos\system\View\View.php(213): CodeIgniter\View\View->CodeIgniter\View\{closure}()
#3 D:\XAMPP\htdocs\GestionPagos\system\Common.php(1089): CodeIgniter\View\View->render('facturas', Array, true)
#4 D:\XAMPP\htdocs\GestionPagos\app\Controllers\Home.php(105): view('facturas')
#5 D:\XAMPP\htdocs\GestionPagos\system\CodeIgniter.php(832): App\Controllers\Home->facturas()
#6 D:\XAMPP\htdocs\GestionPagos\system\CodeIgniter.php(419): CodeIgniter\CodeIgniter->runController(Object(App\Controllers\Home))
#7 D:\XAMPP\htdocs\GestionPagos\system\CodeIgniter.php(326): CodeIgniter\CodeIgniter->handleRequest(NULL, Object(Config\Cache), false)
#8 D:\XAMPP\htdocs\GestionPagos\index.php(37): CodeIgniter\CodeIgniter->run()
#9 {main}
CRITICAL - 2023-05-04 13:44:47 --> syntax error, unexpected 'foreach' (T_FOREACH)
#0 D:\XAMPP\htdocs\GestionPagos\system\View\View.php(213): CodeIgniter\View\View->CodeIgniter\View\{closure}()
#1 D:\XAMPP\htdocs\GestionPagos\system\Common.php(1089): CodeIgniter\View\View->render('facturas', Array, true)
#2 D:\XAMPP\htdocs\GestionPagos\app\Controllers\Home.php(105): view('facturas')
#3 D:\XAMPP\htdocs\GestionPagos\system\CodeIgniter.php(832): App\Controllers\Home->facturas()
#4 D:\XAMPP\htdocs\GestionPagos\system\CodeIgniter.php(419): CodeIgniter\CodeIgniter->runController(Object(App\Controllers\Home))
#5 D:\XAMPP\htdocs\GestionPagos\system\CodeIgniter.php(326): CodeIgniter\CodeIgniter->handleRequest(NULL, Object(Config\Cache), false)
#6 D:\XAMPP\htdocs\GestionPagos\index.php(37): CodeIgniter\CodeIgniter->run()
#7 {main}
CRITICAL - 2023-05-04 13:44:54 --> Undefined index: id_cuota
#0 D:\XAMPP\htdocs\GestionPagos\app\Views\facturas.php(106): CodeIgniter\Debug\Exceptions->errorHandler(8, 'Undefined index...', 'D:\\XAMPP\\htdocs...', 106, Array)
#1 D:\XAMPP\htdocs\GestionPagos\system\View\View.php(210): include('D:\\XAMPP\\htdocs...')
#2 D:\XAMPP\htdocs\GestionPagos\system\View\View.php(213): CodeIgniter\View\View->CodeIgniter\View\{closure}()
#3 D:\XAMPP\htdocs\GestionPagos\system\Common.php(1089): CodeIgniter\View\View->render('facturas', Array, true)
#4 D:\XAMPP\htdocs\GestionPagos\app\Controllers\Home.php(105): view('facturas')
#5 D:\XAMPP\htdocs\GestionPagos\system\CodeIgniter.php(832): App\Controllers\Home->facturas()
#6 D:\XAMPP\htdocs\GestionPagos\system\CodeIgniter.php(419): CodeIgniter\CodeIgniter->runController(Object(App\Controllers\Home))
#7 D:\XAMPP\htdocs\GestionPagos\system\CodeIgniter.php(326): CodeIgniter\CodeIgniter->handleRequest(NULL, Object(Config\Cache), false)
#8 D:\XAMPP\htdocs\GestionPagos\index.php(37): CodeIgniter\CodeIgniter->run()
#9 {main}
CRITICAL - 2023-05-04 13:48:17 --> Undefined index: id_cuota
#0 D:\XAMPP\htdocs\GestionPagos\app\Views\facturas.php(106): CodeIgniter\Debug\Exceptions->errorHandler(8, 'Undefined index...', 'D:\\XAMPP\\htdocs...', 106, Array)
#1 D:\XAMPP\htdocs\GestionPagos\system\View\View.php(210): include('D:\\XAMPP\\htdocs...')
#2 D:\XAMPP\htdocs\GestionPagos\system\View\View.php(213): CodeIgniter\View\View->CodeIgniter\View\{closure}()
#3 D:\XAMPP\htdocs\GestionPagos\system\Common.php(1089): CodeIgniter\View\View->render('facturas', Array, true)
#4 D:\XAMPP\htdocs\GestionPagos\app\Controllers\Home.php(105): view('facturas')
#5 D:\XAMPP\htdocs\GestionPagos\system\CodeIgniter.php(832): App\Controllers\Home->facturas()
#6 D:\XAMPP\htdocs\GestionPagos\system\CodeIgniter.php(419): CodeIgniter\CodeIgniter->runController(Object(App\Controllers\Home))
#7 D:\XAMPP\htdocs\GestionPagos\system\CodeIgniter.php(326): CodeIgniter\CodeIgniter->handleRequest(NULL, Object(Config\Cache), false)
#8 D:\XAMPP\htdocs\GestionPagos\index.php(37): CodeIgniter\CodeIgniter->run()
#9 {main}
CRITICAL - 2023-05-04 13:48:49 --> syntax error, unexpected ')'
#0 D:\XAMPP\htdocs\GestionPagos\system\View\View.php(213): CodeIgniter\View\View->CodeIgniter\View\{closure}()
#1 D:\XAMPP\htdocs\GestionPagos\system\Common.php(1089): CodeIgniter\View\View->render('facturas', Array, true)
#2 D:\XAMPP\htdocs\GestionPagos\app\Controllers\Home.php(105): view('facturas')
#3 D:\XAMPP\htdocs\GestionPagos\system\CodeIgniter.php(832): App\Controllers\Home->facturas()
#4 D:\XAMPP\htdocs\GestionPagos\system\CodeIgniter.php(419): CodeIgniter\CodeIgniter->runController(Object(App\Controllers\Home))
#5 D:\XAMPP\htdocs\GestionPagos\system\CodeIgniter.php(326): CodeIgniter\CodeIgniter->handleRequest(NULL, Object(Config\Cache), false)
#6 D:\XAMPP\htdocs\GestionPagos\index.php(37): CodeIgniter\CodeIgniter->run()
#7 {main}
CRITICAL - 2023-05-04 13:48:56 --> Trying to get property 'id_usuario_alumno' of non-object
#0 D:\XAMPP\htdocs\GestionPagos\app\Views\facturas.php(113): CodeIgniter\Debug\Exceptions->errorHandler(8, 'Trying to get p...', 'D:\\XAMPP\\htdocs...', 113, Array)
#1 D:\XAMPP\htdocs\GestionPagos\system\View\View.php(210): include('D:\\XAMPP\\htdocs...')
#2 D:\XAMPP\htdocs\GestionPagos\system\View\View.php(213): CodeIgniter\View\View->CodeIgniter\View\{closure}()
#3 D:\XAMPP\htdocs\GestionPagos\system\Common.php(1089): CodeIgniter\View\View->render('facturas', Array, true)
#4 D:\XAMPP\htdocs\GestionPagos\app\Controllers\Home.php(105): view('facturas')
#5 D:\XAMPP\htdocs\GestionPagos\system\CodeIgniter.php(832): App\Controllers\Home->facturas()
#6 D:\XAMPP\htdocs\GestionPagos\system\CodeIgniter.php(419): CodeIgniter\CodeIgniter->runController(Object(App\Controllers\Home))
#7 D:\XAMPP\htdocs\GestionPagos\system\CodeIgniter.php(326): CodeIgniter\CodeIgniter->handleRequest(NULL, Object(Config\Cache), false)
#8 D:\XAMPP\htdocs\GestionPagos\index.php(37): CodeIgniter\CodeIgniter->run()
#9 {main}
CRITICAL - 2023-05-04 13:49:52 --> syntax error, unexpected '}', expecting end of file
#0 D:\XAMPP\htdocs\GestionPagos\system\View\View.php(213): CodeIgniter\View\View->CodeIgniter\View\{closure}()
#1 D:\XAMPP\htdocs\GestionPagos\system\Common.php(1089): CodeIgniter\View\View->render('facturas', Array, true)
#2 D:\XAMPP\htdocs\GestionPagos\app\Controllers\Home.php(105): view('facturas')
#3 D:\XAMPP\htdocs\GestionPagos\system\CodeIgniter.php(832): App\Controllers\Home->facturas()
#4 D:\XAMPP\htdocs\GestionPagos\system\CodeIgniter.php(419): CodeIgniter\CodeIgniter->runController(Object(App\Controllers\Home))
#5 D:\XAMPP\htdocs\GestionPagos\system\CodeIgniter.php(326): CodeIgniter\CodeIgniter->handleRequest(NULL, Object(Config\Cache), false)
#6 D:\XAMPP\htdocs\GestionPagos\index.php(37): CodeIgniter\CodeIgniter->run()
#7 {main}
CRITICAL - 2023-05-04 13:50:03 --> syntax error, unexpected '}', expecting end of file
#0 D:\XAMPP\htdocs\GestionPagos\system\View\View.php(213): CodeIgniter\View\View->CodeIgniter\View\{closure}()
#1 D:\XAMPP\htdocs\GestionPagos\system\Common.php(1089): CodeIgniter\View\View->render('facturas', Array, true)
#2 D:\XAMPP\htdocs\GestionPagos\app\Controllers\Home.php(105): view('facturas')
#3 D:\XAMPP\htdocs\GestionPagos\system\CodeIgniter.php(832): App\Controllers\Home->facturas()
#4 D:\XAMPP\htdocs\GestionPagos\system\CodeIgniter.php(419): CodeIgniter\CodeIgniter->runController(Object(App\Controllers\Home))
#5 D:\XAMPP\htdocs\GestionPagos\system\CodeIgniter.php(326): CodeIgniter\CodeIgniter->handleRequest(NULL, Object(Config\Cache), false)
#6 D:\XAMPP\htdocs\GestionPagos\index.php(37): CodeIgniter\CodeIgniter->run()
#7 {main}
CRITICAL - 2023-05-04 13:50:06 --> Undefined index: id_idioma
#0 D:\XAMPP\htdocs\GestionPagos\app\Views\facturas.php(114): CodeIgniter\Debug\Exceptions->errorHandler(8, 'Undefined index...', 'D:\\XAMPP\\htdocs...', 114, Array)
#1 D:\XAMPP\htdocs\GestionPagos\system\View\View.php(210): include('D:\\XAMPP\\htdocs...')
#2 D:\XAMPP\htdocs\GestionPagos\system\View\View.php(213): CodeIgniter\View\View->CodeIgniter\View\{closure}()
#3 D:\XAMPP\htdocs\GestionPagos\system\Common.php(1089): CodeIgniter\View\View->render('facturas', Array, true)
#4 D:\XAMPP\htdocs\GestionPagos\app\Controllers\Home.php(105): view('facturas')
#5 D:\XAMPP\htdocs\GestionPagos\system\CodeIgniter.php(832): App\Controllers\Home->facturas()
#6 D:\XAMPP\htdocs\GestionPagos\system\CodeIgniter.php(419): CodeIgniter\CodeIgniter->runController(Object(App\Controllers\Home))
#7 D:\XAMPP\htdocs\GestionPagos\system\CodeIgniter.php(326): CodeIgniter\CodeIgniter->handleRequest(NULL, Object(Config\Cache), false)
#8 D:\XAMPP\htdocs\GestionPagos\index.php(37): CodeIgniter\CodeIgniter->run()
#9 {main}
CRITICAL - 2023-05-04 13:52:07 --> Undefined variable: row
#0 D:\XAMPP\htdocs\GestionPagos\app\Views\facturas.php(103): CodeIgniter\Debug\Exceptions->errorHandler(8, 'Undefined varia...', 'D:\\XAMPP\\htdocs...', 103, Array)
#1 D:\XAMPP\htdocs\GestionPagos\system\View\View.php(210): include('D:\\XAMPP\\htdocs...')
#2 D:\XAMPP\htdocs\GestionPagos\system\View\View.php(213): CodeIgniter\View\View->CodeIgniter\View\{closure}()
#3 D:\XAMPP\htdocs\GestionPagos\system\Common.php(1089): CodeIgniter\View\View->render('facturas', Array, true)
#4 D:\XAMPP\htdocs\GestionPagos\app\Controllers\Home.php(105): view('facturas')
#5 D:\XAMPP\htdocs\GestionPagos\system\CodeIgniter.php(832): App\Controllers\Home->facturas()
#6 D:\XAMPP\htdocs\GestionPagos\system\CodeIgniter.php(419): CodeIgniter\CodeIgniter->runController(Object(App\Controllers\Home))
#7 D:\XAMPP\htdocs\GestionPagos\system\CodeIgniter.php(326): CodeIgniter\CodeIgniter->handleRequest(NULL, Object(Config\Cache), false)
#8 D:\XAMPP\htdocs\GestionPagos\index.php(37): CodeIgniter\CodeIgniter->run()
#9 {main}
CRITICAL - 2023-05-04 13:54:57 --> syntax error, unexpected '[', expecting variable (T_VARIABLE) or '{' or '$'
#0 D:\XAMPP\htdocs\GestionPagos\system\View\View.php(213): CodeIgniter\View\View->CodeIgniter\View\{closure}()
#1 D:\XAMPP\htdocs\GestionPagos\system\Common.php(1089): CodeIgniter\View\View->render('facturas', Array, true)
#2 D:\XAMPP\htdocs\GestionPagos\app\Controllers\Home.php(105): view('facturas')
#3 D:\XAMPP\htdocs\GestionPagos\system\CodeIgniter.php(832): App\Controllers\Home->facturas()
#4 D:\XAMPP\htdocs\GestionPagos\system\CodeIgniter.php(419): CodeIgniter\CodeIgniter->runController(Object(App\Controllers\Home))
#5 D:\XAMPP\htdocs\GestionPagos\system\CodeIgniter.php(326): CodeIgniter\CodeIgniter->handleRequest(NULL, Object(Config\Cache), false)
#6 D:\XAMPP\htdocs\GestionPagos\index.php(37): CodeIgniter\CodeIgniter->run()
#7 {main}
CRITICAL - 2023-05-04 13:55:11 --> Undefined index: id_idioma
#0 D:\XAMPP\htdocs\GestionPagos\app\Views\facturas.php(113): CodeIgniter\Debug\Exceptions->errorHandler(8, 'Undefined index...', 'D:\\XAMPP\\htdocs...', 113, Array)
#1 D:\XAMPP\htdocs\GestionPagos\system\View\View.php(210): include('D:\\XAMPP\\htdocs...')
#2 D:\XAMPP\htdocs\GestionPagos\system\View\View.php(213): CodeIgniter\View\View->CodeIgniter\View\{closure}()
#3 D:\XAMPP\htdocs\GestionPagos\system\Common.php(1089): CodeIgniter\View\View->render('facturas', Array, true)
#4 D:\XAMPP\htdocs\GestionPagos\app\Controllers\Home.php(105): view('facturas')
#5 D:\XAMPP\htdocs\GestionPagos\system\CodeIgniter.php(832): App\Controllers\Home->facturas()
#6 D:\XAMPP\htdocs\GestionPagos\system\CodeIgniter.php(419): CodeIgniter\CodeIgniter->runController(Object(App\Controllers\Home))
#7 D:\XAMPP\htdocs\GestionPagos\system\CodeIgniter.php(326): CodeIgniter\CodeIgniter->handleRequest(NULL, Object(Config\Cache), false)
#8 D:\XAMPP\htdocs\GestionPagos\index.php(37): CodeIgniter\CodeIgniter->run()
#9 {main}
CRITICAL - 2023-05-04 14:01:38 --> Undefined variable: cuota_cursos
#0 D:\XAMPP\htdocs\GestionPagos\app\Views\facturas.php(113): CodeIgniter\Debug\Exceptions->errorHandler(8, 'Undefined varia...', 'D:\\XAMPP\\htdocs...', 113, Array)
#1 D:\XAMPP\htdocs\GestionPagos\system\View\View.php(210): include('D:\\XAMPP\\htdocs...')
#2 D:\XAMPP\htdocs\GestionPagos\system\View\View.php(213): CodeIgniter\View\View->CodeIgniter\View\{closure}()
#3 D:\XAMPP\htdocs\GestionPagos\system\Common.php(1089): CodeIgniter\View\View->render('facturas', Array, true)
#4 D:\XAMPP\htdocs\GestionPagos\app\Controllers\Home.php(105): view('facturas')
#5 D:\XAMPP\htdocs\GestionPagos\system\CodeIgniter.php(832): App\Controllers\Home->facturas()
#6 D:\XAMPP\htdocs\GestionPagos\system\CodeIgniter.php(419): CodeIgniter\CodeIgniter->runController(Object(App\Controllers\Home))
#7 D:\XAMPP\htdocs\GestionPagos\system\CodeIgniter.php(326): CodeIgniter\CodeIgniter->handleRequest(NULL, Object(Config\Cache), false)
#8 D:\XAMPP\htdocs\GestionPagos\index.php(37): CodeIgniter\CodeIgniter->run()
#9 {main}
CRITICAL - 2023-05-04 14:01:47 --> Undefined index: curso_descripcion
#0 D:\XAMPP\htdocs\GestionPagos\app\Views\facturas.php(118): CodeIgniter\Debug\Exceptions->errorHandler(8, 'Undefined index...', 'D:\\XAMPP\\htdocs...', 118, Array)
#1 D:\XAMPP\htdocs\GestionPagos\system\View\View.php(210): include('D:\\XAMPP\\htdocs...')
#2 D:\XAMPP\htdocs\GestionPagos\system\View\View.php(213): CodeIgniter\View\View->CodeIgniter\View\{closure}()
#3 D:\XAMPP\htdocs\GestionPagos\system\Common.php(1089): CodeIgniter\View\View->render('facturas', Array, true)
#4 D:\XAMPP\htdocs\GestionPagos\app\Controllers\Home.php(105): view('facturas')
#5 D:\XAMPP\htdocs\GestionPagos\system\CodeIgniter.php(832): App\Controllers\Home->facturas()
#6 D:\XAMPP\htdocs\GestionPagos\system\CodeIgniter.php(419): CodeIgniter\CodeIgniter->runController(Object(App\Controllers\Home))
#7 D:\XAMPP\htdocs\GestionPagos\system\CodeIgniter.php(326): CodeIgniter\CodeIgniter->handleRequest(NULL, Object(Config\Cache), false)
#8 D:\XAMPP\htdocs\GestionPagos\index.php(37): CodeIgniter\CodeIgniter->run()
#9 {main}
CRITICAL - 2023-05-04 21:53:09 --> The framework needs the following extension(s) installed and loaded: intl.
#0 C:\XAMPP\htdocs\GestionPagos\system\CodeIgniter.php(219): CodeIgniter\Exceptions\FrameworkException::forMissingExtension('intl')
#1 C:\XAMPP\htdocs\GestionPagos\system\CodeIgniter.php(177): CodeIgniter\CodeIgniter->resolvePlatformExtensions()
#2 C:\XAMPP\htdocs\GestionPagos\system\bootstrap.php(146): CodeIgniter\CodeIgniter->initialize()
#3 C:\XAMPP\htdocs\GestionPagos\index.php(28): require('C:\\XAMPP\\htdocs...')
#4 {main}
CRITICAL - 2023-05-04 21:56:47 --> The framework needs the following extension(s) installed and loaded: intl.
#0 C:\XAMPP\htdocs\GestionPagos\system\CodeIgniter.php(219): CodeIgniter\Exceptions\FrameworkException::forMissingExtension('intl')
#1 C:\XAMPP\htdocs\GestionPagos\system\CodeIgniter.php(177): CodeIgniter\CodeIgniter->resolvePlatformExtensions()
#2 C:\XAMPP\htdocs\GestionPagos\system\bootstrap.php(146): CodeIgniter\CodeIgniter->initialize()
#3 C:\XAMPP\htdocs\GestionPagos\index.php(28): require('C:\\XAMPP\\htdocs...')
#4 {main}
CRITICAL - 2023-05-04 22:00:04 --> The framework needs the following extension(s) installed and loaded: intl.
#0 C:\XAMPP\htdocs\GestionPagos\system\CodeIgniter.php(219): CodeIgniter\Exceptions\FrameworkException::forMissingExtension('intl')
#1 C:\XAMPP\htdocs\GestionPagos\system\CodeIgniter.php(177): CodeIgniter\CodeIgniter->resolvePlatformExtensions()
#2 C:\XAMPP\htdocs\GestionPagos\system\bootstrap.php(146): CodeIgniter\CodeIgniter->initialize()
#3 C:\XAMPP\htdocs\GestionPagos\index.php(28): require('C:\\XAMPP\\htdocs...')
#4 {main}
CRITICAL - 2023-05-04 22:00:13 --> The framework needs the following extension(s) installed and loaded: intl.
#0 C:\XAMPP\htdocs\GestionPagos\system\CodeIgniter.php(219): CodeIgniter\Exceptions\FrameworkException::forMissingExtension('intl')
#1 C:\XAMPP\htdocs\GestionPagos\system\CodeIgniter.php(177): CodeIgniter\CodeIgniter->resolvePlatformExtensions()
#2 C:\XAMPP\htdocs\GestionPagos\system\bootstrap.php(146): CodeIgniter\CodeIgniter->initialize()
#3 C:\XAMPP\htdocs\GestionPagos\index.php(28): require('C:\\XAMPP\\htdocs...')
#4 {main}
CRITICAL - 2023-05-04 22:00:13 --> The framework needs the following extension(s) installed and loaded: intl.
#0 C:\XAMPP\htdocs\GestionPagos\system\CodeIgniter.php(219): CodeIgniter\Exceptions\FrameworkException::forMissingExtension('intl')
#1 C:\XAMPP\htdocs\GestionPagos\system\CodeIgniter.php(177): CodeIgniter\CodeIgniter->resolvePlatformExtensions()
#2 C:\XAMPP\htdocs\GestionPagos\system\bootstrap.php(146): CodeIgniter\CodeIgniter->initialize()
#3 C:\XAMPP\htdocs\GestionPagos\index.php(28): require('C:\\XAMPP\\htdocs...')
#4 {main}
CRITICAL - 2023-05-04 22:00:33 --> The framework needs the following extension(s) installed and loaded: intl.
#0 C:\XAMPP\htdocs\GestionPagos\system\CodeIgniter.php(219): CodeIgniter\Exceptions\FrameworkException::forMissingExtension('intl')
#1 C:\XAMPP\htdocs\GestionPagos\system\CodeIgniter.php(177): CodeIgniter\CodeIgniter->resolvePlatformExtensions()
#2 C:\XAMPP\htdocs\GestionPagos\system\bootstrap.php(146): CodeIgniter\CodeIgniter->initialize()
#3 C:\XAMPP\htdocs\GestionPagos\index.php(28): require('C:\\XAMPP\\htdocs...')
#4 {main}
ERROR - 2023-05-04 16:09:08 --> Error connecting to the database: Unknown database 'gestiondepagos'
CRITICAL - 2023-05-04 16:09:08 --> Unable to connect to the database.
Main connection [MySQLi]: Unknown database 'gestiondepagos'
#0 C:\XAMPP\htdocs\GestionPagos\system\Database\BaseConnection.php(577): CodeIgniter\Database\BaseConnection->initialize()
#1 C:\XAMPP\htdocs\GestionPagos\system\Database\BaseBuilder.php(1455): CodeIgniter\Database\BaseConnection->query('SELECT *\nFROM `...', Array, false)
#2 C:\XAMPP\htdocs\GestionPagos\system\Model.php(210): CodeIgniter\Database\BaseBuilder->get()
#3 C:\XAMPP\htdocs\GestionPagos\system\BaseModel.php(622): CodeIgniter\Model->doFirst()
#4 C:\XAMPP\htdocs\GestionPagos\app\Controllers\SignInController.php(18): CodeIgniter\BaseModel->first()
#5 C:\XAMPP\htdocs\GestionPagos\system\CodeIgniter.php(832): App\Controllers\SigninController->loginAuth()
#6 C:\XAMPP\htdocs\GestionPagos\system\CodeIgniter.php(419): CodeIgniter\CodeIgniter->runController(Object(App\Controllers\SigninController))
#7 C:\XAMPP\htdocs\GestionPagos\system\CodeIgniter.php(326): CodeIgniter\CodeIgniter->handleRequest(NULL, Object(Config\Cache), false)
#8 C:\XAMPP\htdocs\GestionPagos\index.php(37): CodeIgniter\CodeIgniter->run()
#9 {main}
ERROR - 2023-05-04 16:10:05 --> Error connecting to the database: Unknown database 'gestiondepagos'
CRITICAL - 2023-05-04 16:10:05 --> Unable to connect to the database.
Main connection [MySQLi]: Unknown database 'gestiondepagos'
#0 C:\XAMPP\htdocs\GestionPagos\system\Database\BaseConnection.php(577): CodeIgniter\Database\BaseConnection->initialize()
#1 C:\XAMPP\htdocs\GestionPagos\system\Database\BaseBuilder.php(1455): CodeIgniter\Database\BaseConnection->query('SELECT *\nFROM `...', Array, false)
#2 C:\XAMPP\htdocs\GestionPagos\system\Model.php(210): CodeIgniter\Database\BaseBuilder->get()
#3 C:\XAMPP\htdocs\GestionPagos\system\BaseModel.php(622): CodeIgniter\Model->doFirst()
#4 C:\XAMPP\htdocs\GestionPagos\app\Controllers\SignInController.php(18): CodeIgniter\BaseModel->first()
#5 C:\XAMPP\htdocs\GestionPagos\system\CodeIgniter.php(832): App\Controllers\SigninController->loginAuth()
#6 C:\XAMPP\htdocs\GestionPagos\system\CodeIgniter.php(419): CodeIgniter\CodeIgniter->runController(Object(App\Controllers\SigninController))
#7 C:\XAMPP\htdocs\GestionPagos\system\CodeIgniter.php(326): CodeIgniter\CodeIgniter->handleRequest(NULL, Object(Config\Cache), false)
#8 C:\XAMPP\htdocs\GestionPagos\index.php(37): CodeIgniter\CodeIgniter->run()
#9 {main}
