CRITICAL - 2022-06-03 00:31:58 --> Undefined variable: producto
#0 D:\XAMPP\htdocs\AlegreSebastian_prueba\app\Views\modificar-producto.php(42): CodeIgniter\Debug\Exceptions->errorHandler(8, 'Undefined varia...', 'D:\\XAMPP\\htdocs...', 42, Array)
#1 D:\XAMPP\htdocs\AlegreSebastian_prueba\system\View\View.php(210): include('D:\\XAMPP\\htdocs...')
#2 D:\XAMPP\htdocs\AlegreSebastian_prueba\system\View\View.php(213): CodeIgniter\View\View->CodeIgniter\View\{closure}()
#3 D:\XAMPP\htdocs\AlegreSebastian_prueba\system\Common.php(1089): CodeIgniter\View\View->render('modificar-produ...', Array, true)
#4 D:\XAMPP\htdocs\AlegreSebastian_prueba\app\Controllers\Productos_controller.php(116): view('modificar-produ...', Array)
#5 D:\XAMPP\htdocs\AlegreSebastian_prueba\system\CodeIgniter.php(832): App\Controllers\Productos_controller->editValidation('2')
#6 D:\XAMPP\htdocs\AlegreSebastian_prueba\system\CodeIgniter.php(419): CodeIgniter\CodeIgniter->runController(Object(App\Controllers\Productos_controller))
#7 D:\XAMPP\htdocs\AlegreSebastian_prueba\system\CodeIgniter.php(326): CodeIgniter\CodeIgniter->handleRequest(NULL, Object(Config\Cache), false)
#8 D:\XAMPP\htdocs\AlegreSebastian_prueba\index.php(37): CodeIgniter\CodeIgniter->run()
#9 {main}
CRITICAL - 2022-06-03 00:32:50 --> syntax error, unexpected '$producto' (T_VARIABLE), expecting ')'
#0 D:\XAMPP\htdocs\AlegreSebastian_prueba\system\View\View.php(213): CodeIgniter\View\View->CodeIgniter\View\{closure}()
#1 D:\XAMPP\htdocs\AlegreSebastian_prueba\system\Common.php(1089): CodeIgniter\View\View->render('modificar-produ...', Array, true)
#2 D:\XAMPP\htdocs\AlegreSebastian_prueba\app\Controllers\Productos_controller.php(20): view('modificar-produ...', Array)
#3 D:\XAMPP\htdocs\AlegreSebastian_prueba\system\CodeIgniter.php(832): App\Controllers\Productos_controller->edit('2')
#4 D:\XAMPP\htdocs\AlegreSebastian_prueba\system\CodeIgniter.php(419): CodeIgniter\CodeIgniter->runController(Object(App\Controllers\Productos_controller))
#5 D:\XAMPP\htdocs\AlegreSebastian_prueba\system\CodeIgniter.php(326): CodeIgniter\CodeIgniter->handleRequest(NULL, Object(Config\Cache), false)
#6 D:\XAMPP\htdocs\AlegreSebastian_prueba\index.php(37): CodeIgniter\CodeIgniter->run()
#7 {main}
CRITICAL - 2022-06-03 00:32:52 --> syntax error, unexpected '$producto' (T_VARIABLE), expecting ')'
#0 D:\XAMPP\htdocs\AlegreSebastian_prueba\system\View\View.php(213): CodeIgniter\View\View->CodeIgniter\View\{closure}()
#1 D:\XAMPP\htdocs\AlegreSebastian_prueba\system\Common.php(1089): CodeIgniter\View\View->render('modificar-produ...', Array, true)
#2 D:\XAMPP\htdocs\AlegreSebastian_prueba\app\Controllers\Productos_controller.php(20): view('modificar-produ...', Array)
#3 D:\XAMPP\htdocs\AlegreSebastian_prueba\system\CodeIgniter.php(832): App\Controllers\Productos_controller->edit('2')
#4 D:\XAMPP\htdocs\AlegreSebastian_prueba\system\CodeIgniter.php(419): CodeIgniter\CodeIgniter->runController(Object(App\Controllers\Productos_controller))
#5 D:\XAMPP\htdocs\AlegreSebastian_prueba\system\CodeIgniter.php(326): CodeIgniter\CodeIgniter->handleRequest(NULL, Object(Config\Cache), false)
#6 D:\XAMPP\htdocs\AlegreSebastian_prueba\index.php(37): CodeIgniter\CodeIgniter->run()
#7 {main}
CRITICAL - 2022-06-03 00:33:03 --> Undefined variable: producto
#0 D:\XAMPP\htdocs\AlegreSebastian_prueba\app\Views\modificar-producto.php(42): CodeIgniter\Debug\Exceptions->errorHandler(8, 'Undefined varia...', 'D:\\XAMPP\\htdocs...', 42, Array)
#1 D:\XAMPP\htdocs\AlegreSebastian_prueba\system\View\View.php(210): include('D:\\XAMPP\\htdocs...')
#2 D:\XAMPP\htdocs\AlegreSebastian_prueba\system\View\View.php(213): CodeIgniter\View\View->CodeIgniter\View\{closure}()
#3 D:\XAMPP\htdocs\AlegreSebastian_prueba\system\Common.php(1089): CodeIgniter\View\View->render('modificar-produ...', Array, true)
#4 D:\XAMPP\htdocs\AlegreSebastian_prueba\app\Controllers\Productos_controller.php(116): view('modificar-produ...', Array)
#5 D:\XAMPP\htdocs\AlegreSebastian_prueba\system\CodeIgniter.php(832): App\Controllers\Productos_controller->editValidation('1')
#6 D:\XAMPP\htdocs\AlegreSebastian_prueba\system\CodeIgniter.php(419): CodeIgniter\CodeIgniter->runController(Object(App\Controllers\Productos_controller))
#7 D:\XAMPP\htdocs\AlegreSebastian_prueba\system\CodeIgniter.php(326): CodeIgniter\CodeIgniter->handleRequest(NULL, Object(Config\Cache), false)
#8 D:\XAMPP\htdocs\AlegreSebastian_prueba\index.php(37): CodeIgniter\CodeIgniter->run()
#9 {main}
CRITICAL - 2022-06-03 00:33:22 --> Undefined variable: producto
#0 D:\XAMPP\htdocs\AlegreSebastian_prueba\app\Views\modificar-producto.php(42): CodeIgniter\Debug\Exceptions->errorHandler(8, 'Undefined varia...', 'D:\\XAMPP\\htdocs...', 42, Array)
#1 D:\XAMPP\htdocs\AlegreSebastian_prueba\system\View\View.php(210): include('D:\\XAMPP\\htdocs...')
#2 D:\XAMPP\htdocs\AlegreSebastian_prueba\system\View\View.php(213): CodeIgniter\View\View->CodeIgniter\View\{closure}()
#3 D:\XAMPP\htdocs\AlegreSebastian_prueba\system\Common.php(1089): CodeIgniter\View\View->render('modificar-produ...', Array, true)
#4 D:\XAMPP\htdocs\AlegreSebastian_prueba\app\Controllers\Productos_controller.php(116): view('modificar-produ...', Array)
#5 D:\XAMPP\htdocs\AlegreSebastian_prueba\system\CodeIgniter.php(832): App\Controllers\Productos_controller->editValidation('1')
#6 D:\XAMPP\htdocs\AlegreSebastian_prueba\system\CodeIgniter.php(419): CodeIgniter\CodeIgniter->runController(Object(App\Controllers\Productos_controller))
#7 D:\XAMPP\htdocs\AlegreSebastian_prueba\system\CodeIgniter.php(326): CodeIgniter\CodeIgniter->handleRequest(NULL, Object(Config\Cache), false)
#8 D:\XAMPP\htdocs\AlegreSebastian_prueba\index.php(37): CodeIgniter\CodeIgniter->run()
#9 {main}
CRITICAL - 2022-06-03 00:34:56 --> Undefined variable: producto
#0 D:\XAMPP\htdocs\AlegreSebastian_prueba\app\Views\modificar-producto.php(42): CodeIgniter\Debug\Exceptions->errorHandler(8, 'Undefined varia...', 'D:\\XAMPP\\htdocs...', 42, Array)
#1 D:\XAMPP\htdocs\AlegreSebastian_prueba\system\View\View.php(210): include('D:\\XAMPP\\htdocs...')
#2 D:\XAMPP\htdocs\AlegreSebastian_prueba\system\View\View.php(213): CodeIgniter\View\View->CodeIgniter\View\{closure}()
#3 D:\XAMPP\htdocs\AlegreSebastian_prueba\system\Common.php(1089): CodeIgniter\View\View->render('modificar-produ...', Array, true)
#4 D:\XAMPP\htdocs\AlegreSebastian_prueba\app\Controllers\Productos_controller.php(116): view('modificar-produ...', Array)
#5 D:\XAMPP\htdocs\AlegreSebastian_prueba\system\CodeIgniter.php(832): App\Controllers\Productos_controller->editValidation('1')
#6 D:\XAMPP\htdocs\AlegreSebastian_prueba\system\CodeIgniter.php(419): CodeIgniter\CodeIgniter->runController(Object(App\Controllers\Productos_controller))
#7 D:\XAMPP\htdocs\AlegreSebastian_prueba\system\CodeIgniter.php(326): CodeIgniter\CodeIgniter->handleRequest(NULL, Object(Config\Cache), false)
#8 D:\XAMPP\htdocs\AlegreSebastian_prueba\index.php(37): CodeIgniter\CodeIgniter->run()
#9 {main}
CRITICAL - 2022-06-03 00:35:21 --> Undefined variable: producto
#0 D:\XAMPP\htdocs\AlegreSebastian_prueba\app\Views\modificar-producto.php(42): CodeIgniter\Debug\Exceptions->errorHandler(8, 'Undefined varia...', 'D:\\XAMPP\\htdocs...', 42, Array)
#1 D:\XAMPP\htdocs\AlegreSebastian_prueba\system\View\View.php(210): include('D:\\XAMPP\\htdocs...')
#2 D:\XAMPP\htdocs\AlegreSebastian_prueba\system\View\View.php(213): CodeIgniter\View\View->CodeIgniter\View\{closure}()
#3 D:\XAMPP\htdocs\AlegreSebastian_prueba\system\Common.php(1089): CodeIgniter\View\View->render('modificar-produ...', Array, true)
#4 D:\XAMPP\htdocs\AlegreSebastian_prueba\app\Controllers\Productos_controller.php(116): view('modificar-produ...', Array)
#5 D:\XAMPP\htdocs\AlegreSebastian_prueba\system\CodeIgniter.php(832): App\Controllers\Productos_controller->editValidation('1')
#6 D:\XAMPP\htdocs\AlegreSebastian_prueba\system\CodeIgniter.php(419): CodeIgniter\CodeIgniter->runController(Object(App\Controllers\Productos_controller))
#7 D:\XAMPP\htdocs\AlegreSebastian_prueba\system\CodeIgniter.php(326): CodeIgniter\CodeIgniter->handleRequest(NULL, Object(Config\Cache), false)
#8 D:\XAMPP\htdocs\AlegreSebastian_prueba\index.php(37): CodeIgniter\CodeIgniter->run()
#9 {main}
CRITICAL - 2022-06-03 00:35:38 --> syntax error, unexpected '$producto' (T_VARIABLE), expecting ')'
#0 D:\XAMPP\htdocs\AlegreSebastian_prueba\system\View\View.php(213): CodeIgniter\View\View->CodeIgniter\View\{closure}()
#1 D:\XAMPP\htdocs\AlegreSebastian_prueba\system\Common.php(1089): CodeIgniter\View\View->render('modificar-produ...', Array, true)
#2 D:\XAMPP\htdocs\AlegreSebastian_prueba\app\Controllers\Productos_controller.php(20): view('modificar-produ...', Array)
#3 D:\XAMPP\htdocs\AlegreSebastian_prueba\system\CodeIgniter.php(832): App\Controllers\Productos_controller->edit('1')
#4 D:\XAMPP\htdocs\AlegreSebastian_prueba\system\CodeIgniter.php(419): CodeIgniter\CodeIgniter->runController(Object(App\Controllers\Productos_controller))
#5 D:\XAMPP\htdocs\AlegreSebastian_prueba\system\CodeIgniter.php(326): CodeIgniter\CodeIgniter->handleRequest(NULL, Object(Config\Cache), false)
#6 D:\XAMPP\htdocs\AlegreSebastian_prueba\index.php(37): CodeIgniter\CodeIgniter->run()
#7 {main}
CRITICAL - 2022-06-03 00:35:46 --> Undefined variable: producto
#0 D:\XAMPP\htdocs\AlegreSebastian_prueba\app\Views\modificar-producto.php(42): CodeIgniter\Debug\Exceptions->errorHandler(8, 'Undefined varia...', 'D:\\XAMPP\\htdocs...', 42, Array)
#1 D:\XAMPP\htdocs\AlegreSebastian_prueba\system\View\View.php(210): include('D:\\XAMPP\\htdocs...')
#2 D:\XAMPP\htdocs\AlegreSebastian_prueba\system\View\View.php(213): CodeIgniter\View\View->CodeIgniter\View\{closure}()
#3 D:\XAMPP\htdocs\AlegreSebastian_prueba\system\Common.php(1089): CodeIgniter\View\View->render('modificar-produ...', Array, true)
#4 D:\XAMPP\htdocs\AlegreSebastian_prueba\app\Controllers\Productos_controller.php(116): view('modificar-produ...', Array)
#5 D:\XAMPP\htdocs\AlegreSebastian_prueba\system\CodeIgniter.php(832): App\Controllers\Productos_controller->editValidation('1')
#6 D:\XAMPP\htdocs\AlegreSebastian_prueba\system\CodeIgniter.php(419): CodeIgniter\CodeIgniter->runController(Object(App\Controllers\Productos_controller))
#7 D:\XAMPP\htdocs\AlegreSebastian_prueba\system\CodeIgniter.php(326): CodeIgniter\CodeIgniter->handleRequest(NULL, Object(Config\Cache), false)
#8 D:\XAMPP\htdocs\AlegreSebastian_prueba\index.php(37): CodeIgniter\CodeIgniter->run()
#9 {main}
CRITICAL - 2022-06-03 00:37:23 --> Undefined variable: producto
#0 D:\XAMPP\htdocs\AlegreSebastian_prueba\app\Views\modificar-producto.php(42): CodeIgniter\Debug\Exceptions->errorHandler(8, 'Undefined varia...', 'D:\\XAMPP\\htdocs...', 42, Array)
#1 D:\XAMPP\htdocs\AlegreSebastian_prueba\system\View\View.php(210): include('D:\\XAMPP\\htdocs...')
#2 D:\XAMPP\htdocs\AlegreSebastian_prueba\system\View\View.php(213): CodeIgniter\View\View->CodeIgniter\View\{closure}()
#3 D:\XAMPP\htdocs\AlegreSebastian_prueba\system\Common.php(1089): CodeIgniter\View\View->render('modificar-produ...', Array, true)
#4 D:\XAMPP\htdocs\AlegreSebastian_prueba\app\Controllers\Productos_controller.php(116): view('modificar-produ...', Array)
#5 D:\XAMPP\htdocs\AlegreSebastian_prueba\system\CodeIgniter.php(832): App\Controllers\Productos_controller->editValidation('1')
#6 D:\XAMPP\htdocs\AlegreSebastian_prueba\system\CodeIgniter.php(419): CodeIgniter\CodeIgniter->runController(Object(App\Controllers\Productos_controller))
#7 D:\XAMPP\htdocs\AlegreSebastian_prueba\system\CodeIgniter.php(326): CodeIgniter\CodeIgniter->handleRequest(NULL, Object(Config\Cache), false)
#8 D:\XAMPP\htdocs\AlegreSebastian_prueba\index.php(37): CodeIgniter\CodeIgniter->run()
#9 {main}
CRITICAL - 2022-06-03 00:42:26 --> Undefined variable: producto
#0 D:\XAMPP\htdocs\AlegreSebastian_prueba\app\Views\modificar-producto.php(42): CodeIgniter\Debug\Exceptions->errorHandler(8, 'Undefined varia...', 'D:\\XAMPP\\htdocs...', 42, Array)
#1 D:\XAMPP\htdocs\AlegreSebastian_prueba\system\View\View.php(210): include('D:\\XAMPP\\htdocs...')
#2 D:\XAMPP\htdocs\AlegreSebastian_prueba\system\View\View.php(213): CodeIgniter\View\View->CodeIgniter\View\{closure}()
#3 D:\XAMPP\htdocs\AlegreSebastian_prueba\system\Common.php(1089): CodeIgniter\View\View->render('modificar-produ...', Array, true)
#4 D:\XAMPP\htdocs\AlegreSebastian_prueba\app\Controllers\Productos_controller.php(116): view('modificar-produ...', Array)
#5 D:\XAMPP\htdocs\AlegreSebastian_prueba\system\CodeIgniter.php(832): App\Controllers\Productos_controller->editValidation('1')
#6 D:\XAMPP\htdocs\AlegreSebastian_prueba\system\CodeIgniter.php(419): CodeIgniter\CodeIgniter->runController(Object(App\Controllers\Productos_controller))
#7 D:\XAMPP\htdocs\AlegreSebastian_prueba\system\CodeIgniter.php(326): CodeIgniter\CodeIgniter->handleRequest(NULL, Object(Config\Cache), false)
#8 D:\XAMPP\htdocs\AlegreSebastian_prueba\index.php(37): CodeIgniter\CodeIgniter->run()
#9 {main}
CRITICAL - 2022-06-03 00:49:50 --> Undefined variable: producto
#0 D:\XAMPP\htdocs\AlegreSebastian_prueba\app\Views\modificar-producto.php(42): CodeIgniter\Debug\Exceptions->errorHandler(8, 'Undefined varia...', 'D:\\XAMPP\\htdocs...', 42, Array)
#1 D:\XAMPP\htdocs\AlegreSebastian_prueba\system\View\View.php(210): include('D:\\XAMPP\\htdocs...')
#2 D:\XAMPP\htdocs\AlegreSebastian_prueba\system\View\View.php(213): CodeIgniter\View\View->CodeIgniter\View\{closure}()
#3 D:\XAMPP\htdocs\AlegreSebastian_prueba\system\Common.php(1089): CodeIgniter\View\View->render('modificar-produ...', Array, true)
#4 D:\XAMPP\htdocs\AlegreSebastian_prueba\app\Controllers\Productos_controller.php(116): view('modificar-produ...', Array)
#5 D:\XAMPP\htdocs\AlegreSebastian_prueba\system\CodeIgniter.php(832): App\Controllers\Productos_controller->editValidation('1')
#6 D:\XAMPP\htdocs\AlegreSebastian_prueba\system\CodeIgniter.php(419): CodeIgniter\CodeIgniter->runController(Object(App\Controllers\Productos_controller))
#7 D:\XAMPP\htdocs\AlegreSebastian_prueba\system\CodeIgniter.php(326): CodeIgniter\CodeIgniter->handleRequest(NULL, Object(Config\Cache), false)
#8 D:\XAMPP\htdocs\AlegreSebastian_prueba\index.php(37): CodeIgniter\CodeIgniter->run()
#9 {main}
CRITICAL - 2022-06-03 00:50:41 --> Undefined variable: producto
#0 D:\XAMPP\htdocs\AlegreSebastian_prueba\app\Views\modificar-producto.php(26): CodeIgniter\Debug\Exceptions->errorHandler(8, 'Undefined varia...', 'D:\\XAMPP\\htdocs...', 26, Array)
#1 D:\XAMPP\htdocs\AlegreSebastian_prueba\system\View\View.php(210): include('D:\\XAMPP\\htdocs...')
#2 D:\XAMPP\htdocs\AlegreSebastian_prueba\system\View\View.php(213): CodeIgniter\View\View->CodeIgniter\View\{closure}()
#3 D:\XAMPP\htdocs\AlegreSebastian_prueba\system\Common.php(1089): CodeIgniter\View\View->render('modificar-produ...', Array, true)
#4 D:\XAMPP\htdocs\AlegreSebastian_prueba\app\Controllers\Productos_controller.php(116): view('modificar-produ...', Array)
#5 D:\XAMPP\htdocs\AlegreSebastian_prueba\system\CodeIgniter.php(832): App\Controllers\Productos_controller->editValidation('1')
#6 D:\XAMPP\htdocs\AlegreSebastian_prueba\system\CodeIgniter.php(419): CodeIgniter\CodeIgniter->runController(Object(App\Controllers\Productos_controller))
#7 D:\XAMPP\htdocs\AlegreSebastian_prueba\system\CodeIgniter.php(326): CodeIgniter\CodeIgniter->handleRequest(NULL, Object(Config\Cache), false)
#8 D:\XAMPP\htdocs\AlegreSebastian_prueba\index.php(37): CodeIgniter\CodeIgniter->run()
#9 {main}
CRITICAL - 2022-06-03 00:50:54 --> Undefined variable: producto
#0 D:\XAMPP\htdocs\AlegreSebastian_prueba\app\Views\modificar-producto.php(26): CodeIgniter\Debug\Exceptions->errorHandler(8, 'Undefined varia...', 'D:\\XAMPP\\htdocs...', 26, Array)
#1 D:\XAMPP\htdocs\AlegreSebastian_prueba\system\View\View.php(210): include('D:\\XAMPP\\htdocs...')
#2 D:\XAMPP\htdocs\AlegreSebastian_prueba\system\View\View.php(213): CodeIgniter\View\View->CodeIgniter\View\{closure}()
#3 D:\XAMPP\htdocs\AlegreSebastian_prueba\system\Common.php(1089): CodeIgniter\View\View->render('modificar-produ...', Array, true)
#4 D:\XAMPP\htdocs\AlegreSebastian_prueba\app\Controllers\Productos_controller.php(116): view('modificar-produ...', Array)
#5 D:\XAMPP\htdocs\AlegreSebastian_prueba\system\CodeIgniter.php(832): App\Controllers\Productos_controller->editValidation('1')
#6 D:\XAMPP\htdocs\AlegreSebastian_prueba\system\CodeIgniter.php(419): CodeIgniter\CodeIgniter->runController(Object(App\Controllers\Productos_controller))
#7 D:\XAMPP\htdocs\AlegreSebastian_prueba\system\CodeIgniter.php(326): CodeIgniter\CodeIgniter->handleRequest(NULL, Object(Config\Cache), false)
#8 D:\XAMPP\htdocs\AlegreSebastian_prueba\index.php(37): CodeIgniter\CodeIgniter->run()
#9 {main}
CRITICAL - 2022-06-03 00:51:33 --> Undefined variable: producto
#0 D:\XAMPP\htdocs\AlegreSebastian_prueba\app\Views\modificar-producto.php(26): CodeIgniter\Debug\Exceptions->errorHandler(8, 'Undefined varia...', 'D:\\XAMPP\\htdocs...', 26, Array)
#1 D:\XAMPP\htdocs\AlegreSebastian_prueba\system\View\View.php(210): include('D:\\XAMPP\\htdocs...')
#2 D:\XAMPP\htdocs\AlegreSebastian_prueba\system\View\View.php(213): CodeIgniter\View\View->CodeIgniter\View\{closure}()
#3 D:\XAMPP\htdocs\AlegreSebastian_prueba\system\Common.php(1089): CodeIgniter\View\View->render('modificar-produ...', Array, true)
#4 D:\XAMPP\htdocs\AlegreSebastian_prueba\app\Controllers\Productos_controller.php(116): view('modificar-produ...', Array)
#5 D:\XAMPP\htdocs\AlegreSebastian_prueba\system\CodeIgniter.php(832): App\Controllers\Productos_controller->editValidation('1')
#6 D:\XAMPP\htdocs\AlegreSebastian_prueba\system\CodeIgniter.php(419): CodeIgniter\CodeIgniter->runController(Object(App\Controllers\Productos_controller))
#7 D:\XAMPP\htdocs\AlegreSebastian_prueba\system\CodeIgniter.php(326): CodeIgniter\CodeIgniter->handleRequest(NULL, Object(Config\Cache), false)
#8 D:\XAMPP\htdocs\AlegreSebastian_prueba\index.php(37): CodeIgniter\CodeIgniter->run()
#9 {main}
CRITICAL - 2022-06-03 00:52:24 --> Undefined variable: productoa
#0 D:\XAMPP\htdocs\AlegreSebastian_prueba\app\Views\modificar-producto.php(26): CodeIgniter\Debug\Exceptions->errorHandler(8, 'Undefined varia...', 'D:\\XAMPP\\htdocs...', 26, Array)
#1 D:\XAMPP\htdocs\AlegreSebastian_prueba\system\View\View.php(210): include('D:\\XAMPP\\htdocs...')
#2 D:\XAMPP\htdocs\AlegreSebastian_prueba\system\View\View.php(213): CodeIgniter\View\View->CodeIgniter\View\{closure}()
#3 D:\XAMPP\htdocs\AlegreSebastian_prueba\system\Common.php(1089): CodeIgniter\View\View->render('modificar-produ...', Array, true)
#4 D:\XAMPP\htdocs\AlegreSebastian_prueba\app\Controllers\Productos_controller.php(20): view('modificar-produ...', Array)
#5 D:\XAMPP\htdocs\AlegreSebastian_prueba\system\CodeIgniter.php(832): App\Controllers\Productos_controller->edit('1')
#6 D:\XAMPP\htdocs\AlegreSebastian_prueba\system\CodeIgniter.php(419): CodeIgniter\CodeIgniter->runController(Object(App\Controllers\Productos_controller))
#7 D:\XAMPP\htdocs\AlegreSebastian_prueba\system\CodeIgniter.php(326): CodeIgniter\CodeIgniter->handleRequest(NULL, Object(Config\Cache), false)
#8 D:\XAMPP\htdocs\AlegreSebastian_prueba\index.php(37): CodeIgniter\CodeIgniter->run()
#9 {main}
CRITICAL - 2022-06-03 00:52:28 --> Undefined variable: productoa
#0 D:\XAMPP\htdocs\AlegreSebastian_prueba\app\Views\modificar-producto.php(26): CodeIgniter\Debug\Exceptions->errorHandler(8, 'Undefined varia...', 'D:\\XAMPP\\htdocs...', 26, Array)
#1 D:\XAMPP\htdocs\AlegreSebastian_prueba\system\View\View.php(210): include('D:\\XAMPP\\htdocs...')
#2 D:\XAMPP\htdocs\AlegreSebastian_prueba\system\View\View.php(213): CodeIgniter\View\View->CodeIgniter\View\{closure}()
#3 D:\XAMPP\htdocs\AlegreSebastian_prueba\system\Common.php(1089): CodeIgniter\View\View->render('modificar-produ...', Array, true)
#4 D:\XAMPP\htdocs\AlegreSebastian_prueba\app\Controllers\Productos_controller.php(20): view('modificar-produ...', Array)
#5 D:\XAMPP\htdocs\AlegreSebastian_prueba\system\CodeIgniter.php(832): App\Controllers\Productos_controller->edit('1')
#6 D:\XAMPP\htdocs\AlegreSebastian_prueba\system\CodeIgniter.php(419): CodeIgniter\CodeIgniter->runController(Object(App\Controllers\Productos_controller))
#7 D:\XAMPP\htdocs\AlegreSebastian_prueba\system\CodeIgniter.php(326): CodeIgniter\CodeIgniter->handleRequest(NULL, Object(Config\Cache), false)
#8 D:\XAMPP\htdocs\AlegreSebastian_prueba\index.php(37): CodeIgniter\CodeIgniter->run()
#9 {main}
CRITICAL - 2022-06-03 00:52:41 --> Undefined variable: productoa
#0 D:\XAMPP\htdocs\AlegreSebastian_prueba\app\Views\modificar-producto.php(26): CodeIgniter\Debug\Exceptions->errorHandler(8, 'Undefined varia...', 'D:\\XAMPP\\htdocs...', 26, Array)
#1 D:\XAMPP\htdocs\AlegreSebastian_prueba\system\View\View.php(210): include('D:\\XAMPP\\htdocs...')
#2 D:\XAMPP\htdocs\AlegreSebastian_prueba\system\View\View.php(213): CodeIgniter\View\View->CodeIgniter\View\{closure}()
#3 D:\XAMPP\htdocs\AlegreSebastian_prueba\system\Common.php(1089): CodeIgniter\View\View->render('modificar-produ...', Array, true)
#4 D:\XAMPP\htdocs\AlegreSebastian_prueba\app\Controllers\Productos_controller.php(20): view('modificar-produ...', Array)
#5 D:\XAMPP\htdocs\AlegreSebastian_prueba\system\CodeIgniter.php(832): App\Controllers\Productos_controller->edit('1')
#6 D:\XAMPP\htdocs\AlegreSebastian_prueba\system\CodeIgniter.php(419): CodeIgniter\CodeIgniter->runController(Object(App\Controllers\Productos_controller))
#7 D:\XAMPP\htdocs\AlegreSebastian_prueba\system\CodeIgniter.php(326): CodeIgniter\CodeIgniter->handleRequest(NULL, Object(Config\Cache), false)
#8 D:\XAMPP\htdocs\AlegreSebastian_prueba\index.php(37): CodeIgniter\CodeIgniter->run()
#9 {main}
CRITICAL - 2022-06-03 00:53:37 --> Undefined variable: producto
#0 D:\XAMPP\htdocs\AlegreSebastian_prueba\app\Views\modificar-producto.php(26): CodeIgniter\Debug\Exceptions->errorHandler(8, 'Undefined varia...', 'D:\\XAMPP\\htdocs...', 26, Array)
#1 D:\XAMPP\htdocs\AlegreSebastian_prueba\system\View\View.php(210): include('D:\\XAMPP\\htdocs...')
#2 D:\XAMPP\htdocs\AlegreSebastian_prueba\system\View\View.php(213): CodeIgniter\View\View->CodeIgniter\View\{closure}()
#3 D:\XAMPP\htdocs\AlegreSebastian_prueba\system\Common.php(1089): CodeIgniter\View\View->render('modificar-produ...', Array, true)
#4 D:\XAMPP\htdocs\AlegreSebastian_prueba\app\Controllers\Productos_controller.php(116): view('modificar-produ...', Array)
#5 D:\XAMPP\htdocs\AlegreSebastian_prueba\system\CodeIgniter.php(832): App\Controllers\Productos_controller->editValidation('1')
#6 D:\XAMPP\htdocs\AlegreSebastian_prueba\system\CodeIgniter.php(419): CodeIgniter\CodeIgniter->runController(Object(App\Controllers\Productos_controller))
#7 D:\XAMPP\htdocs\AlegreSebastian_prueba\system\CodeIgniter.php(326): CodeIgniter\CodeIgniter->handleRequest(NULL, Object(Config\Cache), false)
#8 D:\XAMPP\htdocs\AlegreSebastian_prueba\index.php(37): CodeIgniter\CodeIgniter->run()
#9 {main}
CRITICAL - 2022-06-03 00:53:55 --> Undefined variable: producto
#0 D:\XAMPP\htdocs\AlegreSebastian_prueba\app\Views\modificar-producto.php(36): CodeIgniter\Debug\Exceptions->errorHandler(8, 'Undefined varia...', 'D:\\XAMPP\\htdocs...', 36, Array)
#1 D:\XAMPP\htdocs\AlegreSebastian_prueba\system\View\View.php(210): include('D:\\XAMPP\\htdocs...')
#2 D:\XAMPP\htdocs\AlegreSebastian_prueba\system\View\View.php(213): CodeIgniter\View\View->CodeIgniter\View\{closure}()
#3 D:\XAMPP\htdocs\AlegreSebastian_prueba\system\Common.php(1089): CodeIgniter\View\View->render('modificar-produ...', Array, true)
#4 D:\XAMPP\htdocs\AlegreSebastian_prueba\app\Controllers\Productos_controller.php(116): view('modificar-produ...', Array)
#5 D:\XAMPP\htdocs\AlegreSebastian_prueba\system\CodeIgniter.php(832): App\Controllers\Productos_controller->editValidation('1')
#6 D:\XAMPP\htdocs\AlegreSebastian_prueba\system\CodeIgniter.php(419): CodeIgniter\CodeIgniter->runController(Object(App\Controllers\Productos_controller))
#7 D:\XAMPP\htdocs\AlegreSebastian_prueba\system\CodeIgniter.php(326): CodeIgniter\CodeIgniter->handleRequest(NULL, Object(Config\Cache), false)
#8 D:\XAMPP\htdocs\AlegreSebastian_prueba\index.php(37): CodeIgniter\CodeIgniter->run()
#9 {main}
CRITICAL - 2022-06-03 00:54:57 --> Undefined variable: producto
#0 D:\XAMPP\htdocs\AlegreSebastian_prueba\app\Views\modificar-producto.php(26): CodeIgniter\Debug\Exceptions->errorHandler(8, 'Undefined varia...', 'D:\\XAMPP\\htdocs...', 26, Array)
#1 D:\XAMPP\htdocs\AlegreSebastian_prueba\system\View\View.php(210): include('D:\\XAMPP\\htdocs...')
#2 D:\XAMPP\htdocs\AlegreSebastian_prueba\system\View\View.php(213): CodeIgniter\View\View->CodeIgniter\View\{closure}()
#3 D:\XAMPP\htdocs\AlegreSebastian_prueba\system\Common.php(1089): CodeIgniter\View\View->render('modificar-produ...', Array, true)
#4 D:\XAMPP\htdocs\AlegreSebastian_prueba\app\Controllers\Productos_controller.php(116): view('modificar-produ...', Array)
#5 D:\XAMPP\htdocs\AlegreSebastian_prueba\system\CodeIgniter.php(832): App\Controllers\Productos_controller->editValidation('1')
#6 D:\XAMPP\htdocs\AlegreSebastian_prueba\system\CodeIgniter.php(419): CodeIgniter\CodeIgniter->runController(Object(App\Controllers\Productos_controller))
#7 D:\XAMPP\htdocs\AlegreSebastian_prueba\system\CodeIgniter.php(326): CodeIgniter\CodeIgniter->handleRequest(NULL, Object(Config\Cache), false)
#8 D:\XAMPP\htdocs\AlegreSebastian_prueba\index.php(37): CodeIgniter\CodeIgniter->run()
#9 {main}
CRITICAL - 2022-06-03 00:55:35 --> whereNotIn() expects $values to be of type array or closure
#0 D:\XAMPP\htdocs\AlegreSebastian_prueba\system\Database\BaseBuilder.php(757): CodeIgniter\Database\BaseBuilder->_whereIn('id', '6', true, 'AND ', NULL)
#1 D:\XAMPP\htdocs\AlegreSebastian_prueba\app\Views\modificar-producto.php(50): CodeIgniter\Database\BaseBuilder->whereNotIn('id', '6')
#2 D:\XAMPP\htdocs\AlegreSebastian_prueba\system\View\View.php(210): include('D:\\XAMPP\\htdocs...')
#3 D:\XAMPP\htdocs\AlegreSebastian_prueba\system\View\View.php(213): CodeIgniter\View\View->CodeIgniter\View\{closure}()
#4 D:\XAMPP\htdocs\AlegreSebastian_prueba\system\Common.php(1089): CodeIgniter\View\View->render('modificar-produ...', Array, true)
#5 D:\XAMPP\htdocs\AlegreSebastian_prueba\app\Controllers\Productos_controller.php(20): view('modificar-produ...', Array)
#6 D:\XAMPP\htdocs\AlegreSebastian_prueba\system\CodeIgniter.php(832): App\Controllers\Productos_controller->edit('1')
#7 D:\XAMPP\htdocs\AlegreSebastian_prueba\system\CodeIgniter.php(419): CodeIgniter\CodeIgniter->runController(Object(App\Controllers\Productos_controller))
#8 D:\XAMPP\htdocs\AlegreSebastian_prueba\system\CodeIgniter.php(326): CodeIgniter\CodeIgniter->handleRequest(NULL, Object(Config\Cache), false)
#9 D:\XAMPP\htdocs\AlegreSebastian_prueba\index.php(37): CodeIgniter\CodeIgniter->run()
#10 {main}
CRITICAL - 2022-06-03 00:55:49 --> Undefined variable: producto
#0 D:\XAMPP\htdocs\AlegreSebastian_prueba\app\Views\modificar-producto.php(23): CodeIgniter\Debug\Exceptions->errorHandler(8, 'Undefined varia...', 'D:\\XAMPP\\htdocs...', 23, Array)
#1 D:\XAMPP\htdocs\AlegreSebastian_prueba\system\View\View.php(210): include('D:\\XAMPP\\htdocs...')
#2 D:\XAMPP\htdocs\AlegreSebastian_prueba\system\View\View.php(213): CodeIgniter\View\View->CodeIgniter\View\{closure}()
#3 D:\XAMPP\htdocs\AlegreSebastian_prueba\system\Common.php(1089): CodeIgniter\View\View->render('modificar-produ...', Array, true)
#4 D:\XAMPP\htdocs\AlegreSebastian_prueba\app\Controllers\Productos_controller.php(116): view('modificar-produ...', Array)
#5 D:\XAMPP\htdocs\AlegreSebastian_prueba\system\CodeIgniter.php(832): App\Controllers\Productos_controller->editValidation('1')
#6 D:\XAMPP\htdocs\AlegreSebastian_prueba\system\CodeIgniter.php(419): CodeIgniter\CodeIgniter->runController(Object(App\Controllers\Productos_controller))
#7 D:\XAMPP\htdocs\AlegreSebastian_prueba\system\CodeIgniter.php(326): CodeIgniter\CodeIgniter->handleRequest(NULL, Object(Config\Cache), false)
#8 D:\XAMPP\htdocs\AlegreSebastian_prueba\index.php(37): CodeIgniter\CodeIgniter->run()
#9 {main}
CRITICAL - 2022-06-03 00:56:15 --> Undefined variable: producto
#0 D:\XAMPP\htdocs\AlegreSebastian_prueba\app\Views\modificar-producto.php(21): CodeIgniter\Debug\Exceptions->errorHandler(8, 'Undefined varia...', 'D:\\XAMPP\\htdocs...', 21, Array)
#1 D:\XAMPP\htdocs\AlegreSebastian_prueba\system\View\View.php(210): include('D:\\XAMPP\\htdocs...')
#2 D:\XAMPP\htdocs\AlegreSebastian_prueba\system\View\View.php(213): CodeIgniter\View\View->CodeIgniter\View\{closure}()
#3 D:\XAMPP\htdocs\AlegreSebastian_prueba\system\Common.php(1089): CodeIgniter\View\View->render('modificar-produ...', Array, true)
#4 D:\XAMPP\htdocs\AlegreSebastian_prueba\app\Controllers\Productos_controller.php(116): view('modificar-produ...', Array)
#5 D:\XAMPP\htdocs\AlegreSebastian_prueba\system\CodeIgniter.php(832): App\Controllers\Productos_controller->editValidation('1')
#6 D:\XAMPP\htdocs\AlegreSebastian_prueba\system\CodeIgniter.php(419): CodeIgniter\CodeIgniter->runController(Object(App\Controllers\Productos_controller))
#7 D:\XAMPP\htdocs\AlegreSebastian_prueba\system\CodeIgniter.php(326): CodeIgniter\CodeIgniter->handleRequest(NULL, Object(Config\Cache), false)
#8 D:\XAMPP\htdocs\AlegreSebastian_prueba\index.php(37): CodeIgniter\CodeIgniter->run()
#9 {main}
CRITICAL - 2022-06-03 00:57:42 --> Undefined variable: producto
#0 D:\XAMPP\htdocs\AlegreSebastian_prueba\app\Views\modificar-producto.php(21): CodeIgniter\Debug\Exceptions->errorHandler(8, 'Undefined varia...', 'D:\\XAMPP\\htdocs...', 21, Array)
#1 D:\XAMPP\htdocs\AlegreSebastian_prueba\system\View\View.php(210): include('D:\\XAMPP\\htdocs...')
#2 D:\XAMPP\htdocs\AlegreSebastian_prueba\system\View\View.php(213): CodeIgniter\View\View->CodeIgniter\View\{closure}()
#3 D:\XAMPP\htdocs\AlegreSebastian_prueba\system\Common.php(1089): CodeIgniter\View\View->render('modificar-produ...', Array, true)
#4 D:\XAMPP\htdocs\AlegreSebastian_prueba\app\Controllers\Productos_controller.php(116): view('modificar-produ...', Array)
#5 D:\XAMPP\htdocs\AlegreSebastian_prueba\system\CodeIgniter.php(832): App\Controllers\Productos_controller->editValidation('1')
#6 D:\XAMPP\htdocs\AlegreSebastian_prueba\system\CodeIgniter.php(419): CodeIgniter\CodeIgniter->runController(Object(App\Controllers\Productos_controller))
#7 D:\XAMPP\htdocs\AlegreSebastian_prueba\system\CodeIgniter.php(326): CodeIgniter\CodeIgniter->handleRequest(NULL, Object(Config\Cache), false)
#8 D:\XAMPP\htdocs\AlegreSebastian_prueba\index.php(37): CodeIgniter\CodeIgniter->run()
#9 {main}
CRITICAL - 2022-06-03 01:00:29 --> File not found: /
#0 D:\XAMPP\htdocs\AlegreSebastian_prueba\system\Files\File.php(46): CodeIgniter\Files\Exceptions\FileNotFoundException::forFileNotFound('/')
#1 D:\XAMPP\htdocs\AlegreSebastian_prueba\system\Images\Handlers\BaseHandler.php(148): CodeIgniter\Files\File->__construct('/', true)
#2 D:\XAMPP\htdocs\AlegreSebastian_prueba\app\Controllers\Productos_controller.php(123): CodeIgniter\Images\Handlers\BaseHandler->withFile('/')
#3 D:\XAMPP\htdocs\AlegreSebastian_prueba\system\CodeIgniter.php(832): App\Controllers\Productos_controller->editValidation('1')
#4 D:\XAMPP\htdocs\AlegreSebastian_prueba\system\CodeIgniter.php(419): CodeIgniter\CodeIgniter->runController(Object(App\Controllers\Productos_controller))
#5 D:\XAMPP\htdocs\AlegreSebastian_prueba\system\CodeIgniter.php(326): CodeIgniter\CodeIgniter->handleRequest(NULL, Object(Config\Cache), false)
#6 D:\XAMPP\htdocs\AlegreSebastian_prueba\index.php(37): CodeIgniter\CodeIgniter->run()
#7 {main}
CRITICAL - 2022-06-03 01:05:45 --> Undefined variable: producto
#0 D:\XAMPP\htdocs\AlegreSebastian_prueba\app\Controllers\Productos_controller.php(117): CodeIgniter\Debug\Exceptions->errorHandler(8, 'Undefined varia...', 'D:\\XAMPP\\htdocs...', 117, Array)
#1 D:\XAMPP\htdocs\AlegreSebastian_prueba\system\CodeIgniter.php(832): App\Controllers\Productos_controller->editValidation('1')
#2 D:\XAMPP\htdocs\AlegreSebastian_prueba\system\CodeIgniter.php(419): CodeIgniter\CodeIgniter->runController(Object(App\Controllers\Productos_controller))
#3 D:\XAMPP\htdocs\AlegreSebastian_prueba\system\CodeIgniter.php(326): CodeIgniter\CodeIgniter->handleRequest(NULL, Object(Config\Cache), false)
#4 D:\XAMPP\htdocs\AlegreSebastian_prueba\index.php(37): CodeIgniter\CodeIgniter->run()
#5 {main}
CRITICAL - 2022-06-03 01:15:21 --> syntax error, unexpected '!=' (T_IS_NOT_EQUAL)
#0 D:\XAMPP\htdocs\AlegreSebastian_prueba\system\Autoloader\Autoloader.php(241): CodeIgniter\Autoloader\Autoloader->includeFile('D:\\XAMPP\\htdocs...')
#1 D:\XAMPP\htdocs\AlegreSebastian_prueba\system\Autoloader\Autoloader.php(219): CodeIgniter\Autoloader\Autoloader->loadInNamespace('App\\Controllers...')
#2 [internal function]: CodeIgniter\Autoloader\Autoloader->loadClass('App\\Controllers...')
#3 [internal function]: spl_autoload_call('App\\Controllers...')
#4 D:\XAMPP\htdocs\AlegreSebastian_prueba\system\CodeIgniter.php(797): class_exists('\\App\\Controller...', true)
#5 D:\XAMPP\htdocs\AlegreSebastian_prueba\system\CodeIgniter.php(406): CodeIgniter\CodeIgniter->startController()
#6 D:\XAMPP\htdocs\AlegreSebastian_prueba\system\CodeIgniter.php(326): CodeIgniter\CodeIgniter->handleRequest(NULL, Object(Config\Cache), false)
#7 D:\XAMPP\htdocs\AlegreSebastian_prueba\index.php(37): CodeIgniter\CodeIgniter->run()
#8 {main}
CRITICAL - 2022-06-03 01:16:20 --> md5_file(): Filename cannot be empty
#0 [internal function]: CodeIgniter\Debug\Exceptions->errorHandler(2, 'md5_file(): Fil...', 'D:\\XAMPP\\htdocs...', 45, Array)
#1 D:\XAMPP\htdocs\AlegreSebastian_prueba\app\Controllers\Productos_controller.php(45): md5_file('')
#2 D:\XAMPP\htdocs\AlegreSebastian_prueba\system\CodeIgniter.php(832): App\Controllers\Productos_controller->editValidation('1')
#3 D:\XAMPP\htdocs\AlegreSebastian_prueba\system\CodeIgniter.php(419): CodeIgniter\CodeIgniter->runController(Object(App\Controllers\Productos_controller))
#4 D:\XAMPP\htdocs\AlegreSebastian_prueba\system\CodeIgniter.php(326): CodeIgniter\CodeIgniter->handleRequest(NULL, Object(Config\Cache), false)
#5 D:\XAMPP\htdocs\AlegreSebastian_prueba\index.php(37): CodeIgniter\CodeIgniter->run()
#6 {main}
CRITICAL - 2022-06-03 01:17:45 --> Cannot use object of type CodeIgniter\HTTP\Files\UploadedFile as array
#0 D:\XAMPP\htdocs\AlegreSebastian_prueba\system\CodeIgniter.php(832): App\Controllers\Productos_controller->editValidation('1')
#1 D:\XAMPP\htdocs\AlegreSebastian_prueba\system\CodeIgniter.php(419): CodeIgniter\CodeIgniter->runController(Object(App\Controllers\Productos_controller))
#2 D:\XAMPP\htdocs\AlegreSebastian_prueba\system\CodeIgniter.php(326): CodeIgniter\CodeIgniter->handleRequest(NULL, Object(Config\Cache), false)
#3 D:\XAMPP\htdocs\AlegreSebastian_prueba\index.php(37): CodeIgniter\CodeIgniter->run()
#4 {main}
CRITICAL - 2022-06-03 01:19:57 --> md5_file(): Filename cannot be empty
#0 [internal function]: CodeIgniter\Debug\Exceptions->errorHandler(2, 'md5_file(): Fil...', 'D:\\XAMPP\\htdocs...', 123, Array)
#1 D:\XAMPP\htdocs\AlegreSebastian_prueba\app\Controllers\Productos_controller.php(123): md5_file('')
#2 D:\XAMPP\htdocs\AlegreSebastian_prueba\system\CodeIgniter.php(832): App\Controllers\Productos_controller->editValidation('1')
#3 D:\XAMPP\htdocs\AlegreSebastian_prueba\system\CodeIgniter.php(419): CodeIgniter\CodeIgniter->runController(Object(App\Controllers\Productos_controller))
#4 D:\XAMPP\htdocs\AlegreSebastian_prueba\system\CodeIgniter.php(326): CodeIgniter\CodeIgniter->handleRequest(NULL, Object(Config\Cache), false)
#5 D:\XAMPP\htdocs\AlegreSebastian_prueba\index.php(37): CodeIgniter\CodeIgniter->run()
#6 {main}
CRITICAL - 2022-06-03 01:36:02 --> syntax error, unexpected ')'
#0 D:\XAMPP\htdocs\AlegreSebastian_prueba\system\Autoloader\Autoloader.php(241): CodeIgniter\Autoloader\Autoloader->includeFile('D:\\XAMPP\\htdocs...')
#1 D:\XAMPP\htdocs\AlegreSebastian_prueba\system\Autoloader\Autoloader.php(219): CodeIgniter\Autoloader\Autoloader->loadInNamespace('App\\Controllers...')
#2 [internal function]: CodeIgniter\Autoloader\Autoloader->loadClass('App\\Controllers...')
#3 [internal function]: spl_autoload_call('App\\Controllers...')
#4 D:\XAMPP\htdocs\AlegreSebastian_prueba\system\CodeIgniter.php(797): class_exists('\\App\\Controller...', true)
#5 D:\XAMPP\htdocs\AlegreSebastian_prueba\system\CodeIgniter.php(406): CodeIgniter\CodeIgniter->startController()
#6 D:\XAMPP\htdocs\AlegreSebastian_prueba\system\CodeIgniter.php(326): CodeIgniter\CodeIgniter->handleRequest(NULL, Object(Config\Cache), false)
#7 D:\XAMPP\htdocs\AlegreSebastian_prueba\index.php(37): CodeIgniter\CodeIgniter->run()
#8 {main}
CRITICAL - 2022-06-03 01:37:27 --> Call to undefined function App\Controllers\isset_file()
#0 D:\XAMPP\htdocs\AlegreSebastian_prueba\system\CodeIgniter.php(832): App\Controllers\Productos_controller->editValidation('1')
#1 D:\XAMPP\htdocs\AlegreSebastian_prueba\system\CodeIgniter.php(419): CodeIgniter\CodeIgniter->runController(Object(App\Controllers\Productos_controller))
#2 D:\XAMPP\htdocs\AlegreSebastian_prueba\system\CodeIgniter.php(326): CodeIgniter\CodeIgniter->handleRequest(NULL, Object(Config\Cache), false)
#3 D:\XAMPP\htdocs\AlegreSebastian_prueba\index.php(37): CodeIgniter\CodeIgniter->run()
#4 {main}
CRITICAL - 2022-06-03 13:08:15 --> Unknown column 'club' in 'field list'
#0 C:\xampp\htdocs\AlegreSebastian_prueba\app\Views\CRUD-Productos.php(48): mysqli->query('SELECT id, club...')
#1 C:\xampp\htdocs\AlegreSebastian_prueba\system\View\View.php(210): include('C:\\xampp\\htdocs...')
#2 C:\xampp\htdocs\AlegreSebastian_prueba\system\View\View.php(213): CodeIgniter\View\View->CodeIgniter\View\{closure}()
#3 C:\xampp\htdocs\AlegreSebastian_prueba\system\Common.php(1089): CodeIgniter\View\View->render('CRUD-Productos', Array, true)
#4 C:\xampp\htdocs\AlegreSebastian_prueba\app\Controllers\Home.php(91): view('CRUD-Productos')
#5 C:\xampp\htdocs\AlegreSebastian_prueba\system\CodeIgniter.php(832): App\Controllers\Home->crud_productos()
#6 C:\xampp\htdocs\AlegreSebastian_prueba\system\CodeIgniter.php(419): CodeIgniter\CodeIgniter->runController(Object(App\Controllers\Home))
#7 C:\xampp\htdocs\AlegreSebastian_prueba\system\CodeIgniter.php(326): CodeIgniter\CodeIgniter->handleRequest(NULL, Object(Config\Cache), false)
#8 C:\xampp\htdocs\AlegreSebastian_prueba\index.php(37): CodeIgniter\CodeIgniter->run()
#9 {main}
CRITICAL - 2022-06-03 13:09:47 --> Unknown column 'imagen' in 'field list'
#0 C:\xampp\htdocs\AlegreSebastian_prueba\app\Views\CRUD-Productos.php(48): mysqli->query('SELECT id, club...')
#1 C:\xampp\htdocs\AlegreSebastian_prueba\system\View\View.php(210): include('C:\\xampp\\htdocs...')
#2 C:\xampp\htdocs\AlegreSebastian_prueba\system\View\View.php(213): CodeIgniter\View\View->CodeIgniter\View\{closure}()
#3 C:\xampp\htdocs\AlegreSebastian_prueba\system\Common.php(1089): CodeIgniter\View\View->render('CRUD-Productos', Array, true)
#4 C:\xampp\htdocs\AlegreSebastian_prueba\app\Controllers\Home.php(91): view('CRUD-Productos')
#5 C:\xampp\htdocs\AlegreSebastian_prueba\system\CodeIgniter.php(832): App\Controllers\Home->crud_productos()
#6 C:\xampp\htdocs\AlegreSebastian_prueba\system\CodeIgniter.php(419): CodeIgniter\CodeIgniter->runController(Object(App\Controllers\Home))
#7 C:\xampp\htdocs\AlegreSebastian_prueba\system\CodeIgniter.php(326): CodeIgniter\CodeIgniter->handleRequest(NULL, Object(Config\Cache), false)
#8 C:\xampp\htdocs\AlegreSebastian_prueba\index.php(37): CodeIgniter\CodeIgniter->run()
#9 {main}
CRITICAL - 2022-06-03 13:09:48 --> Unknown column 'imagen' in 'field list'
#0 C:\xampp\htdocs\AlegreSebastian_prueba\app\Views\CRUD-Productos.php(48): mysqli->query('SELECT id, club...')
#1 C:\xampp\htdocs\AlegreSebastian_prueba\system\View\View.php(210): include('C:\\xampp\\htdocs...')
#2 C:\xampp\htdocs\AlegreSebastian_prueba\system\View\View.php(213): CodeIgniter\View\View->CodeIgniter\View\{closure}()
#3 C:\xampp\htdocs\AlegreSebastian_prueba\system\Common.php(1089): CodeIgniter\View\View->render('CRUD-Productos', Array, true)
#4 C:\xampp\htdocs\AlegreSebastian_prueba\app\Controllers\Home.php(91): view('CRUD-Productos')
#5 C:\xampp\htdocs\AlegreSebastian_prueba\system\CodeIgniter.php(832): App\Controllers\Home->crud_productos()
#6 C:\xampp\htdocs\AlegreSebastian_prueba\system\CodeIgniter.php(419): CodeIgniter\CodeIgniter->runController(Object(App\Controllers\Home))
#7 C:\xampp\htdocs\AlegreSebastian_prueba\system\CodeIgniter.php(326): CodeIgniter\CodeIgniter->handleRequest(NULL, Object(Config\Cache), false)
#8 C:\xampp\htdocs\AlegreSebastian_prueba\index.php(37): CodeIgniter\CodeIgniter->run()
#9 {main}
CRITICAL - 2022-06-03 13:11:13 --> Trying to get property 'id' of non-object
#0 C:\xampp\htdocs\AlegreSebastian_prueba\app\Controllers\Productos_controller.php(225): CodeIgniter\Debug\Exceptions->errorHandler(8, 'Trying to get p...', 'C:\\xampp\\htdocs...', 225, Array)
#1 C:\xampp\htdocs\AlegreSebastian_prueba\system\CodeIgniter.php(832): App\Controllers\Productos_controller->formValidation()
#2 C:\xampp\htdocs\AlegreSebastian_prueba\system\CodeIgniter.php(419): CodeIgniter\CodeIgniter->runController(Object(App\Controllers\Productos_controller))
#3 C:\xampp\htdocs\AlegreSebastian_prueba\system\CodeIgniter.php(326): CodeIgniter\CodeIgniter->handleRequest(NULL, Object(Config\Cache), false)
#4 C:\xampp\htdocs\AlegreSebastian_prueba\index.php(37): CodeIgniter\CodeIgniter->run()
#5 {main}
CRITICAL - 2022-06-03 13:13:30 --> Trying to access array offset on value of type null
#0 C:\xampp\htdocs\AlegreSebastian_prueba\app\Controllers\Productos_controller.php(225): CodeIgniter\Debug\Exceptions->errorHandler(8, 'Trying to acces...', 'C:\\xampp\\htdocs...', 225, Array)
#1 C:\xampp\htdocs\AlegreSebastian_prueba\system\CodeIgniter.php(832): App\Controllers\Productos_controller->formValidation()
#2 C:\xampp\htdocs\AlegreSebastian_prueba\system\CodeIgniter.php(419): CodeIgniter\CodeIgniter->runController(Object(App\Controllers\Productos_controller))
#3 C:\xampp\htdocs\AlegreSebastian_prueba\system\CodeIgniter.php(326): CodeIgniter\CodeIgniter->handleRequest(NULL, Object(Config\Cache), false)
#4 C:\xampp\htdocs\AlegreSebastian_prueba\index.php(37): CodeIgniter\CodeIgniter->run()
#5 {main}
CRITICAL - 2022-06-03 13:15:02 --> imagecreatefrompng(): 'C:\xampp\tmp/php7B.tmp' is not a valid PNG file
#0 [internal function]: CodeIgniter\Debug\Exceptions->errorHandler(2, 'imagecreatefrom...', 'C:\\xampp\\htdocs...', 351, Array)
#1 C:\xampp\htdocs\AlegreSebastian_prueba\system\Images\Handlers\GDHandler.php(351): imagecreatefrompng('C:\\xampp\\tmp/ph...')
#2 C:\xampp\htdocs\AlegreSebastian_prueba\system\Images\Handlers\GDHandler.php(314): CodeIgniter\Images\Handlers\GDHandler->getImageResource('C:\\xampp\\tmp/ph...', 3)
#3 C:\xampp\htdocs\AlegreSebastian_prueba\system\Images\Handlers\GDHandler.php(226): CodeIgniter\Images\Handlers\GDHandler->ensureResource()
#4 C:\xampp\htdocs\AlegreSebastian_prueba\app\Controllers\Productos_controller.php(235): CodeIgniter\Images\Handlers\GDHandler->save('C:\\xampp\\htdocs...')
#5 C:\xampp\htdocs\AlegreSebastian_prueba\system\CodeIgniter.php(832): App\Controllers\Productos_controller->formValidation()
#6 C:\xampp\htdocs\AlegreSebastian_prueba\system\CodeIgniter.php(419): CodeIgniter\CodeIgniter->runController(Object(App\Controllers\Productos_controller))
#7 C:\xampp\htdocs\AlegreSebastian_prueba\system\CodeIgniter.php(326): CodeIgniter\CodeIgniter->handleRequest(NULL, Object(Config\Cache), false)
#8 C:\xampp\htdocs\AlegreSebastian_prueba\index.php(37): CodeIgniter\CodeIgniter->run()
#9 {main}
CRITICAL - 2022-06-03 13:31:48 --> Cannot use object of type stdClass as array
#0 C:\xampp\htdocs\AlegreSebastian_prueba\system\CodeIgniter.php(832): App\Controllers\Productos_controller->formValidation()
#1 C:\xampp\htdocs\AlegreSebastian_prueba\system\CodeIgniter.php(419): CodeIgniter\CodeIgniter->runController(Object(App\Controllers\Productos_controller))
#2 C:\xampp\htdocs\AlegreSebastian_prueba\system\CodeIgniter.php(326): CodeIgniter\CodeIgniter->handleRequest(NULL, Object(Config\Cache), false)
#3 C:\xampp\htdocs\AlegreSebastian_prueba\index.php(37): CodeIgniter\CodeIgniter->run()
#4 {main}
CRITICAL - 2022-06-03 13:32:05 --> Unable to save the image. Please make sure the image and file directory are writable.
#0 C:\xampp\htdocs\AlegreSebastian_prueba\system\Images\Handlers\GDHandler.php(245): CodeIgniter\Images\Exceptions\ImageException::forSaveFailed()
#1 C:\xampp\htdocs\AlegreSebastian_prueba\app\Controllers\Productos_controller.php(235): CodeIgniter\Images\Handlers\GDHandler->save('C:\\xampp\\htdocs...')
#2 C:\xampp\htdocs\AlegreSebastian_prueba\system\CodeIgniter.php(832): App\Controllers\Productos_controller->formValidation()
#3 C:\xampp\htdocs\AlegreSebastian_prueba\system\CodeIgniter.php(419): CodeIgniter\CodeIgniter->runController(Object(App\Controllers\Productos_controller))
#4 C:\xampp\htdocs\AlegreSebastian_prueba\system\CodeIgniter.php(326): CodeIgniter\CodeIgniter->handleRequest(NULL, Object(Config\Cache), false)
#5 C:\xampp\htdocs\AlegreSebastian_prueba\index.php(37): CodeIgniter\CodeIgniter->run()
#6 {main}
CRITICAL - 2022-06-03 13:37:04 --> Call to undefined method CodeIgniter\HTTP\Files\UploadedFile::image()
#0 C:\xampp\htdocs\AlegreSebastian_prueba\system\CodeIgniter.php(832): App\Controllers\Productos_controller->formValidation()
#1 C:\xampp\htdocs\AlegreSebastian_prueba\system\CodeIgniter.php(419): CodeIgniter\CodeIgniter->runController(Object(App\Controllers\Productos_controller))
#2 C:\xampp\htdocs\AlegreSebastian_prueba\system\CodeIgniter.php(326): CodeIgniter\CodeIgniter->handleRequest(NULL, Object(Config\Cache), false)
#3 C:\xampp\htdocs\AlegreSebastian_prueba\index.php(37): CodeIgniter\CodeIgniter->run()
#4 {main}
CRITICAL - 2022-06-03 13:37:23 --> syntax error, unexpected '\' (T_NS_SEPARATOR), expecting identifier (T_STRING) or variable (T_VARIABLE) or '{' or '$'
#0 C:\xampp\htdocs\AlegreSebastian_prueba\system\Autoloader\Autoloader.php(241): CodeIgniter\Autoloader\Autoloader->includeFile('C:\\xampp\\htdocs...')
#1 C:\xampp\htdocs\AlegreSebastian_prueba\system\Autoloader\Autoloader.php(219): CodeIgniter\Autoloader\Autoloader->loadInNamespace('App\\Controllers...')
#2 [internal function]: CodeIgniter\Autoloader\Autoloader->loadClass('App\\Controllers...')
#3 [internal function]: spl_autoload_call('App\\Controllers...')
#4 C:\xampp\htdocs\AlegreSebastian_prueba\system\CodeIgniter.php(797): class_exists('\\App\\Controller...', true)
#5 C:\xampp\htdocs\AlegreSebastian_prueba\system\CodeIgniter.php(406): CodeIgniter\CodeIgniter->startController()
#6 C:\xampp\htdocs\AlegreSebastian_prueba\system\CodeIgniter.php(326): CodeIgniter\CodeIgniter->handleRequest(NULL, Object(Config\Cache), false)
#7 C:\xampp\htdocs\AlegreSebastian_prueba\index.php(37): CodeIgniter\CodeIgniter->run()
#8 {main}
CRITICAL - 2022-06-03 13:43:37 --> Array to string conversion
#0 C:\xampp\htdocs\AlegreSebastian_prueba\app\Controllers\Productos_controller.php(237): CodeIgniter\Debug\Exceptions->errorHandler(8, 'Array to string...', 'C:\\xampp\\htdocs...', 237, Array)
#1 C:\xampp\htdocs\AlegreSebastian_prueba\system\CodeIgniter.php(832): App\Controllers\Productos_controller->formValidation()
#2 C:\xampp\htdocs\AlegreSebastian_prueba\system\CodeIgniter.php(419): CodeIgniter\CodeIgniter->runController(Object(App\Controllers\Productos_controller))
#3 C:\xampp\htdocs\AlegreSebastian_prueba\system\CodeIgniter.php(326): CodeIgniter\CodeIgniter->handleRequest(NULL, Object(Config\Cache), false)
#4 C:\xampp\htdocs\AlegreSebastian_prueba\index.php(37): CodeIgniter\CodeIgniter->run()
#5 {main}
CRITICAL - 2022-06-03 13:43:59 --> Call to a member function move() on bool
#0 C:\xampp\htdocs\AlegreSebastian_prueba\system\CodeIgniter.php(832): App\Controllers\Productos_controller->formValidation()
#1 C:\xampp\htdocs\AlegreSebastian_prueba\system\CodeIgniter.php(419): CodeIgniter\CodeIgniter->runController(Object(App\Controllers\Productos_controller))
#2 C:\xampp\htdocs\AlegreSebastian_prueba\system\CodeIgniter.php(326): CodeIgniter\CodeIgniter->handleRequest(NULL, Object(Config\Cache), false)
#3 C:\xampp\htdocs\AlegreSebastian_prueba\index.php(37): CodeIgniter\CodeIgniter->run()
#4 {main}
CRITICAL - 2022-06-03 13:49:12 --> Illegal string offset 'extension'
#0 C:\xampp\htdocs\AlegreSebastian_prueba\app\Controllers\Productos_controller.php(237): CodeIgniter\Debug\Exceptions->errorHandler(2, 'Illegal string ...', 'C:\\xampp\\htdocs...', 237, Array)
#1 C:\xampp\htdocs\AlegreSebastian_prueba\system\CodeIgniter.php(832): App\Controllers\Productos_controller->formValidation()
#2 C:\xampp\htdocs\AlegreSebastian_prueba\system\CodeIgniter.php(419): CodeIgniter\CodeIgniter->runController(Object(App\Controllers\Productos_controller))
#3 C:\xampp\htdocs\AlegreSebastian_prueba\system\CodeIgniter.php(326): CodeIgniter\CodeIgniter->handleRequest(NULL, Object(Config\Cache), false)
#4 C:\xampp\htdocs\AlegreSebastian_prueba\index.php(37): CodeIgniter\CodeIgniter->run()
#5 {main}
CRITICAL - 2022-06-03 13:55:36 --> syntax error, unexpected '$imagen' (T_VARIABLE)
#0 C:\xampp\htdocs\AlegreSebastian_prueba\system\Autoloader\Autoloader.php(241): CodeIgniter\Autoloader\Autoloader->includeFile('C:\\xampp\\htdocs...')
#1 C:\xampp\htdocs\AlegreSebastian_prueba\system\Autoloader\Autoloader.php(219): CodeIgniter\Autoloader\Autoloader->loadInNamespace('App\\Controllers...')
#2 [internal function]: CodeIgniter\Autoloader\Autoloader->loadClass('App\\Controllers...')
#3 [internal function]: spl_autoload_call('App\\Controllers...')
#4 C:\xampp\htdocs\AlegreSebastian_prueba\system\CodeIgniter.php(797): class_exists('\\App\\Controller...', true)
#5 C:\xampp\htdocs\AlegreSebastian_prueba\system\CodeIgniter.php(406): CodeIgniter\CodeIgniter->startController()
#6 C:\xampp\htdocs\AlegreSebastian_prueba\system\CodeIgniter.php(326): CodeIgniter\CodeIgniter->handleRequest(NULL, Object(Config\Cache), false)
#7 C:\xampp\htdocs\AlegreSebastian_prueba\index.php(37): CodeIgniter\CodeIgniter->run()
#8 {main}
CRITICAL - 2022-06-03 13:55:54 --> Only variables should be passed by reference
#0 C:\xampp\htdocs\AlegreSebastian_prueba\app\Controllers\Productos_controller.php(233): CodeIgniter\Debug\Exceptions->errorHandler(8, 'Only variables ...', 'C:\\xampp\\htdocs...', 233, Array)
#1 C:\xampp\htdocs\AlegreSebastian_prueba\system\CodeIgniter.php(832): App\Controllers\Productos_controller->formValidation()
#2 C:\xampp\htdocs\AlegreSebastian_prueba\system\CodeIgniter.php(419): CodeIgniter\CodeIgniter->runController(Object(App\Controllers\Productos_controller))
#3 C:\xampp\htdocs\AlegreSebastian_prueba\system\CodeIgniter.php(326): CodeIgniter\CodeIgniter->handleRequest(NULL, Object(Config\Cache), false)
#4 C:\xampp\htdocs\AlegreSebastian_prueba\index.php(37): CodeIgniter\CodeIgniter->run()
#5 {main}
CRITICAL - 2022-06-03 13:56:38 --> Only variables should be passed by reference
#0 C:\xampp\htdocs\AlegreSebastian_prueba\app\Controllers\Productos_controller.php(233): CodeIgniter\Debug\Exceptions->errorHandler(8, 'Only variables ...', 'C:\\xampp\\htdocs...', 233, Array)
#1 C:\xampp\htdocs\AlegreSebastian_prueba\system\CodeIgniter.php(832): App\Controllers\Productos_controller->formValidation()
#2 C:\xampp\htdocs\AlegreSebastian_prueba\system\CodeIgniter.php(419): CodeIgniter\CodeIgniter->runController(Object(App\Controllers\Productos_controller))
#3 C:\xampp\htdocs\AlegreSebastian_prueba\system\CodeIgniter.php(326): CodeIgniter\CodeIgniter->handleRequest(NULL, Object(Config\Cache), false)
#4 C:\xampp\htdocs\AlegreSebastian_prueba\index.php(37): CodeIgniter\CodeIgniter->run()
#5 {main}
CRITICAL - 2022-06-03 13:57:38 --> end() expects parameter 1 to be array, null given
#0 [internal function]: CodeIgniter\Debug\Exceptions->errorHandler(2, 'end() expects p...', 'C:\\xampp\\htdocs...', 234, Array)
#1 C:\xampp\htdocs\AlegreSebastian_prueba\app\Controllers\Productos_controller.php(234): end(NULL)
#2 C:\xampp\htdocs\AlegreSebastian_prueba\system\CodeIgniter.php(832): App\Controllers\Productos_controller->formValidation()
#3 C:\xampp\htdocs\AlegreSebastian_prueba\system\CodeIgniter.php(419): CodeIgniter\CodeIgniter->runController(Object(App\Controllers\Productos_controller))
#4 C:\xampp\htdocs\AlegreSebastian_prueba\system\CodeIgniter.php(326): CodeIgniter\CodeIgniter->handleRequest(NULL, Object(Config\Cache), false)
#5 C:\xampp\htdocs\AlegreSebastian_prueba\index.php(37): CodeIgniter\CodeIgniter->run()
#6 {main}
CRITICAL - 2022-06-03 14:04:22 --> Undefined offset: 1
#0 C:\xampp\htdocs\AlegreSebastian_prueba\app\Views\CRUD-Productos.php(124): CodeIgniter\Debug\Exceptions->errorHandler(8, 'Undefined offse...', 'C:\\xampp\\htdocs...', 124, Array)
#1 C:\xampp\htdocs\AlegreSebastian_prueba\system\View\View.php(210): include('C:\\xampp\\htdocs...')
#2 C:\xampp\htdocs\AlegreSebastian_prueba\system\View\View.php(213): CodeIgniter\View\View->CodeIgniter\View\{closure}()
#3 C:\xampp\htdocs\AlegreSebastian_prueba\system\Common.php(1089): CodeIgniter\View\View->render('CRUD-Productos', Array, true)
#4 C:\xampp\htdocs\AlegreSebastian_prueba\app\Controllers\Home.php(91): view('CRUD-Productos')
#5 C:\xampp\htdocs\AlegreSebastian_prueba\system\CodeIgniter.php(832): App\Controllers\Home->crud_productos()
#6 C:\xampp\htdocs\AlegreSebastian_prueba\system\CodeIgniter.php(419): CodeIgniter\CodeIgniter->runController(Object(App\Controllers\Home))
#7 C:\xampp\htdocs\AlegreSebastian_prueba\system\CodeIgniter.php(326): CodeIgniter\CodeIgniter->handleRequest(NULL, Object(Config\Cache), false)
#8 C:\xampp\htdocs\AlegreSebastian_prueba\index.php(37): CodeIgniter\CodeIgniter->run()
#9 {main}
CRITICAL - 2022-06-03 14:08:27 --> Undefined offset: 1
#0 C:\xampp\htdocs\AlegreSebastian_prueba\app\Views\CRUD-Productos.php(124): CodeIgniter\Debug\Exceptions->errorHandler(8, 'Undefined offse...', 'C:\\xampp\\htdocs...', 124, Array)
#1 C:\xampp\htdocs\AlegreSebastian_prueba\system\View\View.php(210): include('C:\\xampp\\htdocs...')
#2 C:\xampp\htdocs\AlegreSebastian_prueba\system\View\View.php(213): CodeIgniter\View\View->CodeIgniter\View\{closure}()
#3 C:\xampp\htdocs\AlegreSebastian_prueba\system\Common.php(1089): CodeIgniter\View\View->render('CRUD-Productos', Array, true)
#4 C:\xampp\htdocs\AlegreSebastian_prueba\app\Controllers\Home.php(91): view('CRUD-Productos')
#5 C:\xampp\htdocs\AlegreSebastian_prueba\system\CodeIgniter.php(832): App\Controllers\Home->crud_productos()
#6 C:\xampp\htdocs\AlegreSebastian_prueba\system\CodeIgniter.php(419): CodeIgniter\CodeIgniter->runController(Object(App\Controllers\Home))
#7 C:\xampp\htdocs\AlegreSebastian_prueba\system\CodeIgniter.php(326): CodeIgniter\CodeIgniter->handleRequest(NULL, Object(Config\Cache), false)
#8 C:\xampp\htdocs\AlegreSebastian_prueba\index.php(37): CodeIgniter\CodeIgniter->run()
#9 {main}
CRITICAL - 2022-06-03 14:08:29 --> Undefined variable: fileName
#0 C:\xampp\htdocs\AlegreSebastian_prueba\app\Controllers\Productos_controller.php(238): CodeIgniter\Debug\Exceptions->errorHandler(8, 'Undefined varia...', 'C:\\xampp\\htdocs...', 238, Array)
#1 C:\xampp\htdocs\AlegreSebastian_prueba\system\CodeIgniter.php(832): App\Controllers\Productos_controller->formValidation()
#2 C:\xampp\htdocs\AlegreSebastian_prueba\system\CodeIgniter.php(419): CodeIgniter\CodeIgniter->runController(Object(App\Controllers\Productos_controller))
#3 C:\xampp\htdocs\AlegreSebastian_prueba\system\CodeIgniter.php(326): CodeIgniter\CodeIgniter->handleRequest(NULL, Object(Config\Cache), false)
#4 C:\xampp\htdocs\AlegreSebastian_prueba\index.php(37): CodeIgniter\CodeIgniter->run()
#5 {main}
CRITICAL - 2022-06-03 14:22:26 --> imagecreatefrompng(): 'C:\xampp\tmp/phpB67D.tmp' is not a valid PNG file
#0 [internal function]: CodeIgniter\Debug\Exceptions->errorHandler(2, 'imagecreatefrom...', 'C:\\xampp\\htdocs...', 351, Array)
#1 C:\xampp\htdocs\AlegreSebastian_prueba\system\Images\Handlers\GDHandler.php(351): imagecreatefrompng('C:\\xampp\\tmp/ph...')
#2 C:\xampp\htdocs\AlegreSebastian_prueba\system\Images\Handlers\GDHandler.php(314): CodeIgniter\Images\Handlers\GDHandler->getImageResource('C:\\xampp\\tmp/ph...', 3)
#3 C:\xampp\htdocs\AlegreSebastian_prueba\system\Images\Handlers\GDHandler.php(226): CodeIgniter\Images\Handlers\GDHandler->ensureResource()
#4 C:\xampp\htdocs\AlegreSebastian_prueba\app\Controllers\Productos_controller.php(151): CodeIgniter\Images\Handlers\GDHandler->save('C:\\xampp\\htdocs...')
#5 C:\xampp\htdocs\AlegreSebastian_prueba\system\CodeIgniter.php(832): App\Controllers\Productos_controller->editValidation('1')
#6 C:\xampp\htdocs\AlegreSebastian_prueba\system\CodeIgniter.php(419): CodeIgniter\CodeIgniter->runController(Object(App\Controllers\Productos_controller))
#7 C:\xampp\htdocs\AlegreSebastian_prueba\system\CodeIgniter.php(326): CodeIgniter\CodeIgniter->handleRequest(NULL, Object(Config\Cache), false)
#8 C:\xampp\htdocs\AlegreSebastian_prueba\index.php(37): CodeIgniter\CodeIgniter->run()
#9 {main}
CRITICAL - 2022-06-03 14:24:42 --> Undefined variable: id_imagen
#0 C:\xampp\htdocs\AlegreSebastian_prueba\app\Controllers\Productos_controller.php(154): CodeIgniter\Debug\Exceptions->errorHandler(8, 'Undefined varia...', 'C:\\xampp\\htdocs...', 154, Array)
#1 C:\xampp\htdocs\AlegreSebastian_prueba\system\CodeIgniter.php(832): App\Controllers\Productos_controller->editValidation('1')
#2 C:\xampp\htdocs\AlegreSebastian_prueba\system\CodeIgniter.php(419): CodeIgniter\CodeIgniter->runController(Object(App\Controllers\Productos_controller))
#3 C:\xampp\htdocs\AlegreSebastian_prueba\system\CodeIgniter.php(326): CodeIgniter\CodeIgniter->handleRequest(NULL, Object(Config\Cache), false)
#4 C:\xampp\htdocs\AlegreSebastian_prueba\index.php(37): CodeIgniter\CodeIgniter->run()
#5 {main}
CRITICAL - 2022-06-03 14:30:12 --> Undefined variable: fileType
#0 C:\xampp\htdocs\AlegreSebastian_prueba\app\Controllers\Productos_controller.php(160): CodeIgniter\Debug\Exceptions->errorHandler(8, 'Undefined varia...', 'C:\\xampp\\htdocs...', 160, Array)
#1 C:\xampp\htdocs\AlegreSebastian_prueba\system\CodeIgniter.php(832): App\Controllers\Productos_controller->editValidation('2')
#2 C:\xampp\htdocs\AlegreSebastian_prueba\system\CodeIgniter.php(419): CodeIgniter\CodeIgniter->runController(Object(App\Controllers\Productos_controller))
#3 C:\xampp\htdocs\AlegreSebastian_prueba\system\CodeIgniter.php(326): CodeIgniter\CodeIgniter->handleRequest(NULL, Object(Config\Cache), false)
#4 C:\xampp\htdocs\AlegreSebastian_prueba\index.php(37): CodeIgniter\CodeIgniter->run()
#5 {main}
CRITICAL - 2022-06-03 15:06:29 --> Undefined property: CodeIgniter\Database\MySQLi\Result::$num_rows
#0 C:\xampp\htdocs\AlegreSebastian_prueba\app\Views\productos.php(19): CodeIgniter\Debug\Exceptions->errorHandler(8, 'Undefined prope...', 'C:\\xampp\\htdocs...', 19, Array)
#1 C:\xampp\htdocs\AlegreSebastian_prueba\system\View\View.php(210): include('C:\\xampp\\htdocs...')
#2 C:\xampp\htdocs\AlegreSebastian_prueba\system\View\View.php(213): CodeIgniter\View\View->CodeIgniter\View\{closure}()
#3 C:\xampp\htdocs\AlegreSebastian_prueba\system\Common.php(1089): CodeIgniter\View\View->render('productos', Array, true)
#4 C:\xampp\htdocs\AlegreSebastian_prueba\app\Controllers\Home.php(115): view('productos')
#5 C:\xampp\htdocs\AlegreSebastian_prueba\system\CodeIgniter.php(832): App\Controllers\Home->productos()
#6 C:\xampp\htdocs\AlegreSebastian_prueba\system\CodeIgniter.php(419): CodeIgniter\CodeIgniter->runController(Object(App\Controllers\Home))
#7 C:\xampp\htdocs\AlegreSebastian_prueba\system\CodeIgniter.php(326): CodeIgniter\CodeIgniter->handleRequest(NULL, Object(Config\Cache), false)
#8 C:\xampp\htdocs\AlegreSebastian_prueba\index.php(37): CodeIgniter\CodeIgniter->run()
#9 {main}
CRITICAL - 2022-06-03 15:10:43 --> Call to undefined method CodeIgniter\Database\MySQLi\Result::fetch_assoc()
#0 C:\xampp\htdocs\AlegreSebastian_prueba\system\View\View.php(210): include()
#1 C:\xampp\htdocs\AlegreSebastian_prueba\system\View\View.php(213): CodeIgniter\View\View->CodeIgniter\View\{closure}()
#2 C:\xampp\htdocs\AlegreSebastian_prueba\system\Common.php(1089): CodeIgniter\View\View->render('productos', Array, true)
#3 C:\xampp\htdocs\AlegreSebastian_prueba\app\Controllers\Home.php(115): view('productos')
#4 C:\xampp\htdocs\AlegreSebastian_prueba\system\CodeIgniter.php(832): App\Controllers\Home->productos()
#5 C:\xampp\htdocs\AlegreSebastian_prueba\system\CodeIgniter.php(419): CodeIgniter\CodeIgniter->runController(Object(App\Controllers\Home))
#6 C:\xampp\htdocs\AlegreSebastian_prueba\system\CodeIgniter.php(326): CodeIgniter\CodeIgniter->handleRequest(NULL, Object(Config\Cache), false)
#7 C:\xampp\htdocs\AlegreSebastian_prueba\index.php(37): CodeIgniter\CodeIgniter->run()
#8 {main}
CRITICAL - 2022-06-03 15:11:22 --> syntax error, unexpected 'as' (T_AS)
#0 C:\xampp\htdocs\AlegreSebastian_prueba\system\View\View.php(213): CodeIgniter\View\View->CodeIgniter\View\{closure}()
#1 C:\xampp\htdocs\AlegreSebastian_prueba\system\Common.php(1089): CodeIgniter\View\View->render('productos', Array, true)
#2 C:\xampp\htdocs\AlegreSebastian_prueba\app\Controllers\Home.php(115): view('productos')
#3 C:\xampp\htdocs\AlegreSebastian_prueba\system\CodeIgniter.php(832): App\Controllers\Home->productos()
#4 C:\xampp\htdocs\AlegreSebastian_prueba\system\CodeIgniter.php(419): CodeIgniter\CodeIgniter->runController(Object(App\Controllers\Home))
#5 C:\xampp\htdocs\AlegreSebastian_prueba\system\CodeIgniter.php(326): CodeIgniter\CodeIgniter->handleRequest(NULL, Object(Config\Cache), false)
#6 C:\xampp\htdocs\AlegreSebastian_prueba\index.php(37): CodeIgniter\CodeIgniter->run()
#7 {main}
CRITICAL - 2022-06-03 15:11:33 --> Cannot use object of type stdClass as array
#0 C:\xampp\htdocs\AlegreSebastian_prueba\system\View\View.php(210): include()
#1 C:\xampp\htdocs\AlegreSebastian_prueba\system\View\View.php(213): CodeIgniter\View\View->CodeIgniter\View\{closure}()
#2 C:\xampp\htdocs\AlegreSebastian_prueba\system\Common.php(1089): CodeIgniter\View\View->render('productos', Array, true)
#3 C:\xampp\htdocs\AlegreSebastian_prueba\app\Controllers\Home.php(115): view('productos')
#4 C:\xampp\htdocs\AlegreSebastian_prueba\system\CodeIgniter.php(832): App\Controllers\Home->productos()
#5 C:\xampp\htdocs\AlegreSebastian_prueba\system\CodeIgniter.php(419): CodeIgniter\CodeIgniter->runController(Object(App\Controllers\Home))
#6 C:\xampp\htdocs\AlegreSebastian_prueba\system\CodeIgniter.php(326): CodeIgniter\CodeIgniter->handleRequest(NULL, Object(Config\Cache), false)
#7 C:\xampp\htdocs\AlegreSebastian_prueba\index.php(37): CodeIgniter\CodeIgniter->run()
#8 {main}
CRITICAL - 2022-06-03 15:11:56 --> Call to undefined method CodeIgniter\Database\MySQLi\Result::close()
#0 C:\xampp\htdocs\AlegreSebastian_prueba\system\View\View.php(210): include()
#1 C:\xampp\htdocs\AlegreSebastian_prueba\system\View\View.php(213): CodeIgniter\View\View->CodeIgniter\View\{closure}()
#2 C:\xampp\htdocs\AlegreSebastian_prueba\system\Common.php(1089): CodeIgniter\View\View->render('productos', Array, true)
#3 C:\xampp\htdocs\AlegreSebastian_prueba\app\Controllers\Home.php(115): view('productos')
#4 C:\xampp\htdocs\AlegreSebastian_prueba\system\CodeIgniter.php(832): App\Controllers\Home->productos()
#5 C:\xampp\htdocs\AlegreSebastian_prueba\system\CodeIgniter.php(419): CodeIgniter\CodeIgniter->runController(Object(App\Controllers\Home))
#6 C:\xampp\htdocs\AlegreSebastian_prueba\system\CodeIgniter.php(326): CodeIgniter\CodeIgniter->handleRequest(NULL, Object(Config\Cache), false)
#7 C:\xampp\htdocs\AlegreSebastian_prueba\index.php(37): CodeIgniter\CodeIgniter->run()
#8 {main}
