CRITICAL - 2024-06-13 23:17:48 --> The framework needs the following extension(s) installed and loaded: intl.
#0 C:\xampp\htdocs\GestionPagos\system\CodeIgniter.php(219): CodeIgniter\Exceptions\FrameworkException::forMissingExtension('intl')
#1 C:\xampp\htdocs\GestionPagos\system\CodeIgniter.php(177): CodeIgniter\CodeIgniter->resolvePlatformExtensions()
#2 C:\xampp\htdocs\GestionPagos\system\bootstrap.php(146): CodeIgniter\CodeIgniter->initialize()
#3 C:\xampp\htdocs\GestionPagos\index.php(28): require('C:\\xampp\\htdocs...')
#4 {main}
CRITICAL - 2024-06-13 23:18:08 --> The framework needs the following extension(s) installed and loaded: intl.
#0 C:\xampp\htdocs\GestionPagos\system\CodeIgniter.php(219): CodeIgniter\Exceptions\FrameworkException::forMissingExtension('intl')
#1 C:\xampp\htdocs\GestionPagos\system\CodeIgniter.php(177): CodeIgniter\CodeIgniter->resolvePlatformExtensions()
#2 C:\xampp\htdocs\GestionPagos\system\bootstrap.php(146): CodeIgniter\CodeIgniter->initialize()
#3 C:\xampp\htdocs\GestionPagos\index.php(28): require('C:\\xampp\\htdocs...')
#4 {main}
CRITICAL - 2024-06-13 23:18:09 --> The framework needs the following extension(s) installed and loaded: intl.
#0 C:\xampp\htdocs\GestionPagos\system\CodeIgniter.php(219): CodeIgniter\Exceptions\FrameworkException::forMissingExtension('intl')
#1 C:\xampp\htdocs\GestionPagos\system\CodeIgniter.php(177): CodeIgniter\CodeIgniter->resolvePlatformExtensions()
#2 C:\xampp\htdocs\GestionPagos\system\bootstrap.php(146): CodeIgniter\CodeIgniter->initialize()
#3 C:\xampp\htdocs\GestionPagos\index.php(28): require('C:\\xampp\\htdocs...')
#4 {main}
CRITICAL - 2024-06-13 23:18:10 --> The framework needs the following extension(s) installed and loaded: intl.
#0 C:\xampp\htdocs\GestionPagos\system\CodeIgniter.php(219): CodeIgniter\Exceptions\FrameworkException::forMissingExtension('intl')
#1 C:\xampp\htdocs\GestionPagos\system\CodeIgniter.php(177): CodeIgniter\CodeIgniter->resolvePlatformExtensions()
#2 C:\xampp\htdocs\GestionPagos\system\bootstrap.php(146): CodeIgniter\CodeIgniter->initialize()
#3 C:\xampp\htdocs\GestionPagos\index.php(28): require('C:\\xampp\\htdocs...')
#4 {main}
CRITICAL - 2024-06-13 23:19:36 --> The framework needs the following extension(s) installed and loaded: intl.
#0 C:\xampp\htdocs\GestionPagos\system\CodeIgniter.php(219): CodeIgniter\Exceptions\FrameworkException::forMissingExtension('intl')
#1 C:\xampp\htdocs\GestionPagos\system\CodeIgniter.php(177): CodeIgniter\CodeIgniter->resolvePlatformExtensions()
#2 C:\xampp\htdocs\GestionPagos\system\bootstrap.php(146): CodeIgniter\CodeIgniter->initialize()
#3 C:\xampp\htdocs\GestionPagos\index.php(28): require('C:\\xampp\\htdocs...')
#4 {main}
CRITICAL - 2024-06-13 23:19:38 --> The framework needs the following extension(s) installed and loaded: intl.
#0 C:\xampp\htdocs\GestionPagos\system\CodeIgniter.php(219): CodeIgniter\Exceptions\FrameworkException::forMissingExtension('intl')
#1 C:\xampp\htdocs\GestionPagos\system\CodeIgniter.php(177): CodeIgniter\CodeIgniter->resolvePlatformExtensions()
#2 C:\xampp\htdocs\GestionPagos\system\bootstrap.php(146): CodeIgniter\CodeIgniter->initialize()
#3 C:\xampp\htdocs\GestionPagos\index.php(28): require('C:\\xampp\\htdocs...')
#4 {main}
CRITICAL - 2024-06-13 23:19:39 --> The framework needs the following extension(s) installed and loaded: intl.
#0 C:\xampp\htdocs\GestionPagos\system\CodeIgniter.php(219): CodeIgniter\Exceptions\FrameworkException::forMissingExtension('intl')
#1 C:\xampp\htdocs\GestionPagos\system\CodeIgniter.php(177): CodeIgniter\CodeIgniter->resolvePlatformExtensions()
#2 C:\xampp\htdocs\GestionPagos\system\bootstrap.php(146): CodeIgniter\CodeIgniter->initialize()
#3 C:\xampp\htdocs\GestionPagos\index.php(28): require('C:\\xampp\\htdocs...')
#4 {main}
CRITICAL - 2024-06-13 23:19:48 --> The framework needs the following extension(s) installed and loaded: intl.
#0 C:\xampp\htdocs\GestionPagos\system\CodeIgniter.php(219): CodeIgniter\Exceptions\FrameworkException::forMissingExtension('intl')
#1 C:\xampp\htdocs\GestionPagos\system\CodeIgniter.php(177): CodeIgniter\CodeIgniter->resolvePlatformExtensions()
#2 C:\xampp\htdocs\GestionPagos\system\bootstrap.php(146): CodeIgniter\CodeIgniter->initialize()
#3 C:\xampp\htdocs\GestionPagos\index.php(28): require('C:\\xampp\\htdocs...')
#4 {main}
CRITICAL - 2024-06-13 23:20:39 --> The framework needs the following extension(s) installed and loaded: intl.
#0 C:\xampp\htdocs\GestionPagos\system\CodeIgniter.php(219): CodeIgniter\Exceptions\FrameworkException::forMissingExtension('intl')
#1 C:\xampp\htdocs\GestionPagos\system\CodeIgniter.php(177): CodeIgniter\CodeIgniter->resolvePlatformExtensions()
#2 C:\xampp\htdocs\GestionPagos\system\bootstrap.php(146): CodeIgniter\CodeIgniter->initialize()
#3 C:\xampp\htdocs\GestionPagos\index.php(28): require('C:\\xampp\\htdocs...')
#4 {main}
