CRITICAL - 2022-05-28 23:11:38 --> syntax error, unexpected end of file
#0 D:\XAMPP\htdocs\AlegreSebastian_prueba\system\View\View.php(213): CodeIgniter\View\View->CodeIgniter\View\{closure}()
#1 D:\XAMPP\htdocs\AlegreSebastian_prueba\system\Common.php(1089): CodeIgniter\View\View->render('CRUD-Usuarios', Array, true)
#2 D:\XAMPP\htdocs\AlegreSebastian_prueba\app\Controllers\Home.php(83): view('CRUD-Usuarios')
#3 D:\XAMPP\htdocs\AlegreSebastian_prueba\system\CodeIgniter.php(832): App\Controllers\Home->crud_usuarios()
#4 D:\XAMPP\htdocs\AlegreSebastian_prueba\system\CodeIgniter.php(419): CodeIgniter\CodeIgniter->runController(Object(App\Controllers\Home))
#5 D:\XAMPP\htdocs\AlegreSebastian_prueba\system\CodeIgniter.php(326): CodeIgniter\CodeIgniter->handleRequest(NULL, Object(Config\Cache), false)
#6 D:\XAMPP\htdocs\AlegreSebastian_prueba\index.php(37): CodeIgniter\CodeIgniter->run()
#7 {main}
CRITICAL - 2022-05-28 23:12:57 --> syntax error, unexpected end of file
#0 D:\XAMPP\htdocs\AlegreSebastian_prueba\system\View\View.php(213): CodeIgniter\View\View->CodeIgniter\View\{closure}()
#1 D:\XAMPP\htdocs\AlegreSebastian_prueba\system\Common.php(1089): CodeIgniter\View\View->render('CRUD-Usuarios', Array, true)
#2 D:\XAMPP\htdocs\AlegreSebastian_prueba\app\Controllers\Home.php(83): view('CRUD-Usuarios')
#3 D:\XAMPP\htdocs\AlegreSebastian_prueba\system\CodeIgniter.php(832): App\Controllers\Home->crud_usuarios()
#4 D:\XAMPP\htdocs\AlegreSebastian_prueba\system\CodeIgniter.php(419): CodeIgniter\CodeIgniter->runController(Object(App\Controllers\Home))
#5 D:\XAMPP\htdocs\AlegreSebastian_prueba\system\CodeIgniter.php(326): CodeIgniter\CodeIgniter->handleRequest(NULL, Object(Config\Cache), false)
#6 D:\XAMPP\htdocs\AlegreSebastian_prueba\index.php(37): CodeIgniter\CodeIgniter->run()
#7 {main}
CRITICAL - 2022-05-28 23:13:01 --> syntax error, unexpected end of file
#0 D:\XAMPP\htdocs\AlegreSebastian_prueba\system\View\View.php(213): CodeIgniter\View\View->CodeIgniter\View\{closure}()
#1 D:\XAMPP\htdocs\AlegreSebastian_prueba\system\Common.php(1089): CodeIgniter\View\View->render('CRUD-Usuarios', Array, true)
#2 D:\XAMPP\htdocs\AlegreSebastian_prueba\app\Controllers\Home.php(83): view('CRUD-Usuarios')
#3 D:\XAMPP\htdocs\AlegreSebastian_prueba\system\CodeIgniter.php(832): App\Controllers\Home->crud_usuarios()
#4 D:\XAMPP\htdocs\AlegreSebastian_prueba\system\CodeIgniter.php(419): CodeIgniter\CodeIgniter->runController(Object(App\Controllers\Home))
#5 D:\XAMPP\htdocs\AlegreSebastian_prueba\system\CodeIgniter.php(326): CodeIgniter\CodeIgniter->handleRequest(NULL, Object(Config\Cache), false)
#6 D:\XAMPP\htdocs\AlegreSebastian_prueba\index.php(37): CodeIgniter\CodeIgniter->run()
#7 {main}
CRITICAL - 2022-05-28 23:14:13 --> syntax error, unexpected end of file
#0 D:\XAMPP\htdocs\AlegreSebastian_prueba\system\View\View.php(213): CodeIgniter\View\View->CodeIgniter\View\{closure}()
#1 D:\XAMPP\htdocs\AlegreSebastian_prueba\system\Common.php(1089): CodeIgniter\View\View->render('CRUD-Usuarios', Array, true)
#2 D:\XAMPP\htdocs\AlegreSebastian_prueba\app\Controllers\Home.php(83): view('CRUD-Usuarios')
#3 D:\XAMPP\htdocs\AlegreSebastian_prueba\system\CodeIgniter.php(832): App\Controllers\Home->crud_usuarios()
#4 D:\XAMPP\htdocs\AlegreSebastian_prueba\system\CodeIgniter.php(419): CodeIgniter\CodeIgniter->runController(Object(App\Controllers\Home))
#5 D:\XAMPP\htdocs\AlegreSebastian_prueba\system\CodeIgniter.php(326): CodeIgniter\CodeIgniter->handleRequest(NULL, Object(Config\Cache), false)
#6 D:\XAMPP\htdocs\AlegreSebastian_prueba\index.php(37): CodeIgniter\CodeIgniter->run()
#7 {main}
CRITICAL - 2022-05-28 23:18:33 --> syntax error, unexpected '.'
#0 D:\XAMPP\htdocs\AlegreSebastian_prueba\system\View\View.php(213): CodeIgniter\View\View->CodeIgniter\View\{closure}()
#1 D:\XAMPP\htdocs\AlegreSebastian_prueba\system\Common.php(1089): CodeIgniter\View\View->render('CRUD-Usuarios', Array, true)
#2 D:\XAMPP\htdocs\AlegreSebastian_prueba\app\Controllers\Home.php(83): view('CRUD-Usuarios')
#3 D:\XAMPP\htdocs\AlegreSebastian_prueba\system\CodeIgniter.php(832): App\Controllers\Home->crud_usuarios()
#4 D:\XAMPP\htdocs\AlegreSebastian_prueba\system\CodeIgniter.php(419): CodeIgniter\CodeIgniter->runController(Object(App\Controllers\Home))
#5 D:\XAMPP\htdocs\AlegreSebastian_prueba\system\CodeIgniter.php(326): CodeIgniter\CodeIgniter->handleRequest(NULL, Object(Config\Cache), false)
#6 D:\XAMPP\htdocs\AlegreSebastian_prueba\index.php(37): CodeIgniter\CodeIgniter->run()
#7 {main}
CRITICAL - 2022-05-28 23:18:48 --> syntax error, unexpected '.'
#0 D:\XAMPP\htdocs\AlegreSebastian_prueba\system\View\View.php(213): CodeIgniter\View\View->CodeIgniter\View\{closure}()
#1 D:\XAMPP\htdocs\AlegreSebastian_prueba\system\Common.php(1089): CodeIgniter\View\View->render('CRUD-Usuarios', Array, true)
#2 D:\XAMPP\htdocs\AlegreSebastian_prueba\app\Controllers\Home.php(83): view('CRUD-Usuarios')
#3 D:\XAMPP\htdocs\AlegreSebastian_prueba\system\CodeIgniter.php(832): App\Controllers\Home->crud_usuarios()
#4 D:\XAMPP\htdocs\AlegreSebastian_prueba\system\CodeIgniter.php(419): CodeIgniter\CodeIgniter->runController(Object(App\Controllers\Home))
#5 D:\XAMPP\htdocs\AlegreSebastian_prueba\system\CodeIgniter.php(326): CodeIgniter\CodeIgniter->handleRequest(NULL, Object(Config\Cache), false)
#6 D:\XAMPP\htdocs\AlegreSebastian_prueba\index.php(37): CodeIgniter\CodeIgniter->run()
#7 {main}
CRITICAL - 2022-05-28 23:19:21 --> syntax error, unexpected '.'
#0 D:\XAMPP\htdocs\AlegreSebastian_prueba\system\View\View.php(213): CodeIgniter\View\View->CodeIgniter\View\{closure}()
#1 D:\XAMPP\htdocs\AlegreSebastian_prueba\system\Common.php(1089): CodeIgniter\View\View->render('CRUD-Usuarios', Array, true)
#2 D:\XAMPP\htdocs\AlegreSebastian_prueba\app\Controllers\Home.php(83): view('CRUD-Usuarios')
#3 D:\XAMPP\htdocs\AlegreSebastian_prueba\system\CodeIgniter.php(832): App\Controllers\Home->crud_usuarios()
#4 D:\XAMPP\htdocs\AlegreSebastian_prueba\system\CodeIgniter.php(419): CodeIgniter\CodeIgniter->runController(Object(App\Controllers\Home))
#5 D:\XAMPP\htdocs\AlegreSebastian_prueba\system\CodeIgniter.php(326): CodeIgniter\CodeIgniter->handleRequest(NULL, Object(Config\Cache), false)
#6 D:\XAMPP\htdocs\AlegreSebastian_prueba\index.php(37): CodeIgniter\CodeIgniter->run()
#7 {main}
CRITICAL - 2022-05-28 23:19:30 --> syntax error, unexpected '.'
#0 D:\XAMPP\htdocs\AlegreSebastian_prueba\system\View\View.php(213): CodeIgniter\View\View->CodeIgniter\View\{closure}()
#1 D:\XAMPP\htdocs\AlegreSebastian_prueba\system\Common.php(1089): CodeIgniter\View\View->render('CRUD-Usuarios', Array, true)
#2 D:\XAMPP\htdocs\AlegreSebastian_prueba\app\Controllers\Home.php(83): view('CRUD-Usuarios')
#3 D:\XAMPP\htdocs\AlegreSebastian_prueba\system\CodeIgniter.php(832): App\Controllers\Home->crud_usuarios()
#4 D:\XAMPP\htdocs\AlegreSebastian_prueba\system\CodeIgniter.php(419): CodeIgniter\CodeIgniter->runController(Object(App\Controllers\Home))
#5 D:\XAMPP\htdocs\AlegreSebastian_prueba\system\CodeIgniter.php(326): CodeIgniter\CodeIgniter->handleRequest(NULL, Object(Config\Cache), false)
#6 D:\XAMPP\htdocs\AlegreSebastian_prueba\index.php(37): CodeIgniter\CodeIgniter->run()
#7 {main}
CRITICAL - 2022-05-28 23:20:31 --> syntax error, unexpected '.'
#0 D:\XAMPP\htdocs\AlegreSebastian_prueba\system\View\View.php(213): CodeIgniter\View\View->CodeIgniter\View\{closure}()
#1 D:\XAMPP\htdocs\AlegreSebastian_prueba\system\Common.php(1089): CodeIgniter\View\View->render('CRUD-Usuarios', Array, true)
#2 D:\XAMPP\htdocs\AlegreSebastian_prueba\app\Controllers\Home.php(83): view('CRUD-Usuarios')
#3 D:\XAMPP\htdocs\AlegreSebastian_prueba\system\CodeIgniter.php(832): App\Controllers\Home->crud_usuarios()
#4 D:\XAMPP\htdocs\AlegreSebastian_prueba\system\CodeIgniter.php(419): CodeIgniter\CodeIgniter->runController(Object(App\Controllers\Home))
#5 D:\XAMPP\htdocs\AlegreSebastian_prueba\system\CodeIgniter.php(326): CodeIgniter\CodeIgniter->handleRequest(NULL, Object(Config\Cache), false)
#6 D:\XAMPP\htdocs\AlegreSebastian_prueba\index.php(37): CodeIgniter\CodeIgniter->run()
#7 {main}
CRITICAL - 2022-05-28 23:20:38 --> syntax error, unexpected '.'
#0 D:\XAMPP\htdocs\AlegreSebastian_prueba\system\View\View.php(213): CodeIgniter\View\View->CodeIgniter\View\{closure}()
#1 D:\XAMPP\htdocs\AlegreSebastian_prueba\system\Common.php(1089): CodeIgniter\View\View->render('CRUD-Usuarios', Array, true)
#2 D:\XAMPP\htdocs\AlegreSebastian_prueba\app\Controllers\Home.php(83): view('CRUD-Usuarios')
#3 D:\XAMPP\htdocs\AlegreSebastian_prueba\system\CodeIgniter.php(832): App\Controllers\Home->crud_usuarios()
#4 D:\XAMPP\htdocs\AlegreSebastian_prueba\system\CodeIgniter.php(419): CodeIgniter\CodeIgniter->runController(Object(App\Controllers\Home))
#5 D:\XAMPP\htdocs\AlegreSebastian_prueba\system\CodeIgniter.php(326): CodeIgniter\CodeIgniter->handleRequest(NULL, Object(Config\Cache), false)
#6 D:\XAMPP\htdocs\AlegreSebastian_prueba\index.php(37): CodeIgniter\CodeIgniter->run()
#7 {main}
