CRITICAL - 2023-06-20 13:05:06 --> Undefined variable: usuario
#0 D:\XAMPP\htdocs\GestionPagos\app\Views\registrar-pago.php(96): CodeIgniter\Debug\Exceptions->errorHandler(8, 'Undefined varia...', 'D:\\XAMPP\\htdocs...', 96, Array)
#1 D:\XAMPP\htdocs\GestionPagos\system\View\View.php(210): include('D:\\XAMPP\\htdocs...')
#2 D:\XAMPP\htdocs\GestionPagos\system\View\View.php(213): CodeIgniter\View\View->CodeIgniter\View\{closure}()
#3 D:\XAMPP\htdocs\GestionPagos\system\Common.php(1089): CodeIgniter\View\View->render('registrar-pago', Array, true)
#4 D:\XAMPP\htdocs\GestionPagos\app\Controllers\Home.php(53): view('registrar-pago')
#5 D:\XAMPP\htdocs\GestionPagos\system\CodeIgniter.php(832): App\Controllers\Home->registrar_pago()
#6 D:\XAMPP\htdocs\GestionPagos\system\CodeIgniter.php(419): CodeIgniter\CodeIgniter->runController(Object(App\Controllers\Home))
#7 D:\XAMPP\htdocs\GestionPagos\system\CodeIgniter.php(326): CodeIgniter\CodeIgniter->handleRequest(NULL, Object(Config\Cache), false)
#8 D:\XAMPP\htdocs\GestionPagos\index.php(37): CodeIgniter\CodeIgniter->run()
#9 {main}
CRITICAL - 2023-06-20 13:44:22 --> Invalid file: registrar-pago.php
#0 D:\XAMPP\htdocs\GestionPagos\system\View\View.php(198): CodeIgniter\Exceptions\FrameworkException::forInvalidFile('registrar-pago....')
#1 D:\XAMPP\htdocs\GestionPagos\system\Common.php(1089): CodeIgniter\View\View->render('registrar-pago', Array, true)
#2 D:\XAMPP\htdocs\GestionPagos\app\Controllers\Home.php(53): view('registrar-pago')
#3 D:\XAMPP\htdocs\GestionPagos\system\CodeIgniter.php(832): App\Controllers\Home->registrar_pago()
#4 D:\XAMPP\htdocs\GestionPagos\system\CodeIgniter.php(419): CodeIgniter\CodeIgniter->runController(Object(App\Controllers\Home))
#5 D:\XAMPP\htdocs\GestionPagos\system\CodeIgniter.php(326): CodeIgniter\CodeIgniter->handleRequest(NULL, Object(Config\Cache), false)
#6 D:\XAMPP\htdocs\GestionPagos\index.php(37): CodeIgniter\CodeIgniter->run()
#7 {main}
CRITICAL - 2023-06-20 13:45:24 --> Invalid file: buscar_alumno.php
#0 D:\XAMPP\htdocs\GestionPagos\system\View\View.php(198): CodeIgniter\Exceptions\FrameworkException::forInvalidFile('buscar_alumno.p...')
#1 D:\XAMPP\htdocs\GestionPagos\system\Common.php(1089): CodeIgniter\View\View->render('buscar_alumno', Array, true)
#2 D:\XAMPP\htdocs\GestionPagos\app\Controllers\Home.php(60): view('buscar_alumno')
#3 D:\XAMPP\htdocs\GestionPagos\system\CodeIgniter.php(832): App\Controllers\Home->buscar_alumno()
#4 D:\XAMPP\htdocs\GestionPagos\system\CodeIgniter.php(419): CodeIgniter\CodeIgniter->runController(Object(App\Controllers\Home))
#5 D:\XAMPP\htdocs\GestionPagos\system\CodeIgniter.php(326): CodeIgniter\CodeIgniter->handleRequest(NULL, Object(Config\Cache), false)
#6 D:\XAMPP\htdocs\GestionPagos\index.php(37): CodeIgniter\CodeIgniter->run()
#7 {main}
CRITICAL - 2023-06-20 13:45:46 --> Invalid file: buscar_alumno.php
#0 D:\XAMPP\htdocs\GestionPagos\system\View\View.php(198): CodeIgniter\Exceptions\FrameworkException::forInvalidFile('buscar_alumno.p...')
#1 D:\XAMPP\htdocs\GestionPagos\system\Common.php(1089): CodeIgniter\View\View->render('buscar_alumno', Array, true)
#2 D:\XAMPP\htdocs\GestionPagos\app\Controllers\Home.php(60): view('buscar_alumno')
#3 D:\XAMPP\htdocs\GestionPagos\system\CodeIgniter.php(832): App\Controllers\Home->buscar_alumno()
#4 D:\XAMPP\htdocs\GestionPagos\system\CodeIgniter.php(419): CodeIgniter\CodeIgniter->runController(Object(App\Controllers\Home))
#5 D:\XAMPP\htdocs\GestionPagos\system\CodeIgniter.php(326): CodeIgniter\CodeIgniter->handleRequest(NULL, Object(Config\Cache), false)
#6 D:\XAMPP\htdocs\GestionPagos\index.php(37): CodeIgniter\CodeIgniter->run()
#7 {main}
CRITICAL - 2023-06-20 14:04:44 --> Undefined variable: usuario
#0 D:\XAMPP\htdocs\GestionPagos\app\Views\cuotas-empleado.php(46): CodeIgniter\Debug\Exceptions->errorHandler(8, 'Undefined varia...', 'D:\\XAMPP\\htdocs...', 46, Array)
#1 D:\XAMPP\htdocs\GestionPagos\system\View\View.php(210): include('D:\\XAMPP\\htdocs...')
#2 D:\XAMPP\htdocs\GestionPagos\system\View\View.php(213): CodeIgniter\View\View->CodeIgniter\View\{closure}()
#3 D:\XAMPP\htdocs\GestionPagos\system\Common.php(1089): CodeIgniter\View\View->render('cuotas-empleado', Array, true)
#4 D:\XAMPP\htdocs\GestionPagos\app\Controllers\Usuarios_controller.php(20): view('cuotas-empleado', Array)
#5 D:\XAMPP\htdocs\GestionPagos\system\CodeIgniter.php(832): App\Controllers\Usuarios_controller->buscar_alumno('$1')
#6 D:\XAMPP\htdocs\GestionPagos\system\CodeIgniter.php(419): CodeIgniter\CodeIgniter->runController(Object(App\Controllers\Usuarios_controller))
#7 D:\XAMPP\htdocs\GestionPagos\system\CodeIgniter.php(326): CodeIgniter\CodeIgniter->handleRequest(NULL, Object(Config\Cache), false)
#8 D:\XAMPP\htdocs\GestionPagos\index.php(37): CodeIgniter\CodeIgniter->run()
#9 {main}
CRITICAL - 2023-06-20 14:07:15 --> Invalid file: registrar-pago.php
#0 D:\XAMPP\htdocs\GestionPagos\system\View\View.php(198): CodeIgniter\Exceptions\FrameworkException::forInvalidFile('registrar-pago....')
#1 D:\XAMPP\htdocs\GestionPagos\system\Common.php(1089): CodeIgniter\View\View->render('registrar-pago', Array, true)
#2 D:\XAMPP\htdocs\GestionPagos\app\Controllers\Home.php(53): view('registrar-pago')
#3 D:\XAMPP\htdocs\GestionPagos\system\CodeIgniter.php(832): App\Controllers\Home->registrar_pago()
#4 D:\XAMPP\htdocs\GestionPagos\system\CodeIgniter.php(419): CodeIgniter\CodeIgniter->runController(Object(App\Controllers\Home))
#5 D:\XAMPP\htdocs\GestionPagos\system\CodeIgniter.php(326): CodeIgniter\CodeIgniter->handleRequest(NULL, Object(Config\Cache), false)
#6 D:\XAMPP\htdocs\GestionPagos\index.php(37): CodeIgniter\CodeIgniter->run()
#7 {main}
CRITICAL - 2023-06-20 14:28:33 --> Undefined index: id
#0 D:\XAMPP\htdocs\GestionPagos\app\Views\cuotas-empleado.php(117): CodeIgniter\Debug\Exceptions->errorHandler(8, 'Undefined index...', 'D:\\XAMPP\\htdocs...', 117, Array)
#1 D:\XAMPP\htdocs\GestionPagos\system\View\View.php(210): include('D:\\XAMPP\\htdocs...')
#2 D:\XAMPP\htdocs\GestionPagos\system\View\View.php(213): CodeIgniter\View\View->CodeIgniter\View\{closure}()
#3 D:\XAMPP\htdocs\GestionPagos\system\Common.php(1089): CodeIgniter\View\View->render('cuotas-empleado', Array, true)
#4 D:\XAMPP\htdocs\GestionPagos\app\Controllers\Usuarios_controller.php(20): view('cuotas-empleado', Array)
#5 D:\XAMPP\htdocs\GestionPagos\system\CodeIgniter.php(832): App\Controllers\Usuarios_controller->buscar_alumno('$1')
#6 D:\XAMPP\htdocs\GestionPagos\system\CodeIgniter.php(419): CodeIgniter\CodeIgniter->runController(Object(App\Controllers\Usuarios_controller))
#7 D:\XAMPP\htdocs\GestionPagos\system\CodeIgniter.php(326): CodeIgniter\CodeIgniter->handleRequest(NULL, Object(Config\Cache), false)
#8 D:\XAMPP\htdocs\GestionPagos\index.php(37): CodeIgniter\CodeIgniter->run()
#9 {main}
CRITICAL - 2023-06-20 14:28:46 --> Undefined variable: db
#0 D:\XAMPP\htdocs\GestionPagos\app\Views\cuotas-empleado.php(140): CodeIgniter\Debug\Exceptions->errorHandler(8, 'Undefined varia...', 'D:\\XAMPP\\htdocs...', 140, Array)
#1 D:\XAMPP\htdocs\GestionPagos\system\View\View.php(210): include('D:\\XAMPP\\htdocs...')
#2 D:\XAMPP\htdocs\GestionPagos\system\View\View.php(213): CodeIgniter\View\View->CodeIgniter\View\{closure}()
#3 D:\XAMPP\htdocs\GestionPagos\system\Common.php(1089): CodeIgniter\View\View->render('cuotas-empleado', Array, true)
#4 D:\XAMPP\htdocs\GestionPagos\app\Controllers\Usuarios_controller.php(20): view('cuotas-empleado', Array)
#5 D:\XAMPP\htdocs\GestionPagos\system\CodeIgniter.php(832): App\Controllers\Usuarios_controller->buscar_alumno('$1')
#6 D:\XAMPP\htdocs\GestionPagos\system\CodeIgniter.php(419): CodeIgniter\CodeIgniter->runController(Object(App\Controllers\Usuarios_controller))
#7 D:\XAMPP\htdocs\GestionPagos\system\CodeIgniter.php(326): CodeIgniter\CodeIgniter->handleRequest(NULL, Object(Config\Cache), false)
#8 D:\XAMPP\htdocs\GestionPagos\index.php(37): CodeIgniter\CodeIgniter->run()
#9 {main}
CRITICAL - 2023-06-20 16:53:22 --> syntax error, unexpected '}', expecting ';' or ','
#0 D:\XAMPP\htdocs\GestionPagos\system\View\View.php(213): CodeIgniter\View\View->CodeIgniter\View\{closure}()
#1 D:\XAMPP\htdocs\GestionPagos\system\Common.php(1089): CodeIgniter\View\View->render('CRUD-Usuarios', Array, true)
#2 D:\XAMPP\htdocs\GestionPagos\app\Controllers\Home.php(18): view('CRUD-Usuarios')
#3 D:\XAMPP\htdocs\GestionPagos\system\CodeIgniter.php(832): App\Controllers\Home->crud_usuarios()
#4 D:\XAMPP\htdocs\GestionPagos\system\CodeIgniter.php(419): CodeIgniter\CodeIgniter->runController(Object(App\Controllers\Home))
#5 D:\XAMPP\htdocs\GestionPagos\system\CodeIgniter.php(326): CodeIgniter\CodeIgniter->handleRequest(NULL, Object(Config\Cache), false)
#6 D:\XAMPP\htdocs\GestionPagos\index.php(37): CodeIgniter\CodeIgniter->run()
#7 {main}
CRITICAL - 2023-06-20 16:53:34 --> syntax error, unexpected ')'
#0 D:\XAMPP\htdocs\GestionPagos\system\View\View.php(213): CodeIgniter\View\View->CodeIgniter\View\{closure}()
#1 D:\XAMPP\htdocs\GestionPagos\system\Common.php(1089): CodeIgniter\View\View->render('CRUD-Usuarios', Array, true)
#2 D:\XAMPP\htdocs\GestionPagos\app\Controllers\Home.php(18): view('CRUD-Usuarios')
#3 D:\XAMPP\htdocs\GestionPagos\system\CodeIgniter.php(832): App\Controllers\Home->crud_usuarios()
#4 D:\XAMPP\htdocs\GestionPagos\system\CodeIgniter.php(419): CodeIgniter\CodeIgniter->runController(Object(App\Controllers\Home))
#5 D:\XAMPP\htdocs\GestionPagos\system\CodeIgniter.php(326): CodeIgniter\CodeIgniter->handleRequest(NULL, Object(Config\Cache), false)
#6 D:\XAMPP\htdocs\GestionPagos\index.php(37): CodeIgniter\CodeIgniter->run()
#7 {main}
CRITICAL - 2023-06-20 17:05:01 --> Undefined variable: session
#0 D:\XAMPP\htdocs\GestionPagos\app\Views\CRUD-Usuarios.php(38): CodeIgniter\Debug\Exceptions->errorHandler(8, 'Undefined varia...', 'D:\\XAMPP\\htdocs...', 38, Array)
#1 D:\XAMPP\htdocs\GestionPagos\system\View\View.php(210): include('D:\\XAMPP\\htdocs...')
#2 D:\XAMPP\htdocs\GestionPagos\system\View\View.php(213): CodeIgniter\View\View->CodeIgniter\View\{closure}()
#3 D:\XAMPP\htdocs\GestionPagos\system\Common.php(1089): CodeIgniter\View\View->render('CRUD-Usuarios', Array, true)
#4 D:\XAMPP\htdocs\GestionPagos\app\Controllers\Home.php(18): view('CRUD-Usuarios')
#5 D:\XAMPP\htdocs\GestionPagos\system\CodeIgniter.php(832): App\Controllers\Home->crud_usuarios()
#6 D:\XAMPP\htdocs\GestionPagos\system\CodeIgniter.php(419): CodeIgniter\CodeIgniter->runController(Object(App\Controllers\Home))
#7 D:\XAMPP\htdocs\GestionPagos\system\CodeIgniter.php(326): CodeIgniter\CodeIgniter->handleRequest(NULL, Object(Config\Cache), false)
#8 D:\XAMPP\htdocs\GestionPagos\index.php(37): CodeIgniter\CodeIgniter->run()
#9 {main}
CRITICAL - 2023-06-20 17:05:12 --> Undefined property: CodeIgniter\View\View::$session
#0 D:\XAMPP\htdocs\GestionPagos\app\Views\CRUD-Usuarios.php(143): CodeIgniter\Debug\Exceptions->errorHandler(8, 'Undefined prope...', 'D:\\XAMPP\\htdocs...', 143, Array)
#1 D:\XAMPP\htdocs\GestionPagos\system\View\View.php(210): include('D:\\XAMPP\\htdocs...')
#2 D:\XAMPP\htdocs\GestionPagos\system\View\View.php(213): CodeIgniter\View\View->CodeIgniter\View\{closure}()
#3 D:\XAMPP\htdocs\GestionPagos\system\Common.php(1089): CodeIgniter\View\View->render('CRUD-Usuarios', Array, true)
#4 D:\XAMPP\htdocs\GestionPagos\app\Controllers\Home.php(18): view('CRUD-Usuarios')
#5 D:\XAMPP\htdocs\GestionPagos\system\CodeIgniter.php(832): App\Controllers\Home->crud_usuarios()
#6 D:\XAMPP\htdocs\GestionPagos\system\CodeIgniter.php(419): CodeIgniter\CodeIgniter->runController(Object(App\Controllers\Home))
#7 D:\XAMPP\htdocs\GestionPagos\system\CodeIgniter.php(326): CodeIgniter\CodeIgniter->handleRequest(NULL, Object(Config\Cache), false)
#8 D:\XAMPP\htdocs\GestionPagos\index.php(37): CodeIgniter\CodeIgniter->run()
#9 {main}
CRITICAL - 2023-06-20 17:05:46 --> Undefined property: CodeIgniter\View\View::$session
#0 D:\XAMPP\htdocs\GestionPagos\app\Views\CRUD-Usuarios.php(143): CodeIgniter\Debug\Exceptions->errorHandler(8, 'Undefined prope...', 'D:\\XAMPP\\htdocs...', 143, Array)
#1 D:\XAMPP\htdocs\GestionPagos\system\View\View.php(210): include('D:\\XAMPP\\htdocs...')
#2 D:\XAMPP\htdocs\GestionPagos\system\View\View.php(213): CodeIgniter\View\View->CodeIgniter\View\{closure}()
#3 D:\XAMPP\htdocs\GestionPagos\system\Common.php(1089): CodeIgniter\View\View->render('CRUD-Usuarios', Array, true)
#4 D:\XAMPP\htdocs\GestionPagos\app\Controllers\Home.php(18): view('CRUD-Usuarios')
#5 D:\XAMPP\htdocs\GestionPagos\system\CodeIgniter.php(832): App\Controllers\Home->crud_usuarios()
#6 D:\XAMPP\htdocs\GestionPagos\system\CodeIgniter.php(419): CodeIgniter\CodeIgniter->runController(Object(App\Controllers\Home))
#7 D:\XAMPP\htdocs\GestionPagos\system\CodeIgniter.php(326): CodeIgniter\CodeIgniter->handleRequest(NULL, Object(Config\Cache), false)
#8 D:\XAMPP\htdocs\GestionPagos\index.php(37): CodeIgniter\CodeIgniter->run()
#9 {main}
CRITICAL - 2023-06-20 17:05:53 --> Undefined property: CodeIgniter\View\View::$session
#0 D:\XAMPP\htdocs\GestionPagos\app\Views\CRUD-Usuarios.php(143): CodeIgniter\Debug\Exceptions->errorHandler(8, 'Undefined prope...', 'D:\\XAMPP\\htdocs...', 143, Array)
#1 D:\XAMPP\htdocs\GestionPagos\system\View\View.php(210): include('D:\\XAMPP\\htdocs...')
#2 D:\XAMPP\htdocs\GestionPagos\system\View\View.php(213): CodeIgniter\View\View->CodeIgniter\View\{closure}()
#3 D:\XAMPP\htdocs\GestionPagos\system\Common.php(1089): CodeIgniter\View\View->render('CRUD-Usuarios', Array, true)
#4 D:\XAMPP\htdocs\GestionPagos\app\Controllers\Home.php(18): view('CRUD-Usuarios')
#5 D:\XAMPP\htdocs\GestionPagos\system\CodeIgniter.php(832): App\Controllers\Home->crud_usuarios()
#6 D:\XAMPP\htdocs\GestionPagos\system\CodeIgniter.php(419): CodeIgniter\CodeIgniter->runController(Object(App\Controllers\Home))
#7 D:\XAMPP\htdocs\GestionPagos\system\CodeIgniter.php(326): CodeIgniter\CodeIgniter->handleRequest(NULL, Object(Config\Cache), false)
#8 D:\XAMPP\htdocs\GestionPagos\index.php(37): CodeIgniter\CodeIgniter->run()
#9 {main}
CRITICAL - 2023-06-20 17:07:29 --> Undefined property: CodeIgniter\View\View::$session
#0 D:\XAMPP\htdocs\GestionPagos\app\Views\CRUD-Usuarios.php(143): CodeIgniter\Debug\Exceptions->errorHandler(8, 'Undefined prope...', 'D:\\XAMPP\\htdocs...', 143, Array)
#1 D:\XAMPP\htdocs\GestionPagos\system\View\View.php(210): include('D:\\XAMPP\\htdocs...')
#2 D:\XAMPP\htdocs\GestionPagos\system\View\View.php(213): CodeIgniter\View\View->CodeIgniter\View\{closure}()
#3 D:\XAMPP\htdocs\GestionPagos\system\Common.php(1089): CodeIgniter\View\View->render('CRUD-Usuarios', Array, true)
#4 D:\XAMPP\htdocs\GestionPagos\app\Controllers\Home.php(18): view('CRUD-Usuarios')
#5 D:\XAMPP\htdocs\GestionPagos\system\CodeIgniter.php(832): App\Controllers\Home->crud_usuarios()
#6 D:\XAMPP\htdocs\GestionPagos\system\CodeIgniter.php(419): CodeIgniter\CodeIgniter->runController(Object(App\Controllers\Home))
#7 D:\XAMPP\htdocs\GestionPagos\system\CodeIgniter.php(326): CodeIgniter\CodeIgniter->handleRequest(NULL, Object(Config\Cache), false)
#8 D:\XAMPP\htdocs\GestionPagos\index.php(37): CodeIgniter\CodeIgniter->run()
#9 {main}
CRITICAL - 2023-06-20 17:08:13 --> Undefined property: CodeIgniter\View\View::$session
#0 D:\XAMPP\htdocs\GestionPagos\app\Views\CRUD-Usuarios.php(143): CodeIgniter\Debug\Exceptions->errorHandler(8, 'Undefined prope...', 'D:\\XAMPP\\htdocs...', 143, Array)
#1 D:\XAMPP\htdocs\GestionPagos\system\View\View.php(210): include('D:\\XAMPP\\htdocs...')
#2 D:\XAMPP\htdocs\GestionPagos\system\View\View.php(213): CodeIgniter\View\View->CodeIgniter\View\{closure}()
#3 D:\XAMPP\htdocs\GestionPagos\system\Common.php(1089): CodeIgniter\View\View->render('CRUD-Usuarios', Array, true)
#4 D:\XAMPP\htdocs\GestionPagos\app\Controllers\Home.php(18): view('CRUD-Usuarios')
#5 D:\XAMPP\htdocs\GestionPagos\system\CodeIgniter.php(832): App\Controllers\Home->crud_usuarios()
#6 D:\XAMPP\htdocs\GestionPagos\system\CodeIgniter.php(419): CodeIgniter\CodeIgniter->runController(Object(App\Controllers\Home))
#7 D:\XAMPP\htdocs\GestionPagos\system\CodeIgniter.php(326): CodeIgniter\CodeIgniter->handleRequest(NULL, Object(Config\Cache), false)
#8 D:\XAMPP\htdocs\GestionPagos\index.php(37): CodeIgniter\CodeIgniter->run()
#9 {main}
CRITICAL - 2023-06-20 17:08:14 --> Undefined property: CodeIgniter\View\View::$session
#0 D:\XAMPP\htdocs\GestionPagos\app\Views\CRUD-Usuarios.php(143): CodeIgniter\Debug\Exceptions->errorHandler(8, 'Undefined prope...', 'D:\\XAMPP\\htdocs...', 143, Array)
#1 D:\XAMPP\htdocs\GestionPagos\system\View\View.php(210): include('D:\\XAMPP\\htdocs...')
#2 D:\XAMPP\htdocs\GestionPagos\system\View\View.php(213): CodeIgniter\View\View->CodeIgniter\View\{closure}()
#3 D:\XAMPP\htdocs\GestionPagos\system\Common.php(1089): CodeIgniter\View\View->render('CRUD-Usuarios', Array, true)
#4 D:\XAMPP\htdocs\GestionPagos\app\Controllers\Home.php(18): view('CRUD-Usuarios')
#5 D:\XAMPP\htdocs\GestionPagos\system\CodeIgniter.php(832): App\Controllers\Home->crud_usuarios()
#6 D:\XAMPP\htdocs\GestionPagos\system\CodeIgniter.php(419): CodeIgniter\CodeIgniter->runController(Object(App\Controllers\Home))
#7 D:\XAMPP\htdocs\GestionPagos\system\CodeIgniter.php(326): CodeIgniter\CodeIgniter->handleRequest(NULL, Object(Config\Cache), false)
#8 D:\XAMPP\htdocs\GestionPagos\index.php(37): CodeIgniter\CodeIgniter->run()
#9 {main}
CRITICAL - 2023-06-20 17:13:12 --> Call to undefined method CodeIgniter\Session\Session::set_userdata()
#0 D:\XAMPP\htdocs\GestionPagos\system\View\View.php(210): include()
#1 D:\XAMPP\htdocs\GestionPagos\system\View\View.php(213): CodeIgniter\View\View->CodeIgniter\View\{closure}()
#2 D:\XAMPP\htdocs\GestionPagos\system\Common.php(1089): CodeIgniter\View\View->render('CRUD-Usuarios', Array, true)
#3 D:\XAMPP\htdocs\GestionPagos\app\Controllers\Home.php(18): view('CRUD-Usuarios')
#4 D:\XAMPP\htdocs\GestionPagos\system\CodeIgniter.php(832): App\Controllers\Home->crud_usuarios()
#5 D:\XAMPP\htdocs\GestionPagos\system\CodeIgniter.php(419): CodeIgniter\CodeIgniter->runController(Object(App\Controllers\Home))
#6 D:\XAMPP\htdocs\GestionPagos\system\CodeIgniter.php(326): CodeIgniter\CodeIgniter->handleRequest(NULL, Object(Config\Cache), false)
#7 D:\XAMPP\htdocs\GestionPagos\index.php(37): CodeIgniter\CodeIgniter->run()
#8 {main}
CRITICAL - 2023-06-20 17:22:07 --> syntax error, unexpected ';', expecting ')'
#0 D:\XAMPP\htdocs\GestionPagos\system\View\View.php(213): CodeIgniter\View\View->CodeIgniter\View\{closure}()
#1 D:\XAMPP\htdocs\GestionPagos\system\Common.php(1089): CodeIgniter\View\View->render('CRUD-Usuarios', Array, true)
#2 D:\XAMPP\htdocs\GestionPagos\app\Controllers\Home.php(18): view('CRUD-Usuarios')
#3 D:\XAMPP\htdocs\GestionPagos\system\CodeIgniter.php(832): App\Controllers\Home->crud_usuarios()
#4 D:\XAMPP\htdocs\GestionPagos\system\CodeIgniter.php(419): CodeIgniter\CodeIgniter->runController(Object(App\Controllers\Home))
#5 D:\XAMPP\htdocs\GestionPagos\system\CodeIgniter.php(326): CodeIgniter\CodeIgniter->handleRequest(NULL, Object(Config\Cache), false)
#6 D:\XAMPP\htdocs\GestionPagos\index.php(37): CodeIgniter\CodeIgniter->run()
#7 {main}
CRITICAL - 2023-06-20 17:22:20 --> Undefined property: CodeIgniter\View\View::$session
#0 D:\XAMPP\htdocs\GestionPagos\app\Views\CRUD-Usuarios.php(143): CodeIgniter\Debug\Exceptions->errorHandler(8, 'Undefined prope...', 'D:\\XAMPP\\htdocs...', 143, Array)
#1 D:\XAMPP\htdocs\GestionPagos\system\View\View.php(210): include('D:\\XAMPP\\htdocs...')
#2 D:\XAMPP\htdocs\GestionPagos\system\View\View.php(213): CodeIgniter\View\View->CodeIgniter\View\{closure}()
#3 D:\XAMPP\htdocs\GestionPagos\system\Common.php(1089): CodeIgniter\View\View->render('CRUD-Usuarios', Array, true)
#4 D:\XAMPP\htdocs\GestionPagos\app\Controllers\Home.php(18): view('CRUD-Usuarios')
#5 D:\XAMPP\htdocs\GestionPagos\system\CodeIgniter.php(832): App\Controllers\Home->crud_usuarios()
#6 D:\XAMPP\htdocs\GestionPagos\system\CodeIgniter.php(419): CodeIgniter\CodeIgniter->runController(Object(App\Controllers\Home))
#7 D:\XAMPP\htdocs\GestionPagos\system\CodeIgniter.php(326): CodeIgniter\CodeIgniter->handleRequest(NULL, Object(Config\Cache), false)
#8 D:\XAMPP\htdocs\GestionPagos\index.php(37): CodeIgniter\CodeIgniter->run()
#9 {main}
CRITICAL - 2023-06-20 17:23:17 --> Undefined property: CodeIgniter\View\View::$session
#0 D:\XAMPP\htdocs\GestionPagos\app\Views\CRUD-Usuarios.php(143): CodeIgniter\Debug\Exceptions->errorHandler(8, 'Undefined prope...', 'D:\\XAMPP\\htdocs...', 143, Array)
#1 D:\XAMPP\htdocs\GestionPagos\system\View\View.php(210): include('D:\\XAMPP\\htdocs...')
#2 D:\XAMPP\htdocs\GestionPagos\system\View\View.php(213): CodeIgniter\View\View->CodeIgniter\View\{closure}()
#3 D:\XAMPP\htdocs\GestionPagos\system\Common.php(1089): CodeIgniter\View\View->render('CRUD-Usuarios', Array, true)
#4 D:\XAMPP\htdocs\GestionPagos\app\Controllers\Home.php(18): view('CRUD-Usuarios')
#5 D:\XAMPP\htdocs\GestionPagos\system\CodeIgniter.php(832): App\Controllers\Home->crud_usuarios()
#6 D:\XAMPP\htdocs\GestionPagos\system\CodeIgniter.php(419): CodeIgniter\CodeIgniter->runController(Object(App\Controllers\Home))
#7 D:\XAMPP\htdocs\GestionPagos\system\CodeIgniter.php(326): CodeIgniter\CodeIgniter->handleRequest(NULL, Object(Config\Cache), false)
#8 D:\XAMPP\htdocs\GestionPagos\index.php(37): CodeIgniter\CodeIgniter->run()
#9 {main}
CRITICAL - 2023-06-20 17:23:28 --> Undefined property: CodeIgniter\View\View::$session
#0 D:\XAMPP\htdocs\GestionPagos\app\Views\CRUD-Usuarios.php(143): CodeIgniter\Debug\Exceptions->errorHandler(8, 'Undefined prope...', 'D:\\XAMPP\\htdocs...', 143, Array)
#1 D:\XAMPP\htdocs\GestionPagos\system\View\View.php(210): include('D:\\XAMPP\\htdocs...')
#2 D:\XAMPP\htdocs\GestionPagos\system\View\View.php(213): CodeIgniter\View\View->CodeIgniter\View\{closure}()
#3 D:\XAMPP\htdocs\GestionPagos\system\Common.php(1089): CodeIgniter\View\View->render('CRUD-Usuarios', Array, true)
#4 D:\XAMPP\htdocs\GestionPagos\app\Controllers\Home.php(18): view('CRUD-Usuarios')
#5 D:\XAMPP\htdocs\GestionPagos\system\CodeIgniter.php(832): App\Controllers\Home->crud_usuarios()
#6 D:\XAMPP\htdocs\GestionPagos\system\CodeIgniter.php(419): CodeIgniter\CodeIgniter->runController(Object(App\Controllers\Home))
#7 D:\XAMPP\htdocs\GestionPagos\system\CodeIgniter.php(326): CodeIgniter\CodeIgniter->handleRequest(NULL, Object(Config\Cache), false)
#8 D:\XAMPP\htdocs\GestionPagos\index.php(37): CodeIgniter\CodeIgniter->run()
#9 {main}
CRITICAL - 2023-06-20 17:25:25 --> Undefined property: CodeIgniter\View\View::$session
#0 D:\XAMPP\htdocs\GestionPagos\app\Views\CRUD-Usuarios.php(143): CodeIgniter\Debug\Exceptions->errorHandler(8, 'Undefined prope...', 'D:\\XAMPP\\htdocs...', 143, Array)
#1 D:\XAMPP\htdocs\GestionPagos\system\View\View.php(210): include('D:\\XAMPP\\htdocs...')
#2 D:\XAMPP\htdocs\GestionPagos\system\View\View.php(213): CodeIgniter\View\View->CodeIgniter\View\{closure}()
#3 D:\XAMPP\htdocs\GestionPagos\system\Common.php(1089): CodeIgniter\View\View->render('CRUD-Usuarios', Array, true)
#4 D:\XAMPP\htdocs\GestionPagos\app\Controllers\Home.php(18): view('CRUD-Usuarios')
#5 D:\XAMPP\htdocs\GestionPagos\system\CodeIgniter.php(832): App\Controllers\Home->crud_usuarios()
#6 D:\XAMPP\htdocs\GestionPagos\system\CodeIgniter.php(419): CodeIgniter\CodeIgniter->runController(Object(App\Controllers\Home))
#7 D:\XAMPP\htdocs\GestionPagos\system\CodeIgniter.php(326): CodeIgniter\CodeIgniter->handleRequest(NULL, Object(Config\Cache), false)
#8 D:\XAMPP\htdocs\GestionPagos\index.php(37): CodeIgniter\CodeIgniter->run()
#9 {main}
CRITICAL - 2023-06-20 17:25:48 --> Undefined property: CodeIgniter\View\View::$session
#0 D:\XAMPP\htdocs\GestionPagos\app\Views\CRUD-Usuarios.php(143): CodeIgniter\Debug\Exceptions->errorHandler(8, 'Undefined prope...', 'D:\\XAMPP\\htdocs...', 143, Array)
#1 D:\XAMPP\htdocs\GestionPagos\system\View\View.php(210): include('D:\\XAMPP\\htdocs...')
#2 D:\XAMPP\htdocs\GestionPagos\system\View\View.php(213): CodeIgniter\View\View->CodeIgniter\View\{closure}()
#3 D:\XAMPP\htdocs\GestionPagos\system\Common.php(1089): CodeIgniter\View\View->render('CRUD-Usuarios', Array, true)
#4 D:\XAMPP\htdocs\GestionPagos\app\Controllers\Home.php(18): view('CRUD-Usuarios')
#5 D:\XAMPP\htdocs\GestionPagos\system\CodeIgniter.php(832): App\Controllers\Home->crud_usuarios()
#6 D:\XAMPP\htdocs\GestionPagos\system\CodeIgniter.php(419): CodeIgniter\CodeIgniter->runController(Object(App\Controllers\Home))
#7 D:\XAMPP\htdocs\GestionPagos\system\CodeIgniter.php(326): CodeIgniter\CodeIgniter->handleRequest(NULL, Object(Config\Cache), false)
#8 D:\XAMPP\htdocs\GestionPagos\index.php(37): CodeIgniter\CodeIgniter->run()
#9 {main}
CRITICAL - 2023-06-20 17:25:54 --> Call to undefined method CodeIgniter\Session\Session::set_userdata()
#0 D:\XAMPP\htdocs\GestionPagos\system\View\View.php(210): include()
#1 D:\XAMPP\htdocs\GestionPagos\system\View\View.php(213): CodeIgniter\View\View->CodeIgniter\View\{closure}()
#2 D:\XAMPP\htdocs\GestionPagos\system\Common.php(1089): CodeIgniter\View\View->render('CRUD-Usuarios', Array, true)
#3 D:\XAMPP\htdocs\GestionPagos\app\Controllers\Home.php(18): view('CRUD-Usuarios')
#4 D:\XAMPP\htdocs\GestionPagos\system\CodeIgniter.php(832): App\Controllers\Home->crud_usuarios()
#5 D:\XAMPP\htdocs\GestionPagos\system\CodeIgniter.php(419): CodeIgniter\CodeIgniter->runController(Object(App\Controllers\Home))
#6 D:\XAMPP\htdocs\GestionPagos\system\CodeIgniter.php(326): CodeIgniter\CodeIgniter->handleRequest(NULL, Object(Config\Cache), false)
#7 D:\XAMPP\htdocs\GestionPagos\index.php(37): CodeIgniter\CodeIgniter->run()
#8 {main}
CRITICAL - 2023-06-20 17:28:38 --> Call to undefined method CodeIgniter\Session\Session::set_userdata()
#0 D:\XAMPP\htdocs\GestionPagos\system\View\View.php(210): include()
#1 D:\XAMPP\htdocs\GestionPagos\system\View\View.php(213): CodeIgniter\View\View->CodeIgniter\View\{closure}()
#2 D:\XAMPP\htdocs\GestionPagos\system\Common.php(1089): CodeIgniter\View\View->render('CRUD-Usuarios', Array, true)
#3 D:\XAMPP\htdocs\GestionPagos\app\Controllers\Home.php(18): view('CRUD-Usuarios')
#4 D:\XAMPP\htdocs\GestionPagos\system\CodeIgniter.php(832): App\Controllers\Home->crud_usuarios()
#5 D:\XAMPP\htdocs\GestionPagos\system\CodeIgniter.php(419): CodeIgniter\CodeIgniter->runController(Object(App\Controllers\Home))
#6 D:\XAMPP\htdocs\GestionPagos\system\CodeIgniter.php(326): CodeIgniter\CodeIgniter->handleRequest(NULL, Object(Config\Cache), false)
#7 D:\XAMPP\htdocs\GestionPagos\index.php(37): CodeIgniter\CodeIgniter->run()
#8 {main}
CRITICAL - 2023-06-20 17:28:41 --> Undefined property: CodeIgniter\View\View::$session
#0 D:\XAMPP\htdocs\GestionPagos\app\Views\CRUD-Usuarios.php(143): CodeIgniter\Debug\Exceptions->errorHandler(8, 'Undefined prope...', 'D:\\XAMPP\\htdocs...', 143, Array)
#1 D:\XAMPP\htdocs\GestionPagos\system\View\View.php(210): include('D:\\XAMPP\\htdocs...')
#2 D:\XAMPP\htdocs\GestionPagos\system\View\View.php(213): CodeIgniter\View\View->CodeIgniter\View\{closure}()
#3 D:\XAMPP\htdocs\GestionPagos\system\Common.php(1089): CodeIgniter\View\View->render('CRUD-Usuarios', Array, true)
#4 D:\XAMPP\htdocs\GestionPagos\app\Controllers\Home.php(18): view('CRUD-Usuarios')
#5 D:\XAMPP\htdocs\GestionPagos\system\CodeIgniter.php(832): App\Controllers\Home->crud_usuarios()
#6 D:\XAMPP\htdocs\GestionPagos\system\CodeIgniter.php(419): CodeIgniter\CodeIgniter->runController(Object(App\Controllers\Home))
#7 D:\XAMPP\htdocs\GestionPagos\system\CodeIgniter.php(326): CodeIgniter\CodeIgniter->handleRequest(NULL, Object(Config\Cache), false)
#8 D:\XAMPP\htdocs\GestionPagos\index.php(37): CodeIgniter\CodeIgniter->run()
#9 {main}
CRITICAL - 2023-06-20 17:30:45 --> Call to undefined method CodeIgniter\View\View::session()
#0 D:\XAMPP\htdocs\GestionPagos\system\View\View.php(210): include()
#1 D:\XAMPP\htdocs\GestionPagos\system\View\View.php(213): CodeIgniter\View\View->CodeIgniter\View\{closure}()
#2 D:\XAMPP\htdocs\GestionPagos\system\Common.php(1089): CodeIgniter\View\View->render('CRUD-Usuarios', Array, true)
#3 D:\XAMPP\htdocs\GestionPagos\app\Controllers\Home.php(18): view('CRUD-Usuarios')
#4 D:\XAMPP\htdocs\GestionPagos\system\CodeIgniter.php(832): App\Controllers\Home->crud_usuarios()
#5 D:\XAMPP\htdocs\GestionPagos\system\CodeIgniter.php(419): CodeIgniter\CodeIgniter->runController(Object(App\Controllers\Home))
#6 D:\XAMPP\htdocs\GestionPagos\system\CodeIgniter.php(326): CodeIgniter\CodeIgniter->handleRequest(NULL, Object(Config\Cache), false)
#7 D:\XAMPP\htdocs\GestionPagos\index.php(37): CodeIgniter\CodeIgniter->run()
#8 {main}
CRITICAL - 2023-06-20 17:31:02 --> Call to undefined method CodeIgniter\Session\Session::set_userdata()
#0 D:\XAMPP\htdocs\GestionPagos\system\View\View.php(210): include()
#1 D:\XAMPP\htdocs\GestionPagos\system\View\View.php(213): CodeIgniter\View\View->CodeIgniter\View\{closure}()
#2 D:\XAMPP\htdocs\GestionPagos\system\Common.php(1089): CodeIgniter\View\View->render('CRUD-Usuarios', Array, true)
#3 D:\XAMPP\htdocs\GestionPagos\app\Controllers\Home.php(18): view('CRUD-Usuarios')
#4 D:\XAMPP\htdocs\GestionPagos\system\CodeIgniter.php(832): App\Controllers\Home->crud_usuarios()
#5 D:\XAMPP\htdocs\GestionPagos\system\CodeIgniter.php(419): CodeIgniter\CodeIgniter->runController(Object(App\Controllers\Home))
#6 D:\XAMPP\htdocs\GestionPagos\system\CodeIgniter.php(326): CodeIgniter\CodeIgniter->handleRequest(NULL, Object(Config\Cache), false)
#7 D:\XAMPP\htdocs\GestionPagos\index.php(37): CodeIgniter\CodeIgniter->run()
#8 {main}
CRITICAL - 2023-06-20 17:34:26 --> Call to undefined method CodeIgniter\Session\Session::set_userdata()
#0 D:\XAMPP\htdocs\GestionPagos\system\View\View.php(210): include()
#1 D:\XAMPP\htdocs\GestionPagos\system\View\View.php(213): CodeIgniter\View\View->CodeIgniter\View\{closure}()
#2 D:\XAMPP\htdocs\GestionPagos\system\Common.php(1089): CodeIgniter\View\View->render('CRUD-Usuarios', Array, true)
#3 D:\XAMPP\htdocs\GestionPagos\app\Controllers\Home.php(18): view('CRUD-Usuarios')
#4 D:\XAMPP\htdocs\GestionPagos\system\CodeIgniter.php(832): App\Controllers\Home->crud_usuarios()
#5 D:\XAMPP\htdocs\GestionPagos\system\CodeIgniter.php(419): CodeIgniter\CodeIgniter->runController(Object(App\Controllers\Home))
#6 D:\XAMPP\htdocs\GestionPagos\system\CodeIgniter.php(326): CodeIgniter\CodeIgniter->handleRequest(NULL, Object(Config\Cache), false)
#7 D:\XAMPP\htdocs\GestionPagos\index.php(37): CodeIgniter\CodeIgniter->run()
#8 {main}
CRITICAL - 2023-06-20 17:37:18 --> Call to undefined method CodeIgniter\Session\Session::set_userdata()
#0 D:\XAMPP\htdocs\GestionPagos\system\View\View.php(210): include()
#1 D:\XAMPP\htdocs\GestionPagos\system\View\View.php(213): CodeIgniter\View\View->CodeIgniter\View\{closure}()
#2 D:\XAMPP\htdocs\GestionPagos\system\Common.php(1089): CodeIgniter\View\View->render('CRUD-Usuarios', Array, true)
#3 D:\XAMPP\htdocs\GestionPagos\app\Controllers\Home.php(18): view('CRUD-Usuarios')
#4 D:\XAMPP\htdocs\GestionPagos\system\CodeIgniter.php(832): App\Controllers\Home->crud_usuarios()
#5 D:\XAMPP\htdocs\GestionPagos\system\CodeIgniter.php(419): CodeIgniter\CodeIgniter->runController(Object(App\Controllers\Home))
#6 D:\XAMPP\htdocs\GestionPagos\system\CodeIgniter.php(326): CodeIgniter\CodeIgniter->handleRequest(NULL, Object(Config\Cache), false)
#7 D:\XAMPP\htdocs\GestionPagos\index.php(37): CodeIgniter\CodeIgniter->run()
#8 {main}
CRITICAL - 2023-06-20 17:37:42 --> Undefined property: CodeIgniter\View\View::$session
#0 D:\XAMPP\htdocs\GestionPagos\app\Views\CRUD-Usuarios.php(143): CodeIgniter\Debug\Exceptions->errorHandler(8, 'Undefined prope...', 'D:\\XAMPP\\htdocs...', 143, Array)
#1 D:\XAMPP\htdocs\GestionPagos\system\View\View.php(210): include('D:\\XAMPP\\htdocs...')
#2 D:\XAMPP\htdocs\GestionPagos\system\View\View.php(213): CodeIgniter\View\View->CodeIgniter\View\{closure}()
#3 D:\XAMPP\htdocs\GestionPagos\system\Common.php(1089): CodeIgniter\View\View->render('CRUD-Usuarios', Array, true)
#4 D:\XAMPP\htdocs\GestionPagos\app\Controllers\Home.php(18): view('CRUD-Usuarios')
#5 D:\XAMPP\htdocs\GestionPagos\system\CodeIgniter.php(832): App\Controllers\Home->crud_usuarios()
#6 D:\XAMPP\htdocs\GestionPagos\system\CodeIgniter.php(419): CodeIgniter\CodeIgniter->runController(Object(App\Controllers\Home))
#7 D:\XAMPP\htdocs\GestionPagos\system\CodeIgniter.php(326): CodeIgniter\CodeIgniter->handleRequest(NULL, Object(Config\Cache), false)
#8 D:\XAMPP\htdocs\GestionPagos\index.php(37): CodeIgniter\CodeIgniter->run()
#9 {main}
CRITICAL - 2023-06-20 17:38:58 --> Undefined property: CodeIgniter\View\View::$session
#0 D:\XAMPP\htdocs\GestionPagos\app\Views\CRUD-Usuarios.php(143): CodeIgniter\Debug\Exceptions->errorHandler(8, 'Undefined prope...', 'D:\\XAMPP\\htdocs...', 143, Array)
#1 D:\XAMPP\htdocs\GestionPagos\system\View\View.php(210): include('D:\\XAMPP\\htdocs...')
#2 D:\XAMPP\htdocs\GestionPagos\system\View\View.php(213): CodeIgniter\View\View->CodeIgniter\View\{closure}()
#3 D:\XAMPP\htdocs\GestionPagos\system\Common.php(1089): CodeIgniter\View\View->render('CRUD-Usuarios', Array, true)
#4 D:\XAMPP\htdocs\GestionPagos\app\Controllers\Home.php(18): view('CRUD-Usuarios')
#5 D:\XAMPP\htdocs\GestionPagos\system\CodeIgniter.php(832): App\Controllers\Home->crud_usuarios()
#6 D:\XAMPP\htdocs\GestionPagos\system\CodeIgniter.php(419): CodeIgniter\CodeIgniter->runController(Object(App\Controllers\Home))
#7 D:\XAMPP\htdocs\GestionPagos\system\CodeIgniter.php(326): CodeIgniter\CodeIgniter->handleRequest(NULL, Object(Config\Cache), false)
#8 D:\XAMPP\htdocs\GestionPagos\index.php(37): CodeIgniter\CodeIgniter->run()
#9 {main}
CRITICAL - 2023-06-20 17:41:01 --> Undefined property: CodeIgniter\View\View::$session
#0 D:\XAMPP\htdocs\GestionPagos\app\Views\CRUD-Usuarios.php(143): CodeIgniter\Debug\Exceptions->errorHandler(8, 'Undefined prope...', 'D:\\XAMPP\\htdocs...', 143, Array)
#1 D:\XAMPP\htdocs\GestionPagos\system\View\View.php(210): include('D:\\XAMPP\\htdocs...')
#2 D:\XAMPP\htdocs\GestionPagos\system\View\View.php(213): CodeIgniter\View\View->CodeIgniter\View\{closure}()
#3 D:\XAMPP\htdocs\GestionPagos\system\Common.php(1089): CodeIgniter\View\View->render('CRUD-Usuarios', Array, true)
#4 D:\XAMPP\htdocs\GestionPagos\app\Controllers\Home.php(18): view('CRUD-Usuarios')
#5 D:\XAMPP\htdocs\GestionPagos\system\CodeIgniter.php(832): App\Controllers\Home->crud_usuarios()
#6 D:\XAMPP\htdocs\GestionPagos\system\CodeIgniter.php(419): CodeIgniter\CodeIgniter->runController(Object(App\Controllers\Home))
#7 D:\XAMPP\htdocs\GestionPagos\system\CodeIgniter.php(326): CodeIgniter\CodeIgniter->handleRequest(NULL, Object(Config\Cache), false)
#8 D:\XAMPP\htdocs\GestionPagos\index.php(37): CodeIgniter\CodeIgniter->run()
#9 {main}
CRITICAL - 2023-06-20 17:41:27 --> Undefined property: CodeIgniter\View\View::$session
#0 D:\XAMPP\htdocs\GestionPagos\app\Views\CRUD-Usuarios.php(143): CodeIgniter\Debug\Exceptions->errorHandler(8, 'Undefined prope...', 'D:\\XAMPP\\htdocs...', 143, Array)
#1 D:\XAMPP\htdocs\GestionPagos\system\View\View.php(210): include('D:\\XAMPP\\htdocs...')
#2 D:\XAMPP\htdocs\GestionPagos\system\View\View.php(213): CodeIgniter\View\View->CodeIgniter\View\{closure}()
#3 D:\XAMPP\htdocs\GestionPagos\system\Common.php(1089): CodeIgniter\View\View->render('CRUD-Usuarios', Array, true)
#4 D:\XAMPP\htdocs\GestionPagos\app\Controllers\Home.php(18): view('CRUD-Usuarios')
#5 D:\XAMPP\htdocs\GestionPagos\system\CodeIgniter.php(832): App\Controllers\Home->crud_usuarios()
#6 D:\XAMPP\htdocs\GestionPagos\system\CodeIgniter.php(419): CodeIgniter\CodeIgniter->runController(Object(App\Controllers\Home))
#7 D:\XAMPP\htdocs\GestionPagos\system\CodeIgniter.php(326): CodeIgniter\CodeIgniter->handleRequest(NULL, Object(Config\Cache), false)
#8 D:\XAMPP\htdocs\GestionPagos\index.php(37): CodeIgniter\CodeIgniter->run()
#9 {main}
CRITICAL - 2023-06-20 17:43:33 --> syntax error, unexpected '=>' (T_DOUBLE_ARROW), expecting ']'
#0 D:\XAMPP\htdocs\GestionPagos\system\Autoloader\Autoloader.php(241): CodeIgniter\Autoloader\Autoloader->includeFile('D:\\XAMPP\\htdocs...')
#1 D:\XAMPP\htdocs\GestionPagos\system\Autoloader\Autoloader.php(219): CodeIgniter\Autoloader\Autoloader->loadInNamespace('App\\Controllers...')
#2 [internal function]: CodeIgniter\Autoloader\Autoloader->loadClass('App\\Controllers...')
#3 [internal function]: spl_autoload_call('App\\Controllers...')
#4 D:\XAMPP\htdocs\GestionPagos\system\CodeIgniter.php(797): class_exists('\\App\\Controller...', true)
#5 D:\XAMPP\htdocs\GestionPagos\system\CodeIgniter.php(406): CodeIgniter\CodeIgniter->startController()
#6 D:\XAMPP\htdocs\GestionPagos\system\CodeIgniter.php(326): CodeIgniter\CodeIgniter->handleRequest(NULL, Object(Config\Cache), false)
#7 D:\XAMPP\htdocs\GestionPagos\index.php(37): CodeIgniter\CodeIgniter->run()
#8 {main}
CRITICAL - 2023-06-20 17:43:45 --> syntax error, unexpected '=>' (T_DOUBLE_ARROW), expecting ']'
#0 D:\XAMPP\htdocs\GestionPagos\system\Autoloader\Autoloader.php(241): CodeIgniter\Autoloader\Autoloader->includeFile('D:\\XAMPP\\htdocs...')
#1 D:\XAMPP\htdocs\GestionPagos\system\Autoloader\Autoloader.php(219): CodeIgniter\Autoloader\Autoloader->loadInNamespace('App\\Controllers...')
#2 [internal function]: CodeIgniter\Autoloader\Autoloader->loadClass('App\\Controllers...')
#3 [internal function]: spl_autoload_call('App\\Controllers...')
#4 D:\XAMPP\htdocs\GestionPagos\system\CodeIgniter.php(797): class_exists('\\App\\Controller...', true)
#5 D:\XAMPP\htdocs\GestionPagos\system\CodeIgniter.php(406): CodeIgniter\CodeIgniter->startController()
#6 D:\XAMPP\htdocs\GestionPagos\system\CodeIgniter.php(326): CodeIgniter\CodeIgniter->handleRequest(NULL, Object(Config\Cache), false)
#7 D:\XAMPP\htdocs\GestionPagos\index.php(37): CodeIgniter\CodeIgniter->run()
#8 {main}
CRITICAL - 2023-06-20 17:43:46 --> syntax error, unexpected '=>' (T_DOUBLE_ARROW), expecting ']'
#0 D:\XAMPP\htdocs\GestionPagos\system\Autoloader\Autoloader.php(241): CodeIgniter\Autoloader\Autoloader->includeFile('D:\\XAMPP\\htdocs...')
#1 D:\XAMPP\htdocs\GestionPagos\system\Autoloader\Autoloader.php(219): CodeIgniter\Autoloader\Autoloader->loadInNamespace('App\\Controllers...')
#2 [internal function]: CodeIgniter\Autoloader\Autoloader->loadClass('App\\Controllers...')
#3 [internal function]: spl_autoload_call('App\\Controllers...')
#4 D:\XAMPP\htdocs\GestionPagos\system\CodeIgniter.php(797): class_exists('\\App\\Controller...', true)
#5 D:\XAMPP\htdocs\GestionPagos\system\CodeIgniter.php(406): CodeIgniter\CodeIgniter->startController()
#6 D:\XAMPP\htdocs\GestionPagos\system\CodeIgniter.php(326): CodeIgniter\CodeIgniter->handleRequest(NULL, Object(Config\Cache), false)
#7 D:\XAMPP\htdocs\GestionPagos\index.php(37): CodeIgniter\CodeIgniter->run()
#8 {main}
CRITICAL - 2023-06-20 17:44:31 --> syntax error, unexpected '=>' (T_DOUBLE_ARROW), expecting ']'
#0 D:\XAMPP\htdocs\GestionPagos\system\Autoloader\Autoloader.php(241): CodeIgniter\Autoloader\Autoloader->includeFile('D:\\XAMPP\\htdocs...')
#1 D:\XAMPP\htdocs\GestionPagos\system\Autoloader\Autoloader.php(219): CodeIgniter\Autoloader\Autoloader->loadInNamespace('App\\Controllers...')
#2 [internal function]: CodeIgniter\Autoloader\Autoloader->loadClass('App\\Controllers...')
#3 [internal function]: spl_autoload_call('App\\Controllers...')
#4 D:\XAMPP\htdocs\GestionPagos\system\CodeIgniter.php(797): class_exists('\\App\\Controller...', true)
#5 D:\XAMPP\htdocs\GestionPagos\system\CodeIgniter.php(406): CodeIgniter\CodeIgniter->startController()
#6 D:\XAMPP\htdocs\GestionPagos\system\CodeIgniter.php(326): CodeIgniter\CodeIgniter->handleRequest(NULL, Object(Config\Cache), false)
#7 D:\XAMPP\htdocs\GestionPagos\index.php(37): CodeIgniter\CodeIgniter->run()
#8 {main}
CRITICAL - 2023-06-20 17:45:05 --> Undefined variable: session
#0 D:\XAMPP\htdocs\GestionPagos\app\Controllers\Home.php(17): CodeIgniter\Debug\Exceptions->errorHandler(8, 'Undefined varia...', 'D:\\XAMPP\\htdocs...', 17, Array)
#1 D:\XAMPP\htdocs\GestionPagos\system\CodeIgniter.php(832): App\Controllers\Home->crud_usuarios()
#2 D:\XAMPP\htdocs\GestionPagos\system\CodeIgniter.php(419): CodeIgniter\CodeIgniter->runController(Object(App\Controllers\Home))
#3 D:\XAMPP\htdocs\GestionPagos\system\CodeIgniter.php(326): CodeIgniter\CodeIgniter->handleRequest(NULL, Object(Config\Cache), false)
#4 D:\XAMPP\htdocs\GestionPagos\index.php(37): CodeIgniter\CodeIgniter->run()
#5 {main}
CRITICAL - 2023-06-20 17:45:17 --> Argument 2 passed to view() must be of the type array, object given, called in D:\XAMPP\htdocs\GestionPagos\app\Controllers\Home.php on line 17
#0 D:\XAMPP\htdocs\GestionPagos\app\Controllers\Home.php(17): view('CRUD-Usuarios', Object(CodeIgniter\Session\Session))
#1 D:\XAMPP\htdocs\GestionPagos\system\CodeIgniter.php(832): App\Controllers\Home->crud_usuarios()
#2 D:\XAMPP\htdocs\GestionPagos\system\CodeIgniter.php(419): CodeIgniter\CodeIgniter->runController(Object(App\Controllers\Home))
#3 D:\XAMPP\htdocs\GestionPagos\system\CodeIgniter.php(326): CodeIgniter\CodeIgniter->handleRequest(NULL, Object(Config\Cache), false)
#4 D:\XAMPP\htdocs\GestionPagos\index.php(37): CodeIgniter\CodeIgniter->run()
#5 {main}
CRITICAL - 2023-06-20 17:45:24 --> Undefined variable: sesion
#0 D:\XAMPP\htdocs\GestionPagos\app\Views\CRUD-Usuarios.php(37): CodeIgniter\Debug\Exceptions->errorHandler(8, 'Undefined varia...', 'D:\\XAMPP\\htdocs...', 37, Array)
#1 D:\XAMPP\htdocs\GestionPagos\system\View\View.php(210): include('D:\\XAMPP\\htdocs...')
#2 D:\XAMPP\htdocs\GestionPagos\system\View\View.php(213): CodeIgniter\View\View->CodeIgniter\View\{closure}()
#3 D:\XAMPP\htdocs\GestionPagos\system\Common.php(1089): CodeIgniter\View\View->render('CRUD-Usuarios', Array, true)
#4 D:\XAMPP\htdocs\GestionPagos\app\Controllers\Home.php(17): view('CRUD-Usuarios')
#5 D:\XAMPP\htdocs\GestionPagos\system\CodeIgniter.php(832): App\Controllers\Home->crud_usuarios()
#6 D:\XAMPP\htdocs\GestionPagos\system\CodeIgniter.php(419): CodeIgniter\CodeIgniter->runController(Object(App\Controllers\Home))
#7 D:\XAMPP\htdocs\GestionPagos\system\CodeIgniter.php(326): CodeIgniter\CodeIgniter->handleRequest(NULL, Object(Config\Cache), false)
#8 D:\XAMPP\htdocs\GestionPagos\index.php(37): CodeIgniter\CodeIgniter->run()
#9 {main}
CRITICAL - 2023-06-20 17:45:25 --> Undefined variable: sesion
#0 D:\XAMPP\htdocs\GestionPagos\app\Views\CRUD-Usuarios.php(37): CodeIgniter\Debug\Exceptions->errorHandler(8, 'Undefined varia...', 'D:\\XAMPP\\htdocs...', 37, Array)
#1 D:\XAMPP\htdocs\GestionPagos\system\View\View.php(210): include('D:\\XAMPP\\htdocs...')
#2 D:\XAMPP\htdocs\GestionPagos\system\View\View.php(213): CodeIgniter\View\View->CodeIgniter\View\{closure}()
#3 D:\XAMPP\htdocs\GestionPagos\system\Common.php(1089): CodeIgniter\View\View->render('CRUD-Usuarios', Array, true)
#4 D:\XAMPP\htdocs\GestionPagos\app\Controllers\Home.php(17): view('CRUD-Usuarios')
#5 D:\XAMPP\htdocs\GestionPagos\system\CodeIgniter.php(832): App\Controllers\Home->crud_usuarios()
#6 D:\XAMPP\htdocs\GestionPagos\system\CodeIgniter.php(419): CodeIgniter\CodeIgniter->runController(Object(App\Controllers\Home))
#7 D:\XAMPP\htdocs\GestionPagos\system\CodeIgniter.php(326): CodeIgniter\CodeIgniter->handleRequest(NULL, Object(Config\Cache), false)
#8 D:\XAMPP\htdocs\GestionPagos\index.php(37): CodeIgniter\CodeIgniter->run()
#9 {main}
CRITICAL - 2023-06-20 17:45:36 --> Undefined property: CodeIgniter\View\View::$session
#0 D:\XAMPP\htdocs\GestionPagos\app\Views\CRUD-Usuarios.php(143): CodeIgniter\Debug\Exceptions->errorHandler(8, 'Undefined prope...', 'D:\\XAMPP\\htdocs...', 143, Array)
#1 D:\XAMPP\htdocs\GestionPagos\system\View\View.php(210): include('D:\\XAMPP\\htdocs...')
#2 D:\XAMPP\htdocs\GestionPagos\system\View\View.php(213): CodeIgniter\View\View->CodeIgniter\View\{closure}()
#3 D:\XAMPP\htdocs\GestionPagos\system\Common.php(1089): CodeIgniter\View\View->render('CRUD-Usuarios', Array, true)
#4 D:\XAMPP\htdocs\GestionPagos\app\Controllers\Home.php(17): view('CRUD-Usuarios')
#5 D:\XAMPP\htdocs\GestionPagos\system\CodeIgniter.php(832): App\Controllers\Home->crud_usuarios()
#6 D:\XAMPP\htdocs\GestionPagos\system\CodeIgniter.php(419): CodeIgniter\CodeIgniter->runController(Object(App\Controllers\Home))
#7 D:\XAMPP\htdocs\GestionPagos\system\CodeIgniter.php(326): CodeIgniter\CodeIgniter->handleRequest(NULL, Object(Config\Cache), false)
#8 D:\XAMPP\htdocs\GestionPagos\index.php(37): CodeIgniter\CodeIgniter->run()
#9 {main}
CRITICAL - 2023-06-20 17:46:44 --> Undefined property: CodeIgniter\View\View::$load
#0 D:\XAMPP\htdocs\GestionPagos\app\Views\CRUD-Usuarios.php(37): CodeIgniter\Debug\Exceptions->errorHandler(8, 'Undefined prope...', 'D:\\XAMPP\\htdocs...', 37, Array)
#1 D:\XAMPP\htdocs\GestionPagos\system\View\View.php(210): include('D:\\XAMPP\\htdocs...')
#2 D:\XAMPP\htdocs\GestionPagos\system\View\View.php(213): CodeIgniter\View\View->CodeIgniter\View\{closure}()
#3 D:\XAMPP\htdocs\GestionPagos\system\Common.php(1089): CodeIgniter\View\View->render('CRUD-Usuarios', Array, true)
#4 D:\XAMPP\htdocs\GestionPagos\app\Controllers\Home.php(17): view('CRUD-Usuarios')
#5 D:\XAMPP\htdocs\GestionPagos\system\CodeIgniter.php(832): App\Controllers\Home->crud_usuarios()
#6 D:\XAMPP\htdocs\GestionPagos\system\CodeIgniter.php(419): CodeIgniter\CodeIgniter->runController(Object(App\Controllers\Home))
#7 D:\XAMPP\htdocs\GestionPagos\system\CodeIgniter.php(326): CodeIgniter\CodeIgniter->handleRequest(NULL, Object(Config\Cache), false)
#8 D:\XAMPP\htdocs\GestionPagos\index.php(37): CodeIgniter\CodeIgniter->run()
#9 {main}
CRITICAL - 2023-06-20 17:48:18 --> Call to undefined method CodeIgniter\View\View::session()
#0 D:\XAMPP\htdocs\GestionPagos\system\View\View.php(210): include()
#1 D:\XAMPP\htdocs\GestionPagos\system\View\View.php(213): CodeIgniter\View\View->CodeIgniter\View\{closure}()
#2 D:\XAMPP\htdocs\GestionPagos\system\Common.php(1089): CodeIgniter\View\View->render('CRUD-Usuarios', Array, true)
#3 D:\XAMPP\htdocs\GestionPagos\app\Controllers\Home.php(17): view('CRUD-Usuarios')
#4 D:\XAMPP\htdocs\GestionPagos\system\CodeIgniter.php(832): App\Controllers\Home->crud_usuarios()
#5 D:\XAMPP\htdocs\GestionPagos\system\CodeIgniter.php(419): CodeIgniter\CodeIgniter->runController(Object(App\Controllers\Home))
#6 D:\XAMPP\htdocs\GestionPagos\system\CodeIgniter.php(326): CodeIgniter\CodeIgniter->handleRequest(NULL, Object(Config\Cache), false)
#7 D:\XAMPP\htdocs\GestionPagos\index.php(37): CodeIgniter\CodeIgniter->run()
#8 {main}
CRITICAL - 2023-06-20 17:49:37 --> Class 'Services' not found
#0 D:\XAMPP\htdocs\GestionPagos\system\View\View.php(210): include()
#1 D:\XAMPP\htdocs\GestionPagos\system\View\View.php(213): CodeIgniter\View\View->CodeIgniter\View\{closure}()
#2 D:\XAMPP\htdocs\GestionPagos\system\Common.php(1089): CodeIgniter\View\View->render('CRUD-Usuarios', Array, true)
#3 D:\XAMPP\htdocs\GestionPagos\app\Controllers\Home.php(17): view('CRUD-Usuarios')
#4 D:\XAMPP\htdocs\GestionPagos\system\CodeIgniter.php(832): App\Controllers\Home->crud_usuarios()
#5 D:\XAMPP\htdocs\GestionPagos\system\CodeIgniter.php(419): CodeIgniter\CodeIgniter->runController(Object(App\Controllers\Home))
#6 D:\XAMPP\htdocs\GestionPagos\system\CodeIgniter.php(326): CodeIgniter\CodeIgniter->handleRequest(NULL, Object(Config\Cache), false)
#7 D:\XAMPP\htdocs\GestionPagos\index.php(37): CodeIgniter\CodeIgniter->run()
#8 {main}
CRITICAL - 2023-06-20 17:49:49 --> Class 'Services' not found
#0 D:\XAMPP\htdocs\GestionPagos\system\View\View.php(210): include()
#1 D:\XAMPP\htdocs\GestionPagos\system\View\View.php(213): CodeIgniter\View\View->CodeIgniter\View\{closure}()
#2 D:\XAMPP\htdocs\GestionPagos\system\Common.php(1089): CodeIgniter\View\View->render('CRUD-Usuarios', Array, true)
#3 D:\XAMPP\htdocs\GestionPagos\app\Controllers\Home.php(17): view('CRUD-Usuarios')
#4 D:\XAMPP\htdocs\GestionPagos\system\CodeIgniter.php(832): App\Controllers\Home->crud_usuarios()
#5 D:\XAMPP\htdocs\GestionPagos\system\CodeIgniter.php(419): CodeIgniter\CodeIgniter->runController(Object(App\Controllers\Home))
#6 D:\XAMPP\htdocs\GestionPagos\system\CodeIgniter.php(326): CodeIgniter\CodeIgniter->handleRequest(NULL, Object(Config\Cache), false)
#7 D:\XAMPP\htdocs\GestionPagos\index.php(37): CodeIgniter\CodeIgniter->run()
#8 {main}
CRITICAL - 2023-06-20 17:52:43 --> Undefined property: CodeIgniter\View\View::$session
#0 D:\XAMPP\htdocs\GestionPagos\app\Views\CRUD-Usuarios.php(143): CodeIgniter\Debug\Exceptions->errorHandler(8, 'Undefined prope...', 'D:\\XAMPP\\htdocs...', 143, Array)
#1 D:\XAMPP\htdocs\GestionPagos\system\View\View.php(210): include('D:\\XAMPP\\htdocs...')
#2 D:\XAMPP\htdocs\GestionPagos\system\View\View.php(213): CodeIgniter\View\View->CodeIgniter\View\{closure}()
#3 D:\XAMPP\htdocs\GestionPagos\system\Common.php(1089): CodeIgniter\View\View->render('CRUD-Usuarios', Array, true)
#4 D:\XAMPP\htdocs\GestionPagos\app\Controllers\Home.php(17): view('CRUD-Usuarios')
#5 D:\XAMPP\htdocs\GestionPagos\system\CodeIgniter.php(832): App\Controllers\Home->crud_usuarios()
#6 D:\XAMPP\htdocs\GestionPagos\system\CodeIgniter.php(419): CodeIgniter\CodeIgniter->runController(Object(App\Controllers\Home))
#7 D:\XAMPP\htdocs\GestionPagos\system\CodeIgniter.php(326): CodeIgniter\CodeIgniter->handleRequest(NULL, Object(Config\Cache), false)
#8 D:\XAMPP\htdocs\GestionPagos\index.php(37): CodeIgniter\CodeIgniter->run()
#9 {main}
CRITICAL - 2023-06-20 17:57:55 --> syntax error, unexpected '}', expecting end of file
#0 D:\XAMPP\htdocs\GestionPagos\system\View\View.php(213): CodeIgniter\View\View->CodeIgniter\View\{closure}()
#1 D:\XAMPP\htdocs\GestionPagos\system\Common.php(1089): CodeIgniter\View\View->render('cuotas-alumno', Array, true)
#2 D:\XAMPP\htdocs\GestionPagos\app\Controllers\Home.php(30): view('cuotas-alumno')
#3 D:\XAMPP\htdocs\GestionPagos\system\CodeIgniter.php(832): App\Controllers\Home->cuotas_alumno()
#4 D:\XAMPP\htdocs\GestionPagos\system\CodeIgniter.php(419): CodeIgniter\CodeIgniter->runController(Object(App\Controllers\Home))
#5 D:\XAMPP\htdocs\GestionPagos\system\CodeIgniter.php(326): CodeIgniter\CodeIgniter->handleRequest(NULL, Object(Config\Cache), false)
#6 D:\XAMPP\htdocs\GestionPagos\index.php(37): CodeIgniter\CodeIgniter->run()
#7 {main}
CRITICAL - 2023-06-20 17:58:17 --> syntax error, unexpected 'else' (T_ELSE), expecting end of file
#0 D:\XAMPP\htdocs\GestionPagos\system\View\View.php(213): CodeIgniter\View\View->CodeIgniter\View\{closure}()
#1 D:\XAMPP\htdocs\GestionPagos\system\Common.php(1089): CodeIgniter\View\View->render('cuotas-alumno', Array, true)
#2 D:\XAMPP\htdocs\GestionPagos\app\Controllers\Home.php(30): view('cuotas-alumno')
#3 D:\XAMPP\htdocs\GestionPagos\system\CodeIgniter.php(832): App\Controllers\Home->cuotas_alumno()
#4 D:\XAMPP\htdocs\GestionPagos\system\CodeIgniter.php(419): CodeIgniter\CodeIgniter->runController(Object(App\Controllers\Home))
#5 D:\XAMPP\htdocs\GestionPagos\system\CodeIgniter.php(326): CodeIgniter\CodeIgniter->handleRequest(NULL, Object(Config\Cache), false)
#6 D:\XAMPP\htdocs\GestionPagos\index.php(37): CodeIgniter\CodeIgniter->run()
#7 {main}
CRITICAL - 2023-06-20 18:00:20 --> syntax error, unexpected '}', expecting end of file
#0 D:\XAMPP\htdocs\GestionPagos\system\View\View.php(213): CodeIgniter\View\View->CodeIgniter\View\{closure}()
#1 D:\XAMPP\htdocs\GestionPagos\system\Common.php(1089): CodeIgniter\View\View->render('cuotas-alumno', Array, true)
#2 D:\XAMPP\htdocs\GestionPagos\app\Controllers\Home.php(30): view('cuotas-alumno')
#3 D:\XAMPP\htdocs\GestionPagos\system\CodeIgniter.php(832): App\Controllers\Home->cuotas_alumno()
#4 D:\XAMPP\htdocs\GestionPagos\system\CodeIgniter.php(419): CodeIgniter\CodeIgniter->runController(Object(App\Controllers\Home))
#5 D:\XAMPP\htdocs\GestionPagos\system\CodeIgniter.php(326): CodeIgniter\CodeIgniter->handleRequest(NULL, Object(Config\Cache), false)
#6 D:\XAMPP\htdocs\GestionPagos\index.php(37): CodeIgniter\CodeIgniter->run()
#7 {main}
CRITICAL - 2023-06-20 18:00:20 --> syntax error, unexpected '}', expecting end of file
#0 D:\XAMPP\htdocs\GestionPagos\system\View\View.php(213): CodeIgniter\View\View->CodeIgniter\View\{closure}()
#1 D:\XAMPP\htdocs\GestionPagos\system\Common.php(1089): CodeIgniter\View\View->render('cuotas-alumno', Array, true)
#2 D:\XAMPP\htdocs\GestionPagos\app\Controllers\Home.php(30): view('cuotas-alumno')
#3 D:\XAMPP\htdocs\GestionPagos\system\CodeIgniter.php(832): App\Controllers\Home->cuotas_alumno()
#4 D:\XAMPP\htdocs\GestionPagos\system\CodeIgniter.php(419): CodeIgniter\CodeIgniter->runController(Object(App\Controllers\Home))
#5 D:\XAMPP\htdocs\GestionPagos\system\CodeIgniter.php(326): CodeIgniter\CodeIgniter->handleRequest(NULL, Object(Config\Cache), false)
#6 D:\XAMPP\htdocs\GestionPagos\index.php(37): CodeIgniter\CodeIgniter->run()
#7 {main}
CRITICAL - 2023-06-20 18:00:45 --> Call to a member function where() on array
#0 D:\XAMPP\htdocs\GestionPagos\system\View\View.php(210): include()
#1 D:\XAMPP\htdocs\GestionPagos\system\View\View.php(213): CodeIgniter\View\View->CodeIgniter\View\{closure}()
#2 D:\XAMPP\htdocs\GestionPagos\system\Common.php(1089): CodeIgniter\View\View->render('cuotas-alumno', Array, true)
#3 D:\XAMPP\htdocs\GestionPagos\app\Controllers\Home.php(30): view('cuotas-alumno')
#4 D:\XAMPP\htdocs\GestionPagos\system\CodeIgniter.php(832): App\Controllers\Home->cuotas_alumno()
#5 D:\XAMPP\htdocs\GestionPagos\system\CodeIgniter.php(419): CodeIgniter\CodeIgniter->runController(Object(App\Controllers\Home))
#6 D:\XAMPP\htdocs\GestionPagos\system\CodeIgniter.php(326): CodeIgniter\CodeIgniter->handleRequest(NULL, Object(Config\Cache), false)
#7 D:\XAMPP\htdocs\GestionPagos\index.php(37): CodeIgniter\CodeIgniter->run()
#8 {main}
CRITICAL - 2023-06-20 18:01:15 --> Call to a member function where() on array
#0 D:\XAMPP\htdocs\GestionPagos\system\View\View.php(210): include()
#1 D:\XAMPP\htdocs\GestionPagos\system\View\View.php(213): CodeIgniter\View\View->CodeIgniter\View\{closure}()
#2 D:\XAMPP\htdocs\GestionPagos\system\Common.php(1089): CodeIgniter\View\View->render('cuotas-alumno', Array, true)
#3 D:\XAMPP\htdocs\GestionPagos\app\Controllers\Home.php(30): view('cuotas-alumno')
#4 D:\XAMPP\htdocs\GestionPagos\system\CodeIgniter.php(832): App\Controllers\Home->cuotas_alumno()
#5 D:\XAMPP\htdocs\GestionPagos\system\CodeIgniter.php(419): CodeIgniter\CodeIgniter->runController(Object(App\Controllers\Home))
#6 D:\XAMPP\htdocs\GestionPagos\system\CodeIgniter.php(326): CodeIgniter\CodeIgniter->handleRequest(NULL, Object(Config\Cache), false)
#7 D:\XAMPP\htdocs\GestionPagos\index.php(37): CodeIgniter\CodeIgniter->run()
#8 {main}
CRITICAL - 2023-06-20 18:01:17 --> Call to a member function where() on array
#0 D:\XAMPP\htdocs\GestionPagos\system\View\View.php(210): include()
#1 D:\XAMPP\htdocs\GestionPagos\system\View\View.php(213): CodeIgniter\View\View->CodeIgniter\View\{closure}()
#2 D:\XAMPP\htdocs\GestionPagos\system\Common.php(1089): CodeIgniter\View\View->render('cuotas-alumno', Array, true)
#3 D:\XAMPP\htdocs\GestionPagos\app\Controllers\Home.php(30): view('cuotas-alumno')
#4 D:\XAMPP\htdocs\GestionPagos\system\CodeIgniter.php(832): App\Controllers\Home->cuotas_alumno()
#5 D:\XAMPP\htdocs\GestionPagos\system\CodeIgniter.php(419): CodeIgniter\CodeIgniter->runController(Object(App\Controllers\Home))
#6 D:\XAMPP\htdocs\GestionPagos\system\CodeIgniter.php(326): CodeIgniter\CodeIgniter->handleRequest(NULL, Object(Config\Cache), false)
#7 D:\XAMPP\htdocs\GestionPagos\index.php(37): CodeIgniter\CodeIgniter->run()
#8 {main}
CRITICAL - 2023-06-20 18:06:06 --> Call to a member function where() on array
#0 D:\XAMPP\htdocs\GestionPagos\system\View\View.php(210): include()
#1 D:\XAMPP\htdocs\GestionPagos\system\View\View.php(213): CodeIgniter\View\View->CodeIgniter\View\{closure}()
#2 D:\XAMPP\htdocs\GestionPagos\system\Common.php(1089): CodeIgniter\View\View->render('cuotas-alumno', Array, true)
#3 D:\XAMPP\htdocs\GestionPagos\app\Controllers\Home.php(30): view('cuotas-alumno')
#4 D:\XAMPP\htdocs\GestionPagos\system\CodeIgniter.php(832): App\Controllers\Home->cuotas_alumno()
#5 D:\XAMPP\htdocs\GestionPagos\system\CodeIgniter.php(419): CodeIgniter\CodeIgniter->runController(Object(App\Controllers\Home))
#6 D:\XAMPP\htdocs\GestionPagos\system\CodeIgniter.php(326): CodeIgniter\CodeIgniter->handleRequest(NULL, Object(Config\Cache), false)
#7 D:\XAMPP\htdocs\GestionPagos\index.php(37): CodeIgniter\CodeIgniter->run()
#8 {main}
ERROR - 2023-06-20 18:11:56 --> Unknown column 'id_usuario_alumno' in 'where clause'
CRITICAL - 2023-06-20 18:11:56 --> Unknown column 'id_usuario_alumno' in 'where clause'
#0 D:\XAMPP\htdocs\GestionPagos\system\Database\MySQLi\Connection.php(292): mysqli->query('SELECT *\nFROM `...', 0)
#1 D:\XAMPP\htdocs\GestionPagos\system\Database\BaseConnection.php(670): CodeIgniter\Database\MySQLi\Connection->execute('SELECT *\nFROM `...')
#2 D:\XAMPP\htdocs\GestionPagos\system\Database\BaseConnection.php(598): CodeIgniter\Database\BaseConnection->simpleQuery('SELECT *\nFROM `...')
#3 D:\XAMPP\htdocs\GestionPagos\system\Database\BaseBuilder.php(1455): CodeIgniter\Database\BaseConnection->query('SELECT *\nFROM `...', Array, false)
#4 D:\XAMPP\htdocs\GestionPagos\system\Model.php(210): CodeIgniter\Database\BaseBuilder->get()
#5 D:\XAMPP\htdocs\GestionPagos\system\BaseModel.php(622): CodeIgniter\Model->doFirst()
#6 D:\XAMPP\htdocs\GestionPagos\app\Views\cuotas-alumno.php(51): CodeIgniter\BaseModel->first()
#7 D:\XAMPP\htdocs\GestionPagos\system\View\View.php(210): include('D:\\XAMPP\\htdocs...')
#8 D:\XAMPP\htdocs\GestionPagos\system\View\View.php(213): CodeIgniter\View\View->CodeIgniter\View\{closure}()
#9 D:\XAMPP\htdocs\GestionPagos\system\Common.php(1089): CodeIgniter\View\View->render('cuotas-alumno', Array, true)
#10 D:\XAMPP\htdocs\GestionPagos\app\Controllers\Home.php(30): view('cuotas-alumno')
#11 D:\XAMPP\htdocs\GestionPagos\system\CodeIgniter.php(832): App\Controllers\Home->cuotas_alumno()
#12 D:\XAMPP\htdocs\GestionPagos\system\CodeIgniter.php(419): CodeIgniter\CodeIgniter->runController(Object(App\Controllers\Home))
#13 D:\XAMPP\htdocs\GestionPagos\system\CodeIgniter.php(326): CodeIgniter\CodeIgniter->handleRequest(NULL, Object(Config\Cache), false)
#14 D:\XAMPP\htdocs\GestionPagos\index.php(37): CodeIgniter\CodeIgniter->run()
#15 {main}
CRITICAL - 2023-06-20 18:12:45 --> Array to string conversion
#0 D:\XAMPP\htdocs\GestionPagos\app\Views\cuotas-alumno.php(57): CodeIgniter\Debug\Exceptions->errorHandler(8, 'Array to string...', 'D:\\XAMPP\\htdocs...', 57, Array)
#1 D:\XAMPP\htdocs\GestionPagos\system\View\View.php(210): include('D:\\XAMPP\\htdocs...')
#2 D:\XAMPP\htdocs\GestionPagos\system\View\View.php(213): CodeIgniter\View\View->CodeIgniter\View\{closure}()
#3 D:\XAMPP\htdocs\GestionPagos\system\Common.php(1089): CodeIgniter\View\View->render('cuotas-alumno', Array, true)
#4 D:\XAMPP\htdocs\GestionPagos\app\Controllers\Home.php(30): view('cuotas-alumno')
#5 D:\XAMPP\htdocs\GestionPagos\system\CodeIgniter.php(832): App\Controllers\Home->cuotas_alumno()
#6 D:\XAMPP\htdocs\GestionPagos\system\CodeIgniter.php(419): CodeIgniter\CodeIgniter->runController(Object(App\Controllers\Home))
#7 D:\XAMPP\htdocs\GestionPagos\system\CodeIgniter.php(326): CodeIgniter\CodeIgniter->handleRequest(NULL, Object(Config\Cache), false)
#8 D:\XAMPP\htdocs\GestionPagos\index.php(37): CodeIgniter\CodeIgniter->run()
#9 {main}
CRITICAL - 2023-06-20 18:13:16 --> syntax error, unexpected '}'
#0 D:\XAMPP\htdocs\GestionPagos\system\View\View.php(213): CodeIgniter\View\View->CodeIgniter\View\{closure}()
#1 D:\XAMPP\htdocs\GestionPagos\system\Common.php(1089): CodeIgniter\View\View->render('cuotas-alumno', Array, true)
#2 D:\XAMPP\htdocs\GestionPagos\app\Controllers\Home.php(30): view('cuotas-alumno')
#3 D:\XAMPP\htdocs\GestionPagos\system\CodeIgniter.php(832): App\Controllers\Home->cuotas_alumno()
#4 D:\XAMPP\htdocs\GestionPagos\system\CodeIgniter.php(419): CodeIgniter\CodeIgniter->runController(Object(App\Controllers\Home))
#5 D:\XAMPP\htdocs\GestionPagos\system\CodeIgniter.php(326): CodeIgniter\CodeIgniter->handleRequest(NULL, Object(Config\Cache), false)
#6 D:\XAMPP\htdocs\GestionPagos\index.php(37): CodeIgniter\CodeIgniter->run()
#7 {main}
CRITICAL - 2023-06-20 18:13:24 --> Invalid argument supplied for foreach()
#0 D:\XAMPP\htdocs\GestionPagos\app\Views\cuotas-alumno.php(107): CodeIgniter\Debug\Exceptions->errorHandler(2, 'Invalid argumen...', 'D:\\XAMPP\\htdocs...', 107, Array)
#1 D:\XAMPP\htdocs\GestionPagos\system\View\View.php(210): include('D:\\XAMPP\\htdocs...')
#2 D:\XAMPP\htdocs\GestionPagos\system\View\View.php(213): CodeIgniter\View\View->CodeIgniter\View\{closure}()
#3 D:\XAMPP\htdocs\GestionPagos\system\Common.php(1089): CodeIgniter\View\View->render('cuotas-alumno', Array, true)
#4 D:\XAMPP\htdocs\GestionPagos\app\Controllers\Home.php(30): view('cuotas-alumno')
#5 D:\XAMPP\htdocs\GestionPagos\system\CodeIgniter.php(832): App\Controllers\Home->cuotas_alumno()
#6 D:\XAMPP\htdocs\GestionPagos\system\CodeIgniter.php(419): CodeIgniter\CodeIgniter->runController(Object(App\Controllers\Home))
#7 D:\XAMPP\htdocs\GestionPagos\system\CodeIgniter.php(326): CodeIgniter\CodeIgniter->handleRequest(NULL, Object(Config\Cache), false)
#8 D:\XAMPP\htdocs\GestionPagos\index.php(37): CodeIgniter\CodeIgniter->run()
#9 {main}
CRITICAL - 2023-06-20 18:30:32 --> syntax error, unexpected 'Use' (T_USE)
#0 D:\XAMPP\htdocs\GestionPagos\system\View\View.php(213): CodeIgniter\View\View->CodeIgniter\View\{closure}()
#1 D:\XAMPP\htdocs\GestionPagos\system\Common.php(1089): CodeIgniter\View\View->render('CRUD-Cursos', Array, true)
#2 D:\XAMPP\htdocs\GestionPagos\app\Controllers\Home.php(17): view('CRUD-Cursos')
#3 D:\XAMPP\htdocs\GestionPagos\system\CodeIgniter.php(832): App\Controllers\Home->crud_cursos()
#4 D:\XAMPP\htdocs\GestionPagos\system\CodeIgniter.php(419): CodeIgniter\CodeIgniter->runController(Object(App\Controllers\Home))
#5 D:\XAMPP\htdocs\GestionPagos\system\CodeIgniter.php(326): CodeIgniter\CodeIgniter->handleRequest(NULL, Object(Config\Cache), false)
#6 D:\XAMPP\htdocs\GestionPagos\index.php(37): CodeIgniter\CodeIgniter->run()
#7 {main}
CRITICAL - 2023-06-20 18:31:52 --> syntax error, unexpected '}', expecting end of file
#0 D:\XAMPP\htdocs\GestionPagos\system\View\View.php(213): CodeIgniter\View\View->CodeIgniter\View\{closure}()
#1 D:\XAMPP\htdocs\GestionPagos\system\Common.php(1089): CodeIgniter\View\View->render('CRUD-Cursos', Array, true)
#2 D:\XAMPP\htdocs\GestionPagos\app\Controllers\Home.php(17): view('CRUD-Cursos')
#3 D:\XAMPP\htdocs\GestionPagos\system\CodeIgniter.php(832): App\Controllers\Home->crud_cursos()
#4 D:\XAMPP\htdocs\GestionPagos\system\CodeIgniter.php(419): CodeIgniter\CodeIgniter->runController(Object(App\Controllers\Home))
#5 D:\XAMPP\htdocs\GestionPagos\system\CodeIgniter.php(326): CodeIgniter\CodeIgniter->handleRequest(NULL, Object(Config\Cache), false)
#6 D:\XAMPP\htdocs\GestionPagos\index.php(37): CodeIgniter\CodeIgniter->run()
#7 {main}
CRITICAL - 2023-06-20 18:32:38 --> syntax error, unexpected '}', expecting end of file
#0 D:\XAMPP\htdocs\GestionPagos\system\View\View.php(213): CodeIgniter\View\View->CodeIgniter\View\{closure}()
#1 D:\XAMPP\htdocs\GestionPagos\system\Common.php(1089): CodeIgniter\View\View->render('CRUD-Cursos', Array, true)
#2 D:\XAMPP\htdocs\GestionPagos\app\Controllers\Home.php(17): view('CRUD-Cursos')
#3 D:\XAMPP\htdocs\GestionPagos\system\CodeIgniter.php(832): App\Controllers\Home->crud_cursos()
#4 D:\XAMPP\htdocs\GestionPagos\system\CodeIgniter.php(419): CodeIgniter\CodeIgniter->runController(Object(App\Controllers\Home))
#5 D:\XAMPP\htdocs\GestionPagos\system\CodeIgniter.php(326): CodeIgniter\CodeIgniter->handleRequest(NULL, Object(Config\Cache), false)
#6 D:\XAMPP\htdocs\GestionPagos\index.php(37): CodeIgniter\CodeIgniter->run()
#7 {main}
