CRITICAL - 2023-06-21 05:11:11 --> syntax error, unexpected 'foreach' (T_FOREACH)
#0 D:\XAMPP\htdocs\GestionPagos\system\View\View.php(213): CodeIgniter\View\View->CodeIgniter\View\{closure}()
#1 D:\XAMPP\htdocs\GestionPagos\system\Common.php(1089): CodeIgniter\View\View->render('cuotas-alumno', Array, true)
#2 D:\XAMPP\htdocs\GestionPagos\app\Controllers\Home.php(36): view('cuotas-alumno')
#3 D:\XAMPP\htdocs\GestionPagos\system\CodeIgniter.php(832): App\Controllers\Home->cuotas_alumno()
#4 D:\XAMPP\htdocs\GestionPagos\system\CodeIgniter.php(419): CodeIgniter\CodeIgniter->runController(Object(App\Controllers\Home))
#5 D:\XAMPP\htdocs\GestionPagos\system\CodeIgniter.php(326): CodeIgniter\CodeIgniter->handleRequest(NULL, Object(Config\Cache), false)
#6 D:\XAMPP\htdocs\GestionPagos\index.php(37): CodeIgniter\CodeIgniter->run()
#7 {main}
CRITICAL - 2023-06-21 05:11:24 --> syntax error, unexpected ';'
#0 D:\XAMPP\htdocs\GestionPagos\system\View\View.php(213): CodeIgniter\View\View->CodeIgniter\View\{closure}()
#1 D:\XAMPP\htdocs\GestionPagos\system\Common.php(1089): CodeIgniter\View\View->render('cuotas-alumno', Array, true)
#2 D:\XAMPP\htdocs\GestionPagos\app\Controllers\Home.php(36): view('cuotas-alumno')
#3 D:\XAMPP\htdocs\GestionPagos\system\CodeIgniter.php(832): App\Controllers\Home->cuotas_alumno()
#4 D:\XAMPP\htdocs\GestionPagos\system\CodeIgniter.php(419): CodeIgniter\CodeIgniter->runController(Object(App\Controllers\Home))
#5 D:\XAMPP\htdocs\GestionPagos\system\CodeIgniter.php(326): CodeIgniter\CodeIgniter->handleRequest(NULL, Object(Config\Cache), false)
#6 D:\XAMPP\htdocs\GestionPagos\index.php(37): CodeIgniter\CodeIgniter->run()
#7 {main}
CRITICAL - 2023-06-21 05:11:24 --> syntax error, unexpected ';'
#0 D:\XAMPP\htdocs\GestionPagos\system\View\View.php(213): CodeIgniter\View\View->CodeIgniter\View\{closure}()
#1 D:\XAMPP\htdocs\GestionPagos\system\Common.php(1089): CodeIgniter\View\View->render('cuotas-alumno', Array, true)
#2 D:\XAMPP\htdocs\GestionPagos\app\Controllers\Home.php(36): view('cuotas-alumno')
#3 D:\XAMPP\htdocs\GestionPagos\system\CodeIgniter.php(832): App\Controllers\Home->cuotas_alumno()
#4 D:\XAMPP\htdocs\GestionPagos\system\CodeIgniter.php(419): CodeIgniter\CodeIgniter->runController(Object(App\Controllers\Home))
#5 D:\XAMPP\htdocs\GestionPagos\system\CodeIgniter.php(326): CodeIgniter\CodeIgniter->handleRequest(NULL, Object(Config\Cache), false)
#6 D:\XAMPP\htdocs\GestionPagos\index.php(37): CodeIgniter\CodeIgniter->run()
#7 {main}
CRITICAL - 2023-06-21 05:11:30 --> syntax error, unexpected '}', expecting end of file
#0 D:\XAMPP\htdocs\GestionPagos\system\View\View.php(213): CodeIgniter\View\View->CodeIgniter\View\{closure}()
#1 D:\XAMPP\htdocs\GestionPagos\system\Common.php(1089): CodeIgniter\View\View->render('cuotas-alumno', Array, true)
#2 D:\XAMPP\htdocs\GestionPagos\app\Controllers\Home.php(36): view('cuotas-alumno')
#3 D:\XAMPP\htdocs\GestionPagos\system\CodeIgniter.php(832): App\Controllers\Home->cuotas_alumno()
#4 D:\XAMPP\htdocs\GestionPagos\system\CodeIgniter.php(419): CodeIgniter\CodeIgniter->runController(Object(App\Controllers\Home))
#5 D:\XAMPP\htdocs\GestionPagos\system\CodeIgniter.php(326): CodeIgniter\CodeIgniter->handleRequest(NULL, Object(Config\Cache), false)
#6 D:\XAMPP\htdocs\GestionPagos\index.php(37): CodeIgniter\CodeIgniter->run()
#7 {main}
CRITICAL - 2023-06-21 05:11:56 --> Undefined variable: cuotas_model
#0 D:\XAMPP\htdocs\GestionPagos\app\Views\cuotas-alumno.php(69): CodeIgniter\Debug\Exceptions->errorHandler(8, 'Undefined varia...', 'D:\\XAMPP\\htdocs...', 69, Array)
#1 D:\XAMPP\htdocs\GestionPagos\system\View\View.php(210): include('D:\\XAMPP\\htdocs...')
#2 D:\XAMPP\htdocs\GestionPagos\system\View\View.php(213): CodeIgniter\View\View->CodeIgniter\View\{closure}()
#3 D:\XAMPP\htdocs\GestionPagos\system\Common.php(1089): CodeIgniter\View\View->render('cuotas-alumno', Array, true)
#4 D:\XAMPP\htdocs\GestionPagos\app\Controllers\Home.php(36): view('cuotas-alumno')
#5 D:\XAMPP\htdocs\GestionPagos\system\CodeIgniter.php(832): App\Controllers\Home->cuotas_alumno()
#6 D:\XAMPP\htdocs\GestionPagos\system\CodeIgniter.php(419): CodeIgniter\CodeIgniter->runController(Object(App\Controllers\Home))
#7 D:\XAMPP\htdocs\GestionPagos\system\CodeIgniter.php(326): CodeIgniter\CodeIgniter->handleRequest(NULL, Object(Config\Cache), false)
#8 D:\XAMPP\htdocs\GestionPagos\index.php(37): CodeIgniter\CodeIgniter->run()
#9 {main}
CRITICAL - 2023-06-21 05:12:36 --> Illegal string offset 'cuota_detalle_monto'
#0 D:\XAMPP\htdocs\GestionPagos\app\Views\cuotas-alumno.php(113): CodeIgniter\Debug\Exceptions->errorHandler(2, 'Illegal string ...', 'D:\\XAMPP\\htdocs...', 113, Array)
#1 D:\XAMPP\htdocs\GestionPagos\system\View\View.php(210): include('D:\\XAMPP\\htdocs...')
#2 D:\XAMPP\htdocs\GestionPagos\system\View\View.php(213): CodeIgniter\View\View->CodeIgniter\View\{closure}()
#3 D:\XAMPP\htdocs\GestionPagos\system\Common.php(1089): CodeIgniter\View\View->render('cuotas-alumno', Array, true)
#4 D:\XAMPP\htdocs\GestionPagos\app\Controllers\Home.php(36): view('cuotas-alumno')
#5 D:\XAMPP\htdocs\GestionPagos\system\CodeIgniter.php(832): App\Controllers\Home->cuotas_alumno()
#6 D:\XAMPP\htdocs\GestionPagos\system\CodeIgniter.php(419): CodeIgniter\CodeIgniter->runController(Object(App\Controllers\Home))
#7 D:\XAMPP\htdocs\GestionPagos\system\CodeIgniter.php(326): CodeIgniter\CodeIgniter->handleRequest(NULL, Object(Config\Cache), false)
#8 D:\XAMPP\htdocs\GestionPagos\index.php(37): CodeIgniter\CodeIgniter->run()
#9 {main}
CRITICAL - 2023-06-21 05:13:20 --> Illegal string offset 'cuota_detalle_monto'
#0 D:\XAMPP\htdocs\GestionPagos\app\Views\cuotas-alumno.php(113): CodeIgniter\Debug\Exceptions->errorHandler(2, 'Illegal string ...', 'D:\\XAMPP\\htdocs...', 113, Array)
#1 D:\XAMPP\htdocs\GestionPagos\system\View\View.php(210): include('D:\\XAMPP\\htdocs...')
#2 D:\XAMPP\htdocs\GestionPagos\system\View\View.php(213): CodeIgniter\View\View->CodeIgniter\View\{closure}()
#3 D:\XAMPP\htdocs\GestionPagos\system\Common.php(1089): CodeIgniter\View\View->render('cuotas-alumno', Array, true)
#4 D:\XAMPP\htdocs\GestionPagos\app\Controllers\Home.php(36): view('cuotas-alumno')
#5 D:\XAMPP\htdocs\GestionPagos\system\CodeIgniter.php(832): App\Controllers\Home->cuotas_alumno()
#6 D:\XAMPP\htdocs\GestionPagos\system\CodeIgniter.php(419): CodeIgniter\CodeIgniter->runController(Object(App\Controllers\Home))
#7 D:\XAMPP\htdocs\GestionPagos\system\CodeIgniter.php(326): CodeIgniter\CodeIgniter->handleRequest(NULL, Object(Config\Cache), false)
#8 D:\XAMPP\htdocs\GestionPagos\index.php(37): CodeIgniter\CodeIgniter->run()
#9 {main}
CRITICAL - 2023-06-21 05:13:24 --> Illegal string offset 'cuota_detalle_monto'
#0 D:\XAMPP\htdocs\GestionPagos\app\Views\cuotas-alumno.php(113): CodeIgniter\Debug\Exceptions->errorHandler(2, 'Illegal string ...', 'D:\\XAMPP\\htdocs...', 113, Array)
#1 D:\XAMPP\htdocs\GestionPagos\system\View\View.php(210): include('D:\\XAMPP\\htdocs...')
#2 D:\XAMPP\htdocs\GestionPagos\system\View\View.php(213): CodeIgniter\View\View->CodeIgniter\View\{closure}()
#3 D:\XAMPP\htdocs\GestionPagos\system\Common.php(1089): CodeIgniter\View\View->render('cuotas-alumno', Array, true)
#4 D:\XAMPP\htdocs\GestionPagos\app\Controllers\Home.php(36): view('cuotas-alumno')
#5 D:\XAMPP\htdocs\GestionPagos\system\CodeIgniter.php(832): App\Controllers\Home->cuotas_alumno()
#6 D:\XAMPP\htdocs\GestionPagos\system\CodeIgniter.php(419): CodeIgniter\CodeIgniter->runController(Object(App\Controllers\Home))
#7 D:\XAMPP\htdocs\GestionPagos\system\CodeIgniter.php(326): CodeIgniter\CodeIgniter->handleRequest(NULL, Object(Config\Cache), false)
#8 D:\XAMPP\htdocs\GestionPagos\index.php(37): CodeIgniter\CodeIgniter->run()
#9 {main}
CRITICAL - 2023-06-21 05:13:30 --> Illegal string offset 'cuota_detalle_monto'
#0 D:\XAMPP\htdocs\GestionPagos\app\Views\cuotas-alumno.php(113): CodeIgniter\Debug\Exceptions->errorHandler(2, 'Illegal string ...', 'D:\\XAMPP\\htdocs...', 113, Array)
#1 D:\XAMPP\htdocs\GestionPagos\system\View\View.php(210): include('D:\\XAMPP\\htdocs...')
#2 D:\XAMPP\htdocs\GestionPagos\system\View\View.php(213): CodeIgniter\View\View->CodeIgniter\View\{closure}()
#3 D:\XAMPP\htdocs\GestionPagos\system\Common.php(1089): CodeIgniter\View\View->render('cuotas-alumno', Array, true)
#4 D:\XAMPP\htdocs\GestionPagos\app\Controllers\Home.php(36): view('cuotas-alumno')
#5 D:\XAMPP\htdocs\GestionPagos\system\CodeIgniter.php(832): App\Controllers\Home->cuotas_alumno()
#6 D:\XAMPP\htdocs\GestionPagos\system\CodeIgniter.php(419): CodeIgniter\CodeIgniter->runController(Object(App\Controllers\Home))
#7 D:\XAMPP\htdocs\GestionPagos\system\CodeIgniter.php(326): CodeIgniter\CodeIgniter->handleRequest(NULL, Object(Config\Cache), false)
#8 D:\XAMPP\htdocs\GestionPagos\index.php(37): CodeIgniter\CodeIgniter->run()
#9 {main}
CRITICAL - 2023-06-21 05:14:13 --> Illegal string offset 'cuota_detalle_monto'
#0 D:\XAMPP\htdocs\GestionPagos\app\Views\cuotas-alumno.php(113): CodeIgniter\Debug\Exceptions->errorHandler(2, 'Illegal string ...', 'D:\\XAMPP\\htdocs...', 113, Array)
#1 D:\XAMPP\htdocs\GestionPagos\system\View\View.php(210): include('D:\\XAMPP\\htdocs...')
#2 D:\XAMPP\htdocs\GestionPagos\system\View\View.php(213): CodeIgniter\View\View->CodeIgniter\View\{closure}()
#3 D:\XAMPP\htdocs\GestionPagos\system\Common.php(1089): CodeIgniter\View\View->render('cuotas-alumno', Array, true)
#4 D:\XAMPP\htdocs\GestionPagos\app\Controllers\Home.php(36): view('cuotas-alumno')
#5 D:\XAMPP\htdocs\GestionPagos\system\CodeIgniter.php(832): App\Controllers\Home->cuotas_alumno()
#6 D:\XAMPP\htdocs\GestionPagos\system\CodeIgniter.php(419): CodeIgniter\CodeIgniter->runController(Object(App\Controllers\Home))
#7 D:\XAMPP\htdocs\GestionPagos\system\CodeIgniter.php(326): CodeIgniter\CodeIgniter->handleRequest(NULL, Object(Config\Cache), false)
#8 D:\XAMPP\htdocs\GestionPagos\index.php(37): CodeIgniter\CodeIgniter->run()
#9 {main}
CRITICAL - 2023-06-21 05:14:14 --> Illegal string offset 'cuota_detalle_monto'
#0 D:\XAMPP\htdocs\GestionPagos\app\Views\cuotas-alumno.php(113): CodeIgniter\Debug\Exceptions->errorHandler(2, 'Illegal string ...', 'D:\\XAMPP\\htdocs...', 113, Array)
#1 D:\XAMPP\htdocs\GestionPagos\system\View\View.php(210): include('D:\\XAMPP\\htdocs...')
#2 D:\XAMPP\htdocs\GestionPagos\system\View\View.php(213): CodeIgniter\View\View->CodeIgniter\View\{closure}()
#3 D:\XAMPP\htdocs\GestionPagos\system\Common.php(1089): CodeIgniter\View\View->render('cuotas-alumno', Array, true)
#4 D:\XAMPP\htdocs\GestionPagos\app\Controllers\Home.php(36): view('cuotas-alumno')
#5 D:\XAMPP\htdocs\GestionPagos\system\CodeIgniter.php(832): App\Controllers\Home->cuotas_alumno()
#6 D:\XAMPP\htdocs\GestionPagos\system\CodeIgniter.php(419): CodeIgniter\CodeIgniter->runController(Object(App\Controllers\Home))
#7 D:\XAMPP\htdocs\GestionPagos\system\CodeIgniter.php(326): CodeIgniter\CodeIgniter->handleRequest(NULL, Object(Config\Cache), false)
#8 D:\XAMPP\htdocs\GestionPagos\index.php(37): CodeIgniter\CodeIgniter->run()
#9 {main}
CRITICAL - 2023-06-21 05:14:14 --> Illegal string offset 'cuota_detalle_monto'
#0 D:\XAMPP\htdocs\GestionPagos\app\Views\cuotas-alumno.php(113): CodeIgniter\Debug\Exceptions->errorHandler(2, 'Illegal string ...', 'D:\\XAMPP\\htdocs...', 113, Array)
#1 D:\XAMPP\htdocs\GestionPagos\system\View\View.php(210): include('D:\\XAMPP\\htdocs...')
#2 D:\XAMPP\htdocs\GestionPagos\system\View\View.php(213): CodeIgniter\View\View->CodeIgniter\View\{closure}()
#3 D:\XAMPP\htdocs\GestionPagos\system\Common.php(1089): CodeIgniter\View\View->render('cuotas-alumno', Array, true)
#4 D:\XAMPP\htdocs\GestionPagos\app\Controllers\Home.php(36): view('cuotas-alumno')
#5 D:\XAMPP\htdocs\GestionPagos\system\CodeIgniter.php(832): App\Controllers\Home->cuotas_alumno()
#6 D:\XAMPP\htdocs\GestionPagos\system\CodeIgniter.php(419): CodeIgniter\CodeIgniter->runController(Object(App\Controllers\Home))
#7 D:\XAMPP\htdocs\GestionPagos\system\CodeIgniter.php(326): CodeIgniter\CodeIgniter->handleRequest(NULL, Object(Config\Cache), false)
#8 D:\XAMPP\htdocs\GestionPagos\index.php(37): CodeIgniter\CodeIgniter->run()
#9 {main}
CRITICAL - 2023-06-21 05:15:39 --> Illegal string offset 'cuota_detalle_monto'
#0 D:\XAMPP\htdocs\GestionPagos\app\Views\cuotas-alumno.php(112): CodeIgniter\Debug\Exceptions->errorHandler(2, 'Illegal string ...', 'D:\\XAMPP\\htdocs...', 112, Array)
#1 D:\XAMPP\htdocs\GestionPagos\system\View\View.php(210): include('D:\\XAMPP\\htdocs...')
#2 D:\XAMPP\htdocs\GestionPagos\system\View\View.php(213): CodeIgniter\View\View->CodeIgniter\View\{closure}()
#3 D:\XAMPP\htdocs\GestionPagos\system\Common.php(1089): CodeIgniter\View\View->render('cuotas-alumno', Array, true)
#4 D:\XAMPP\htdocs\GestionPagos\app\Controllers\Home.php(36): view('cuotas-alumno')
#5 D:\XAMPP\htdocs\GestionPagos\system\CodeIgniter.php(832): App\Controllers\Home->cuotas_alumno()
#6 D:\XAMPP\htdocs\GestionPagos\system\CodeIgniter.php(419): CodeIgniter\CodeIgniter->runController(Object(App\Controllers\Home))
#7 D:\XAMPP\htdocs\GestionPagos\system\CodeIgniter.php(326): CodeIgniter\CodeIgniter->handleRequest(NULL, Object(Config\Cache), false)
#8 D:\XAMPP\htdocs\GestionPagos\index.php(37): CodeIgniter\CodeIgniter->run()
#9 {main}
CRITICAL - 2023-06-21 05:15:40 --> Illegal string offset 'cuota_detalle_monto'
#0 D:\XAMPP\htdocs\GestionPagos\app\Views\cuotas-alumno.php(112): CodeIgniter\Debug\Exceptions->errorHandler(2, 'Illegal string ...', 'D:\\XAMPP\\htdocs...', 112, Array)
#1 D:\XAMPP\htdocs\GestionPagos\system\View\View.php(210): include('D:\\XAMPP\\htdocs...')
#2 D:\XAMPP\htdocs\GestionPagos\system\View\View.php(213): CodeIgniter\View\View->CodeIgniter\View\{closure}()
#3 D:\XAMPP\htdocs\GestionPagos\system\Common.php(1089): CodeIgniter\View\View->render('cuotas-alumno', Array, true)
#4 D:\XAMPP\htdocs\GestionPagos\app\Controllers\Home.php(36): view('cuotas-alumno')
#5 D:\XAMPP\htdocs\GestionPagos\system\CodeIgniter.php(832): App\Controllers\Home->cuotas_alumno()
#6 D:\XAMPP\htdocs\GestionPagos\system\CodeIgniter.php(419): CodeIgniter\CodeIgniter->runController(Object(App\Controllers\Home))
#7 D:\XAMPP\htdocs\GestionPagos\system\CodeIgniter.php(326): CodeIgniter\CodeIgniter->handleRequest(NULL, Object(Config\Cache), false)
#8 D:\XAMPP\htdocs\GestionPagos\index.php(37): CodeIgniter\CodeIgniter->run()
#9 {main}
CRITICAL - 2023-06-21 05:16:23 --> Illegal string offset 'cuota_detalle_monto'
#0 D:\XAMPP\htdocs\GestionPagos\app\Views\cuotas-alumno.php(112): CodeIgniter\Debug\Exceptions->errorHandler(2, 'Illegal string ...', 'D:\\XAMPP\\htdocs...', 112, Array)
#1 D:\XAMPP\htdocs\GestionPagos\system\View\View.php(210): include('D:\\XAMPP\\htdocs...')
#2 D:\XAMPP\htdocs\GestionPagos\system\View\View.php(213): CodeIgniter\View\View->CodeIgniter\View\{closure}()
#3 D:\XAMPP\htdocs\GestionPagos\system\Common.php(1089): CodeIgniter\View\View->render('cuotas-alumno', Array, true)
#4 D:\XAMPP\htdocs\GestionPagos\app\Controllers\Home.php(36): view('cuotas-alumno')
#5 D:\XAMPP\htdocs\GestionPagos\system\CodeIgniter.php(832): App\Controllers\Home->cuotas_alumno()
#6 D:\XAMPP\htdocs\GestionPagos\system\CodeIgniter.php(419): CodeIgniter\CodeIgniter->runController(Object(App\Controllers\Home))
#7 D:\XAMPP\htdocs\GestionPagos\system\CodeIgniter.php(326): CodeIgniter\CodeIgniter->handleRequest(NULL, Object(Config\Cache), false)
#8 D:\XAMPP\htdocs\GestionPagos\index.php(37): CodeIgniter\CodeIgniter->run()
#9 {main}
CRITICAL - 2023-06-21 05:16:24 --> Illegal string offset 'cuota_detalle_monto'
#0 D:\XAMPP\htdocs\GestionPagos\app\Views\cuotas-alumno.php(112): CodeIgniter\Debug\Exceptions->errorHandler(2, 'Illegal string ...', 'D:\\XAMPP\\htdocs...', 112, Array)
#1 D:\XAMPP\htdocs\GestionPagos\system\View\View.php(210): include('D:\\XAMPP\\htdocs...')
#2 D:\XAMPP\htdocs\GestionPagos\system\View\View.php(213): CodeIgniter\View\View->CodeIgniter\View\{closure}()
#3 D:\XAMPP\htdocs\GestionPagos\system\Common.php(1089): CodeIgniter\View\View->render('cuotas-alumno', Array, true)
#4 D:\XAMPP\htdocs\GestionPagos\app\Controllers\Home.php(36): view('cuotas-alumno')
#5 D:\XAMPP\htdocs\GestionPagos\system\CodeIgniter.php(832): App\Controllers\Home->cuotas_alumno()
#6 D:\XAMPP\htdocs\GestionPagos\system\CodeIgniter.php(419): CodeIgniter\CodeIgniter->runController(Object(App\Controllers\Home))
#7 D:\XAMPP\htdocs\GestionPagos\system\CodeIgniter.php(326): CodeIgniter\CodeIgniter->handleRequest(NULL, Object(Config\Cache), false)
#8 D:\XAMPP\htdocs\GestionPagos\index.php(37): CodeIgniter\CodeIgniter->run()
#9 {main}
CRITICAL - 2023-06-21 05:17:42 --> syntax error, unexpected '$detalle' (T_VARIABLE), expecting ')'
#0 D:\XAMPP\htdocs\GestionPagos\system\View\View.php(213): CodeIgniter\View\View->CodeIgniter\View\{closure}()
#1 D:\XAMPP\htdocs\GestionPagos\system\Common.php(1089): CodeIgniter\View\View->render('cuotas-alumno', Array, true)
#2 D:\XAMPP\htdocs\GestionPagos\app\Controllers\Home.php(36): view('cuotas-alumno')
#3 D:\XAMPP\htdocs\GestionPagos\system\CodeIgniter.php(832): App\Controllers\Home->cuotas_alumno()
#4 D:\XAMPP\htdocs\GestionPagos\system\CodeIgniter.php(419): CodeIgniter\CodeIgniter->runController(Object(App\Controllers\Home))
#5 D:\XAMPP\htdocs\GestionPagos\system\CodeIgniter.php(326): CodeIgniter\CodeIgniter->handleRequest(NULL, Object(Config\Cache), false)
#6 D:\XAMPP\htdocs\GestionPagos\index.php(37): CodeIgniter\CodeIgniter->run()
#7 {main}
CRITICAL - 2023-06-21 05:18:03 --> syntax error, unexpected '$value' (T_VARIABLE), expecting ')'
#0 D:\XAMPP\htdocs\GestionPagos\system\View\View.php(213): CodeIgniter\View\View->CodeIgniter\View\{closure}()
#1 D:\XAMPP\htdocs\GestionPagos\system\Common.php(1089): CodeIgniter\View\View->render('cuotas-alumno', Array, true)
#2 D:\XAMPP\htdocs\GestionPagos\app\Controllers\Home.php(36): view('cuotas-alumno')
#3 D:\XAMPP\htdocs\GestionPagos\system\CodeIgniter.php(832): App\Controllers\Home->cuotas_alumno()
#4 D:\XAMPP\htdocs\GestionPagos\system\CodeIgniter.php(419): CodeIgniter\CodeIgniter->runController(Object(App\Controllers\Home))
#5 D:\XAMPP\htdocs\GestionPagos\system\CodeIgniter.php(326): CodeIgniter\CodeIgniter->handleRequest(NULL, Object(Config\Cache), false)
#6 D:\XAMPP\htdocs\GestionPagos\index.php(37): CodeIgniter\CodeIgniter->run()
#7 {main}
CRITICAL - 2023-06-21 05:18:06 --> syntax error, unexpected '$value' (T_VARIABLE), expecting ')'
#0 D:\XAMPP\htdocs\GestionPagos\system\View\View.php(213): CodeIgniter\View\View->CodeIgniter\View\{closure}()
#1 D:\XAMPP\htdocs\GestionPagos\system\Common.php(1089): CodeIgniter\View\View->render('cuotas-alumno', Array, true)
#2 D:\XAMPP\htdocs\GestionPagos\app\Controllers\Home.php(36): view('cuotas-alumno')
#3 D:\XAMPP\htdocs\GestionPagos\system\CodeIgniter.php(832): App\Controllers\Home->cuotas_alumno()
#4 D:\XAMPP\htdocs\GestionPagos\system\CodeIgniter.php(419): CodeIgniter\CodeIgniter->runController(Object(App\Controllers\Home))
#5 D:\XAMPP\htdocs\GestionPagos\system\CodeIgniter.php(326): CodeIgniter\CodeIgniter->handleRequest(NULL, Object(Config\Cache), false)
#6 D:\XAMPP\htdocs\GestionPagos\index.php(37): CodeIgniter\CodeIgniter->run()
#7 {main}
CRITICAL - 2023-06-21 05:19:07 --> Illegal string offset 'cuota_detalle_monto'
#0 D:\XAMPP\htdocs\GestionPagos\app\Views\cuotas-alumno.php(112): CodeIgniter\Debug\Exceptions->errorHandler(2, 'Illegal string ...', 'D:\\XAMPP\\htdocs...', 112, Array)
#1 D:\XAMPP\htdocs\GestionPagos\system\View\View.php(210): include('D:\\XAMPP\\htdocs...')
#2 D:\XAMPP\htdocs\GestionPagos\system\View\View.php(213): CodeIgniter\View\View->CodeIgniter\View\{closure}()
#3 D:\XAMPP\htdocs\GestionPagos\system\Common.php(1089): CodeIgniter\View\View->render('cuotas-alumno', Array, true)
#4 D:\XAMPP\htdocs\GestionPagos\app\Controllers\Home.php(36): view('cuotas-alumno')
#5 D:\XAMPP\htdocs\GestionPagos\system\CodeIgniter.php(832): App\Controllers\Home->cuotas_alumno()
#6 D:\XAMPP\htdocs\GestionPagos\system\CodeIgniter.php(419): CodeIgniter\CodeIgniter->runController(Object(App\Controllers\Home))
#7 D:\XAMPP\htdocs\GestionPagos\system\CodeIgniter.php(326): CodeIgniter\CodeIgniter->handleRequest(NULL, Object(Config\Cache), false)
#8 D:\XAMPP\htdocs\GestionPagos\index.php(37): CodeIgniter\CodeIgniter->run()
#9 {main}
CRITICAL - 2023-06-21 05:20:14 --> Undefined variable: row
#0 D:\XAMPP\htdocs\GestionPagos\app\Views\cuotas-alumno.php(117): CodeIgniter\Debug\Exceptions->errorHandler(8, 'Undefined varia...', 'D:\\XAMPP\\htdocs...', 117, Array)
#1 D:\XAMPP\htdocs\GestionPagos\system\View\View.php(210): include('D:\\XAMPP\\htdocs...')
#2 D:\XAMPP\htdocs\GestionPagos\system\View\View.php(213): CodeIgniter\View\View->CodeIgniter\View\{closure}()
#3 D:\XAMPP\htdocs\GestionPagos\system\Common.php(1089): CodeIgniter\View\View->render('cuotas-alumno', Array, true)
#4 D:\XAMPP\htdocs\GestionPagos\app\Controllers\Home.php(36): view('cuotas-alumno')
#5 D:\XAMPP\htdocs\GestionPagos\system\CodeIgniter.php(832): App\Controllers\Home->cuotas_alumno()
#6 D:\XAMPP\htdocs\GestionPagos\system\CodeIgniter.php(419): CodeIgniter\CodeIgniter->runController(Object(App\Controllers\Home))
#7 D:\XAMPP\htdocs\GestionPagos\system\CodeIgniter.php(326): CodeIgniter\CodeIgniter->handleRequest(NULL, Object(Config\Cache), false)
#8 D:\XAMPP\htdocs\GestionPagos\index.php(37): CodeIgniter\CodeIgniter->run()
#9 {main}
CRITICAL - 2023-06-21 05:21:35 --> Undefined variable: cuota_precio
#0 D:\XAMPP\htdocs\GestionPagos\app\Views\cuotas-alumno.php(112): CodeIgniter\Debug\Exceptions->errorHandler(8, 'Undefined varia...', 'D:\\XAMPP\\htdocs...', 112, Array)
#1 D:\XAMPP\htdocs\GestionPagos\system\View\View.php(210): include('D:\\XAMPP\\htdocs...')
#2 D:\XAMPP\htdocs\GestionPagos\system\View\View.php(213): CodeIgniter\View\View->CodeIgniter\View\{closure}()
#3 D:\XAMPP\htdocs\GestionPagos\system\Common.php(1089): CodeIgniter\View\View->render('cuotas-alumno', Array, true)
#4 D:\XAMPP\htdocs\GestionPagos\app\Controllers\Home.php(36): view('cuotas-alumno')
#5 D:\XAMPP\htdocs\GestionPagos\system\CodeIgniter.php(832): App\Controllers\Home->cuotas_alumno()
#6 D:\XAMPP\htdocs\GestionPagos\system\CodeIgniter.php(419): CodeIgniter\CodeIgniter->runController(Object(App\Controllers\Home))
#7 D:\XAMPP\htdocs\GestionPagos\system\CodeIgniter.php(326): CodeIgniter\CodeIgniter->handleRequest(NULL, Object(Config\Cache), false)
#8 D:\XAMPP\htdocs\GestionPagos\index.php(37): CodeIgniter\CodeIgniter->run()
#9 {main}
CRITICAL - 2023-06-21 05:21:47 --> syntax error, unexpected 'foreach' (T_FOREACH)
#0 D:\XAMPP\htdocs\GestionPagos\system\View\View.php(213): CodeIgniter\View\View->CodeIgniter\View\{closure}()
#1 D:\XAMPP\htdocs\GestionPagos\system\Common.php(1089): CodeIgniter\View\View->render('cuotas-alumno', Array, true)
#2 D:\XAMPP\htdocs\GestionPagos\app\Controllers\Home.php(36): view('cuotas-alumno')
#3 D:\XAMPP\htdocs\GestionPagos\system\CodeIgniter.php(832): App\Controllers\Home->cuotas_alumno()
#4 D:\XAMPP\htdocs\GestionPagos\system\CodeIgniter.php(419): CodeIgniter\CodeIgniter->runController(Object(App\Controllers\Home))
#5 D:\XAMPP\htdocs\GestionPagos\system\CodeIgniter.php(326): CodeIgniter\CodeIgniter->handleRequest(NULL, Object(Config\Cache), false)
#6 D:\XAMPP\htdocs\GestionPagos\index.php(37): CodeIgniter\CodeIgniter->run()
#7 {main}
CRITICAL - 2023-06-21 05:22:11 --> syntax error, unexpected 'foreach' (T_FOREACH)
#0 D:\XAMPP\htdocs\GestionPagos\system\View\View.php(213): CodeIgniter\View\View->CodeIgniter\View\{closure}()
#1 D:\XAMPP\htdocs\GestionPagos\system\Common.php(1089): CodeIgniter\View\View->render('cuotas-alumno', Array, true)
#2 D:\XAMPP\htdocs\GestionPagos\app\Controllers\Home.php(36): view('cuotas-alumno')
#3 D:\XAMPP\htdocs\GestionPagos\system\CodeIgniter.php(832): App\Controllers\Home->cuotas_alumno()
#4 D:\XAMPP\htdocs\GestionPagos\system\CodeIgniter.php(419): CodeIgniter\CodeIgniter->runController(Object(App\Controllers\Home))
#5 D:\XAMPP\htdocs\GestionPagos\system\CodeIgniter.php(326): CodeIgniter\CodeIgniter->handleRequest(NULL, Object(Config\Cache), false)
#6 D:\XAMPP\htdocs\GestionPagos\index.php(37): CodeIgniter\CodeIgniter->run()
#7 {main}
CRITICAL - 2023-06-21 05:46:51 --> syntax error, unexpected ')'
#0 D:\XAMPP\htdocs\GestionPagos\system\View\View.php(213): CodeIgniter\View\View->CodeIgniter\View\{closure}()
#1 D:\XAMPP\htdocs\GestionPagos\system\Common.php(1089): CodeIgniter\View\View->render('cuotas-alumno', Array, true)
#2 D:\XAMPP\htdocs\GestionPagos\app\Controllers\Home.php(36): view('cuotas-alumno')
#3 D:\XAMPP\htdocs\GestionPagos\system\CodeIgniter.php(832): App\Controllers\Home->cuotas_alumno()
#4 D:\XAMPP\htdocs\GestionPagos\system\CodeIgniter.php(419): CodeIgniter\CodeIgniter->runController(Object(App\Controllers\Home))
#5 D:\XAMPP\htdocs\GestionPagos\system\CodeIgniter.php(326): CodeIgniter\CodeIgniter->handleRequest(NULL, Object(Config\Cache), false)
#6 D:\XAMPP\htdocs\GestionPagos\index.php(37): CodeIgniter\CodeIgniter->run()
#7 {main}
CRITICAL - 2023-06-21 06:24:21 --> syntax error, unexpected '?>'
#0 D:\XAMPP\htdocs\GestionPagos\system\View\View.php(213): CodeIgniter\View\View->CodeIgniter\View\{closure}()
#1 D:\XAMPP\htdocs\GestionPagos\system\Common.php(1089): CodeIgniter\View\View->render('cuotas-alumno', Array, true)
#2 D:\XAMPP\htdocs\GestionPagos\app\Controllers\Home.php(36): view('cuotas-alumno')
#3 D:\XAMPP\htdocs\GestionPagos\system\CodeIgniter.php(832): App\Controllers\Home->cuotas_alumno()
#4 D:\XAMPP\htdocs\GestionPagos\system\CodeIgniter.php(419): CodeIgniter\CodeIgniter->runController(Object(App\Controllers\Home))
#5 D:\XAMPP\htdocs\GestionPagos\system\CodeIgniter.php(326): CodeIgniter\CodeIgniter->handleRequest(NULL, Object(Config\Cache), false)
#6 D:\XAMPP\htdocs\GestionPagos\index.php(37): CodeIgniter\CodeIgniter->run()
#7 {main}
CRITICAL - 2023-06-21 06:24:49 --> syntax error, unexpected '?>'
#0 D:\XAMPP\htdocs\GestionPagos\system\View\View.php(213): CodeIgniter\View\View->CodeIgniter\View\{closure}()
#1 D:\XAMPP\htdocs\GestionPagos\system\Common.php(1089): CodeIgniter\View\View->render('cuotas-alumno', Array, true)
#2 D:\XAMPP\htdocs\GestionPagos\app\Controllers\Home.php(36): view('cuotas-alumno')
#3 D:\XAMPP\htdocs\GestionPagos\system\CodeIgniter.php(832): App\Controllers\Home->cuotas_alumno()
#4 D:\XAMPP\htdocs\GestionPagos\system\CodeIgniter.php(419): CodeIgniter\CodeIgniter->runController(Object(App\Controllers\Home))
#5 D:\XAMPP\htdocs\GestionPagos\system\CodeIgniter.php(326): CodeIgniter\CodeIgniter->handleRequest(NULL, Object(Config\Cache), false)
#6 D:\XAMPP\htdocs\GestionPagos\index.php(37): CodeIgniter\CodeIgniter->run()
#7 {main}
CRITICAL - 2023-06-21 06:56:39 --> syntax error, unexpected '<'
#0 D:\XAMPP\htdocs\GestionPagos\system\View\View.php(213): CodeIgniter\View\View->CodeIgniter\View\{closure}()
#1 D:\XAMPP\htdocs\GestionPagos\system\Common.php(1089): CodeIgniter\View\View->render('cuotas-alumno', Array, true)
#2 D:\XAMPP\htdocs\GestionPagos\app\Controllers\Home.php(36): view('cuotas-alumno')
#3 D:\XAMPP\htdocs\GestionPagos\system\CodeIgniter.php(832): App\Controllers\Home->cuotas_alumno()
#4 D:\XAMPP\htdocs\GestionPagos\system\CodeIgniter.php(419): CodeIgniter\CodeIgniter->runController(Object(App\Controllers\Home))
#5 D:\XAMPP\htdocs\GestionPagos\system\CodeIgniter.php(326): CodeIgniter\CodeIgniter->handleRequest(NULL, Object(Config\Cache), false)
#6 D:\XAMPP\htdocs\GestionPagos\index.php(37): CodeIgniter\CodeIgniter->run()
#7 {main}
CRITICAL - 2023-06-21 06:57:21 --> Undefined index: cuota_detalle_monto
#0 D:\XAMPP\htdocs\GestionPagos\app\Views\cuotas-alumno.php(129): CodeIgniter\Debug\Exceptions->errorHandler(8, 'Undefined index...', 'D:\\XAMPP\\htdocs...', 129, Array)
#1 D:\XAMPP\htdocs\GestionPagos\system\View\View.php(210): include('D:\\XAMPP\\htdocs...')
#2 D:\XAMPP\htdocs\GestionPagos\system\View\View.php(213): CodeIgniter\View\View->CodeIgniter\View\{closure}()
#3 D:\XAMPP\htdocs\GestionPagos\system\Common.php(1089): CodeIgniter\View\View->render('cuotas-alumno', Array, true)
#4 D:\XAMPP\htdocs\GestionPagos\app\Controllers\Home.php(36): view('cuotas-alumno')
#5 D:\XAMPP\htdocs\GestionPagos\system\CodeIgniter.php(832): App\Controllers\Home->cuotas_alumno()
#6 D:\XAMPP\htdocs\GestionPagos\system\CodeIgniter.php(419): CodeIgniter\CodeIgniter->runController(Object(App\Controllers\Home))
#7 D:\XAMPP\htdocs\GestionPagos\system\CodeIgniter.php(326): CodeIgniter\CodeIgniter->handleRequest(NULL, Object(Config\Cache), false)
#8 D:\XAMPP\htdocs\GestionPagos\index.php(37): CodeIgniter\CodeIgniter->run()
#9 {main}
CRITICAL - 2023-06-21 06:59:04 --> syntax error, unexpected '$cuota_precio' (T_VARIABLE)
#0 D:\XAMPP\htdocs\GestionPagos\system\View\View.php(213): CodeIgniter\View\View->CodeIgniter\View\{closure}()
#1 D:\XAMPP\htdocs\GestionPagos\system\Common.php(1089): CodeIgniter\View\View->render('cuotas-alumno', Array, true)
#2 D:\XAMPP\htdocs\GestionPagos\app\Controllers\Home.php(36): view('cuotas-alumno')
#3 D:\XAMPP\htdocs\GestionPagos\system\CodeIgniter.php(832): App\Controllers\Home->cuotas_alumno()
#4 D:\XAMPP\htdocs\GestionPagos\system\CodeIgniter.php(419): CodeIgniter\CodeIgniter->runController(Object(App\Controllers\Home))
#5 D:\XAMPP\htdocs\GestionPagos\system\CodeIgniter.php(326): CodeIgniter\CodeIgniter->handleRequest(NULL, Object(Config\Cache), false)
#6 D:\XAMPP\htdocs\GestionPagos\index.php(37): CodeIgniter\CodeIgniter->run()
#7 {main}
CRITICAL - 2023-06-21 06:59:11 --> Undefined index: id_curso
#0 D:\XAMPP\htdocs\GestionPagos\app\Views\cuotas-alumno.php(131): CodeIgniter\Debug\Exceptions->errorHandler(8, 'Undefined index...', 'D:\\XAMPP\\htdocs...', 131, Array)
#1 D:\XAMPP\htdocs\GestionPagos\system\View\View.php(210): include('D:\\XAMPP\\htdocs...')
#2 D:\XAMPP\htdocs\GestionPagos\system\View\View.php(213): CodeIgniter\View\View->CodeIgniter\View\{closure}()
#3 D:\XAMPP\htdocs\GestionPagos\system\Common.php(1089): CodeIgniter\View\View->render('cuotas-alumno', Array, true)
#4 D:\XAMPP\htdocs\GestionPagos\app\Controllers\Home.php(36): view('cuotas-alumno')
#5 D:\XAMPP\htdocs\GestionPagos\system\CodeIgniter.php(832): App\Controllers\Home->cuotas_alumno()
#6 D:\XAMPP\htdocs\GestionPagos\system\CodeIgniter.php(419): CodeIgniter\CodeIgniter->runController(Object(App\Controllers\Home))
#7 D:\XAMPP\htdocs\GestionPagos\system\CodeIgniter.php(326): CodeIgniter\CodeIgniter->handleRequest(NULL, Object(Config\Cache), false)
#8 D:\XAMPP\htdocs\GestionPagos\index.php(37): CodeIgniter\CodeIgniter->run()
#9 {main}
CRITICAL - 2023-06-21 07:43:54 --> Undefined index: id_cuota
#0 D:\XAMPP\htdocs\GestionPagos\app\Views\cuotas-alumno.php(134): CodeIgniter\Debug\Exceptions->errorHandler(8, 'Undefined index...', 'D:\\XAMPP\\htdocs...', 134, Array)
#1 D:\XAMPP\htdocs\GestionPagos\system\View\View.php(210): include('D:\\XAMPP\\htdocs...')
#2 D:\XAMPP\htdocs\GestionPagos\system\View\View.php(213): CodeIgniter\View\View->CodeIgniter\View\{closure}()
#3 D:\XAMPP\htdocs\GestionPagos\system\Common.php(1089): CodeIgniter\View\View->render('cuotas-alumno', Array, true)
#4 D:\XAMPP\htdocs\GestionPagos\app\Controllers\Home.php(36): view('cuotas-alumno')
#5 D:\XAMPP\htdocs\GestionPagos\system\CodeIgniter.php(832): App\Controllers\Home->cuotas_alumno()
#6 D:\XAMPP\htdocs\GestionPagos\system\CodeIgniter.php(419): CodeIgniter\CodeIgniter->runController(Object(App\Controllers\Home))
#7 D:\XAMPP\htdocs\GestionPagos\system\CodeIgniter.php(326): CodeIgniter\CodeIgniter->handleRequest(NULL, Object(Config\Cache), false)
#8 D:\XAMPP\htdocs\GestionPagos\index.php(37): CodeIgniter\CodeIgniter->run()
#9 {main}
CRITICAL - 2023-06-21 07:50:01 --> Undefined variable: tipo_view
#0 D:\XAMPP\htdocs\GestionPagos\app\Views\cuotas-alumno.php(136): CodeIgniter\Debug\Exceptions->errorHandler(8, 'Undefined varia...', 'D:\\XAMPP\\htdocs...', 136, Array)
#1 D:\XAMPP\htdocs\GestionPagos\system\View\View.php(210): include('D:\\XAMPP\\htdocs...')
#2 D:\XAMPP\htdocs\GestionPagos\system\View\View.php(213): CodeIgniter\View\View->CodeIgniter\View\{closure}()
#3 D:\XAMPP\htdocs\GestionPagos\system\Common.php(1089): CodeIgniter\View\View->render('cuotas-alumno', Array, true)
#4 D:\XAMPP\htdocs\GestionPagos\app\Controllers\Home.php(36): view('cuotas-alumno')
#5 D:\XAMPP\htdocs\GestionPagos\system\CodeIgniter.php(832): App\Controllers\Home->cuotas_alumno()
#6 D:\XAMPP\htdocs\GestionPagos\system\CodeIgniter.php(419): CodeIgniter\CodeIgniter->runController(Object(App\Controllers\Home))
#7 D:\XAMPP\htdocs\GestionPagos\system\CodeIgniter.php(326): CodeIgniter\CodeIgniter->handleRequest(NULL, Object(Config\Cache), false)
#8 D:\XAMPP\htdocs\GestionPagos\index.php(37): CodeIgniter\CodeIgniter->run()
#9 {main}
CRITICAL - 2023-06-21 07:51:48 --> syntax error, unexpected ']', expecting ')'
#0 D:\XAMPP\htdocs\GestionPagos\system\View\View.php(213): CodeIgniter\View\View->CodeIgniter\View\{closure}()
#1 D:\XAMPP\htdocs\GestionPagos\system\Common.php(1089): CodeIgniter\View\View->render('CRUD-Clientes', Array, true)
#2 D:\XAMPP\htdocs\GestionPagos\app\Controllers\Home.php(29): view('CRUD-Clientes')
#3 D:\XAMPP\htdocs\GestionPagos\system\CodeIgniter.php(832): App\Controllers\Home->crud_clientes()
#4 D:\XAMPP\htdocs\GestionPagos\system\CodeIgniter.php(419): CodeIgniter\CodeIgniter->runController(Object(App\Controllers\Home))
#5 D:\XAMPP\htdocs\GestionPagos\system\CodeIgniter.php(326): CodeIgniter\CodeIgniter->handleRequest(NULL, Object(Config\Cache), false)
#6 D:\XAMPP\htdocs\GestionPagos\index.php(37): CodeIgniter\CodeIgniter->run()
#7 {main}
CRITICAL - 2023-06-21 07:52:33 --> syntax error, unexpected ']', expecting ')'
#0 D:\XAMPP\htdocs\GestionPagos\system\View\View.php(213): CodeIgniter\View\View->CodeIgniter\View\{closure}()
#1 D:\XAMPP\htdocs\GestionPagos\system\Common.php(1089): CodeIgniter\View\View->render('CRUD-Clientes', Array, true)
#2 D:\XAMPP\htdocs\GestionPagos\app\Controllers\Home.php(29): view('CRUD-Clientes')
#3 D:\XAMPP\htdocs\GestionPagos\system\CodeIgniter.php(832): App\Controllers\Home->crud_clientes()
#4 D:\XAMPP\htdocs\GestionPagos\system\CodeIgniter.php(419): CodeIgniter\CodeIgniter->runController(Object(App\Controllers\Home))
#5 D:\XAMPP\htdocs\GestionPagos\system\CodeIgniter.php(326): CodeIgniter\CodeIgniter->handleRequest(NULL, Object(Config\Cache), false)
#6 D:\XAMPP\htdocs\GestionPagos\index.php(37): CodeIgniter\CodeIgniter->run()
#7 {main}
CRITICAL - 2023-06-21 07:53:02 --> syntax error, unexpected ']', expecting ')'
#0 D:\XAMPP\htdocs\GestionPagos\system\View\View.php(213): CodeIgniter\View\View->CodeIgniter\View\{closure}()
#1 D:\XAMPP\htdocs\GestionPagos\system\Common.php(1089): CodeIgniter\View\View->render('CRUD-Clientes', Array, true)
#2 D:\XAMPP\htdocs\GestionPagos\app\Controllers\Home.php(29): view('CRUD-Clientes')
#3 D:\XAMPP\htdocs\GestionPagos\system\CodeIgniter.php(832): App\Controllers\Home->crud_clientes()
#4 D:\XAMPP\htdocs\GestionPagos\system\CodeIgniter.php(419): CodeIgniter\CodeIgniter->runController(Object(App\Controllers\Home))
#5 D:\XAMPP\htdocs\GestionPagos\system\CodeIgniter.php(326): CodeIgniter\CodeIgniter->handleRequest(NULL, Object(Config\Cache), false)
#6 D:\XAMPP\htdocs\GestionPagos\index.php(37): CodeIgniter\CodeIgniter->run()
#7 {main}
CRITICAL - 2023-06-21 07:53:03 --> syntax error, unexpected ']', expecting ')'
#0 D:\XAMPP\htdocs\GestionPagos\system\View\View.php(213): CodeIgniter\View\View->CodeIgniter\View\{closure}()
#1 D:\XAMPP\htdocs\GestionPagos\system\Common.php(1089): CodeIgniter\View\View->render('CRUD-Clientes', Array, true)
#2 D:\XAMPP\htdocs\GestionPagos\app\Controllers\Home.php(29): view('CRUD-Clientes')
#3 D:\XAMPP\htdocs\GestionPagos\system\CodeIgniter.php(832): App\Controllers\Home->crud_clientes()
#4 D:\XAMPP\htdocs\GestionPagos\system\CodeIgniter.php(419): CodeIgniter\CodeIgniter->runController(Object(App\Controllers\Home))
#5 D:\XAMPP\htdocs\GestionPagos\system\CodeIgniter.php(326): CodeIgniter\CodeIgniter->handleRequest(NULL, Object(Config\Cache), false)
#6 D:\XAMPP\htdocs\GestionPagos\index.php(37): CodeIgniter\CodeIgniter->run()
#7 {main}
CRITICAL - 2023-06-21 07:53:51 --> syntax error, unexpected ']', expecting ')'
#0 D:\XAMPP\htdocs\GestionPagos\system\View\View.php(213): CodeIgniter\View\View->CodeIgniter\View\{closure}()
#1 D:\XAMPP\htdocs\GestionPagos\system\Common.php(1089): CodeIgniter\View\View->render('CRUD-Clientes', Array, true)
#2 D:\XAMPP\htdocs\GestionPagos\app\Controllers\Home.php(29): view('CRUD-Clientes')
#3 D:\XAMPP\htdocs\GestionPagos\system\CodeIgniter.php(832): App\Controllers\Home->crud_clientes()
#4 D:\XAMPP\htdocs\GestionPagos\system\CodeIgniter.php(419): CodeIgniter\CodeIgniter->runController(Object(App\Controllers\Home))
#5 D:\XAMPP\htdocs\GestionPagos\system\CodeIgniter.php(326): CodeIgniter\CodeIgniter->handleRequest(NULL, Object(Config\Cache), false)
#6 D:\XAMPP\htdocs\GestionPagos\index.php(37): CodeIgniter\CodeIgniter->run()
#7 {main}
CRITICAL - 2023-06-21 07:54:04 --> Class 'Usuarios_model' not found
#0 D:\XAMPP\htdocs\GestionPagos\system\View\View.php(210): include()
#1 D:\XAMPP\htdocs\GestionPagos\system\View\View.php(213): CodeIgniter\View\View->CodeIgniter\View\{closure}()
#2 D:\XAMPP\htdocs\GestionPagos\system\Common.php(1089): CodeIgniter\View\View->render('CRUD-Clientes', Array, true)
#3 D:\XAMPP\htdocs\GestionPagos\app\Controllers\Home.php(29): view('CRUD-Clientes')
#4 D:\XAMPP\htdocs\GestionPagos\system\CodeIgniter.php(832): App\Controllers\Home->crud_clientes()
#5 D:\XAMPP\htdocs\GestionPagos\system\CodeIgniter.php(419): CodeIgniter\CodeIgniter->runController(Object(App\Controllers\Home))
#6 D:\XAMPP\htdocs\GestionPagos\system\CodeIgniter.php(326): CodeIgniter\CodeIgniter->handleRequest(NULL, Object(Config\Cache), false)
#7 D:\XAMPP\htdocs\GestionPagos\index.php(37): CodeIgniter\CodeIgniter->run()
#8 {main}
CRITICAL - 2023-06-21 07:54:23 --> Undefined index: cliente_dni
#0 D:\XAMPP\htdocs\GestionPagos\app\Views\CRUD-Clientes.php(89): CodeIgniter\Debug\Exceptions->errorHandler(8, 'Undefined index...', 'D:\\XAMPP\\htdocs...', 89, Array)
#1 D:\XAMPP\htdocs\GestionPagos\system\View\View.php(210): include('D:\\XAMPP\\htdocs...')
#2 D:\XAMPP\htdocs\GestionPagos\system\View\View.php(213): CodeIgniter\View\View->CodeIgniter\View\{closure}()
#3 D:\XAMPP\htdocs\GestionPagos\system\Common.php(1089): CodeIgniter\View\View->render('CRUD-Clientes', Array, true)
#4 D:\XAMPP\htdocs\GestionPagos\app\Controllers\Home.php(29): view('CRUD-Clientes')
#5 D:\XAMPP\htdocs\GestionPagos\system\CodeIgniter.php(832): App\Controllers\Home->crud_clientes()
#6 D:\XAMPP\htdocs\GestionPagos\system\CodeIgniter.php(419): CodeIgniter\CodeIgniter->runController(Object(App\Controllers\Home))
#7 D:\XAMPP\htdocs\GestionPagos\system\CodeIgniter.php(326): CodeIgniter\CodeIgniter->handleRequest(NULL, Object(Config\Cache), false)
#8 D:\XAMPP\htdocs\GestionPagos\index.php(37): CodeIgniter\CodeIgniter->run()
#9 {main}
CRITICAL - 2023-06-21 07:55:30 --> Undefined variable: facProducto
#0 D:\XAMPP\htdocs\GestionPagos\app\Controllers\Cuotas_controller.php(59): CodeIgniter\Debug\Exceptions->errorHandler(8, 'Undefined varia...', 'D:\\XAMPP\\htdocs...', 59, Array)
#1 D:\XAMPP\htdocs\GestionPagos\system\CodeIgniter.php(832): App\Controllers\Cuotas_controller->realizar_pago()
#2 D:\XAMPP\htdocs\GestionPagos\system\CodeIgniter.php(419): CodeIgniter\CodeIgniter->runController(Object(App\Controllers\Cuotas_controller))
#3 D:\XAMPP\htdocs\GestionPagos\system\CodeIgniter.php(326): CodeIgniter\CodeIgniter->handleRequest(NULL, Object(Config\Cache), false)
#4 D:\XAMPP\htdocs\GestionPagos\index.php(37): CodeIgniter\CodeIgniter->run()
#5 {main}
CRITICAL - 2023-06-21 08:20:42 --> Undefined index: cliente_apellido
#0 D:\XAMPP\htdocs\GestionPagos\app\Views\registrar-pago.php(47): CodeIgniter\Debug\Exceptions->errorHandler(8, 'Undefined index...', 'D:\\XAMPP\\htdocs...', 47, Array)
#1 D:\XAMPP\htdocs\GestionPagos\system\View\View.php(210): include('D:\\XAMPP\\htdocs...')
#2 D:\XAMPP\htdocs\GestionPagos\system\View\View.php(213): CodeIgniter\View\View->CodeIgniter\View\{closure}()
#3 D:\XAMPP\htdocs\GestionPagos\system\Common.php(1089): CodeIgniter\View\View->render('registrar-pago', Array, true)
#4 D:\XAMPP\htdocs\GestionPagos\app\Controllers\Home.php(64): view('registrar-pago')
#5 D:\XAMPP\htdocs\GestionPagos\system\CodeIgniter.php(832): App\Controllers\Home->registrar_pago()
#6 D:\XAMPP\htdocs\GestionPagos\system\CodeIgniter.php(419): CodeIgniter\CodeIgniter->runController(Object(App\Controllers\Home))
#7 D:\XAMPP\htdocs\GestionPagos\system\CodeIgniter.php(326): CodeIgniter\CodeIgniter->handleRequest(NULL, Object(Config\Cache), false)
#8 D:\XAMPP\htdocs\GestionPagos\index.php(37): CodeIgniter\CodeIgniter->run()
#9 {main}
CRITICAL - 2023-06-21 08:20:42 --> Undefined index: cliente_apellido
#0 D:\XAMPP\htdocs\GestionPagos\app\Views\registrar-pago.php(47): CodeIgniter\Debug\Exceptions->errorHandler(8, 'Undefined index...', 'D:\\XAMPP\\htdocs...', 47, Array)
#1 D:\XAMPP\htdocs\GestionPagos\system\View\View.php(210): include('D:\\XAMPP\\htdocs...')
#2 D:\XAMPP\htdocs\GestionPagos\system\View\View.php(213): CodeIgniter\View\View->CodeIgniter\View\{closure}()
#3 D:\XAMPP\htdocs\GestionPagos\system\Common.php(1089): CodeIgniter\View\View->render('registrar-pago', Array, true)
#4 D:\XAMPP\htdocs\GestionPagos\app\Controllers\Home.php(64): view('registrar-pago')
#5 D:\XAMPP\htdocs\GestionPagos\system\CodeIgniter.php(832): App\Controllers\Home->registrar_pago()
#6 D:\XAMPP\htdocs\GestionPagos\system\CodeIgniter.php(419): CodeIgniter\CodeIgniter->runController(Object(App\Controllers\Home))
#7 D:\XAMPP\htdocs\GestionPagos\system\CodeIgniter.php(326): CodeIgniter\CodeIgniter->handleRequest(NULL, Object(Config\Cache), false)
#8 D:\XAMPP\htdocs\GestionPagos\index.php(37): CodeIgniter\CodeIgniter->run()
#9 {main}
CRITICAL - 2023-06-21 08:27:03 --> Call to undefined function now()
#0 D:\XAMPP\htdocs\GestionPagos\system\View\View.php(210): include()
#1 D:\XAMPP\htdocs\GestionPagos\system\View\View.php(213): CodeIgniter\View\View->CodeIgniter\View\{closure}()
#2 D:\XAMPP\htdocs\GestionPagos\system\Common.php(1089): CodeIgniter\View\View->render('registrar-pago', Array, true)
#3 D:\XAMPP\htdocs\GestionPagos\app\Controllers\Home.php(64): view('registrar-pago')
#4 D:\XAMPP\htdocs\GestionPagos\system\CodeIgniter.php(832): App\Controllers\Home->registrar_pago()
#5 D:\XAMPP\htdocs\GestionPagos\system\CodeIgniter.php(419): CodeIgniter\CodeIgniter->runController(Object(App\Controllers\Home))
#6 D:\XAMPP\htdocs\GestionPagos\system\CodeIgniter.php(326): CodeIgniter\CodeIgniter->handleRequest(NULL, Object(Config\Cache), false)
#7 D:\XAMPP\htdocs\GestionPagos\index.php(37): CodeIgniter\CodeIgniter->run()
#8 {main}
CRITICAL - 2023-06-21 08:29:17 --> Call to undefined function mdate()
#0 D:\XAMPP\htdocs\GestionPagos\system\View\View.php(210): include()
#1 D:\XAMPP\htdocs\GestionPagos\system\View\View.php(213): CodeIgniter\View\View->CodeIgniter\View\{closure}()
#2 D:\XAMPP\htdocs\GestionPagos\system\Common.php(1089): CodeIgniter\View\View->render('registrar-pago', Array, true)
#3 D:\XAMPP\htdocs\GestionPagos\app\Controllers\Home.php(64): view('registrar-pago')
#4 D:\XAMPP\htdocs\GestionPagos\system\CodeIgniter.php(832): App\Controllers\Home->registrar_pago()
#5 D:\XAMPP\htdocs\GestionPagos\system\CodeIgniter.php(419): CodeIgniter\CodeIgniter->runController(Object(App\Controllers\Home))
#6 D:\XAMPP\htdocs\GestionPagos\system\CodeIgniter.php(326): CodeIgniter\CodeIgniter->handleRequest(NULL, Object(Config\Cache), false)
#7 D:\XAMPP\htdocs\GestionPagos\index.php(37): CodeIgniter\CodeIgniter->run()
#8 {main}
CRITICAL - 2023-06-21 08:29:58 --> Undefined property: CodeIgniter\View\View::$load
#0 D:\XAMPP\htdocs\GestionPagos\app\Views\registrar-pago.php(22): CodeIgniter\Debug\Exceptions->errorHandler(8, 'Undefined prope...', 'D:\\XAMPP\\htdocs...', 22, Array)
#1 D:\XAMPP\htdocs\GestionPagos\system\View\View.php(210): include('D:\\XAMPP\\htdocs...')
#2 D:\XAMPP\htdocs\GestionPagos\system\View\View.php(213): CodeIgniter\View\View->CodeIgniter\View\{closure}()
#3 D:\XAMPP\htdocs\GestionPagos\system\Common.php(1089): CodeIgniter\View\View->render('registrar-pago', Array, true)
#4 D:\XAMPP\htdocs\GestionPagos\app\Controllers\Home.php(64): view('registrar-pago')
#5 D:\XAMPP\htdocs\GestionPagos\system\CodeIgniter.php(832): App\Controllers\Home->registrar_pago()
#6 D:\XAMPP\htdocs\GestionPagos\system\CodeIgniter.php(419): CodeIgniter\CodeIgniter->runController(Object(App\Controllers\Home))
#7 D:\XAMPP\htdocs\GestionPagos\system\CodeIgniter.php(326): CodeIgniter\CodeIgniter->handleRequest(NULL, Object(Config\Cache), false)
#8 D:\XAMPP\htdocs\GestionPagos\index.php(37): CodeIgniter\CodeIgniter->run()
#9 {main}
CRITICAL - 2023-06-21 08:30:08 --> Call to undefined function mdate()
#0 D:\XAMPP\htdocs\GestionPagos\system\View\View.php(210): include()
#1 D:\XAMPP\htdocs\GestionPagos\system\View\View.php(213): CodeIgniter\View\View->CodeIgniter\View\{closure}()
#2 D:\XAMPP\htdocs\GestionPagos\system\Common.php(1089): CodeIgniter\View\View->render('registrar-pago', Array, true)
#3 D:\XAMPP\htdocs\GestionPagos\app\Controllers\Home.php(64): view('registrar-pago')
#4 D:\XAMPP\htdocs\GestionPagos\system\CodeIgniter.php(832): App\Controllers\Home->registrar_pago()
#5 D:\XAMPP\htdocs\GestionPagos\system\CodeIgniter.php(419): CodeIgniter\CodeIgniter->runController(Object(App\Controllers\Home))
#6 D:\XAMPP\htdocs\GestionPagos\system\CodeIgniter.php(326): CodeIgniter\CodeIgniter->handleRequest(NULL, Object(Config\Cache), false)
#7 D:\XAMPP\htdocs\GestionPagos\index.php(37): CodeIgniter\CodeIgniter->run()
#8 {main}
CRITICAL - 2023-06-21 08:40:22 --> Undefined index: cuota_monto
#0 D:\XAMPP\htdocs\GestionPagos\app\Controllers\Pagos_controller.php(76): CodeIgniter\Debug\Exceptions->errorHandler(8, 'Undefined index...', 'D:\\XAMPP\\htdocs...', 76, Array)
#1 D:\XAMPP\htdocs\GestionPagos\system\CodeIgniter.php(832): App\Controllers\Pagos_controller->realizar_pago()
#2 D:\XAMPP\htdocs\GestionPagos\system\CodeIgniter.php(419): CodeIgniter\CodeIgniter->runController(Object(App\Controllers\Pagos_controller))
#3 D:\XAMPP\htdocs\GestionPagos\system\CodeIgniter.php(326): CodeIgniter\CodeIgniter->handleRequest(NULL, Object(Config\Cache), false)
#4 D:\XAMPP\htdocs\GestionPagos\index.php(37): CodeIgniter\CodeIgniter->run()
#5 {main}
CRITICAL - 2023-06-21 08:41:56 --> Array to string conversion
#0 D:\XAMPP\htdocs\GestionPagos\app\Controllers\Pagos_controller.php(66): CodeIgniter\Debug\Exceptions->errorHandler(8, 'Array to string...', 'D:\\XAMPP\\htdocs...', 66, Array)
#1 D:\XAMPP\htdocs\GestionPagos\system\CodeIgniter.php(832): App\Controllers\Pagos_controller->realizar_pago()
#2 D:\XAMPP\htdocs\GestionPagos\system\CodeIgniter.php(419): CodeIgniter\CodeIgniter->runController(Object(App\Controllers\Pagos_controller))
#3 D:\XAMPP\htdocs\GestionPagos\system\CodeIgniter.php(326): CodeIgniter\CodeIgniter->handleRequest(NULL, Object(Config\Cache), false)
#4 D:\XAMPP\htdocs\GestionPagos\index.php(37): CodeIgniter\CodeIgniter->run()
#5 {main}
CRITICAL - 2023-06-21 09:03:21 --> Undefined variable: cuota
#0 D:\XAMPP\htdocs\GestionPagos\app\Views\cuotas-alumno.php(71): CodeIgniter\Debug\Exceptions->errorHandler(8, 'Undefined varia...', 'D:\\XAMPP\\htdocs...', 71, Array)
#1 D:\XAMPP\htdocs\GestionPagos\system\View\View.php(210): include('D:\\XAMPP\\htdocs...')
#2 D:\XAMPP\htdocs\GestionPagos\system\View\View.php(213): CodeIgniter\View\View->CodeIgniter\View\{closure}()
#3 D:\XAMPP\htdocs\GestionPagos\system\Common.php(1089): CodeIgniter\View\View->render('cuotas-alumno', Array, true)
#4 D:\XAMPP\htdocs\GestionPagos\app\Controllers\Home.php(36): view('cuotas-alumno')
#5 D:\XAMPP\htdocs\GestionPagos\system\CodeIgniter.php(832): App\Controllers\Home->cuotas_alumno()
#6 D:\XAMPP\htdocs\GestionPagos\system\CodeIgniter.php(419): CodeIgniter\CodeIgniter->runController(Object(App\Controllers\Home))
#7 D:\XAMPP\htdocs\GestionPagos\system\CodeIgniter.php(326): CodeIgniter\CodeIgniter->handleRequest(NULL, Object(Config\Cache), false)
#8 D:\XAMPP\htdocs\GestionPagos\index.php(37): CodeIgniter\CodeIgniter->run()
#9 {main}
CRITICAL - 2023-06-21 09:12:34 --> Invalid file: crear-cliente.php
#0 D:\XAMPP\htdocs\GestionPagos\system\View\View.php(198): CodeIgniter\Exceptions\FrameworkException::forInvalidFile('crear-cliente.p...')
#1 D:\XAMPP\htdocs\GestionPagos\system\Common.php(1089): CodeIgniter\View\View->render('crear-cliente', Array, true)
#2 D:\XAMPP\htdocs\GestionPagos\app\Controllers\Home.php(64): view('crear-cliente')
#3 D:\XAMPP\htdocs\GestionPagos\system\CodeIgniter.php(832): App\Controllers\Home->crear_cliente()
#4 D:\XAMPP\htdocs\GestionPagos\system\CodeIgniter.php(419): CodeIgniter\CodeIgniter->runController(Object(App\Controllers\Home))
#5 D:\XAMPP\htdocs\GestionPagos\system\CodeIgniter.php(326): CodeIgniter\CodeIgniter->handleRequest(NULL, Object(Config\Cache), false)
#6 D:\XAMPP\htdocs\GestionPagos\index.php(37): CodeIgniter\CodeIgniter->run()
#7 {main}
CRITICAL - 2023-06-21 13:37:56 --> syntax error, unexpected token "echo"
#0 C:\XAMPP\htdocs\GestionPagos\system\Autoloader\Autoloader.php(241): CodeIgniter\Autoloader\Autoloader->includeFile('C:\\XAMPP\\htdocs...')
#1 C:\XAMPP\htdocs\GestionPagos\system\Autoloader\Autoloader.php(219): CodeIgniter\Autoloader\Autoloader->loadInNamespace('App\\Controllers...')
#2 [internal function]: CodeIgniter\Autoloader\Autoloader->loadClass('App\\Controllers...')
#3 C:\XAMPP\htdocs\GestionPagos\system\CodeIgniter.php(797): class_exists('\\App\\Controller...', true)
#4 C:\XAMPP\htdocs\GestionPagos\system\CodeIgniter.php(406): CodeIgniter\CodeIgniter->startController()
#5 C:\XAMPP\htdocs\GestionPagos\system\CodeIgniter.php(326): CodeIgniter\CodeIgniter->handleRequest(NULL, Object(Config\Cache), false)
#6 C:\XAMPP\htdocs\GestionPagos\index.php(37): CodeIgniter\CodeIgniter->run()
#7 {main}
CRITICAL - 2023-06-21 13:39:15 --> Trying to access array offset on value of type null
#0 C:\XAMPP\htdocs\GestionPagos\app\Views\modificar-usuario.php(8): CodeIgniter\Debug\Exceptions->errorHandler(2, 'Trying to acces...', 'C:\\XAMPP\\htdocs...', 8)
#1 C:\XAMPP\htdocs\GestionPagos\system\View\View.php(210): include('C:\\XAMPP\\htdocs...')
#2 C:\XAMPP\htdocs\GestionPagos\system\View\View.php(213): CodeIgniter\View\View->CodeIgniter\View\{closure}()
#3 C:\XAMPP\htdocs\GestionPagos\system\Common.php(1089): CodeIgniter\View\View->render('modificar-usuar...', Array, true)
#4 C:\XAMPP\htdocs\GestionPagos\app\Controllers\Usuarios_controller.php(40): view('modificar-usuar...', Array)
#5 C:\XAMPP\htdocs\GestionPagos\system\CodeIgniter.php(832): App\Controllers\Usuarios_controller->edit()
#6 C:\XAMPP\htdocs\GestionPagos\system\CodeIgniter.php(419): CodeIgniter\CodeIgniter->runController(Object(App\Controllers\Usuarios_controller))
#7 C:\XAMPP\htdocs\GestionPagos\system\CodeIgniter.php(326): CodeIgniter\CodeIgniter->handleRequest(NULL, Object(Config\Cache), false)
#8 C:\XAMPP\htdocs\GestionPagos\index.php(37): CodeIgniter\CodeIgniter->run()
#9 {main}
CRITICAL - 2023-06-21 13:40:04 --> Trying to access array offset on value of type null
#0 C:\XAMPP\htdocs\GestionPagos\app\Views\modificar-usuario.php(8): CodeIgniter\Debug\Exceptions->errorHandler(2, 'Trying to acces...', 'C:\\XAMPP\\htdocs...', 8)
#1 C:\XAMPP\htdocs\GestionPagos\system\View\View.php(210): include('C:\\XAMPP\\htdocs...')
#2 C:\XAMPP\htdocs\GestionPagos\system\View\View.php(213): CodeIgniter\View\View->CodeIgniter\View\{closure}()
#3 C:\XAMPP\htdocs\GestionPagos\system\Common.php(1089): CodeIgniter\View\View->render('modificar-usuar...', Array, true)
#4 C:\XAMPP\htdocs\GestionPagos\app\Controllers\Usuarios_controller.php(40): view('modificar-usuar...', Array)
#5 C:\XAMPP\htdocs\GestionPagos\system\CodeIgniter.php(832): App\Controllers\Usuarios_controller->edit()
#6 C:\XAMPP\htdocs\GestionPagos\system\CodeIgniter.php(419): CodeIgniter\CodeIgniter->runController(Object(App\Controllers\Usuarios_controller))
#7 C:\XAMPP\htdocs\GestionPagos\system\CodeIgniter.php(326): CodeIgniter\CodeIgniter->handleRequest(NULL, Object(Config\Cache), false)
#8 C:\XAMPP\htdocs\GestionPagos\index.php(37): CodeIgniter\CodeIgniter->run()
#9 {main}
CRITICAL - 2023-06-21 13:40:08 --> Trying to access array offset on value of type null
#0 C:\XAMPP\htdocs\GestionPagos\app\Views\modificar-usuario.php(8): CodeIgniter\Debug\Exceptions->errorHandler(2, 'Trying to acces...', 'C:\\XAMPP\\htdocs...', 8)
#1 C:\XAMPP\htdocs\GestionPagos\system\View\View.php(210): include('C:\\XAMPP\\htdocs...')
#2 C:\XAMPP\htdocs\GestionPagos\system\View\View.php(213): CodeIgniter\View\View->CodeIgniter\View\{closure}()
#3 C:\XAMPP\htdocs\GestionPagos\system\Common.php(1089): CodeIgniter\View\View->render('modificar-usuar...', Array, true)
#4 C:\XAMPP\htdocs\GestionPagos\app\Controllers\Usuarios_controller.php(40): view('modificar-usuar...', Array)
#5 C:\XAMPP\htdocs\GestionPagos\system\CodeIgniter.php(832): App\Controllers\Usuarios_controller->edit()
#6 C:\XAMPP\htdocs\GestionPagos\system\CodeIgniter.php(419): CodeIgniter\CodeIgniter->runController(Object(App\Controllers\Usuarios_controller))
#7 C:\XAMPP\htdocs\GestionPagos\system\CodeIgniter.php(326): CodeIgniter\CodeIgniter->handleRequest(NULL, Object(Config\Cache), false)
#8 C:\XAMPP\htdocs\GestionPagos\index.php(37): CodeIgniter\CodeIgniter->run()
#9 {main}
CRITICAL - 2023-06-21 13:40:52 --> Trying to access array offset on value of type null
#0 C:\XAMPP\htdocs\GestionPagos\app\Views\modificar-usuario.php(12): CodeIgniter\Debug\Exceptions->errorHandler(2, 'Trying to acces...', 'C:\\XAMPP\\htdocs...', 12)
#1 C:\XAMPP\htdocs\GestionPagos\system\View\View.php(210): include('C:\\XAMPP\\htdocs...')
#2 C:\XAMPP\htdocs\GestionPagos\system\View\View.php(213): CodeIgniter\View\View->CodeIgniter\View\{closure}()
#3 C:\XAMPP\htdocs\GestionPagos\system\Common.php(1089): CodeIgniter\View\View->render('modificar-usuar...', Array, true)
#4 C:\XAMPP\htdocs\GestionPagos\app\Controllers\Usuarios_controller.php(40): view('modificar-usuar...', Array)
#5 C:\XAMPP\htdocs\GestionPagos\system\CodeIgniter.php(832): App\Controllers\Usuarios_controller->edit()
#6 C:\XAMPP\htdocs\GestionPagos\system\CodeIgniter.php(419): CodeIgniter\CodeIgniter->runController(Object(App\Controllers\Usuarios_controller))
#7 C:\XAMPP\htdocs\GestionPagos\system\CodeIgniter.php(326): CodeIgniter\CodeIgniter->handleRequest(NULL, Object(Config\Cache), false)
#8 C:\XAMPP\htdocs\GestionPagos\index.php(37): CodeIgniter\CodeIgniter->run()
#9 {main}
CRITICAL - 2023-06-21 13:50:28 --> Too few arguments to function App\Controllers\Usuarios_controller::edit(), 0 passed in C:\XAMPP\htdocs\GestionPagos\system\CodeIgniter.php on line 832 and exactly 1 expected
#0 C:\XAMPP\htdocs\GestionPagos\system\CodeIgniter.php(832): App\Controllers\Usuarios_controller->edit()
#1 C:\XAMPP\htdocs\GestionPagos\system\CodeIgniter.php(419): CodeIgniter\CodeIgniter->runController(Object(App\Controllers\Usuarios_controller))
#2 C:\XAMPP\htdocs\GestionPagos\system\CodeIgniter.php(326): CodeIgniter\CodeIgniter->handleRequest(NULL, Object(Config\Cache), false)
#3 C:\XAMPP\htdocs\GestionPagos\index.php(37): CodeIgniter\CodeIgniter->run()
#4 {main}
CRITICAL - 2023-06-21 13:50:42 --> Trying to access array offset on value of type null
#0 C:\XAMPP\htdocs\GestionPagos\app\Views\modificar-usuario.php(12): CodeIgniter\Debug\Exceptions->errorHandler(2, 'Trying to acces...', 'C:\\XAMPP\\htdocs...', 12)
#1 C:\XAMPP\htdocs\GestionPagos\system\View\View.php(210): include('C:\\XAMPP\\htdocs...')
#2 C:\XAMPP\htdocs\GestionPagos\system\View\View.php(213): CodeIgniter\View\View->CodeIgniter\View\{closure}()
#3 C:\XAMPP\htdocs\GestionPagos\system\Common.php(1089): CodeIgniter\View\View->render('modificar-usuar...', Array, true)
#4 C:\XAMPP\htdocs\GestionPagos\app\Controllers\Usuarios_controller.php(40): view('modificar-usuar...', Array)
#5 C:\XAMPP\htdocs\GestionPagos\system\CodeIgniter.php(832): App\Controllers\Usuarios_controller->edit()
#6 C:\XAMPP\htdocs\GestionPagos\system\CodeIgniter.php(419): CodeIgniter\CodeIgniter->runController(Object(App\Controllers\Usuarios_controller))
#7 C:\XAMPP\htdocs\GestionPagos\system\CodeIgniter.php(326): CodeIgniter\CodeIgniter->handleRequest(NULL, Object(Config\Cache), false)
#8 C:\XAMPP\htdocs\GestionPagos\index.php(37): CodeIgniter\CodeIgniter->run()
#9 {main}
CRITICAL - 2023-06-21 13:51:46 --> Trying to access array offset on value of type null
#0 C:\XAMPP\htdocs\GestionPagos\app\Controllers\Usuarios_controller.php(37): CodeIgniter\Debug\Exceptions->errorHandler(2, 'Trying to acces...', 'C:\\XAMPP\\htdocs...', 37)
#1 C:\XAMPP\htdocs\GestionPagos\system\CodeIgniter.php(832): App\Controllers\Usuarios_controller->edit()
#2 C:\XAMPP\htdocs\GestionPagos\system\CodeIgniter.php(419): CodeIgniter\CodeIgniter->runController(Object(App\Controllers\Usuarios_controller))
#3 C:\XAMPP\htdocs\GestionPagos\system\CodeIgniter.php(326): CodeIgniter\CodeIgniter->handleRequest(NULL, Object(Config\Cache), false)
#4 C:\XAMPP\htdocs\GestionPagos\index.php(37): CodeIgniter\CodeIgniter->run()
#5 {main}
CRITICAL - 2023-06-21 13:52:41 --> Undefined array key "baja"
#0 C:\XAMPP\htdocs\GestionPagos\app\Views\modificar-usuario.php(127): CodeIgniter\Debug\Exceptions->errorHandler(2, 'Undefined array...', 'C:\\XAMPP\\htdocs...', 127)
#1 C:\XAMPP\htdocs\GestionPagos\system\View\View.php(210): include('C:\\XAMPP\\htdocs...')
#2 C:\XAMPP\htdocs\GestionPagos\system\View\View.php(213): CodeIgniter\View\View->CodeIgniter\View\{closure}()
#3 C:\XAMPP\htdocs\GestionPagos\system\Common.php(1089): CodeIgniter\View\View->render('modificar-usuar...', Array, true)
#4 C:\XAMPP\htdocs\GestionPagos\app\Controllers\Usuarios_controller.php(42): view('modificar-usuar...', Array)
#5 C:\XAMPP\htdocs\GestionPagos\system\CodeIgniter.php(832): App\Controllers\Usuarios_controller->edit('1')
#6 C:\XAMPP\htdocs\GestionPagos\system\CodeIgniter.php(419): CodeIgniter\CodeIgniter->runController(Object(App\Controllers\Usuarios_controller))
#7 C:\XAMPP\htdocs\GestionPagos\system\CodeIgniter.php(326): CodeIgniter\CodeIgniter->handleRequest(NULL, Object(Config\Cache), false)
#8 C:\XAMPP\htdocs\GestionPagos\index.php(37): CodeIgniter\CodeIgniter->run()
#9 {main}
CRITICAL - 2023-06-21 13:56:21 --> Invalid file: modificar-curso.php
#0 C:\XAMPP\htdocs\GestionPagos\system\View\View.php(198): CodeIgniter\Exceptions\FrameworkException::forInvalidFile('modificar-curso...')
#1 C:\XAMPP\htdocs\GestionPagos\system\Common.php(1089): CodeIgniter\View\View->render('modificar-curso', Array, true)
#2 C:\XAMPP\htdocs\GestionPagos\app\Controllers\Cursos_controller.php(33): view('modificar-curso', Array)
#3 C:\XAMPP\htdocs\GestionPagos\system\CodeIgniter.php(832): App\Controllers\Cursos_controller->edit('1')
#4 C:\XAMPP\htdocs\GestionPagos\system\CodeIgniter.php(419): CodeIgniter\CodeIgniter->runController(Object(App\Controllers\Cursos_controller))
#5 C:\XAMPP\htdocs\GestionPagos\system\CodeIgniter.php(326): CodeIgniter\CodeIgniter->handleRequest(NULL, Object(Config\Cache), false)
#6 C:\XAMPP\htdocs\GestionPagos\index.php(37): CodeIgniter\CodeIgniter->run()
#7 {main}
CRITICAL - 2023-06-21 14:35:51 --> Undefined variable $curso_buscar
#0 C:\XAMPP\htdocs\GestionPagos\app\Views\modificar-curso.php(8): CodeIgniter\Debug\Exceptions->errorHandler(2, 'Undefined varia...', 'C:\\XAMPP\\htdocs...', 8)
#1 C:\XAMPP\htdocs\GestionPagos\system\View\View.php(210): include('C:\\XAMPP\\htdocs...')
#2 C:\XAMPP\htdocs\GestionPagos\system\View\View.php(213): CodeIgniter\View\View->CodeIgniter\View\{closure}()
#3 C:\XAMPP\htdocs\GestionPagos\system\Common.php(1089): CodeIgniter\View\View->render('modificar-curso', Array, true)
#4 C:\XAMPP\htdocs\GestionPagos\app\Controllers\Cursos_controller.php(33): view('modificar-curso', Array)
#5 C:\XAMPP\htdocs\GestionPagos\system\CodeIgniter.php(832): App\Controllers\Cursos_controller->edit('1')
#6 C:\XAMPP\htdocs\GestionPagos\system\CodeIgniter.php(419): CodeIgniter\CodeIgniter->runController(Object(App\Controllers\Cursos_controller))
#7 C:\XAMPP\htdocs\GestionPagos\system\CodeIgniter.php(326): CodeIgniter\CodeIgniter->handleRequest(NULL, Object(Config\Cache), false)
#8 C:\XAMPP\htdocs\GestionPagos\index.php(37): CodeIgniter\CodeIgniter->run()
#9 {main}
CRITICAL - 2023-06-21 14:39:35 --> There is no data to update.
#0 C:\XAMPP\htdocs\GestionPagos\system\BaseModel.php(846): CodeIgniter\Database\Exceptions\DataException::forEmptyDataset('update')
#1 C:\XAMPP\htdocs\GestionPagos\system\Model.php(651): CodeIgniter\BaseModel->update(Array, Array)
#2 C:\XAMPP\htdocs\GestionPagos\app\Controllers\Cursos_controller.php(46): CodeIgniter\Model->update('1', Array)
#3 C:\XAMPP\htdocs\GestionPagos\system\CodeIgniter.php(832): App\Controllers\Cursos_controller->delete('1')
#4 C:\XAMPP\htdocs\GestionPagos\system\CodeIgniter.php(419): CodeIgniter\CodeIgniter->runController(Object(App\Controllers\Cursos_controller))
#5 C:\XAMPP\htdocs\GestionPagos\system\CodeIgniter.php(326): CodeIgniter\CodeIgniter->handleRequest(NULL, Object(Config\Cache), false)
#6 C:\XAMPP\htdocs\GestionPagos\index.php(37): CodeIgniter\CodeIgniter->run()
#7 {main}
CRITICAL - 2023-06-21 15:47:54 --> Undefined array key "cuota_detalle_monto"
#0 C:\XAMPP\htdocs\GestionPagos\app\Views\cuotas-alumno.php(167): CodeIgniter\Debug\Exceptions->errorHandler(2, 'Undefined array...', 'C:\\XAMPP\\htdocs...', 167)
#1 C:\XAMPP\htdocs\GestionPagos\system\View\View.php(210): include('C:\\XAMPP\\htdocs...')
#2 C:\XAMPP\htdocs\GestionPagos\system\View\View.php(213): CodeIgniter\View\View->CodeIgniter\View\{closure}()
#3 C:\XAMPP\htdocs\GestionPagos\system\Common.php(1089): CodeIgniter\View\View->render('cuotas-alumno', Array, true)
#4 C:\XAMPP\htdocs\GestionPagos\app\Controllers\Home.php(36): view('cuotas-alumno')
#5 C:\XAMPP\htdocs\GestionPagos\system\CodeIgniter.php(832): App\Controllers\Home->cuotas_alumno()
#6 C:\XAMPP\htdocs\GestionPagos\system\CodeIgniter.php(419): CodeIgniter\CodeIgniter->runController(Object(App\Controllers\Home))
#7 C:\XAMPP\htdocs\GestionPagos\system\CodeIgniter.php(326): CodeIgniter\CodeIgniter->handleRequest(NULL, Object(Config\Cache), false)
#8 C:\XAMPP\htdocs\GestionPagos\index.php(37): CodeIgniter\CodeIgniter->run()
#9 {main}
CRITICAL - 2023-06-21 15:49:31 --> Class "App\Controllers\DateTime" not found
#0 C:\XAMPP\htdocs\GestionPagos\system\CodeIgniter.php(832): App\Controllers\Pagos_controller->realizar_pago()
#1 C:\XAMPP\htdocs\GestionPagos\system\CodeIgniter.php(419): CodeIgniter\CodeIgniter->runController(Object(App\Controllers\Pagos_controller))
#2 C:\XAMPP\htdocs\GestionPagos\system\CodeIgniter.php(326): CodeIgniter\CodeIgniter->handleRequest(NULL, Object(Config\Cache), false)
#3 C:\XAMPP\htdocs\GestionPagos\index.php(37): CodeIgniter\CodeIgniter->run()
#4 {main}
CRITICAL - 2023-06-21 15:51:55 --> Class "App\Controllers\DateTime" not found
#0 C:\XAMPP\htdocs\GestionPagos\system\CodeIgniter.php(832): App\Controllers\Pagos_controller->realizar_pago()
#1 C:\XAMPP\htdocs\GestionPagos\system\CodeIgniter.php(419): CodeIgniter\CodeIgniter->runController(Object(App\Controllers\Pagos_controller))
#2 C:\XAMPP\htdocs\GestionPagos\system\CodeIgniter.php(326): CodeIgniter\CodeIgniter->handleRequest(NULL, Object(Config\Cache), false)
#3 C:\XAMPP\htdocs\GestionPagos\index.php(37): CodeIgniter\CodeIgniter->run()
#4 {main}
